[
    {
        "TimeCreated":  "\/Date(1761201139244)\/",
        "Id":  5,
        "RecordId":  25303,
        "Level":  "Information",
        "Message":  "Process terminated:\r\nRuleName: -\r\nUtcTime: 2025-10-23 06:32:19.243\r\nProcessGuid: {bc083af7-cbf2-68f9-6a09-000000001400}\r\nProcessId: 11352\r\nImage: C:\\Program Files (x86)\\ASUS\\Update\\AsusUpdate.exe\r\nUser: NT AUTHORITY\\SYSTEM",
        "Properties":  [
                           "-",
                           "2025-10-23 06:32:19.243",
                           "bc083af7-cbf2-68f9-6a09-000000001400",
                           11352,
                           "C:\\Program Files (x86)\\ASUS\\Update\\AsusUpdate.exe",
                           "NT AUTHORITY\\SYSTEM"
                       ]
    },
    {
        "TimeCreated":  "\/Date(1761201139234)\/",
        "Id":  5,
        "RecordId":  25302,
        "Level":  "Information",
        "Message":  "Process terminated:\r\nRuleName: -\r\nUtcTime: 2025-10-23 06:32:19.234\r\nProcessGuid: {bc083af7-cbf2-68f9-6b09-000000001400}\r\nProcessId: 26096\r\nImage: C:\\Program Files (x86)\\ASUS\\Update\\1.3.107.141\\Get-AppxVersion.exe\r\nUser: NT AUTHORITY\\SYSTEM",
        "Properties":  [
                           "-",
                           "2025-10-23 06:32:19.234",
                           "bc083af7-cbf2-68f9-6b09-000000001400",
                           26096,
                           "C:\\Program Files (x86)\\ASUS\\Update\\1.3.107.141\\Get-AppxVersion.exe",
                           "NT AUTHORITY\\SYSTEM"
                       ]
    },
    {
        "TimeCreated":  "\/Date(1761201139216)\/",
        "Id":  5,
        "RecordId":  25301,
        "Level":  "Information",
        "Message":  "Process terminated:\r\nRuleName: -\r\nUtcTime: 2025-10-23 06:32:19.216\r\nProcessGuid: {bc083af7-cbf3-68f9-6c09-000000001400}\r\nProcessId: 10284\r\nImage: C:\\Program Files (x86)\\ASUS\\Update\\1.3.107.141\\Get-AppxVersion.exe\r\nUser: UNICORN\\ASUS",
        "Properties":  [
                           "-",
                           "2025-10-23 06:32:19.216",
                           "bc083af7-cbf3-68f9-6c09-000000001400",
                           10284,
                           "C:\\Program Files (x86)\\ASUS\\Update\\1.3.107.141\\Get-AppxVersion.exe",
                           "UNICORN\\ASUS"
                       ]
    },
    {
        "TimeCreated":  "\/Date(1761201139028)\/",
        "Id":  1,
        "RecordId":  25300,
        "Level":  "Information",
        "Message":  "Process Create:\r\nRuleName: -\r\nUtcTime: 2025-10-23 06:32:19.019\r\nProcessGuid: {bc083af7-cbf3-68f9-6c09-000000001400}\r\nProcessId: 10284\r\nImage: C:\\Program Files (x86)\\ASUS\\Update\\1.3.107.141\\Get-AppxVersion.exe\r\nFileVersion: 1.8.2.1\r\nDescription: Get-AppxVersion\r\nProduct: Get-AppxVersion\r\nCompany: -\r\nOriginalFileName: Get-AppxVersion.exe\r\nCommandLine: \"C:\\Program Files (x86)\\ASUS\\Update\\1.3.107.141\\Get-AppxVersion.exe\" ui\r\nCurrentDirectory: C:\\Program Files (x86)\\ASUS\\Update\\1.3.107.141\\\r\nUser: UNICORN\\ASUS\r\nLogonGuid: {bc083af7-ab66-68f9-1689-2f0000000000}\r\nLogonId: 0x2F8916\r\nTerminalSessionId: 2\r\nIntegrityLevel: Medium\r\nHashes: SHA256=2B0FD0C5E0988423338487DD23A2C52C2B9BE41A0A11DE2042561F62B4F79534\r\nParentProcessGuid: {bc083af7-cbf2-68f9-6b09-000000001400}\r\nParentProcessId: 26096\r\nParentImage: C:\\Program Files (x86)\\ASUS\\Update\\1.3.107.141\\Get-AppxVersion.exe\r\nParentCommandLine: \"C:\\Program Files (x86)\\ASUS\\Update\\1.3.107.141\\Get-AppxVersion.exe\" ALL\r\nParentUser: NT AUTHORITY\\SYSTEM",
        "Properties":  [
                           "-",
                           "2025-10-23 06:32:19.019",
                           "bc083af7-cbf3-68f9-6c09-000000001400",
                           10284,
                           "C:\\Program Files (x86)\\ASUS\\Update\\1.3.107.141\\Get-AppxVersion.exe",
                           "1.8.2.1",
                           "Get-AppxVersion",
                           "Get-AppxVersion",
                           "-",
                           "Get-AppxVersion.exe",
                           "\"C:\\Program Files (x86)\\ASUS\\Update\\1.3.107.141\\Get-AppxVersion.exe\" ui",
                           "C:\\Program Files (x86)\\ASUS\\Update\\1.3.107.141\\",
                           "UNICORN\\ASUS",
                           "bc083af7-ab66-68f9-1689-2f0000000000",
                           3115286,
                           2,
                           "Medium",
                           "SHA256=2B0FD0C5E0988423338487DD23A2C52C2B9BE41A0A11DE2042561F62B4F79534",
                           "bc083af7-cbf2-68f9-6b09-000000001400",
                           26096,
                           "C:\\Program Files (x86)\\ASUS\\Update\\1.3.107.141\\Get-AppxVersion.exe",
                           "\"C:\\Program Files (x86)\\ASUS\\Update\\1.3.107.141\\Get-AppxVersion.exe\" ALL",
                           "NT AUTHORITY\\SYSTEM"
                       ]
    },
    {
        "TimeCreated":  "\/Date(1761201138638)\/",
        "Id":  1,
        "RecordId":  25299,
        "Level":  "Information",
        "Message":  "Process Create:\r\nRuleName: -\r\nUtcTime: 2025-10-23 06:32:18.629\r\nProcessGuid: {bc083af7-cbf2-68f9-6b09-000000001400}\r\nProcessId: 26096\r\nImage: C:\\Program Files (x86)\\ASUS\\Update\\1.3.107.141\\Get-AppxVersion.exe\r\nFileVersion: 1.8.2.1\r\nDescription: Get-AppxVersion\r\nProduct: Get-AppxVersion\r\nCompany: -\r\nOriginalFileName: Get-AppxVersion.exe\r\nCommandLine: \"C:\\Program Files (x86)\\ASUS\\Update\\1.3.107.141\\Get-AppxVersion.exe\" ALL\r\nCurrentDirectory: C:\\Program Files (x86)\\ASUS\\Update\\1.3.107.141\\\r\nUser: NT AUTHORITY\\SYSTEM\r\nLogonGuid: {bc083af7-09f3-68f9-e703-000000000000}\r\nLogonId: 0x3E7\r\nTerminalSessionId: 0\r\nIntegrityLevel: System\r\nHashes: SHA256=2B0FD0C5E0988423338487DD23A2C52C2B9BE41A0A11DE2042561F62B4F79534\r\nParentProcessGuid: {bc083af7-cbf2-68f9-6a09-000000001400}\r\nParentProcessId: 11352\r\nParentImage: C:\\Program Files (x86)\\ASUS\\Update\\AsusUpdate.exe\r\nParentCommandLine: \"C:\\Program Files (x86)\\ASUS\\Update\\AsusUpdate.exe\" /ua /installsource scheduler\r\nParentUser: NT AUTHORITY\\SYSTEM",
        "Properties":  [
                           "-",
                           "2025-10-23 06:32:18.629",
                           "bc083af7-cbf2-68f9-6b09-000000001400",
                           26096,
                           "C:\\Program Files (x86)\\ASUS\\Update\\1.3.107.141\\Get-AppxVersion.exe",
                           "1.8.2.1",
                           "Get-AppxVersion",
                           "Get-AppxVersion",
                           "-",
                           "Get-AppxVersion.exe",
                           "\"C:\\Program Files (x86)\\ASUS\\Update\\1.3.107.141\\Get-AppxVersion.exe\" ALL",
                           "C:\\Program Files (x86)\\ASUS\\Update\\1.3.107.141\\",
                           "NT AUTHORITY\\SYSTEM",
                           "bc083af7-09f3-68f9-e703-000000000000",
                           999,
                           0,
                           "System",
                           "SHA256=2B0FD0C5E0988423338487DD23A2C52C2B9BE41A0A11DE2042561F62B4F79534",
                           "bc083af7-cbf2-68f9-6a09-000000001400",
                           11352,
                           "C:\\Program Files (x86)\\ASUS\\Update\\AsusUpdate.exe",
                           "\"C:\\Program Files (x86)\\ASUS\\Update\\AsusUpdate.exe\" /ua /installsource scheduler",
                           "NT AUTHORITY\\SYSTEM"
                       ]
    },
    {
        "TimeCreated":  "\/Date(1761201138514)\/",
        "Id":  1,
        "RecordId":  25298,
        "Level":  "Information",
        "Message":  "Process Create:\r\nRuleName: -\r\nUtcTime: 2025-10-23 06:32:18.504\r\nProcessGuid: {bc083af7-cbf2-68f9-6a09-000000001400}\r\nProcessId: 11352\r\nImage: C:\\Program Files (x86)\\ASUS\\Update\\AsusUpdate.exe\r\nFileVersion: 1.3.107.141\r\nDescription: ASUS Update\r\nProduct: ASUS Update\r\nCompany: ASUSTeK Computer Inc.\r\nOriginalFileName: AsusUpdate.exe\r\nCommandLine: \"C:\\Program Files (x86)\\ASUS\\Update\\AsusUpdate.exe\" /ua /installsource scheduler\r\nCurrentDirectory: C:\\Windows\\system32\\\r\nUser: NT AUTHORITY\\SYSTEM\r\nLogonGuid: {bc083af7-09f3-68f9-e703-000000000000}\r\nLogonId: 0x3E7\r\nTerminalSessionId: 0\r\nIntegrityLevel: System\r\nHashes: SHA256=94FB11CC1AAF8EBA1A8EEAA8D5A37DE72C65C61F783037CD2FA5BFDA9DBE641E\r\nParentProcessGuid: {bc083af7-09f4-68f9-2f00-000000001400}\r\nParentProcessId: 3272\r\nParentImage: C:\\Windows\\System32\\svchost.exe\r\nParentCommandLine: C:\\Windows\\system32\\svchost.exe -k netsvcs -p -s Schedule\r\nParentUser: NT AUTHORITY\\SYSTEM",
        "Properties":  [
                           "-",
                           "2025-10-23 06:32:18.504",
                           "bc083af7-cbf2-68f9-6a09-000000001400",
                           11352,
                           "C:\\Program Files (x86)\\ASUS\\Update\\AsusUpdate.exe",
                           "1.3.107.141",
                           "ASUS Update",
                           "ASUS Update",
                           "ASUSTeK Computer Inc.",
                           "AsusUpdate.exe",
                           "\"C:\\Program Files (x86)\\ASUS\\Update\\AsusUpdate.exe\" /ua /installsource scheduler",
                           "C:\\Windows\\system32\\",
                           "NT AUTHORITY\\SYSTEM",
                           "bc083af7-09f3-68f9-e703-000000000000",
                           999,
                           0,
                           "System",
                           "SHA256=94FB11CC1AAF8EBA1A8EEAA8D5A37DE72C65C61F783037CD2FA5BFDA9DBE641E",
                           "bc083af7-09f4-68f9-2f00-000000001400",
                           3272,
                           "C:\\Windows\\System32\\svchost.exe",
                           "C:\\Windows\\system32\\svchost.exe -k netsvcs -p -s Schedule",
                           "NT AUTHORITY\\SYSTEM"
                       ]
    },
    {
        "TimeCreated":  "\/Date(1761201094060)\/",
        "Id":  5,
        "RecordId":  25297,
        "Level":  "Information",
        "Message":  "Process terminated:\r\nRuleName: -\r\nUtcTime: 2025-10-23 06:31:34.059\r\nProcessGuid: {bc083af7-cb89-68f9-6809-000000001400}\r\nProcessId: 26412\r\nImage: C:\\Windows\\System32\\backgroundTaskHost.exe\r\nUser: UNICORN\\ASUS",
        "Properties":  [
                           "-",
                           "2025-10-23 06:31:34.059",
                           "bc083af7-cb89-68f9-6809-000000001400",
                           26412,
                           "C:\\Windows\\System32\\backgroundTaskHost.exe",
                           "UNICORN\\ASUS"
                       ]
    },
    {
        "TimeCreated":  "\/Date(1761201093936)\/",
        "Id":  5,
        "RecordId":  25296,
        "Level":  "Information",
        "Message":  "Process terminated:\r\nRuleName: -\r\nUtcTime: 2025-10-23 06:31:33.936\r\nProcessGuid: {bc083af7-cb89-68f9-6709-000000001400}\r\nProcessId: 25784\r\nImage: C:\\Windows\\System32\\backgroundTaskHost.exe\r\nUser: UNICORN\\ASUS",
        "Properties":  [
                           "-",
                           "2025-10-23 06:31:33.936",
                           "bc083af7-cb89-68f9-6709-000000001400",
                           25784,
                           "C:\\Windows\\System32\\backgroundTaskHost.exe",
                           "UNICORN\\ASUS"
                       ]
    },
    {
        "TimeCreated":  "\/Date(1761201085649)\/",
        "Id":  1,
        "RecordId":  25295,
        "Level":  "Information",
        "Message":  "Process Create:\r\nRuleName: -\r\nUtcTime: 2025-10-23 06:31:25.640\r\nProcessGuid: {bc083af7-cbbd-68f9-6909-000000001400}\r\nProcessId: 27048\r\nImage: C:\\Windows\\System32\\SearchProtocolHost.exe\r\nFileVersion: 7.0.26100.6899 (WinBuild.160101.0800)\r\nDescription: Microsoft Windows Search Protocol Host\r\nProduct: Windows® Search\r\nCompany: Microsoft Corporation\r\nOriginalFileName: SearchProtocolHost.exe\r\nCommandLine: \"C:\\Windows\\System32\\SearchProtocolHost.exe\" Global\\UsGthrFltPipeMssGthrPipe13_ Global\\UsGthrCtrlFltPipeMssGthrPipe13 1 -2147483646 \"Software\\Microsoft\\Windows Search\" \"Mozilla/4.0 (compatible; MSIE 6.0; Windows NT; MS Search 4.0 Robot)\" \"C:\\ProgramData\\Microsoft\\Search\\Data\\Temp\\usgthrsvc\" \"DownLevelDaemon\" \r\nCurrentDirectory: C:\\Windows\\system32\\\r\nUser: NT AUTHORITY\\SYSTEM\r\nLogonGuid: {bc083af7-09f3-68f9-e703-000000000000}\r\nLogonId: 0x3E7\r\nTerminalSessionId: 0\r\nIntegrityLevel: System\r\nHashes: SHA256=480747B09D9632272D1DD61182BC716FC58F2B3CEAB764BA26678DCDBBF96B11\r\nParentProcessGuid: {bc083af7-0a09-68f9-2f01-000000001400}\r\nParentProcessId: 13668\r\nParentImage: C:\\Windows\\System32\\SearchIndexer.exe\r\nParentCommandLine: C:\\Windows\\system32\\SearchIndexer.exe /Embedding\r\nParentUser: NT AUTHORITY\\SYSTEM",
        "Properties":  [
                           "-",
                           "2025-10-23 06:31:25.640",
                           "bc083af7-cbbd-68f9-6909-000000001400",
                           27048,
                           "C:\\Windows\\System32\\SearchProtocolHost.exe",
                           "7.0.26100.6899 (WinBuild.160101.0800)",
                           "Microsoft Windows Search Protocol Host",
                           "Windows® Search",
                           "Microsoft Corporation",
                           "SearchProtocolHost.exe",
                           "\"C:\\Windows\\System32\\SearchProtocolHost.exe\" Global\\UsGthrFltPipeMssGthrPipe13_ Global\\UsGthrCtrlFltPipeMssGthrPipe13 1 -2147483646 \"Software\\Microsoft\\Windows Search\" \"Mozilla/4.0 (compatible; MSIE 6.0; Windows NT; MS Search 4.0 Robot)\" \"C:\\ProgramData\\Microsoft\\Search\\Data\\Temp\\usgthrsvc\" \"DownLevelDaemon\" ",
                           "C:\\Windows\\system32\\",
                           "NT AUTHORITY\\SYSTEM",
                           "bc083af7-09f3-68f9-e703-000000000000",
                           999,
                           0,
                           "System",
                           "SHA256=480747B09D9632272D1DD61182BC716FC58F2B3CEAB764BA26678DCDBBF96B11",
                           "bc083af7-0a09-68f9-2f01-000000001400",
                           13668,
                           "C:\\Windows\\System32\\SearchIndexer.exe",
                           "C:\\Windows\\system32\\SearchIndexer.exe /Embedding",
                           "NT AUTHORITY\\SYSTEM"
                       ]
    }
]
