[
    {
        "TimeCreated":  "\/Date(1761200209275)\/",
        "Id":  5,
        "Level":  "Information",
        "Message":  "Process terminated:\r\nRuleName: -\r\nUtcTime: 2025-10-23 06:16:49.275\r\nProcessGuid: {bc083af7-c851-68f9-1309-000000001400}\r\nProcessId: 26348\r\nImage: C:\\Windows\\System32\\conhost.exe\r\nUser: NT AUTHORITY\\SYSTEM",
        "Properties":  [
                           "-",
                           "2025-10-23 06:16:49.275",
                           "bc083af7-c851-68f9-1309-000000001400",
                           26348,
                           "C:\\Windows\\System32\\conhost.exe",
                           "NT AUTHORITY\\SYSTEM"
                       ],
        "RecordId":  25127
    },
    {
        "TimeCreated":  "\/Date(1761200209274)\/",
        "Id":  5,
        "Level":  "Information",
        "Message":  "Process terminated:\r\nRuleName: -\r\nUtcTime: 2025-10-23 06:16:49.273\r\nProcessGuid: {bc083af7-c851-68f9-1209-000000001400}\r\nProcessId: 16088\r\nImage: C:\\Windows\\System32\\sdbinst.exe\r\nUser: NT AUTHORITY\\SYSTEM",
        "Properties":  [
                           "-",
                           "2025-10-23 06:16:49.273",
                           "bc083af7-c851-68f9-1209-000000001400",
                           16088,
                           "C:\\Windows\\System32\\sdbinst.exe",
                           "NT AUTHORITY\\SYSTEM"
                       ],
        "RecordId":  25126
    },
    {
        "TimeCreated":  "\/Date(1761200209239)\/",
        "Id":  1,
        "Level":  "Information",
        "Message":  "Process Create:\r\nRuleName: -\r\nUtcTime: 2025-10-23 06:16:49.237\r\nProcessGuid: {bc083af7-c851-68f9-1309-000000001400}\r\nProcessId: 26348\r\nImage: C:\\Windows\\System32\\conhost.exe\r\nFileVersion: 10.0.26100.6725 (WinBuild.160101.0800)\r\nDescription: Console Window Host\r\nProduct: Microsoft® Windows® Operating System\r\nCompany: Microsoft Corporation\r\nOriginalFileName: CONHOST.EXE\r\nCommandLine: \\??\\C:\\Windows\\system32\\conhost.exe 0xffffffff -ForceV1\r\nCurrentDirectory: C:\\Windows\r\nUser: NT AUTHORITY\\SYSTEM\r\nLogonGuid: {bc083af7-09f3-68f9-e703-000000000000}\r\nLogonId: 0x3E7\r\nTerminalSessionId: 0\r\nIntegrityLevel: System\r\nHashes: SHA256=9326E22D619CE662B6A585D02947537F844A280645F22674DD3B8A47DFFF094A\r\nParentProcessGuid: {bc083af7-c851-68f9-1209-000000001400}\r\nParentProcessId: 16088\r\nParentImage: C:\\Windows\\System32\\sdbinst.exe\r\nParentCommandLine: C:\\Windows\\System32\\sdbinst.exe -m -bg\r\nParentUser: NT AUTHORITY\\SYSTEM",
        "Properties":  [
                           "-",
                           "2025-10-23 06:16:49.237",
                           "bc083af7-c851-68f9-1309-000000001400",
                           26348,
                           "C:\\Windows\\System32\\conhost.exe",
                           "10.0.26100.6725 (WinBuild.160101.0800)",
                           "Console Window Host",
                           "Microsoft® Windows® Operating System",
                           "Microsoft Corporation",
                           "CONHOST.EXE",
                           "\\??\\C:\\Windows\\system32\\conhost.exe 0xffffffff -ForceV1",
                           "C:\\Windows",
                           "NT AUTHORITY\\SYSTEM",
                           "bc083af7-09f3-68f9-e703-000000000000",
                           999,
                           0,
                           "System",
                           "SHA256=9326E22D619CE662B6A585D02947537F844A280645F22674DD3B8A47DFFF094A",
                           "bc083af7-c851-68f9-1209-000000001400",
                           16088,
                           "C:\\Windows\\System32\\sdbinst.exe",
                           "C:\\Windows\\System32\\sdbinst.exe -m -bg",
                           "NT AUTHORITY\\SYSTEM"
                       ],
        "RecordId":  25125
    },
    {
        "TimeCreated":  "\/Date(1761200209233)\/",
        "Id":  1,
        "Level":  "Information",
        "Message":  "Process Create:\r\nRuleName: -\r\nUtcTime: 2025-10-23 06:16:49.230\r\nProcessGuid: {bc083af7-c851-68f9-1209-000000001400}\r\nProcessId: 16088\r\nImage: C:\\Windows\\System32\\sdbinst.exe\r\nFileVersion: 10.0.26100.6725 (WinBuild.160101.0800)\r\nDescription: Application Compatibility Database Installer\r\nProduct: Microsoft® Windows® Operating System\r\nCompany: Microsoft Corporation\r\nOriginalFileName: sdbinst.exe\r\nCommandLine: C:\\Windows\\System32\\sdbinst.exe -m -bg\r\nCurrentDirectory: C:\\Windows\\system32\\\r\nUser: NT AUTHORITY\\SYSTEM\r\nLogonGuid: {bc083af7-09f3-68f9-e703-000000000000}\r\nLogonId: 0x3E7\r\nTerminalSessionId: 0\r\nIntegrityLevel: System\r\nHashes: SHA256=A72C0021A6178EEC4441F57A572B6F0E3CC441F2CF5FE16C444606679701FCCB\r\nParentProcessGuid: {bc083af7-09f7-68f9-a200-000000001400}\r\nParentProcessId: 10276\r\nParentImage: C:\\Windows\\System32\\svchost.exe\r\nParentCommandLine: C:\\Windows\\system32\\svchost.exe -k LocalSystemNetworkRestricted -p -s PcaSvc\r\nParentUser: NT AUTHORITY\\SYSTEM",
        "Properties":  [
                           "-",
                           "2025-10-23 06:16:49.230",
                           "bc083af7-c851-68f9-1209-000000001400",
                           16088,
                           "C:\\Windows\\System32\\sdbinst.exe",
                           "10.0.26100.6725 (WinBuild.160101.0800)",
                           "Application Compatibility Database Installer",
                           "Microsoft® Windows® Operating System",
                           "Microsoft Corporation",
                           "sdbinst.exe",
                           "C:\\Windows\\System32\\sdbinst.exe -m -bg",
                           "C:\\Windows\\system32\\",
                           "NT AUTHORITY\\SYSTEM",
                           "bc083af7-09f3-68f9-e703-000000000000",
                           999,
                           0,
                           "System",
                           "SHA256=A72C0021A6178EEC4441F57A572B6F0E3CC441F2CF5FE16C444606679701FCCB",
                           "bc083af7-09f7-68f9-a200-000000001400",
                           10276,
                           "C:\\Windows\\System32\\svchost.exe",
                           "C:\\Windows\\system32\\svchost.exe -k LocalSystemNetworkRestricted -p -s PcaSvc",
                           "NT AUTHORITY\\SYSTEM"
                       ],
        "RecordId":  25124
    },
    {
        "TimeCreated":  "\/Date(1761200209070)\/",
        "Id":  1,
        "Level":  "Information",
        "Message":  "Process Create:\r\nRuleName: -\r\nUtcTime: 2025-10-23 06:16:49.066\r\nProcessGuid: {bc083af7-c851-68f9-1109-000000001400}\r\nProcessId: 24848\r\nImage: C:\\Windows\\System32\\svchost.exe\r\nFileVersion: 10.0.26100.5074 (WinBuild.160101.0800)\r\nDescription: Host Process for Windows Services\r\nProduct: Microsoft® Windows® Operating System\r\nCompany: Microsoft Corporation\r\nOriginalFileName: svchost.exe\r\nCommandLine: C:\\Windows\\system32\\svchost.exe -k wsappx -p -s AppXSvc\r\nCurrentDirectory: C:\\Windows\\system32\\\r\nUser: NT AUTHORITY\\SYSTEM\r\nLogonGuid: {bc083af7-09f3-68f9-e703-000000000000}\r\nLogonId: 0x3E7\r\nTerminalSessionId: 0\r\nIntegrityLevel: System\r\nHashes: SHA256=53A39B900E3BFBF384ACD13F0FC2329FA8D42B61E993D8ED5ADF3A1428005D26\r\nParentProcessGuid: {bc083af7-09f3-68f9-0c00-000000001400}\r\nParentProcessId: 1540\r\nParentImage: C:\\Windows\\System32\\services.exe\r\nParentCommandLine: C:\\Windows\\system32\\services.exe\r\nParentUser: NT AUTHORITY\\SYSTEM",
        "Properties":  [
                           "-",
                           "2025-10-23 06:16:49.066",
                           "bc083af7-c851-68f9-1109-000000001400",
                           24848,
                           "C:\\Windows\\System32\\svchost.exe",
                           "10.0.26100.5074 (WinBuild.160101.0800)",
                           "Host Process for Windows Services",
                           "Microsoft® Windows® Operating System",
                           "Microsoft Corporation",
                           "svchost.exe",
                           "C:\\Windows\\system32\\svchost.exe -k wsappx -p -s AppXSvc",
                           "C:\\Windows\\system32\\",
                           "NT AUTHORITY\\SYSTEM",
                           "bc083af7-09f3-68f9-e703-000000000000",
                           999,
                           0,
                           "System",
                           "SHA256=53A39B900E3BFBF384ACD13F0FC2329FA8D42B61E993D8ED5ADF3A1428005D26",
                           "bc083af7-09f3-68f9-0c00-000000001400",
                           1540,
                           "C:\\Windows\\System32\\services.exe",
                           "C:\\Windows\\system32\\services.exe",
                           "NT AUTHORITY\\SYSTEM"
                       ],
        "RecordId":  25123
    },
    {
        "TimeCreated":  "\/Date(1761200206894)\/",
        "Id":  5,
        "Level":  "Information",
        "Message":  "Process terminated:\r\nRuleName: -\r\nUtcTime: 2025-10-23 06:16:46.893\r\nProcessGuid: {bc083af7-c84d-68f9-1009-000000001400}\r\nProcessId: 21880\r\nImage: C:\\Windows\\System32\\taskhostw.exe\r\nUser: NT AUTHORITY\\SYSTEM",
        "Properties":  [
                           "-",
                           "2025-10-23 06:16:46.893",
                           "bc083af7-c84d-68f9-1009-000000001400",
                           21880,
                           "C:\\Windows\\System32\\taskhostw.exe",
                           "NT AUTHORITY\\SYSTEM"
                       ],
        "RecordId":  25122
    },
    {
        "TimeCreated":  "\/Date(1761200205888)\/",
        "Id":  1,
        "Level":  "Information",
        "Message":  "Process Create:\r\nRuleName: -\r\nUtcTime: 2025-10-23 06:16:45.879\r\nProcessGuid: {bc083af7-c84d-68f9-1009-000000001400}\r\nProcessId: 21880\r\nImage: C:\\Windows\\System32\\taskhostw.exe\r\nFileVersion: 10.0.26100.5074 (WinBuild.160101.0800)\r\nDescription: Host Process for Windows Tasks\r\nProduct: Microsoft® Windows® Operating System\r\nCompany: Microsoft Corporation\r\nOriginalFileName: taskhostw.exe\r\nCommandLine: taskhostw.exe\r\nCurrentDirectory: C:\\Windows\\system32\\\r\nUser: NT AUTHORITY\\SYSTEM\r\nLogonGuid: {bc083af7-09f3-68f9-e703-000000000000}\r\nLogonId: 0x3E7\r\nTerminalSessionId: 0\r\nIntegrityLevel: System\r\nHashes: SHA256=818C6876E1028AB2B94E45B3CC45102CD83204803537D94263A9B7A6B6583D4B\r\nParentProcessGuid: {bc083af7-09f4-68f9-2f00-000000001400}\r\nParentProcessId: 3272\r\nParentImage: C:\\Windows\\System32\\svchost.exe\r\nParentCommandLine: C:\\Windows\\system32\\svchost.exe -k netsvcs -p -s Schedule\r\nParentUser: NT AUTHORITY\\SYSTEM",
        "Properties":  [
                           "-",
                           "2025-10-23 06:16:45.879",
                           "bc083af7-c84d-68f9-1009-000000001400",
                           21880,
                           "C:\\Windows\\System32\\taskhostw.exe",
                           "10.0.26100.5074 (WinBuild.160101.0800)",
                           "Host Process for Windows Tasks",
                           "Microsoft® Windows® Operating System",
                           "Microsoft Corporation",
                           "taskhostw.exe",
                           "taskhostw.exe",
                           "C:\\Windows\\system32\\",
                           "NT AUTHORITY\\SYSTEM",
                           "bc083af7-09f3-68f9-e703-000000000000",
                           999,
                           0,
                           "System",
                           "SHA256=818C6876E1028AB2B94E45B3CC45102CD83204803537D94263A9B7A6B6583D4B",
                           "bc083af7-09f4-68f9-2f00-000000001400",
                           3272,
                           "C:\\Windows\\System32\\svchost.exe",
                           "C:\\Windows\\system32\\svchost.exe -k netsvcs -p -s Schedule",
                           "NT AUTHORITY\\SYSTEM"
                       ],
        "RecordId":  25121
    },
    {
        "TimeCreated":  "\/Date(1761200199233)\/",
        "Id":  5,
        "Level":  "Information",
        "Message":  "Process terminated:\r\nRuleName: -\r\nUtcTime: 2025-10-23 06:16:39.233\r\nProcessGuid: {bc083af7-c6c2-68f9-f308-000000001400}\r\nProcessId: 15216\r\nImage: C:\\Windows\\System32\\smartscreen.exe\r\nUser: UNICORN\\ASUS",
        "Properties":  [
                           "-",
                           "2025-10-23 06:16:39.233",
                           "bc083af7-c6c2-68f9-f308-000000001400",
                           15216,
                           "C:\\Windows\\System32\\smartscreen.exe",
                           "UNICORN\\ASUS"
                       ],
        "RecordId":  25120
    },
    {
        "TimeCreated":  "\/Date(1761200194103)\/",
        "Id":  5,
        "Level":  "Information",
        "Message":  "Process terminated:\r\nRuleName: -\r\nUtcTime: 2025-10-23 06:16:34.102\r\nProcessGuid: {bc083af7-c805-68f9-0d09-000000001400}\r\nProcessId: 13372\r\nImage: C:\\Windows\\System32\\backgroundTaskHost.exe\r\nUser: UNICORN\\ASUS",
        "Properties":  [
                           "-",
                           "2025-10-23 06:16:34.102",
                           "bc083af7-c805-68f9-0d09-000000001400",
                           13372,
                           "C:\\Windows\\System32\\backgroundTaskHost.exe",
                           "UNICORN\\ASUS"
                       ],
        "RecordId":  25119
    },
    {
        "TimeCreated":  "\/Date(1761200194073)\/",
        "Id":  5,
        "Level":  "Information",
        "Message":  "Process terminated:\r\nRuleName: -\r\nUtcTime: 2025-10-23 06:16:34.072\r\nProcessGuid: {bc083af7-c805-68f9-0c09-000000001400}\r\nProcessId: 25780\r\nImage: C:\\Windows\\System32\\backgroundTaskHost.exe\r\nUser: UNICORN\\ASUS",
        "Properties":  [
                           "-",
                           "2025-10-23 06:16:34.072",
                           "bc083af7-c805-68f9-0c09-000000001400",
                           25780,
                           "C:\\Windows\\System32\\backgroundTaskHost.exe",
                           "UNICORN\\ASUS"
                       ],
        "RecordId":  25118
    },
    {
        "TimeCreated":  "\/Date(1761200194026)\/",
        "Id":  5,
        "Level":  "Information",
        "Message":  "Process terminated:\r\nRuleName: -\r\nUtcTime: 2025-10-23 06:16:34.026\r\nProcessGuid: {bc083af7-c805-68f9-0b09-000000001400}\r\nProcessId: 16760\r\nImage: C:\\Windows\\System32\\backgroundTaskHost.exe\r\nUser: UNICORN\\ASUS",
        "Properties":  [
                           "-",
                           "2025-10-23 06:16:34.026",
                           "bc083af7-c805-68f9-0b09-000000001400",
                           16760,
                           "C:\\Windows\\System32\\backgroundTaskHost.exe",
                           "UNICORN\\ASUS"
                       ],
        "RecordId":  25117
    },
    {
        "TimeCreated":  "\/Date(1761200186381)\/",
        "Id":  1,
        "Level":  "Information",
        "Message":  "Process Create:\r\nRuleName: -\r\nUtcTime: 2025-10-23 06:16:26.372\r\nProcessGuid: {bc083af7-c83a-68f9-0f09-000000001400}\r\nProcessId: 21372\r\nImage: C:\\Windows\\System32\\SearchProtocolHost.exe\r\nFileVersion: 7.0.26100.6899 (WinBuild.160101.0800)\r\nDescription: Microsoft Windows Search Protocol Host\r\nProduct: Windows® Search\r\nCompany: Microsoft Corporation\r\nOriginalFileName: SearchProtocolHost.exe\r\nCommandLine: \"C:\\Windows\\System32\\SearchProtocolHost.exe\" Global\\UsGthrFltPipeMssGthrPipe10_ Global\\UsGthrCtrlFltPipeMssGthrPipe10 1 -2147483646 \"Software\\Microsoft\\Windows Search\" \"Mozilla/4.0 (compatible; MSIE 6.0; Windows NT; MS Search 4.0 Robot)\" \"C:\\ProgramData\\Microsoft\\Search\\Data\\Temp\\usgthrsvc\" \"DownLevelDaemon\" \r\nCurrentDirectory: C:\\Windows\\system32\\\r\nUser: NT AUTHORITY\\SYSTEM\r\nLogonGuid: {bc083af7-09f3-68f9-e703-000000000000}\r\nLogonId: 0x3E7\r\nTerminalSessionId: 0\r\nIntegrityLevel: System\r\nHashes: SHA256=480747B09D9632272D1DD61182BC716FC58F2B3CEAB764BA26678DCDBBF96B11\r\nParentProcessGuid: {bc083af7-0a09-68f9-2f01-000000001400}\r\nParentProcessId: 13668\r\nParentImage: C:\\Windows\\System32\\SearchIndexer.exe\r\nParentCommandLine: C:\\Windows\\system32\\SearchIndexer.exe /Embedding\r\nParentUser: NT AUTHORITY\\SYSTEM",
        "Properties":  [
                           "-",
                           "2025-10-23 06:16:26.372",
                           "bc083af7-c83a-68f9-0f09-000000001400",
                           21372,
                           "C:\\Windows\\System32\\SearchProtocolHost.exe",
                           "7.0.26100.6899 (WinBuild.160101.0800)",
                           "Microsoft Windows Search Protocol Host",
                           "Windows® Search",
                           "Microsoft Corporation",
                           "SearchProtocolHost.exe",
                           "\"C:\\Windows\\System32\\SearchProtocolHost.exe\" Global\\UsGthrFltPipeMssGthrPipe10_ Global\\UsGthrCtrlFltPipeMssGthrPipe10 1 -2147483646 \"Software\\Microsoft\\Windows Search\" \"Mozilla/4.0 (compatible; MSIE 6.0; Windows NT; MS Search 4.0 Robot)\" \"C:\\ProgramData\\Microsoft\\Search\\Data\\Temp\\usgthrsvc\" \"DownLevelDaemon\" ",
                           "C:\\Windows\\system32\\",
                           "NT AUTHORITY\\SYSTEM",
                           "bc083af7-09f3-68f9-e703-000000000000",
                           999,
                           0,
                           "System",
                           "SHA256=480747B09D9632272D1DD61182BC716FC58F2B3CEAB764BA26678DCDBBF96B11",
                           "bc083af7-0a09-68f9-2f01-000000001400",
                           13668,
                           "C:\\Windows\\System32\\SearchIndexer.exe",
                           "C:\\Windows\\system32\\SearchIndexer.exe /Embedding",
                           "NT AUTHORITY\\SYSTEM"
                       ],
        "RecordId":  25116
    },
    {
        "TimeCreated":  "\/Date(1761200185365)\/",
        "Id":  5,
        "Level":  "Information",
        "Message":  "Process terminated:\r\nRuleName: -\r\nUtcTime: 2025-10-23 06:16:25.364\r\nProcessGuid: {bc083af7-c6c3-68f9-f608-000000001400}\r\nProcessId: 24884\r\nImage: C:\\Windows\\System32\\audiodg.exe\r\nUser: NT AUTHORITY\\LOCAL SERVICE",
        "Properties":  [
                           "-",
                           "2025-10-23 06:16:25.364",
                           "bc083af7-c6c3-68f9-f608-000000001400",
                           24884,
                           "C:\\Windows\\System32\\audiodg.exe",
                           "NT AUTHORITY\\LOCAL SERVICE"
                       ],
        "RecordId":  25115
    },
    {
        "TimeCreated":  "\/Date(1761200133942)\/",
        "Id":  1,
        "Level":  "Information",
        "Message":  "Process Create:\r\nRuleName: -\r\nUtcTime: 2025-10-23 06:15:33.932\r\nProcessGuid: {bc083af7-c805-68f9-0e09-000000001400}\r\nProcessId: 3056\r\nImage: C:\\Windows\\System32\\RuntimeBroker.exe\r\nFileVersion: 10.0.26100.5074 (WinBuild.160101.0800)\r\nDescription: Runtime Broker\r\nProduct: Microsoft® Windows® Operating System\r\nCompany: Microsoft Corporation\r\nOriginalFileName: RuntimeBroker.exe\r\nCommandLine: C:\\Windows\\System32\\RuntimeBroker.exe -Embedding\r\nCurrentDirectory: C:\\Windows\\system32\\\r\nUser: UNICORN\\ASUS\r\nLogonGuid: {bc083af7-ab66-68f9-1689-2f0000000000}\r\nLogonId: 0x2F8916\r\nTerminalSessionId: 2\r\nIntegrityLevel: Medium\r\nHashes: SHA256=DBF90B115CFC26B5A59DD5BF9C20D94A11FFE9D2F979831EBF7CF496EEECBD0E\r\nParentProcessGuid: {bc083af7-09f3-68f9-0f00-000000001400}\r\nParentProcessId: 1728\r\nParentImage: C:\\Windows\\System32\\svchost.exe\r\nParentCommandLine: C:\\Windows\\system32\\svchost.exe -k DcomLaunch -p\r\nParentUser: NT AUTHORITY\\SYSTEM",
        "Properties":  [
                           "-",
                           "2025-10-23 06:15:33.932",
                           "bc083af7-c805-68f9-0e09-000000001400",
                           3056,
                           "C:\\Windows\\System32\\RuntimeBroker.exe",
                           "10.0.26100.5074 (WinBuild.160101.0800)",
                           "Runtime Broker",
                           "Microsoft® Windows® Operating System",
                           "Microsoft Corporation",
                           "RuntimeBroker.exe",
                           "C:\\Windows\\System32\\RuntimeBroker.exe -Embedding",
                           "C:\\Windows\\system32\\",
                           "UNICORN\\ASUS",
                           "bc083af7-ab66-68f9-1689-2f0000000000",
                           3115286,
                           2,
                           "Medium",
                           "SHA256=DBF90B115CFC26B5A59DD5BF9C20D94A11FFE9D2F979831EBF7CF496EEECBD0E",
                           "bc083af7-09f3-68f9-0f00-000000001400",
                           1728,
                           "C:\\Windows\\System32\\svchost.exe",
                           "C:\\Windows\\system32\\svchost.exe -k DcomLaunch -p",
                           "NT AUTHORITY\\SYSTEM"
                       ],
        "RecordId":  25114
    },
    {
        "TimeCreated":  "\/Date(1761200133659)\/",
        "Id":  1,
        "Level":  "Information",
        "Message":  "Process Create:\r\nRuleName: -\r\nUtcTime: 2025-10-23 06:15:33.650\r\nProcessGuid: {bc083af7-c805-68f9-0d09-000000001400}\r\nProcessId: 13372\r\nImage: C:\\Windows\\System32\\backgroundTaskHost.exe\r\nFileVersion: 10.0.26100.1 (WinBuild.160101.0800)\r\nDescription: Background Task Host\r\nProduct: Microsoft® Windows® Operating System\r\nCompany: Microsoft Corporation\r\nOriginalFileName: backgroundTaskHost.exe\r\nCommandLine: \"C:\\Windows\\system32\\backgroundTaskHost.exe\" -ServerName:Global.DesktopSpotlight.AppXz2j21w56bgxkgsjhtn7zkjsepq96erz2.mca\r\nCurrentDirectory: C:\\Windows\\SystemApps\\MicrosoftWindows.Client.CBS_cw5n1h2txyewy\\\r\nUser: UNICORN\\ASUS\r\nLogonGuid: {bc083af7-ab66-68f9-1689-2f0000000000}\r\nLogonId: 0x2F8916\r\nTerminalSessionId: 2\r\nIntegrityLevel: AppContainer\r\nHashes: SHA256=B7D2C17E0038945AA4B72AE7A89E54D29B04CCC0FEB62DF5C9B7B67DE43C2530\r\nParentProcessGuid: {bc083af7-09f3-68f9-0f00-000000001400}\r\nParentProcessId: 1728\r\nParentImage: C:\\Windows\\System32\\svchost.exe\r\nParentCommandLine: C:\\Windows\\system32\\svchost.exe -k DcomLaunch -p\r\nParentUser: NT AUTHORITY\\SYSTEM",
        "Properties":  [
                           "-",
                           "2025-10-23 06:15:33.650",
                           "bc083af7-c805-68f9-0d09-000000001400",
                           13372,
                           "C:\\Windows\\System32\\backgroundTaskHost.exe",
                           "10.0.26100.1 (WinBuild.160101.0800)",
                           "Background Task Host",
                           "Microsoft® Windows® Operating System",
                           "Microsoft Corporation",
                           "backgroundTaskHost.exe",
                           "\"C:\\Windows\\system32\\backgroundTaskHost.exe\" -ServerName:Global.DesktopSpotlight.AppXz2j21w56bgxkgsjhtn7zkjsepq96erz2.mca",
                           "C:\\Windows\\SystemApps\\MicrosoftWindows.Client.CBS_cw5n1h2txyewy\\",
                           "UNICORN\\ASUS",
                           "bc083af7-ab66-68f9-1689-2f0000000000",
                           3115286,
                           2,
                           "AppContainer",
                           "SHA256=B7D2C17E0038945AA4B72AE7A89E54D29B04CCC0FEB62DF5C9B7B67DE43C2530",
                           "bc083af7-09f3-68f9-0f00-000000001400",
                           1728,
                           "C:\\Windows\\System32\\svchost.exe",
                           "C:\\Windows\\system32\\svchost.exe -k DcomLaunch -p",
                           "NT AUTHORITY\\SYSTEM"
                       ],
        "RecordId":  25113
    },
    {
        "TimeCreated":  "\/Date(1761200133626)\/",
        "Id":  1,
        "Level":  "Information",
        "Message":  "Process Create:\r\nRuleName: -\r\nUtcTime: 2025-10-23 06:15:33.612\r\nProcessGuid: {bc083af7-c805-68f9-0c09-000000001400}\r\nProcessId: 25780\r\nImage: C:\\Windows\\System32\\backgroundTaskHost.exe\r\nFileVersion: 10.0.26100.1 (WinBuild.160101.0800)\r\nDescription: Background Task Host\r\nProduct: Microsoft® Windows® Operating System\r\nCompany: Microsoft Corporation\r\nOriginalFileName: backgroundTaskHost.exe\r\nCommandLine: \"C:\\Windows\\system32\\backgroundTaskHost.exe\" -ServerName:App.AppX3yypww7qrft4zqhh57xaatcrnp803bj7.mca\r\nCurrentDirectory: C:\\Program Files\\WindowsApps\\B9ECED6F.ASUSPCAssistant_4.0.49.0_x64__qmba6cd70vzyy\\\r\nUser: UNICORN\\ASUS\r\nLogonGuid: {bc083af7-ab66-68f9-1689-2f0000000000}\r\nLogonId: 0x2F8916\r\nTerminalSessionId: 2\r\nIntegrityLevel: AppContainer\r\nHashes: SHA256=B7D2C17E0038945AA4B72AE7A89E54D29B04CCC0FEB62DF5C9B7B67DE43C2530\r\nParentProcessGuid: {bc083af7-09f3-68f9-0f00-000000001400}\r\nParentProcessId: 1728\r\nParentImage: C:\\Windows\\System32\\svchost.exe\r\nParentCommandLine: C:\\Windows\\system32\\svchost.exe -k DcomLaunch -p\r\nParentUser: NT AUTHORITY\\SYSTEM",
        "Properties":  [
                           "-",
                           "2025-10-23 06:15:33.612",
                           "bc083af7-c805-68f9-0c09-000000001400",
                           25780,
                           "C:\\Windows\\System32\\backgroundTaskHost.exe",
                           "10.0.26100.1 (WinBuild.160101.0800)",
                           "Background Task Host",
                           "Microsoft® Windows® Operating System",
                           "Microsoft Corporation",
                           "backgroundTaskHost.exe",
                           "\"C:\\Windows\\system32\\backgroundTaskHost.exe\" -ServerName:App.AppX3yypww7qrft4zqhh57xaatcrnp803bj7.mca",
                           "C:\\Program Files\\WindowsApps\\B9ECED6F.ASUSPCAssistant_4.0.49.0_x64__qmba6cd70vzyy\\",
                           "UNICORN\\ASUS",
                           "bc083af7-ab66-68f9-1689-2f0000000000",
                           3115286,
                           2,
                           "AppContainer",
                           "SHA256=B7D2C17E0038945AA4B72AE7A89E54D29B04CCC0FEB62DF5C9B7B67DE43C2530",
                           "bc083af7-09f3-68f9-0f00-000000001400",
                           1728,
                           "C:\\Windows\\System32\\svchost.exe",
                           "C:\\Windows\\system32\\svchost.exe -k DcomLaunch -p",
                           "NT AUTHORITY\\SYSTEM"
                       ],
        "RecordId":  25112
    },
    {
        "TimeCreated":  "\/Date(1761200133612)\/",
        "Id":  1,
        "Level":  "Information",
        "Message":  "Process Create:\r\nRuleName: -\r\nUtcTime: 2025-10-23 06:15:33.603\r\nProcessGuid: {bc083af7-c805-68f9-0b09-000000001400}\r\nProcessId: 16760\r\nImage: C:\\Windows\\System32\\backgroundTaskHost.exe\r\nFileVersion: 10.0.26100.1 (WinBuild.160101.0800)\r\nDescription: Background Task Host\r\nProduct: Microsoft® Windows® Operating System\r\nCompany: Microsoft Corporation\r\nOriginalFileName: backgroundTaskHost.exe\r\nCommandLine: \"C:\\Windows\\system32\\backgroundTaskHost.exe\" -ServerName:App.AppXapskvk16gk8da8kch5g4qxh42vxccved.mca\r\nCurrentDirectory: C:\\Program Files\\WindowsApps\\Microsoft.YourPhone_1.25092.34.0_x64__8wekyb3d8bbwe\\\r\nUser: UNICORN\\ASUS\r\nLogonGuid: {bc083af7-ab66-68f9-1689-2f0000000000}\r\nLogonId: 0x2F8916\r\nTerminalSessionId: 2\r\nIntegrityLevel: Medium\r\nHashes: SHA256=B7D2C17E0038945AA4B72AE7A89E54D29B04CCC0FEB62DF5C9B7B67DE43C2530\r\nParentProcessGuid: {bc083af7-09f3-68f9-0f00-000000001400}\r\nParentProcessId: 1728\r\nParentImage: C:\\Windows\\System32\\svchost.exe\r\nParentCommandLine: C:\\Windows\\system32\\svchost.exe -k DcomLaunch -p\r\nParentUser: NT AUTHORITY\\SYSTEM",
        "Properties":  [
                           "-",
                           "2025-10-23 06:15:33.603",
                           "bc083af7-c805-68f9-0b09-000000001400",
                           16760,
                           "C:\\Windows\\System32\\backgroundTaskHost.exe",
                           "10.0.26100.1 (WinBuild.160101.0800)",
                           "Background Task Host",
                           "Microsoft® Windows® Operating System",
                           "Microsoft Corporation",
                           "backgroundTaskHost.exe",
                           "\"C:\\Windows\\system32\\backgroundTaskHost.exe\" -ServerName:App.AppXapskvk16gk8da8kch5g4qxh42vxccved.mca",
                           "C:\\Program Files\\WindowsApps\\Microsoft.YourPhone_1.25092.34.0_x64__8wekyb3d8bbwe\\",
                           "UNICORN\\ASUS",
                           "bc083af7-ab66-68f9-1689-2f0000000000",
                           3115286,
                           2,
                           "Medium",
                           "SHA256=B7D2C17E0038945AA4B72AE7A89E54D29B04CCC0FEB62DF5C9B7B67DE43C2530",
                           "bc083af7-09f3-68f9-0f00-000000001400",
                           1728,
                           "C:\\Windows\\System32\\svchost.exe",
                           "C:\\Windows\\system32\\svchost.exe -k DcomLaunch -p",
                           "NT AUTHORITY\\SYSTEM"
                       ],
        "RecordId":  25111
    },
    {
        "TimeCreated":  "\/Date(1761200107131)\/",
        "Id":  5,
        "Level":  "Information",
        "Message":  "Process terminated:\r\nRuleName: -\r\nUtcTime: 2025-10-23 06:15:07.131\r\nProcessGuid: {bc083af7-c6be-68f9-ed08-000000001400}\r\nProcessId: 19268\r\nImage: C:\\Windows\\System32\\svchost.exe\r\nUser: NT AUTHORITY\\SYSTEM",
        "Properties":  [
                           "-",
                           "2025-10-23 06:15:07.131",
                           "bc083af7-c6be-68f9-ed08-000000001400",
                           19268,
                           "C:\\Windows\\System32\\svchost.exe",
                           "NT AUTHORITY\\SYSTEM"
                       ],
        "RecordId":  25110
    },
    {
        "TimeCreated":  "\/Date(1761200058534)\/",
        "Id":  5,
        "Level":  "Information",
        "Message":  "Process terminated:\r\nRuleName: -\r\nUtcTime: 2025-10-23 06:14:18.533\r\nProcessGuid: {bc083af7-c7b0-68f9-0a09-000000001400}\r\nProcessId: 10308\r\nImage: C:\\Users\\ASUS\\AppData\\Local\\Microsoft\\OneDrive\\25.184.0921.0004_1\\OneDriveActionHelper.exe\r\nUser: UNICORN\\ASUS",
        "Properties":  [
                           "-",
                           "2025-10-23 06:14:18.533",
                           "bc083af7-c7b0-68f9-0a09-000000001400",
                           10308,
                           "C:\\Users\\ASUS\\AppData\\Local\\Microsoft\\OneDrive\\25.184.0921.0004_1\\OneDriveActionHelper.exe",
                           "UNICORN\\ASUS"
                       ],
        "RecordId":  25109
    },
    {
        "TimeCreated":  "\/Date(1761200048413)\/",
        "Id":  1,
        "Level":  "Information",
        "Message":  "Process Create:\r\nRuleName: -\r\nUtcTime: 2025-10-23 06:14:08.405\r\nProcessGuid: {bc083af7-c7b0-68f9-0a09-000000001400}\r\nProcessId: 10308\r\nImage: C:\\Users\\ASUS\\AppData\\Local\\Microsoft\\OneDrive\\25.184.0921.0004_1\\OneDriveActionHelper.exe\r\nFileVersion: 25.184.0921.0004\r\nDescription: OneDriveActionHelper\r\nProduct: Microsoft OneDrive\r\nCompany: Microsoft Corporation\r\nOriginalFileName: OneDriveActionHelper.exe\r\nCommandLine: \"C:\\Users\\ASUS\\AppData\\Local\\Microsoft\\OneDrive\\25.184.0921.0004_1\\OneDriveActionHelper.exe\" /disable=Microsoft.OneDrive.CreateFAQ;Microsoft.OneDrive.File.CreateFAQ\r\nCurrentDirectory: C:\\Users\\ASUS\\AppData\\Local\\Microsoft\\OneDrive\\25.184.0921.0004_1\\\r\nUser: UNICORN\\ASUS\r\nLogonGuid: {bc083af7-ab66-68f9-1689-2f0000000000}\r\nLogonId: 0x2F8916\r\nTerminalSessionId: 2\r\nIntegrityLevel: Medium\r\nHashes: SHA256=10114C9BD8610696921E8A4CC0A3B9697525DF54A1BE6DF88AF3A8534D118FCB\r\nParentProcessGuid: {bc083af7-ab8f-68f9-ea02-000000001400}\r\nParentProcessId: 15244\r\nParentImage: C:\\Users\\ASUS\\AppData\\Local\\Microsoft\\OneDrive\\OneDrive.exe\r\nParentCommandLine: \"C:\\Users\\ASUS\\AppData\\Local\\Microsoft\\OneDrive\\OneDrive.exe\" /background\r\nParentUser: UNICORN\\ASUS",
        "Properties":  [
                           "-",
                           "2025-10-23 06:14:08.405",
                           "bc083af7-c7b0-68f9-0a09-000000001400",
                           10308,
                           "C:\\Users\\ASUS\\AppData\\Local\\Microsoft\\OneDrive\\25.184.0921.0004_1\\OneDriveActionHelper.exe",
                           "25.184.0921.0004",
                           "OneDriveActionHelper",
                           "Microsoft OneDrive",
                           "Microsoft Corporation",
                           "OneDriveActionHelper.exe",
                           "\"C:\\Users\\ASUS\\AppData\\Local\\Microsoft\\OneDrive\\25.184.0921.0004_1\\OneDriveActionHelper.exe\" /disable=Microsoft.OneDrive.CreateFAQ;Microsoft.OneDrive.File.CreateFAQ",
                           "C:\\Users\\ASUS\\AppData\\Local\\Microsoft\\OneDrive\\25.184.0921.0004_1\\",
                           "UNICORN\\ASUS",
                           "bc083af7-ab66-68f9-1689-2f0000000000",
                           3115286,
                           2,
                           "Medium",
                           "SHA256=10114C9BD8610696921E8A4CC0A3B9697525DF54A1BE6DF88AF3A8534D118FCB",
                           "bc083af7-ab8f-68f9-ea02-000000001400",
                           15244,
                           "C:\\Users\\ASUS\\AppData\\Local\\Microsoft\\OneDrive\\OneDrive.exe",
                           "\"C:\\Users\\ASUS\\AppData\\Local\\Microsoft\\OneDrive\\OneDrive.exe\" /background",
                           "UNICORN\\ASUS"
                       ],
        "RecordId":  25108
    },
    {
        "TimeCreated":  "\/Date(1761200048402)\/",
        "Id":  5,
        "Level":  "Information",
        "Message":  "Process terminated:\r\nRuleName: -\r\nUtcTime: 2025-10-23 06:14:08.401\r\nProcessGuid: {bc083af7-c7b0-68f9-0909-000000001400}\r\nProcessId: 6548\r\nImage: C:\\Users\\ASUS\\AppData\\Local\\Microsoft\\OneDrive\\25.184.0921.0004_1\\OneDriveActionHelper.exe\r\nUser: UNICORN\\ASUS",
        "Properties":  [
                           "-",
                           "2025-10-23 06:14:08.401",
                           "bc083af7-c7b0-68f9-0909-000000001400",
                           6548,
                           "C:\\Users\\ASUS\\AppData\\Local\\Microsoft\\OneDrive\\25.184.0921.0004_1\\OneDriveActionHelper.exe",
                           "UNICORN\\ASUS"
                       ],
        "RecordId":  25107
    },
    {
        "TimeCreated":  "\/Date(1761200048392)\/",
        "Id":  1,
        "Level":  "Information",
        "Message":  "Process Create:\r\nRuleName: -\r\nUtcTime: 2025-10-23 06:14:08.379\r\nProcessGuid: {bc083af7-c7b0-68f9-0909-000000001400}\r\nProcessId: 6548\r\nImage: C:\\Users\\ASUS\\AppData\\Local\\Microsoft\\OneDrive\\25.184.0921.0004_1\\OneDriveActionHelper.exe\r\nFileVersion: 25.184.0921.0004\r\nDescription: OneDriveActionHelper\r\nProduct: Microsoft OneDrive\r\nCompany: Microsoft Corporation\r\nOriginalFileName: OneDriveActionHelper.exe\r\nCommandLine: \"C:\\Users\\ASUS\\AppData\\Local\\Microsoft\\OneDrive\\25.184.0921.0004_1\\OneDriveActionHelper.exe\" /disable=Microsoft.OneDrive.CreateFAQ;Microsoft.OneDrive.File.CreateFAQ\r\nCurrentDirectory: C:\\Users\\ASUS\\AppData\\Local\\Microsoft\\OneDrive\\25.184.0921.0004_1\\\r\nUser: UNICORN\\ASUS\r\nLogonGuid: {bc083af7-ab66-68f9-1689-2f0000000000}\r\nLogonId: 0x2F8916\r\nTerminalSessionId: 2\r\nIntegrityLevel: Medium\r\nHashes: SHA256=10114C9BD8610696921E8A4CC0A3B9697525DF54A1BE6DF88AF3A8534D118FCB\r\nParentProcessGuid: {bc083af7-ab8f-68f9-ea02-000000001400}\r\nParentProcessId: 15244\r\nParentImage: C:\\Users\\ASUS\\AppData\\Local\\Microsoft\\OneDrive\\OneDrive.exe\r\nParentCommandLine: \"C:\\Users\\ASUS\\AppData\\Local\\Microsoft\\OneDrive\\OneDrive.exe\" /background\r\nParentUser: UNICORN\\ASUS",
        "Properties":  [
                           "-",
                           "2025-10-23 06:14:08.379",
                           "bc083af7-c7b0-68f9-0909-000000001400",
                           6548,
                           "C:\\Users\\ASUS\\AppData\\Local\\Microsoft\\OneDrive\\25.184.0921.0004_1\\OneDriveActionHelper.exe",
                           "25.184.0921.0004",
                           "OneDriveActionHelper",
                           "Microsoft OneDrive",
                           "Microsoft Corporation",
                           "OneDriveActionHelper.exe",
                           "\"C:\\Users\\ASUS\\AppData\\Local\\Microsoft\\OneDrive\\25.184.0921.0004_1\\OneDriveActionHelper.exe\" /disable=Microsoft.OneDrive.CreateFAQ;Microsoft.OneDrive.File.CreateFAQ",
                           "C:\\Users\\ASUS\\AppData\\Local\\Microsoft\\OneDrive\\25.184.0921.0004_1\\",
                           "UNICORN\\ASUS",
                           "bc083af7-ab66-68f9-1689-2f0000000000",
                           3115286,
                           2,
                           "Medium",
                           "SHA256=10114C9BD8610696921E8A4CC0A3B9697525DF54A1BE6DF88AF3A8534D118FCB",
                           "bc083af7-ab8f-68f9-ea02-000000001400",
                           15244,
                           "C:\\Users\\ASUS\\AppData\\Local\\Microsoft\\OneDrive\\OneDrive.exe",
                           "\"C:\\Users\\ASUS\\AppData\\Local\\Microsoft\\OneDrive\\OneDrive.exe\" /background",
                           "UNICORN\\ASUS"
                       ],
        "RecordId":  25106
    },
    {
        "TimeCreated":  "\/Date(1761200044147)\/",
        "Id":  5,
        "Level":  "Information",
        "Message":  "Process terminated:\r\nRuleName: -\r\nUtcTime: 2025-10-23 06:14:04.146\r\nProcessGuid: {bc083af7-c7ac-68f9-0809-000000001400}\r\nProcessId: 25672\r\nImage: C:\\Windows\\System32\\backgroundTaskHost.exe\r\nUser: UNICORN\\ASUS",
        "Properties":  [
                           "-",
                           "2025-10-23 06:14:04.146",
                           "bc083af7-c7ac-68f9-0809-000000001400",
                           25672,
                           "C:\\Windows\\System32\\backgroundTaskHost.exe",
                           "UNICORN\\ASUS"
                       ],
        "RecordId":  25105
    },
    {
        "TimeCreated":  "\/Date(1761200044069)\/",
        "Id":  1,
        "Level":  "Information",
        "Message":  "Process Create:\r\nRuleName: -\r\nUtcTime: 2025-10-23 06:14:04.060\r\nProcessGuid: {bc083af7-c7ac-68f9-0809-000000001400}\r\nProcessId: 25672\r\nImage: C:\\Windows\\System32\\backgroundTaskHost.exe\r\nFileVersion: 10.0.26100.1 (WinBuild.160101.0800)\r\nDescription: Background Task Host\r\nProduct: Microsoft® Windows® Operating System\r\nCompany: Microsoft Corporation\r\nOriginalFileName: backgroundTaskHost.exe\r\nCommandLine: \"C:\\Windows\\system32\\BackgroundTaskHost.exe\" -ServerName:BackgroundTaskHost.WebAccountProvider\r\nCurrentDirectory: C:\\Windows\\SystemApps\\Microsoft.AAD.BrokerPlugin_cw5n1h2txyewy\\\r\nUser: UNICORN\\ASUS\r\nLogonGuid: {bc083af7-ab66-68f9-1689-2f0000000000}\r\nLogonId: 0x2F8916\r\nTerminalSessionId: 2\r\nIntegrityLevel: AppContainer\r\nHashes: SHA256=B7D2C17E0038945AA4B72AE7A89E54D29B04CCC0FEB62DF5C9B7B67DE43C2530\r\nParentProcessGuid: {bc083af7-09f3-68f9-0f00-000000001400}\r\nParentProcessId: 1728\r\nParentImage: C:\\Windows\\System32\\svchost.exe\r\nParentCommandLine: C:\\Windows\\system32\\svchost.exe -k DcomLaunch -p\r\nParentUser: NT AUTHORITY\\SYSTEM",
        "Properties":  [
                           "-",
                           "2025-10-23 06:14:04.060",
                           "bc083af7-c7ac-68f9-0809-000000001400",
                           25672,
                           "C:\\Windows\\System32\\backgroundTaskHost.exe",
                           "10.0.26100.1 (WinBuild.160101.0800)",
                           "Background Task Host",
                           "Microsoft® Windows® Operating System",
                           "Microsoft Corporation",
                           "backgroundTaskHost.exe",
                           "\"C:\\Windows\\system32\\BackgroundTaskHost.exe\" -ServerName:BackgroundTaskHost.WebAccountProvider",
                           "C:\\Windows\\SystemApps\\Microsoft.AAD.BrokerPlugin_cw5n1h2txyewy\\",
                           "UNICORN\\ASUS",
                           "bc083af7-ab66-68f9-1689-2f0000000000",
                           3115286,
                           2,
                           "AppContainer",
                           "SHA256=B7D2C17E0038945AA4B72AE7A89E54D29B04CCC0FEB62DF5C9B7B67DE43C2530",
                           "bc083af7-09f3-68f9-0f00-000000001400",
                           1728,
                           "C:\\Windows\\System32\\svchost.exe",
                           "C:\\Windows\\system32\\svchost.exe -k DcomLaunch -p",
                           "NT AUTHORITY\\SYSTEM"
                       ],
        "RecordId":  25104
    },
    {
        "TimeCreated":  "\/Date(1761200041480)\/",
        "Id":  5,
        "Level":  "Information",
        "Message":  "Process terminated:\r\nRuleName: -\r\nUtcTime: 2025-10-23 06:14:01.480\r\nProcessGuid: {bc083af7-c6b9-68f9-e908-000000001400}\r\nProcessId: 26464\r\nImage: C:\\Windows\\System32\\svchost.exe\r\nUser: NT AUTHORITY\\SYSTEM",
        "Properties":  [
                           "-",
                           "2025-10-23 06:14:01.480",
                           "bc083af7-c6b9-68f9-e908-000000001400",
                           26464,
                           "C:\\Windows\\System32\\svchost.exe",
                           "NT AUTHORITY\\SYSTEM"
                       ],
        "RecordId":  25103
    },
    {
        "TimeCreated":  "\/Date(1761200021545)\/",
        "Id":  5,
        "Level":  "Information",
        "Message":  "Process terminated:\r\nRuleName: -\r\nUtcTime: 2025-10-23 06:13:41.544\r\nProcessGuid: {bc083af7-c795-68f9-0709-000000001400}\r\nProcessId: 13524\r\nImage: C:\\Windows\\System32\\backgroundTaskHost.exe\r\nUser: UNICORN\\ASUS",
        "Properties":  [
                           "-",
                           "2025-10-23 06:13:41.544",
                           "bc083af7-c795-68f9-0709-000000001400",
                           13524,
                           "C:\\Windows\\System32\\backgroundTaskHost.exe",
                           "UNICORN\\ASUS"
                       ],
        "RecordId":  25102
    },
    {
        "TimeCreated":  "\/Date(1761200021451)\/",
        "Id":  1,
        "Level":  "Information",
        "Message":  "Process Create:\r\nRuleName: -\r\nUtcTime: 2025-10-23 06:13:41.442\r\nProcessGuid: {bc083af7-c795-68f9-0709-000000001400}\r\nProcessId: 13524\r\nImage: C:\\Windows\\System32\\backgroundTaskHost.exe\r\nFileVersion: 10.0.26100.1 (WinBuild.160101.0800)\r\nDescription: Background Task Host\r\nProduct: Microsoft® Windows® Operating System\r\nCompany: Microsoft Corporation\r\nOriginalFileName: backgroundTaskHost.exe\r\nCommandLine: \"C:\\Windows\\system32\\BackgroundTaskHost.exe\" -ServerName:BackgroundTaskHost.WebAccountProvider\r\nCurrentDirectory: C:\\Windows\\SystemApps\\Microsoft.AAD.BrokerPlugin_cw5n1h2txyewy\\\r\nUser: UNICORN\\ASUS\r\nLogonGuid: {bc083af7-ab66-68f9-1689-2f0000000000}\r\nLogonId: 0x2F8916\r\nTerminalSessionId: 2\r\nIntegrityLevel: AppContainer\r\nHashes: SHA256=B7D2C17E0038945AA4B72AE7A89E54D29B04CCC0FEB62DF5C9B7B67DE43C2530\r\nParentProcessGuid: {bc083af7-09f3-68f9-0f00-000000001400}\r\nParentProcessId: 1728\r\nParentImage: C:\\Windows\\System32\\svchost.exe\r\nParentCommandLine: C:\\Windows\\system32\\svchost.exe -k DcomLaunch -p\r\nParentUser: NT AUTHORITY\\SYSTEM",
        "Properties":  [
                           "-",
                           "2025-10-23 06:13:41.442",
                           "bc083af7-c795-68f9-0709-000000001400",
                           13524,
                           "C:\\Windows\\System32\\backgroundTaskHost.exe",
                           "10.0.26100.1 (WinBuild.160101.0800)",
                           "Background Task Host",
                           "Microsoft® Windows® Operating System",
                           "Microsoft Corporation",
                           "backgroundTaskHost.exe",
                           "\"C:\\Windows\\system32\\BackgroundTaskHost.exe\" -ServerName:BackgroundTaskHost.WebAccountProvider",
                           "C:\\Windows\\SystemApps\\Microsoft.AAD.BrokerPlugin_cw5n1h2txyewy\\",
                           "UNICORN\\ASUS",
                           "bc083af7-ab66-68f9-1689-2f0000000000",
                           3115286,
                           2,
                           "AppContainer",
                           "SHA256=B7D2C17E0038945AA4B72AE7A89E54D29B04CCC0FEB62DF5C9B7B67DE43C2530",
                           "bc083af7-09f3-68f9-0f00-000000001400",
                           1728,
                           "C:\\Windows\\System32\\svchost.exe",
                           "C:\\Windows\\system32\\svchost.exe -k DcomLaunch -p",
                           "NT AUTHORITY\\SYSTEM"
                       ],
        "RecordId":  25101
    },
    {
        "TimeCreated":  "\/Date(1761200017422)\/",
        "Id":  1,
        "Level":  "Information",
        "Message":  "Process Create:\r\nRuleName: -\r\nUtcTime: 2025-10-23 06:13:37.412\r\nProcessGuid: {bc083af7-c791-68f9-0609-000000001400}\r\nProcessId: 4424\r\nImage: C:\\Windows\\System32\\svchost.exe\r\nFileVersion: 10.0.26100.5074 (WinBuild.160101.0800)\r\nDescription: Host Process for Windows Services\r\nProduct: Microsoft® Windows® Operating System\r\nCompany: Microsoft Corporation\r\nOriginalFileName: svchost.exe\r\nCommandLine: C:\\Windows\\system32\\svchost.exe -k GPSvcGroup\r\nCurrentDirectory: C:\\Windows\\system32\\\r\nUser: NT AUTHORITY\\SYSTEM\r\nLogonGuid: {bc083af7-09f3-68f9-e703-000000000000}\r\nLogonId: 0x3E7\r\nTerminalSessionId: 0\r\nIntegrityLevel: System\r\nHashes: SHA256=53A39B900E3BFBF384ACD13F0FC2329FA8D42B61E993D8ED5ADF3A1428005D26\r\nParentProcessGuid: {bc083af7-09f3-68f9-0c00-000000001400}\r\nParentProcessId: 1540\r\nParentImage: C:\\Windows\\System32\\services.exe\r\nParentCommandLine: C:\\Windows\\system32\\services.exe\r\nParentUser: NT AUTHORITY\\SYSTEM",
        "Properties":  [
                           "-",
                           "2025-10-23 06:13:37.412",
                           "bc083af7-c791-68f9-0609-000000001400",
                           4424,
                           "C:\\Windows\\System32\\svchost.exe",
                           "10.0.26100.5074 (WinBuild.160101.0800)",
                           "Host Process for Windows Services",
                           "Microsoft® Windows® Operating System",
                           "Microsoft Corporation",
                           "svchost.exe",
                           "C:\\Windows\\system32\\svchost.exe -k GPSvcGroup",
                           "C:\\Windows\\system32\\",
                           "NT AUTHORITY\\SYSTEM",
                           "bc083af7-09f3-68f9-e703-000000000000",
                           999,
                           0,
                           "System",
                           "SHA256=53A39B900E3BFBF384ACD13F0FC2329FA8D42B61E993D8ED5ADF3A1428005D26",
                           "bc083af7-09f3-68f9-0c00-000000001400",
                           1540,
                           "C:\\Windows\\System32\\services.exe",
                           "C:\\Windows\\system32\\services.exe",
                           "NT AUTHORITY\\SYSTEM"
                       ],
        "RecordId":  25100
    },
    {
        "TimeCreated":  "\/Date(1761200007974)\/",
        "Id":  5,
        "Level":  "Information",
        "Message":  "Process terminated:\r\nRuleName: -\r\nUtcTime: 2025-10-23 06:13:27.974\r\nProcessGuid: {bc083af7-c787-68f9-0509-000000001400}\r\nProcessId: 26408\r\nImage: C:\\Windows\\System32\\DriverStore\\FileRepository\\asussci2.inf_amd64_1c054a83d803f0c0\\ASUSSoftwareManager\\AsusUpdateChecker.exe\r\nUser: UNICORN\\ASUS",
        "Properties":  [
                           "-",
                           "2025-10-23 06:13:27.974",
                           "bc083af7-c787-68f9-0509-000000001400",
                           26408,
                           "C:\\Windows\\System32\\DriverStore\\FileRepository\\asussci2.inf_amd64_1c054a83d803f0c0\\ASUSSoftwareManager\\AsusUpdateChecker.exe",
                           "UNICORN\\ASUS"
                       ],
        "RecordId":  25099
    },
