    {
        "TimeCreated":  "\/Date(1761199626500)\/",
        "Id":  1,
        "Level":  "Information",
        "Message":  "Process Create:\r\nRuleName: -\r\nUtcTime: 2025-10-23 06:07:06.491\r\nProcessGuid: {bc083af7-c60a-68f9-cf08-000000001400}\r\nProcessId: 4424\r\nImage: C:\\Windows\\System32\\conhost.exe\r\nFileVersion: 10.0.26100.6725 (WinBuild.160101.0800)\r\nDescription: Console Window Host\r\nProduct: Microsoft® Windows® Operating System\r\nCompany: Microsoft Corporation\r\nOriginalFileName: CONHOST.EXE\r\nCommandLine: \\??\\C:\\Windows\\system32\\conhost.exe 0xffffffff -ForceV1\r\nCurrentDirectory: C:\\Windows\r\nUser: UNICORN\\ASUS\r\nLogonGuid: {bc083af7-ab66-68f9-1689-2f0000000000}\r\nLogonId: 0x2F8916\r\nTerminalSessionId: 2\r\nIntegrityLevel: Medium\r\nHashes: SHA256=9326E22D619CE662B6A585D02947537F844A280645F22674DD3B8A47DFFF094A\r\nParentProcessGuid: {bc083af7-c60a-68f9-cd08-000000001400}\r\nParentProcessId: 13988\r\nParentImage: C:\\Program Files\\Git\\cmd\\git.exe\r\nParentCommandLine: \"C:\\Program Files\\Git\\cmd\\git.exe\" config --get commit.template\r\nParentUser: UNICORN\\ASUS",
        "Properties":  [
                           "-",
                           "2025-10-23 06:07:06.491",
                           "bc083af7-c60a-68f9-cf08-000000001400",
                           4424,
                           "C:\\Windows\\System32\\conhost.exe",
                           "10.0.26100.6725 (WinBuild.160101.0800)",
                           "Console Window Host",
                           "Microsoft® Windows® Operating System",
                           "Microsoft Corporation",
                           "CONHOST.EXE",
                           "\\??\\C:\\Windows\\system32\\conhost.exe 0xffffffff -ForceV1",
                           "C:\\Windows",
                           "UNICORN\\ASUS",
                           "bc083af7-ab66-68f9-1689-2f0000000000",
                           3115286,
                           2,
                           "Medium",
                           "SHA256=9326E22D619CE662B6A585D02947537F844A280645F22674DD3B8A47DFFF094A",
                           "bc083af7-c60a-68f9-cd08-000000001400",
                           13988,
                           "C:\\Program Files\\Git\\cmd\\git.exe",
                           "\"C:\\Program Files\\Git\\cmd\\git.exe\" config --get commit.template",
                           "UNICORN\\ASUS"
                       ],
        "RecordId":  24995
    },
    {
        "TimeCreated":  "\/Date(1761199626487)\/",
        "Id":  1,
        "Level":  "Information",
        "Message":  "Process Create:\r\nRuleName: -\r\nUtcTime: 2025-10-23 06:07:06.477\r\nProcessGuid: {bc083af7-c60a-68f9-cd08-000000001400}\r\nProcessId: 13988\r\nImage: C:\\Program Files\\Git\\cmd\\git.exe\r\nFileVersion: 2.51.0.windows.2\r\nDescription: Git for Windows\r\nProduct: Git\r\nCompany: The Git Development Community\r\nOriginalFileName: git.exe\r\nCommandLine: \"C:\\Program Files\\Git\\cmd\\git.exe\" config --get commit.template\r\nCurrentDirectory: D:\\ThreatSphere\\\r\nUser: UNICORN\\ASUS\r\nLogonGuid: {bc083af7-ab66-68f9-1689-2f0000000000}\r\nLogonId: 0x2F8916\r\nTerminalSessionId: 2\r\nIntegrityLevel: Medium\r\nHashes: SHA256=EE3D2A38093C3680745A5C973488F5BB78A16F010145D5CDC7470A7395C9E7E8\r\nParentProcessGuid: {bc083af7-abd6-68f9-7c03-000000001400}\r\nParentProcessId: 24844\r\nParentImage: C:\\Users\\ASUS\\AppData\\Local\\Programs\\Microsoft VS Code\\Code.exe\r\nParentCommandLine: \"C:\\Users\\ASUS\\AppData\\Local\\Programs\\Microsoft VS Code\\Code.exe\" --type=utility --utility-sub-type=node.mojom.NodeService --lang=en-US --service-sandbox-type=none --dns-result-order=ipv4first --experimental-network-inspection --inspect-port=0 --video-capture-use-gpu-memory-buffer --user-data-dir=\"C:\\Users\\ASUS\\AppData\\Roaming\\Code\" --standard-schemes=vscode-webview,vscode-file --enable-sandbox --secure-schemes=vscode-webview,vscode-file --cors-schemes=vscode-webview,vscode-file --fetch-schemes=vscode-webview,vscode-file --service-worker-schemes=vscode-webview --code-cache-schemes=vscode-webview,vscode-file --field-trial-handle=1736,i,12426189760977132178,9862129789206227926,262144 --enable-features=DocumentPolicyIncludeJSCallStacksInCrashReports,EarlyEstablishGpuChannel,EnableTransparentHwndEnlargement,EstablishGpuChannelAsync --disable-features=CalculateNativeWinOcclusion,FontationsLinuxSystemFonts,ScreenAIOCREnabled,SpareRendererForSitePerProcess,WinDelaySpellcheckServiceInit --variations-seed-version --mojo-platform-channel-handle=3724 /prefetch:14\r\nParentUser: UNICORN\\ASUS",
        "Properties":  [
                           "-",
                           "2025-10-23 06:07:06.477",
                           "bc083af7-c60a-68f9-cd08-000000001400",
                           13988,
                           "C:\\Program Files\\Git\\cmd\\git.exe",
                           "2.51.0.windows.2",
                           "Git for Windows",
                           "Git",
                           "The Git Development Community",
                           "git.exe",
                           "\"C:\\Program Files\\Git\\cmd\\git.exe\" config --get commit.template",
                           "D:\\ThreatSphere\\",
                           "UNICORN\\ASUS",
                           "bc083af7-ab66-68f9-1689-2f0000000000",
                           3115286,
                           2,
                           "Medium",
                           "SHA256=EE3D2A38093C3680745A5C973488F5BB78A16F010145D5CDC7470A7395C9E7E8",
                           "bc083af7-abd6-68f9-7c03-000000001400",
                           24844,
                           "C:\\Users\\ASUS\\AppData\\Local\\Programs\\Microsoft VS Code\\Code.exe",
                           "\"C:\\Users\\ASUS\\AppData\\Local\\Programs\\Microsoft VS Code\\Code.exe\" --type=utility --utility-sub-type=node.mojom.NodeService --lang=en-US --service-sandbox-type=none --dns-result-order=ipv4first --experimental-network-inspection --inspect-port=0 --video-capture-use-gpu-memory-buffer --user-data-dir=\"C:\\Users\\ASUS\\AppData\\Roaming\\Code\" --standard-schemes=vscode-webview,vscode-file --enable-sandbox --secure-schemes=vscode-webview,vscode-file --cors-schemes=vscode-webview,vscode-file --fetch-schemes=vscode-webview,vscode-file --service-worker-schemes=vscode-webview --code-cache-schemes=vscode-webview,vscode-file --field-trial-handle=1736,i,12426189760977132178,9862129789206227926,262144 --enable-features=DocumentPolicyIncludeJSCallStacksInCrashReports,EarlyEstablishGpuChannel,EnableTransparentHwndEnlargement,EstablishGpuChannelAsync --disable-features=CalculateNativeWinOcclusion,FontationsLinuxSystemFonts,ScreenAIOCREnabled,SpareRendererForSitePerProcess,WinDelaySpellcheckServiceInit --variations-seed-version --mojo-platform-channel-handle=3724 /prefetch:14",
                           "UNICORN\\ASUS"
                       ],
        "RecordId":  24994
    },
    {
        "TimeCreated":  "\/Date(1761199561984)\/",
        "Id":  5,
        "Level":  "Information",
        "Message":  "Process terminated:\r\nRuleName: -\r\nUtcTime: 2025-10-23 06:06:01.983\r\nProcessGuid: {bc083af7-c58d-68f9-cc08-000000001400}\r\nProcessId: 26724\r\nImage: C:\\Windows\\System32\\backgroundTaskHost.exe\r\nUser: UNICORN\\ASUS",
        "Properties":  [
                           "-",
                           "2025-10-23 06:06:01.983",
                           "bc083af7-c58d-68f9-cc08-000000001400",
                           26724,
                           "C:\\Windows\\System32\\backgroundTaskHost.exe",
                           "UNICORN\\ASUS"
                       ],
        "RecordId":  24993
    },
    {
        "TimeCreated":  "\/Date(1761199501777)\/",
        "Id":  1,
        "Level":  "Information",
        "Message":  "Process Create:\r\nRuleName: -\r\nUtcTime: 2025-10-23 06:05:01.768\r\nProcessGuid: {bc083af7-c58d-68f9-cc08-000000001400}\r\nProcessId: 26724\r\nImage: C:\\Windows\\System32\\backgroundTaskHost.exe\r\nFileVersion: 10.0.26100.1 (WinBuild.160101.0800)\r\nDescription: Background Task Host\r\nProduct: Microsoft® Windows® Operating System\r\nCompany: Microsoft Corporation\r\nOriginalFileName: backgroundTaskHost.exe\r\nCommandLine: \"C:\\Windows\\system32\\backgroundTaskHost.exe\" -ServerName:Global.Accounts.AppXqe94epy97qwa6w3j6w132e8zvcs117nd.mca\r\nCurrentDirectory: C:\\Windows\\SystemApps\\MicrosoftWindows.Client.CBS_cw5n1h2txyewy\\\r\nUser: UNICORN\\ASUS\r\nLogonGuid: {bc083af7-ab66-68f9-1689-2f0000000000}\r\nLogonId: 0x2F8916\r\nTerminalSessionId: 2\r\nIntegrityLevel: AppContainer\r\nHashes: SHA256=B7D2C17E0038945AA4B72AE7A89E54D29B04CCC0FEB62DF5C9B7B67DE43C2530\r\nParentProcessGuid: {bc083af7-09f3-68f9-0f00-000000001400}\r\nParentProcessId: 1728\r\nParentImage: C:\\Windows\\System32\\svchost.exe\r\nParentCommandLine: C:\\Windows\\system32\\svchost.exe -k DcomLaunch -p\r\nParentUser: NT AUTHORITY\\SYSTEM",
        "Properties":  [
                           "-",
                           "2025-10-23 06:05:01.768",
                           "bc083af7-c58d-68f9-cc08-000000001400",
                           26724,
                           "C:\\Windows\\System32\\backgroundTaskHost.exe",
                           "10.0.26100.1 (WinBuild.160101.0800)",
                           "Background Task Host",
                           "Microsoft® Windows® Operating System",
                           "Microsoft Corporation",
                           "backgroundTaskHost.exe",
                           "\"C:\\Windows\\system32\\backgroundTaskHost.exe\" -ServerName:Global.Accounts.AppXqe94epy97qwa6w3j6w132e8zvcs117nd.mca",
                           "C:\\Windows\\SystemApps\\MicrosoftWindows.Client.CBS_cw5n1h2txyewy\\",
                           "UNICORN\\ASUS",
                           "bc083af7-ab66-68f9-1689-2f0000000000",
                           3115286,
                           2,
                           "AppContainer",
                           "SHA256=B7D2C17E0038945AA4B72AE7A89E54D29B04CCC0FEB62DF5C9B7B67DE43C2530",
                           "bc083af7-09f3-68f9-0f00-000000001400",
                           1728,
                           "C:\\Windows\\System32\\svchost.exe",
                           "C:\\Windows\\system32\\svchost.exe -k DcomLaunch -p",
                           "NT AUTHORITY\\SYSTEM"
                       ],
        "RecordId":  24992
    },
    {
        "TimeCreated":  "\/Date(1761199461624)\/",
        "Id":  5,
        "Level":  "Information",
        "Message":  "Process terminated:\r\nRuleName: -\r\nUtcTime: 2025-10-23 06:04:21.623\r\nProcessGuid: {bc083af7-c565-68f9-cb08-000000001400}\r\nProcessId: 22496\r\nImage: C:\\Program Files (x86)\\Microsoft\\EdgeUpdate\\MicrosoftEdgeUpdate.exe\r\nUser: NT AUTHORITY\\SYSTEM",
        "Properties":  [
                           "-",
                           "2025-10-23 06:04:21.623",
                           "bc083af7-c565-68f9-cb08-000000001400",
                           22496,
                           "C:\\Program Files (x86)\\Microsoft\\EdgeUpdate\\MicrosoftEdgeUpdate.exe",
                           "NT AUTHORITY\\SYSTEM"
                       ],
        "RecordId":  24991
    },
    {
        "TimeCreated":  "\/Date(1761199461512)\/",
        "Id":  1,
        "Level":  "Information",
        "Message":  "Process Create:\r\nRuleName: -\r\nUtcTime: 2025-10-23 06:04:21.509\r\nProcessGuid: {bc083af7-c565-68f9-cb08-000000001400}\r\nProcessId: 22496\r\nImage: C:\\Program Files (x86)\\Microsoft\\EdgeUpdate\\MicrosoftEdgeUpdate.exe\r\nFileVersion: 1.3.185.27\r\nDescription: Microsoft Edge Update\r\nProduct: Microsoft Edge Update\r\nCompany: Microsoft Corporation\r\nOriginalFileName: msedgeupdate.dll\r\nCommandLine: \"C:\\Program Files (x86)\\Microsoft\\EdgeUpdate\\MicrosoftEdgeUpdate.exe\" /ua /installsource scheduler\r\nCurrentDirectory: C:\\Windows\\system32\\\r\nUser: NT AUTHORITY\\SYSTEM\r\nLogonGuid: {bc083af7-09f3-68f9-e703-000000000000}\r\nLogonId: 0x3E7\r\nTerminalSessionId: 0\r\nIntegrityLevel: System\r\nHashes: SHA256=F3C7BAB6A7652E58719CE96EDFEFF483316668BD48D912694F1175FB397B86FD\r\nParentProcessGuid: {bc083af7-09f4-68f9-2f00-000000001400}\r\nParentProcessId: 3272\r\nParentImage: C:\\Windows\\System32\\svchost.exe\r\nParentCommandLine: C:\\Windows\\system32\\svchost.exe -k netsvcs -p -s Schedule\r\nParentUser: NT AUTHORITY\\SYSTEM",
        "Properties":  [
                           "-",
                           "2025-10-23 06:04:21.509",
                           "bc083af7-c565-68f9-cb08-000000001400",
                           22496,
                           "C:\\Program Files (x86)\\Microsoft\\EdgeUpdate\\MicrosoftEdgeUpdate.exe",
                           "1.3.185.27",
                           "Microsoft Edge Update",
                           "Microsoft Edge Update",
                           "Microsoft Corporation",
                           "msedgeupdate.dll",
                           "\"C:\\Program Files (x86)\\Microsoft\\EdgeUpdate\\MicrosoftEdgeUpdate.exe\" /ua /installsource scheduler",
                           "C:\\Windows\\system32\\",
                           "NT AUTHORITY\\SYSTEM",
                           "bc083af7-09f3-68f9-e703-000000000000",
                           999,
                           0,
                           "System",
                           "SHA256=F3C7BAB6A7652E58719CE96EDFEFF483316668BD48D912694F1175FB397B86FD",
                           "bc083af7-09f4-68f9-2f00-000000001400",
                           3272,
                           "C:\\Windows\\System32\\svchost.exe",
                           "C:\\Windows\\system32\\svchost.exe -k netsvcs -p -s Schedule",
                           "NT AUTHORITY\\SYSTEM"
                       ],
        "RecordId":  24990
    },
    {
        "TimeCreated":  "\/Date(1761199425513)\/",
        "Id":  5,
        "Level":  "Information",
        "Message":  "Process terminated:\r\nRuleName: -\r\nUtcTime: 2025-10-23 06:03:45.513\r\nProcessGuid: {bc083af7-c533-68f9-ca08-000000001400}\r\nProcessId: 5124\r\nImage: C:\\Program Files (x86)\\Google\\GoogleUpdater\\142.0.7416.0\\updater.exe\r\nUser: NT AUTHORITY\\SYSTEM",
        "Properties":  [
                           "-",
                           "2025-10-23 06:03:45.513",
                           "bc083af7-c533-68f9-ca08-000000001400",
                           5124,
                           "C:\\Program Files (x86)\\Google\\GoogleUpdater\\142.0.7416.0\\updater.exe",
                           "NT AUTHORITY\\SYSTEM"
                       ],
        "RecordId":  24989
    },
    {
        "TimeCreated":  "\/Date(1761199425513)\/",
        "Id":  5,
        "Level":  "Information",
        "Message":  "Process terminated:\r\nRuleName: -\r\nUtcTime: 2025-10-23 06:03:45.513\r\nProcessGuid: {bc083af7-c533-68f9-c808-000000001400}\r\nProcessId: 25860\r\nImage: C:\\Program Files (x86)\\Google\\GoogleUpdater\\142.0.7416.0\\updater.exe\r\nUser: NT AUTHORITY\\SYSTEM",
        "Properties":  [
                           "-",
                           "2025-10-23 06:03:45.513",
                           "bc083af7-c533-68f9-c808-000000001400",
                           25860,
                           "C:\\Program Files (x86)\\Google\\GoogleUpdater\\142.0.7416.0\\updater.exe",
                           "NT AUTHORITY\\SYSTEM"
                       ],
        "RecordId":  24988
    },
    {
        "TimeCreated":  "\/Date(1761199425508)\/",
        "Id":  5,
        "Level":  "Information",
        "Message":  "Process terminated:\r\nRuleName: -\r\nUtcTime: 2025-10-23 06:03:45.507\r\nProcessGuid: {bc083af7-c533-68f9-c908-000000001400}\r\nProcessId: 26324\r\nImage: C:\\Program Files (x86)\\Google\\GoogleUpdater\\142.0.7416.0\\updater.exe\r\nUser: NT AUTHORITY\\SYSTEM",
        "Properties":  [
                           "-",
                           "2025-10-23 06:03:45.507",
                           "bc083af7-c533-68f9-c908-000000001400",
                           26324,
                           "C:\\Program Files (x86)\\Google\\GoogleUpdater\\142.0.7416.0\\updater.exe",
                           "NT AUTHORITY\\SYSTEM"
                       ],
        "RecordId":  24987
    },
    {
        "TimeCreated":  "\/Date(1761199425508)\/",
        "Id":  5,
        "Level":  "Information",
        "Message":  "Process terminated:\r\nRuleName: -\r\nUtcTime: 2025-10-23 06:03:45.507\r\nProcessGuid: {bc083af7-c533-68f9-c708-000000001400}\r\nProcessId: 6024\r\nImage: C:\\Program Files (x86)\\Google\\GoogleUpdater\\142.0.7416.0\\updater.exe\r\nUser: NT AUTHORITY\\SYSTEM",
        "Properties":  [
                           "-",
                           "2025-10-23 06:03:45.507",
                           "bc083af7-c533-68f9-c708-000000001400",
                           6024,
                           "C:\\Program Files (x86)\\Google\\GoogleUpdater\\142.0.7416.0\\updater.exe",
                           "NT AUTHORITY\\SYSTEM"
                       ],
        "RecordId":  24986
    },
    {
        "TimeCreated":  "\/Date(1761199415499)\/",
        "Id":  5,
        "Level":  "Information",
        "Message":  "Process terminated:\r\nRuleName: -\r\nUtcTime: 2025-10-23 06:03:35.499\r\nProcessGuid: {bc083af7-c533-68f9-c508-000000001400}\r\nProcessId: 4552\r\nImage: C:\\Program Files (x86)\\Google\\GoogleUpdater\\142.0.7416.0\\updater.exe\r\nUser: NT AUTHORITY\\SYSTEM",
        "Properties":  [
                           "-",
                           "2025-10-23 06:03:35.499",
                           "bc083af7-c533-68f9-c508-000000001400",
                           4552,
                           "C:\\Program Files (x86)\\Google\\GoogleUpdater\\142.0.7416.0\\updater.exe",
                           "NT AUTHORITY\\SYSTEM"
                       ],
        "RecordId":  24985
    },
    {
        "TimeCreated":  "\/Date(1761199415495)\/",
        "Id":  5,
        "Level":  "Information",
        "Message":  "Process terminated:\r\nRuleName: -\r\nUtcTime: 2025-10-23 06:03:35.494\r\nProcessGuid: {bc083af7-c533-68f9-c408-000000001400}\r\nProcessId: 27484\r\nImage: C:\\Program Files (x86)\\Google\\GoogleUpdater\\142.0.7416.0\\updater.exe\r\nUser: NT AUTHORITY\\SYSTEM",
        "Properties":  [
                           "-",
                           "2025-10-23 06:03:35.494",
                           "bc083af7-c533-68f9-c408-000000001400",
                           27484,
                           "C:\\Program Files (x86)\\Google\\GoogleUpdater\\142.0.7416.0\\updater.exe",
                           "NT AUTHORITY\\SYSTEM"
                       ],
        "RecordId":  24984
    },
    {
        "TimeCreated":  "\/Date(1761199411676)\/",
        "Id":  1,
        "Level":  "Information",
        "Message":  "Process Create:\r\nRuleName: -\r\nUtcTime: 2025-10-23 06:03:31.674\r\nProcessGuid: {bc083af7-c533-68f9-ca08-000000001400}\r\nProcessId: 5124\r\nImage: C:\\Program Files (x86)\\Google\\GoogleUpdater\\142.0.7416.0\\updater.exe\r\nFileVersion: 142.0.7416.0\r\nDescription: Google Updater (x86)\r\nProduct: Google Updater (x86)\r\nCompany: Google LLC\r\nOriginalFileName: updater.exe\r\nCommandLine: \"C:\\Program Files (x86)\\Google\\GoogleUpdater\\142.0.7416.0\\updater.exe\" --crash-handler --system \"--database=C:\\Program Files (x86)\\Google\\GoogleUpdater\\142.0.7416.0\\Crashpad\" --url=https://clients2.google.com/cr/report --annotation=prod=Update4 --annotation=ver=142.0.7416.0 \"--attachment=C:\\Program Files (x86)\\Google\\GoogleUpdater\\updater.log\" --initial-client-data=0x2cc,0x2d0,0x2d4,0x2a8,0x2d8,0x125e444,0x125e450,0x125e45c\r\nCurrentDirectory: C:\\Windows\\system32\\\r\nUser: NT AUTHORITY\\SYSTEM\r\nLogonGuid: {bc083af7-09f3-68f9-e703-000000000000}\r\nLogonId: 0x3E7\r\nTerminalSessionId: 0\r\nIntegrityLevel: System\r\nHashes: SHA256=474E54360F7F4A3AEC372349AF9EC77963B7AACB281DDD5B3BA0F3EA79E796DC\r\nParentProcessGuid: {bc083af7-c533-68f9-c908-000000001400}\r\nParentProcessId: 26324\r\nParentImage: C:\\Program Files (x86)\\Google\\GoogleUpdater\\142.0.7416.0\\updater.exe\r\nParentCommandLine: \"C:\\Program Files (x86)\\Google\\GoogleUpdater\\142.0.7416.0\\updater.exe\" --system --windows-service --service=update\r\nParentUser: NT AUTHORITY\\SYSTEM",
        "Properties":  [
                           "-",
                           "2025-10-23 06:03:31.674",
                           "bc083af7-c533-68f9-ca08-000000001400",
                           5124,
                           "C:\\Program Files (x86)\\Google\\GoogleUpdater\\142.0.7416.0\\updater.exe",
                           "142.0.7416.0",
                           "Google Updater (x86)",
                           "Google Updater (x86)",
                           "Google LLC",
                           "updater.exe",
                           "\"C:\\Program Files (x86)\\Google\\GoogleUpdater\\142.0.7416.0\\updater.exe\" --crash-handler --system \"--database=C:\\Program Files (x86)\\Google\\GoogleUpdater\\142.0.7416.0\\Crashpad\" --url=https://clients2.google.com/cr/report --annotation=prod=Update4 --annotation=ver=142.0.7416.0 \"--attachment=C:\\Program Files (x86)\\Google\\GoogleUpdater\\updater.log\" --initial-client-data=0x2cc,0x2d0,0x2d4,0x2a8,0x2d8,0x125e444,0x125e450,0x125e45c",
                           "C:\\Windows\\system32\\",
                           "NT AUTHORITY\\SYSTEM",
                           "bc083af7-09f3-68f9-e703-000000000000",
                           999,
                           0,
                           "System",
                           "SHA256=474E54360F7F4A3AEC372349AF9EC77963B7AACB281DDD5B3BA0F3EA79E796DC",
                           "bc083af7-c533-68f9-c908-000000001400",
                           26324,
                           "C:\\Program Files (x86)\\Google\\GoogleUpdater\\142.0.7416.0\\updater.exe",
                           "\"C:\\Program Files (x86)\\Google\\GoogleUpdater\\142.0.7416.0\\updater.exe\" --system --windows-service --service=update",
                           "NT AUTHORITY\\SYSTEM"
                       ],
        "RecordId":  24983
    },
    {
        "TimeCreated":  "\/Date(1761199411657)\/",
        "Id":  1,
        "Level":  "Information",
        "Message":  "Process Create:\r\nRuleName: -\r\nUtcTime: 2025-10-23 06:03:31.655\r\nProcessGuid: {bc083af7-c533-68f9-c908-000000001400}\r\nProcessId: 26324\r\nImage: C:\\Program Files (x86)\\Google\\GoogleUpdater\\142.0.7416.0\\updater.exe\r\nFileVersion: 142.0.7416.0\r\nDescription: Google Updater (x86)\r\nProduct: Google Updater (x86)\r\nCompany: Google LLC\r\nOriginalFileName: updater.exe\r\nCommandLine: \"C:\\Program Files (x86)\\Google\\GoogleUpdater\\142.0.7416.0\\updater.exe\" --system --windows-service --service=update\r\nCurrentDirectory: C:\\Windows\\system32\\\r\nUser: NT AUTHORITY\\SYSTEM\r\nLogonGuid: {bc083af7-09f3-68f9-e703-000000000000}\r\nLogonId: 0x3E7\r\nTerminalSessionId: 0\r\nIntegrityLevel: System\r\nHashes: SHA256=474E54360F7F4A3AEC372349AF9EC77963B7AACB281DDD5B3BA0F3EA79E796DC\r\nParentProcessGuid: {bc083af7-09f3-68f9-0c00-000000001400}\r\nParentProcessId: 1540\r\nParentImage: C:\\Windows\\System32\\services.exe\r\nParentCommandLine: C:\\Windows\\system32\\services.exe\r\nParentUser: NT AUTHORITY\\SYSTEM",
        "Properties":  [
                           "-",
                           "2025-10-23 06:03:31.655",
                           "bc083af7-c533-68f9-c908-000000001400",
                           26324,
                           "C:\\Program Files (x86)\\Google\\GoogleUpdater\\142.0.7416.0\\updater.exe",
                           "142.0.7416.0",
                           "Google Updater (x86)",
                           "Google Updater (x86)",
                           "Google LLC",
                           "updater.exe",
                           "\"C:\\Program Files (x86)\\Google\\GoogleUpdater\\142.0.7416.0\\updater.exe\" --system --windows-service --service=update",
                           "C:\\Windows\\system32\\",
                           "NT AUTHORITY\\SYSTEM",
                           "bc083af7-09f3-68f9-e703-000000000000",
                           999,
                           0,
                           "System",
                           "SHA256=474E54360F7F4A3AEC372349AF9EC77963B7AACB281DDD5B3BA0F3EA79E796DC",
                           "bc083af7-09f3-68f9-0c00-000000001400",
                           1540,
                           "C:\\Windows\\System32\\services.exe",
                           "C:\\Windows\\system32\\services.exe",
                           "NT AUTHORITY\\SYSTEM"
                       ],
        "RecordId":  24982
    },
    {
        "TimeCreated":  "\/Date(1761199411607)\/",
        "Id":  1,
        "Level":  "Information",
        "Message":  "Process Create:\r\nRuleName: -\r\nUtcTime: 2025-10-23 06:03:31.605\r\nProcessGuid: {bc083af7-c533-68f9-c808-000000001400}\r\nProcessId: 25860\r\nImage: C:\\Program Files (x86)\\Google\\GoogleUpdater\\142.0.7416.0\\updater.exe\r\nFileVersion: 142.0.7416.0\r\nDescription: Google Updater (x86)\r\nProduct: Google Updater (x86)\r\nCompany: Google LLC\r\nOriginalFileName: updater.exe\r\nCommandLine: \"C:\\Program Files (x86)\\Google\\GoogleUpdater\\142.0.7416.0\\updater.exe\" --crash-handler --system \"--database=C:\\Program Files (x86)\\Google\\GoogleUpdater\\142.0.7416.0\\Crashpad\" --url=https://clients2.google.com/cr/report --annotation=prod=Update4 --annotation=ver=142.0.7416.0 \"--attachment=C:\\Program Files (x86)\\Google\\GoogleUpdater\\updater.log\" --initial-client-data=0x2c8,0x2cc,0x2d0,0x2a4,0x2d4,0x125e444,0x125e450,0x125e45c\r\nCurrentDirectory: C:\\Windows\\system32\\\r\nUser: NT AUTHORITY\\SYSTEM\r\nLogonGuid: {bc083af7-09f3-68f9-e703-000000000000}\r\nLogonId: 0x3E7\r\nTerminalSessionId: 0\r\nIntegrityLevel: System\r\nHashes: SHA256=474E54360F7F4A3AEC372349AF9EC77963B7AACB281DDD5B3BA0F3EA79E796DC\r\nParentProcessGuid: {bc083af7-c533-68f9-c708-000000001400}\r\nParentProcessId: 6024\r\nParentImage: C:\\Program Files (x86)\\Google\\GoogleUpdater\\142.0.7416.0\\updater.exe\r\nParentCommandLine: \"C:\\Program Files (x86)\\Google\\GoogleUpdater\\142.0.7416.0\\updater.exe\" --system --windows-service --service=update-internal\r\nParentUser: NT AUTHORITY\\SYSTEM",
        "Properties":  [
                           "-",
                           "2025-10-23 06:03:31.605",
                           "bc083af7-c533-68f9-c808-000000001400",
                           25860,
                           "C:\\Program Files (x86)\\Google\\GoogleUpdater\\142.0.7416.0\\updater.exe",
                           "142.0.7416.0",
                           "Google Updater (x86)",
                           "Google Updater (x86)",
                           "Google LLC",
                           "updater.exe",
                           "\"C:\\Program Files (x86)\\Google\\GoogleUpdater\\142.0.7416.0\\updater.exe\" --crash-handler --system \"--database=C:\\Program Files (x86)\\Google\\GoogleUpdater\\142.0.7416.0\\Crashpad\" --url=https://clients2.google.com/cr/report --annotation=prod=Update4 --annotation=ver=142.0.7416.0 \"--attachment=C:\\Program Files (x86)\\Google\\GoogleUpdater\\updater.log\" --initial-client-data=0x2c8,0x2cc,0x2d0,0x2a4,0x2d4,0x125e444,0x125e450,0x125e45c",
                           "C:\\Windows\\system32\\",
                           "NT AUTHORITY\\SYSTEM",
                           "bc083af7-09f3-68f9-e703-000000000000",
                           999,
                           0,
                           "System",
                           "SHA256=474E54360F7F4A3AEC372349AF9EC77963B7AACB281DDD5B3BA0F3EA79E796DC",
                           "bc083af7-c533-68f9-c708-000000001400",
                           6024,
                           "C:\\Program Files (x86)\\Google\\GoogleUpdater\\142.0.7416.0\\updater.exe",
                           "\"C:\\Program Files (x86)\\Google\\GoogleUpdater\\142.0.7416.0\\updater.exe\" --system --windows-service --service=update-internal",
                           "NT AUTHORITY\\SYSTEM"
                       ],
        "RecordId":  24981
    },
    {
        "TimeCreated":  "\/Date(1761199411586)\/",
        "Id":  1,
        "Level":  "Information",
        "Message":  "Process Create:\r\nRuleName: -\r\nUtcTime: 2025-10-23 06:03:31.583\r\nProcessGuid: {bc083af7-c533-68f9-c708-000000001400}\r\nProcessId: 6024\r\nImage: C:\\Program Files (x86)\\Google\\GoogleUpdater\\142.0.7416.0\\updater.exe\r\nFileVersion: 142.0.7416.0\r\nDescription: Google Updater (x86)\r\nProduct: Google Updater (x86)\r\nCompany: Google LLC\r\nOriginalFileName: updater.exe\r\nCommandLine: \"C:\\Program Files (x86)\\Google\\GoogleUpdater\\142.0.7416.0\\updater.exe\" --system --windows-service --service=update-internal\r\nCurrentDirectory: C:\\Windows\\system32\\\r\nUser: NT AUTHORITY\\SYSTEM\r\nLogonGuid: {bc083af7-09f3-68f9-e703-000000000000}\r\nLogonId: 0x3E7\r\nTerminalSessionId: 0\r\nIntegrityLevel: System\r\nHashes: SHA256=474E54360F7F4A3AEC372349AF9EC77963B7AACB281DDD5B3BA0F3EA79E796DC\r\nParentProcessGuid: {bc083af7-09f3-68f9-0c00-000000001400}\r\nParentProcessId: 1540\r\nParentImage: C:\\Windows\\System32\\services.exe\r\nParentCommandLine: C:\\Windows\\system32\\services.exe\r\nParentUser: NT AUTHORITY\\SYSTEM",
        "Properties":  [
                           "-",
                           "2025-10-23 06:03:31.583",
                           "bc083af7-c533-68f9-c708-000000001400",
                           6024,
                           "C:\\Program Files (x86)\\Google\\GoogleUpdater\\142.0.7416.0\\updater.exe",
                           "142.0.7416.0",
                           "Google Updater (x86)",
                           "Google Updater (x86)",
                           "Google LLC",
                           "updater.exe",
                           "\"C:\\Program Files (x86)\\Google\\GoogleUpdater\\142.0.7416.0\\updater.exe\" --system --windows-service --service=update-internal",
                           "C:\\Windows\\system32\\",
                           "NT AUTHORITY\\SYSTEM",
                           "bc083af7-09f3-68f9-e703-000000000000",
                           999,
                           0,
                           "System",
                           "SHA256=474E54360F7F4A3AEC372349AF9EC77963B7AACB281DDD5B3BA0F3EA79E796DC",
                           "bc083af7-09f3-68f9-0c00-000000001400",
                           1540,
                           "C:\\Windows\\System32\\services.exe",
                           "C:\\Windows\\system32\\services.exe",
                           "NT AUTHORITY\\SYSTEM"
                       ],
        "RecordId":  24980
    },
    {
        "TimeCreated":  "\/Date(1761199411582)\/",
        "Id":  1,
        "Level":  "Information",
        "Message":  "Process Create:\r\nRuleName: -\r\nUtcTime: 2025-10-23 06:03:31.577\r\nProcessGuid: {bc083af7-c533-68f9-c608-000000001400}\r\nProcessId: 26732\r\nImage: C:\\Windows\\System32\\svchost.exe\r\nFileVersion: 10.0.26100.5074 (WinBuild.160101.0800)\r\nDescription: Host Process for Windows Services\r\nProduct: Microsoft® Windows® Operating System\r\nCompany: Microsoft Corporation\r\nOriginalFileName: svchost.exe\r\nCommandLine: C:\\Windows\\System32\\svchost.exe -k wsappx -p -s ClipSVC\r\nCurrentDirectory: C:\\Windows\\system32\\\r\nUser: NT AUTHORITY\\SYSTEM\r\nLogonGuid: {bc083af7-09f3-68f9-e703-000000000000}\r\nLogonId: 0x3E7\r\nTerminalSessionId: 0\r\nIntegrityLevel: System\r\nHashes: SHA256=53A39B900E3BFBF384ACD13F0FC2329FA8D42B61E993D8ED5ADF3A1428005D26\r\nParentProcessGuid: {bc083af7-09f3-68f9-0c00-000000001400}\r\nParentProcessId: 1540\r\nParentImage: C:\\Windows\\System32\\services.exe\r\nParentCommandLine: C:\\Windows\\system32\\services.exe\r\nParentUser: NT AUTHORITY\\SYSTEM",
        "Properties":  [
                           "-",
                           "2025-10-23 06:03:31.577",
                           "bc083af7-c533-68f9-c608-000000001400",
                           26732,
                           "C:\\Windows\\System32\\svchost.exe",
                           "10.0.26100.5074 (WinBuild.160101.0800)",
                           "Host Process for Windows Services",
                           "Microsoft® Windows® Operating System",
                           "Microsoft Corporation",
                           "svchost.exe",
                           "C:\\Windows\\System32\\svchost.exe -k wsappx -p -s ClipSVC",
                           "C:\\Windows\\system32\\",
                           "NT AUTHORITY\\SYSTEM",
                           "bc083af7-09f3-68f9-e703-000000000000",
                           999,
                           0,
                           "System",
                           "SHA256=53A39B900E3BFBF384ACD13F0FC2329FA8D42B61E993D8ED5ADF3A1428005D26",
                           "bc083af7-09f3-68f9-0c00-000000001400",
                           1540,
                           "C:\\Windows\\System32\\services.exe",
                           "C:\\Windows\\system32\\services.exe",
                           "NT AUTHORITY\\SYSTEM"
                       ],
        "RecordId":  24979
    },
    {
        "TimeCreated":  "\/Date(1761199411541)\/",
        "Id":  1,
        "Level":  "Information",
        "Message":  "Process Create:\r\nRuleName: -\r\nUtcTime: 2025-10-23 06:03:31.539\r\nProcessGuid: {bc083af7-c533-68f9-c508-000000001400}\r\nProcessId: 4552\r\nImage: C:\\Program Files (x86)\\Google\\GoogleUpdater\\142.0.7416.0\\updater.exe\r\nFileVersion: 142.0.7416.0\r\nDescription: Google Updater (x86)\r\nProduct: Google Updater (x86)\r\nCompany: Google LLC\r\nOriginalFileName: updater.exe\r\nCommandLine: \"C:\\Program Files (x86)\\Google\\GoogleUpdater\\142.0.7416.0\\updater.exe\" --crash-handler --system \"--database=C:\\Program Files (x86)\\Google\\GoogleUpdater\\142.0.7416.0\\Crashpad\" --url=https://clients2.google.com/cr/report --annotation=prod=Update4 --annotation=ver=142.0.7416.0 \"--attachment=C:\\Program Files (x86)\\Google\\GoogleUpdater\\updater.log\" --initial-client-data=0x2cc,0x2d0,0x2d4,0x2a8,0x2d8,0x125e444,0x125e450,0x125e45c\r\nCurrentDirectory: C:\\Windows\\system32\\\r\nUser: NT AUTHORITY\\SYSTEM\r\nLogonGuid: {bc083af7-09f3-68f9-e703-000000000000}\r\nLogonId: 0x3E7\r\nTerminalSessionId: 0\r\nIntegrityLevel: System\r\nHashes: SHA256=474E54360F7F4A3AEC372349AF9EC77963B7AACB281DDD5B3BA0F3EA79E796DC\r\nParentProcessGuid: {bc083af7-c533-68f9-c408-000000001400}\r\nParentProcessId: 27484\r\nParentImage: C:\\Program Files (x86)\\Google\\GoogleUpdater\\142.0.7416.0\\updater.exe\r\nParentCommandLine: \"C:\\Program Files (x86)\\Google\\GoogleUpdater\\142.0.7416.0\\updater.exe\" --wake --system\r\nParentUser: NT AUTHORITY\\SYSTEM",
        "Properties":  [
                           "-",
                           "2025-10-23 06:03:31.539",
                           "bc083af7-c533-68f9-c508-000000001400",
                           4552,
                           "C:\\Program Files (x86)\\Google\\GoogleUpdater\\142.0.7416.0\\updater.exe",
                           "142.0.7416.0",
                           "Google Updater (x86)",
                           "Google Updater (x86)",
                           "Google LLC",
                           "updater.exe",
                           "\"C:\\Program Files (x86)\\Google\\GoogleUpdater\\142.0.7416.0\\updater.exe\" --crash-handler --system \"--database=C:\\Program Files (x86)\\Google\\GoogleUpdater\\142.0.7416.0\\Crashpad\" --url=https://clients2.google.com/cr/report --annotation=prod=Update4 --annotation=ver=142.0.7416.0 \"--attachment=C:\\Program Files (x86)\\Google\\GoogleUpdater\\updater.log\" --initial-client-data=0x2cc,0x2d0,0x2d4,0x2a8,0x2d8,0x125e444,0x125e450,0x125e45c",
                           "C:\\Windows\\system32\\",
                           "NT AUTHORITY\\SYSTEM",
                           "bc083af7-09f3-68f9-e703-000000000000",
                           999,
                           0,
                           "System",
                           "SHA256=474E54360F7F4A3AEC372349AF9EC77963B7AACB281DDD5B3BA0F3EA79E796DC",
                           "bc083af7-c533-68f9-c408-000000001400",
                           27484,
                           "C:\\Program Files (x86)\\Google\\GoogleUpdater\\142.0.7416.0\\updater.exe",
                           "\"C:\\Program Files (x86)\\Google\\GoogleUpdater\\142.0.7416.0\\updater.exe\" --wake --system",
                           "NT AUTHORITY\\SYSTEM"
                       ],
        "RecordId":  24978
    },
    {
        "TimeCreated":  "\/Date(1761199411514)\/",
        "Id":  1,
        "Level":  "Information",
        "Message":  "Process Create:\r\nRuleName: -\r\nUtcTime: 2025-10-23 06:03:31.511\r\nProcessGuid: {bc083af7-c533-68f9-c408-000000001400}\r\nProcessId: 27484\r\nImage: C:\\Program Files (x86)\\Google\\GoogleUpdater\\142.0.7416.0\\updater.exe\r\nFileVersion: 142.0.7416.0\r\nDescription: Google Updater (x86)\r\nProduct: Google Updater (x86)\r\nCompany: Google LLC\r\nOriginalFileName: updater.exe\r\nCommandLine: \"C:\\Program Files (x86)\\Google\\GoogleUpdater\\142.0.7416.0\\updater.exe\" --wake --system\r\nCurrentDirectory: C:\\Windows\\system32\\\r\nUser: NT AUTHORITY\\SYSTEM\r\nLogonGuid: {bc083af7-09f3-68f9-e703-000000000000}\r\nLogonId: 0x3E7\r\nTerminalSessionId: 0\r\nIntegrityLevel: System\r\nHashes: SHA256=474E54360F7F4A3AEC372349AF9EC77963B7AACB281DDD5B3BA0F3EA79E796DC\r\nParentProcessGuid: {bc083af7-09f4-68f9-2f00-000000001400}\r\nParentProcessId: 3272\r\nParentImage: C:\\Windows\\System32\\svchost.exe\r\nParentCommandLine: C:\\Windows\\system32\\svchost.exe -k netsvcs -p -s Schedule\r\nParentUser: NT AUTHORITY\\SYSTEM",
        "Properties":  [
                           "-",
                           "2025-10-23 06:03:31.511",
                           "bc083af7-c533-68f9-c408-000000001400",
                           27484,
                           "C:\\Program Files (x86)\\Google\\GoogleUpdater\\142.0.7416.0\\updater.exe",
                           "142.0.7416.0",
                           "Google Updater (x86)",
                           "Google Updater (x86)",
                           "Google LLC",
                           "updater.exe",
                           "\"C:\\Program Files (x86)\\Google\\GoogleUpdater\\142.0.7416.0\\updater.exe\" --wake --system",
                           "C:\\Windows\\system32\\",
                           "NT AUTHORITY\\SYSTEM",
                           "bc083af7-09f3-68f9-e703-000000000000",
                           999,
                           0,
                           "System",
                           "SHA256=474E54360F7F4A3AEC372349AF9EC77963B7AACB281DDD5B3BA0F3EA79E796DC",
                           "bc083af7-09f4-68f9-2f00-000000001400",
                           3272,
                           "C:\\Windows\\System32\\svchost.exe",
                           "C:\\Windows\\system32\\svchost.exe -k netsvcs -p -s Schedule",
                           "NT AUTHORITY\\SYSTEM"
                       ],
        "RecordId":  24977
    },
    {
        "TimeCreated":  "\/Date(1761199360229)\/",
        "Id":  5,
        "Level":  "Information",
        "Message":  "Process terminated:\r\nRuleName: -\r\nUtcTime: 2025-10-23 06:02:40.229\r\nProcessGuid: {bc083af7-c397-68f9-b008-000000001400}\r\nProcessId: 19080\r\nImage: C:\\Windows\\System32\\svchost.exe\r\nUser: NT AUTHORITY\\SYSTEM",
        "Properties":  [
                           "-",
                           "2025-10-23 06:02:40.229",
                           "bc083af7-c397-68f9-b008-000000001400",
                           19080,
                           "C:\\Windows\\System32\\svchost.exe",
                           "NT AUTHORITY\\SYSTEM"
                       ],
        "RecordId":  24976
    },
    {
        "TimeCreated":  "\/Date(1761199293890)\/",
        "Id":  5,
        "Level":  "Information",
        "Message":  "Process terminated:\r\nRuleName: -\r\nUtcTime: 2025-10-23 06:01:33.890\r\nProcessGuid: {bc083af7-c481-68f9-b708-000000001400}\r\nProcessId: 18216\r\nImage: C:\\Windows\\System32\\backgroundTaskHost.exe\r\nUser: UNICORN\\ASUS",
        "Properties":  [
                           "-",
                           "2025-10-23 06:01:33.890",
                           "bc083af7-c481-68f9-b708-000000001400",
                           18216,
                           "C:\\Windows\\System32\\backgroundTaskHost.exe",
                           "UNICORN\\ASUS"
                       ],
        "RecordId":  24975
    },
    {
        "TimeCreated":  "\/Date(1761199254516)\/",
        "Id":  5,
        "Level":  "Information",
        "Message":  "Process terminated:\r\nRuleName: -\r\nUtcTime: 2025-10-23 06:00:54.515\r\nProcessGuid: {bc083af7-c496-68f9-c108-000000001400}\r\nProcessId: 24832\r\nImage: C:\\Windows\\System32\\conhost.exe\r\nUser: UNICORN\\ASUS",
        "Properties":  [
                           "-",
                           "2025-10-23 06:00:54.515",
                           "bc083af7-c496-68f9-c108-000000001400",
                           24832,
                           "C:\\Windows\\System32\\conhost.exe",
                           "UNICORN\\ASUS"
                       ],
        "RecordId":  24974
    },
    {
        "TimeCreated":  "\/Date(1761199254515)\/",
        "Id":  5,
        "Level":  "Information",
        "Message":  "Process terminated:\r\nRuleName: -\r\nUtcTime: 2025-10-23 06:00:54.514\r\nProcessGuid: {bc083af7-c496-68f9-c008-000000001400}\r\nProcessId: 9812\r\nImage: C:\\Program Files\\Git\\cmd\\git.exe\r\nUser: UNICORN\\ASUS",
        "Properties":  [
                           "-",
                           "2025-10-23 06:00:54.514",
                           "bc083af7-c496-68f9-c008-000000001400",
                           9812,
                           "C:\\Program Files\\Git\\cmd\\git.exe",
                           "UNICORN\\ASUS"
                       ],
        "RecordId":  24973
    },
    {
        "TimeCreated":  "\/Date(1761199254513)\/",
        "Id":  5,
        "Level":  "Information",
        "Message":  "Process terminated:\r\nRuleName: -\r\nUtcTime: 2025-10-23 06:00:54.512\r\nProcessGuid: {bc083af7-c496-68f9-c308-000000001400}\r\nProcessId: 12300\r\nImage: C:\\Program Files\\Git\\mingw64\\bin\\git.exe\r\nUser: UNICORN\\ASUS",
        "Properties":  [
                           "-",
                           "2025-10-23 06:00:54.512",
                           "bc083af7-c496-68f9-c308-000000001400",
                           12300,
                           "C:\\Program Files\\Git\\mingw64\\bin\\git.exe",
                           "UNICORN\\ASUS"
                       ],
        "RecordId":  24972
    },
    {
        "TimeCreated":  "\/Date(1761199254509)\/",
        "Id":  5,
        "Level":  "Information",
        "Message":  "Process terminated:\r\nRuleName: -\r\nUtcTime: 2025-10-23 06:00:54.508\r\nProcessGuid: {bc083af7-c496-68f9-bf08-000000001400}\r\nProcessId: 26324\r\nImage: C:\\Windows\\System32\\conhost.exe\r\nUser: UNICORN\\ASUS",
        "Properties":  [
                           "-",
                           "2025-10-23 06:00:54.508",
                           "bc083af7-c496-68f9-bf08-000000001400",
                           26324,
                           "C:\\Windows\\System32\\conhost.exe",
                           "UNICORN\\ASUS"
                       ],
        "RecordId":  24971
    },
    {
        "TimeCreated":  "\/Date(1761199254508)\/",
        "Id":  5,
        "Level":  "Information",
        "Message":  "Process terminated:\r\nRuleName: -\r\nUtcTime: 2025-10-23 06:00:54.507\r\nProcessGuid: {bc083af7-c496-68f9-be08-000000001400}\r\nProcessId: 20896\r\nImage: C:\\Program Files\\Git\\cmd\\git.exe\r\nUser: UNICORN\\ASUS",
        "Properties":  [
                           "-",
                           "2025-10-23 06:00:54.507",
                           "bc083af7-c496-68f9-be08-000000001400",
                           20896,
                           "C:\\Program Files\\Git\\cmd\\git.exe",
                           "UNICORN\\ASUS"
                       ],
        "RecordId":  24970
    },
    {
        "TimeCreated":  "\/Date(1761199254506)\/",
        "Id":  5,
        "Level":  "Information",
        "Message":  "Process terminated:\r\nRuleName: -\r\nUtcTime: 2025-10-23 06:00:54.505\r\nProcessGuid: {bc083af7-c496-68f9-c208-000000001400}\r\nProcessId: 27200\r\nImage: C:\\Program Files\\Git\\mingw64\\bin\\git.exe\r\nUser: UNICORN\\ASUS",
        "Properties":  [
                           "-",
                           "2025-10-23 06:00:54.505",
                           "bc083af7-c496-68f9-c208-000000001400",
                           27200,
                           "C:\\Program Files\\Git\\mingw64\\bin\\git.exe",
                           "UNICORN\\ASUS"
                       ],
        "RecordId":  24969
    },
    {
        "TimeCreated":  "\/Date(1761199254496)\/",
        "Id":  1,
        "Level":  "Information",
        "Message":  "Process Create:\r\nRuleName: -\r\nUtcTime: 2025-10-23 06:00:54.483\r\nProcessGuid: {bc083af7-c496-68f9-c308-000000001400}\r\nProcessId: 12300\r\nImage: C:\\Program Files\\Git\\mingw64\\bin\\git.exe\r\nFileVersion: 2.51.0.windows.2\r\nDescription: Git for Windows\r\nProduct: Git\r\nCompany: The Git Development Community\r\nOriginalFileName: git.exe\r\nCommandLine: git.exe for-each-ref --sort -committerdate --format %%(refname)The operation completed successfully. %%(objectname)The operation completed successfully. %%(*objectname)\r\nCurrentDirectory: D:\\ThreatSphere\\\r\nUser: UNICORN\\ASUS\r\nLogonGuid: {bc083af7-ab66-68f9-1689-2f0000000000}\r\nLogonId: 0x2F8916\r\nTerminalSessionId: 2\r\nIntegrityLevel: Medium\r\nHashes: SHA256=E996432581A70DF2E7AAAC5DB71E3811EC0DAA7F93A8BA73FE6DB6F9941F4BF9\r\nParentProcessGuid: {bc083af7-c496-68f9-c008-000000001400}\r\nParentProcessId: 9812\r\nParentImage: C:\\Program Files\\Git\\cmd\\git.exe\r\nParentCommandLine: \"C:\\Program Files\\Git\\cmd\\git.exe\" for-each-ref --sort -committerdate --format %(refname)%00%(objectname)%00%(*objectname)\r\nParentUser: UNICORN\\ASUS",
        "Properties":  [
                           "-",
                           "2025-10-23 06:00:54.483",
                           "bc083af7-c496-68f9-c308-000000001400",
                           12300,
                           "C:\\Program Files\\Git\\mingw64\\bin\\git.exe",
                           "2.51.0.windows.2",
                           "Git for Windows",
                           "Git",
                           "The Git Development Community",
                           "git.exe",
                           "git.exe for-each-ref --sort -committerdate --format %%(refname)%%00%%(objectname)%%00%%(*objectname)",
                           "D:\\ThreatSphere\\",
                           "UNICORN\\ASUS",
                           "bc083af7-ab66-68f9-1689-2f0000000000",
                           3115286,
                           2,
                           "Medium",
                           "SHA256=E996432581A70DF2E7AAAC5DB71E3811EC0DAA7F93A8BA73FE6DB6F9941F4BF9",
                           "bc083af7-c496-68f9-c008-000000001400",
                           9812,
                           "C:\\Program Files\\Git\\cmd\\git.exe",
                           "\"C:\\Program Files\\Git\\cmd\\git.exe\" for-each-ref --sort -committerdate --format %(refname)%00%(objectname)%00%(*objectname)",
                           "UNICORN\\ASUS"
                       ],
        "RecordId":  24968
    },
