    {
        "TimeCreated":  "\/Date(1761198380526)\/",
        "Id":  1,
        "Level":  "Information",
        "Message":  "Process Create:\r\nRuleName: -\r\nUtcTime: 2025-10-23 05:46:20.517\r\nProcessGuid: {bc083af7-c12c-68f9-5b08-000000001400}\r\nProcessId: 20276\r\nImage: C:\\Program Files\\Git\\cmd\\git.exe\r\nFileVersion: 2.51.0.windows.2\r\nDescription: Git for Windows\r\nProduct: Git\r\nCompany: The Git Development Community\r\nOriginalFileName: git.exe\r\nCommandLine: \"C:\\Program Files\\Git\\cmd\\git.exe\" for-each-ref --format=%%(refname)The operation completed successfully. %%(upstream:short)The operation completed successfully. %%(objectname)The operation completed successfully. %%(upstream:track)The operation completed successfully. %%(upstream:remotename)The operation completed successfully. %%(upstream:remoteref) --ignore-case refs/heads/main refs/remotes/main\r\nCurrentDirectory: D:\\ThreatSphere\\\r\nUser: UNICORN\\ASUS\r\nLogonGuid: {bc083af7-ab66-68f9-1689-2f0000000000}\r\nLogonId: 0x2F8916\r\nTerminalSessionId: 2\r\nIntegrityLevel: Medium\r\nHashes: SHA256=EE3D2A38093C3680745A5C973488F5BB78A16F010145D5CDC7470A7395C9E7E8\r\nParentProcessGuid: {bc083af7-abd6-68f9-7c03-000000001400}\r\nParentProcessId: 24844\r\nParentImage: C:\\Users\\ASUS\\AppData\\Local\\Programs\\Microsoft VS Code\\Code.exe\r\nParentCommandLine: \"C:\\Users\\ASUS\\AppData\\Local\\Programs\\Microsoft VS Code\\Code.exe\" --type=utility --utility-sub-type=node.mojom.NodeService --lang=en-US --service-sandbox-type=none --dns-result-order=ipv4first --experimental-network-inspection --inspect-port=0 --video-capture-use-gpu-memory-buffer --user-data-dir=\"C:\\Users\\ASUS\\AppData\\Roaming\\Code\" --standard-schemes=vscode-webview,vscode-file --enable-sandbox --secure-schemes=vscode-webview,vscode-file --cors-schemes=vscode-webview,vscode-file --fetch-schemes=vscode-webview,vscode-file --service-worker-schemes=vscode-webview --code-cache-schemes=vscode-webview,vscode-file --field-trial-handle=1736,i,12426189760977132178,9862129789206227926,262144 --enable-features=DocumentPolicyIncludeJSCallStacksInCrashReports,EarlyEstablishGpuChannel,EnableTransparentHwndEnlargement,EstablishGpuChannelAsync --disable-features=CalculateNativeWinOcclusion,FontationsLinuxSystemFonts,ScreenAIOCREnabled,SpareRendererForSitePerProcess,WinDelaySpellcheckServiceInit --variations-seed-version --mojo-platform-channel-handle=3724 /prefetch:14\r\nParentUser: UNICORN\\ASUS",
        "Properties":  [
                           "-",
                           "2025-10-23 05:46:20.517",
                           "bc083af7-c12c-68f9-5b08-000000001400",
                           20276,
                           "C:\\Program Files\\Git\\cmd\\git.exe",
                           "2.51.0.windows.2",
                           "Git for Windows",
                           "Git",
                           "The Git Development Community",
                           "git.exe",
                           "\"C:\\Program Files\\Git\\cmd\\git.exe\" for-each-ref --format=%%(refname)%%00%%(upstream:short)%%00%%(objectname)%%00%%(upstream:track)%%00%%(upstream:remotename)%%00%%(upstream:remoteref) --ignore-case refs/heads/main refs/remotes/main",
                           "D:\\ThreatSphere\\",
                           "UNICORN\\ASUS",
                           "bc083af7-ab66-68f9-1689-2f0000000000",
                           3115286,
                           2,
                           "Medium",
                           "SHA256=EE3D2A38093C3680745A5C973488F5BB78A16F010145D5CDC7470A7395C9E7E8",
                           "bc083af7-abd6-68f9-7c03-000000001400",
                           24844,
                           "C:\\Users\\ASUS\\AppData\\Local\\Programs\\Microsoft VS Code\\Code.exe",
                           "\"C:\\Users\\ASUS\\AppData\\Local\\Programs\\Microsoft VS Code\\Code.exe\" --type=utility --utility-sub-type=node.mojom.NodeService --lang=en-US --service-sandbox-type=none --dns-result-order=ipv4first --experimental-network-inspection --inspect-port=0 --video-capture-use-gpu-memory-buffer --user-data-dir=\"C:\\Users\\ASUS\\AppData\\Roaming\\Code\" --standard-schemes=vscode-webview,vscode-file --enable-sandbox --secure-schemes=vscode-webview,vscode-file --cors-schemes=vscode-webview,vscode-file --fetch-schemes=vscode-webview,vscode-file --service-worker-schemes=vscode-webview --code-cache-schemes=vscode-webview,vscode-file --field-trial-handle=1736,i,12426189760977132178,9862129789206227926,262144 --enable-features=DocumentPolicyIncludeJSCallStacksInCrashReports,EarlyEstablishGpuChannel,EnableTransparentHwndEnlargement,EstablishGpuChannelAsync --disable-features=CalculateNativeWinOcclusion,FontationsLinuxSystemFonts,ScreenAIOCREnabled,SpareRendererForSitePerProcess,WinDelaySpellcheckServiceInit --variations-seed-version --mojo-platform-channel-handle=3724 /prefetch:14",
                           "UNICORN\\ASUS"
                       ],
        "RecordId":  24767
    },
    {
        "TimeCreated":  "\/Date(1761198380526)\/",
        "Id":  1,
        "Level":  "Information",
        "Message":  "Process Create:\r\nRuleName: -\r\nUtcTime: 2025-10-23 05:46:20.518\r\nProcessGuid: {bc083af7-c12c-68f9-5c08-000000001400}\r\nProcessId: 14232\r\nImage: C:\\Windows\\System32\\conhost.exe\r\nFileVersion: 10.0.26100.6725 (WinBuild.160101.0800)\r\nDescription: Console Window Host\r\nProduct: Microsoft® Windows® Operating System\r\nCompany: Microsoft Corporation\r\nOriginalFileName: CONHOST.EXE\r\nCommandLine: \\??\\C:\\Windows\\system32\\conhost.exe 0xffffffff -ForceV1\r\nCurrentDirectory: C:\\Windows\r\nUser: UNICORN\\ASUS\r\nLogonGuid: {bc083af7-ab66-68f9-1689-2f0000000000}\r\nLogonId: 0x2F8916\r\nTerminalSessionId: 2\r\nIntegrityLevel: Medium\r\nHashes: SHA256=9326E22D619CE662B6A585D02947537F844A280645F22674DD3B8A47DFFF094A\r\nParentProcessGuid: {bc083af7-c12c-68f9-5a08-000000001400}\r\nParentProcessId: 24304\r\nParentImage: C:\\Program Files\\Git\\cmd\\git.exe\r\nParentCommandLine: \"C:\\Program Files\\Git\\cmd\\git.exe\" config --get commit.template\r\nParentUser: UNICORN\\ASUS",
        "Properties":  [
                           "-",
                           "2025-10-23 05:46:20.518",
                           "bc083af7-c12c-68f9-5c08-000000001400",
                           14232,
                           "C:\\Windows\\System32\\conhost.exe",
                           "10.0.26100.6725 (WinBuild.160101.0800)",
                           "Console Window Host",
                           "Microsoft® Windows® Operating System",
                           "Microsoft Corporation",
                           "CONHOST.EXE",
                           "\\??\\C:\\Windows\\system32\\conhost.exe 0xffffffff -ForceV1",
                           "C:\\Windows",
                           "UNICORN\\ASUS",
                           "bc083af7-ab66-68f9-1689-2f0000000000",
                           3115286,
                           2,
                           "Medium",
                           "SHA256=9326E22D619CE662B6A585D02947537F844A280645F22674DD3B8A47DFFF094A",
                           "bc083af7-c12c-68f9-5a08-000000001400",
                           24304,
                           "C:\\Program Files\\Git\\cmd\\git.exe",
                           "\"C:\\Program Files\\Git\\cmd\\git.exe\" config --get commit.template",
                           "UNICORN\\ASUS"
                       ],
        "RecordId":  24766
    },
    {
        "TimeCreated":  "\/Date(1761198380515)\/",
        "Id":  1,
        "Level":  "Information",
        "Message":  "Process Create:\r\nRuleName: -\r\nUtcTime: 2025-10-23 05:46:20.506\r\nProcessGuid: {bc083af7-c12c-68f9-5a08-000000001400}\r\nProcessId: 24304\r\nImage: C:\\Program Files\\Git\\cmd\\git.exe\r\nFileVersion: 2.51.0.windows.2\r\nDescription: Git for Windows\r\nProduct: Git\r\nCompany: The Git Development Community\r\nOriginalFileName: git.exe\r\nCommandLine: \"C:\\Program Files\\Git\\cmd\\git.exe\" config --get commit.template\r\nCurrentDirectory: D:\\ThreatSphere\\\r\nUser: UNICORN\\ASUS\r\nLogonGuid: {bc083af7-ab66-68f9-1689-2f0000000000}\r\nLogonId: 0x2F8916\r\nTerminalSessionId: 2\r\nIntegrityLevel: Medium\r\nHashes: SHA256=EE3D2A38093C3680745A5C973488F5BB78A16F010145D5CDC7470A7395C9E7E8\r\nParentProcessGuid: {bc083af7-abd6-68f9-7c03-000000001400}\r\nParentProcessId: 24844\r\nParentImage: C:\\Users\\ASUS\\AppData\\Local\\Programs\\Microsoft VS Code\\Code.exe\r\nParentCommandLine: \"C:\\Users\\ASUS\\AppData\\Local\\Programs\\Microsoft VS Code\\Code.exe\" --type=utility --utility-sub-type=node.mojom.NodeService --lang=en-US --service-sandbox-type=none --dns-result-order=ipv4first --experimental-network-inspection --inspect-port=0 --video-capture-use-gpu-memory-buffer --user-data-dir=\"C:\\Users\\ASUS\\AppData\\Roaming\\Code\" --standard-schemes=vscode-webview,vscode-file --enable-sandbox --secure-schemes=vscode-webview,vscode-file --cors-schemes=vscode-webview,vscode-file --fetch-schemes=vscode-webview,vscode-file --service-worker-schemes=vscode-webview --code-cache-schemes=vscode-webview,vscode-file --field-trial-handle=1736,i,12426189760977132178,9862129789206227926,262144 --enable-features=DocumentPolicyIncludeJSCallStacksInCrashReports,EarlyEstablishGpuChannel,EnableTransparentHwndEnlargement,EstablishGpuChannelAsync --disable-features=CalculateNativeWinOcclusion,FontationsLinuxSystemFonts,ScreenAIOCREnabled,SpareRendererForSitePerProcess,WinDelaySpellcheckServiceInit --variations-seed-version --mojo-platform-channel-handle=3724 /prefetch:14\r\nParentUser: UNICORN\\ASUS",
        "Properties":  [
                           "-",
                           "2025-10-23 05:46:20.506",
                           "bc083af7-c12c-68f9-5a08-000000001400",
                           24304,
                           "C:\\Program Files\\Git\\cmd\\git.exe",
                           "2.51.0.windows.2",
                           "Git for Windows",
                           "Git",
                           "The Git Development Community",
                           "git.exe",
                           "\"C:\\Program Files\\Git\\cmd\\git.exe\" config --get commit.template",
                           "D:\\ThreatSphere\\",
                           "UNICORN\\ASUS",
                           "bc083af7-ab66-68f9-1689-2f0000000000",
                           3115286,
                           2,
                           "Medium",
                           "SHA256=EE3D2A38093C3680745A5C973488F5BB78A16F010145D5CDC7470A7395C9E7E8",
                           "bc083af7-abd6-68f9-7c03-000000001400",
                           24844,
                           "C:\\Users\\ASUS\\AppData\\Local\\Programs\\Microsoft VS Code\\Code.exe",
                           "\"C:\\Users\\ASUS\\AppData\\Local\\Programs\\Microsoft VS Code\\Code.exe\" --type=utility --utility-sub-type=node.mojom.NodeService --lang=en-US --service-sandbox-type=none --dns-result-order=ipv4first --experimental-network-inspection --inspect-port=0 --video-capture-use-gpu-memory-buffer --user-data-dir=\"C:\\Users\\ASUS\\AppData\\Roaming\\Code\" --standard-schemes=vscode-webview,vscode-file --enable-sandbox --secure-schemes=vscode-webview,vscode-file --cors-schemes=vscode-webview,vscode-file --fetch-schemes=vscode-webview,vscode-file --service-worker-schemes=vscode-webview --code-cache-schemes=vscode-webview,vscode-file --field-trial-handle=1736,i,12426189760977132178,9862129789206227926,262144 --enable-features=DocumentPolicyIncludeJSCallStacksInCrashReports,EarlyEstablishGpuChannel,EnableTransparentHwndEnlargement,EstablishGpuChannelAsync --disable-features=CalculateNativeWinOcclusion,FontationsLinuxSystemFonts,ScreenAIOCREnabled,SpareRendererForSitePerProcess,WinDelaySpellcheckServiceInit --variations-seed-version --mojo-platform-channel-handle=3724 /prefetch:14",
                           "UNICORN\\ASUS"
                       ],
        "RecordId":  24765
    },
    {
        "TimeCreated":  "\/Date(1761198356637)\/",
        "Id":  5,
        "Level":  "Information",
        "Message":  "Process terminated:\r\nRuleName: -\r\nUtcTime: 2025-10-23 05:45:56.636\r\nProcessGuid: {bc083af7-c0d8-68f9-5008-000000001400}\r\nProcessId: 17600\r\nImage: C:\\Windows\\System32\\backgroundTaskHost.exe\r\nUser: UNICORN\\ASUS",
        "Properties":  [
                           "-",
                           "2025-10-23 05:45:56.636",
                           "bc083af7-c0d8-68f9-5008-000000001400",
                           17600,
                           "C:\\Windows\\System32\\backgroundTaskHost.exe",
                           "UNICORN\\ASUS"
                       ],
        "RecordId":  24764
    },
    {
        "TimeCreated":  "\/Date(1761198312639)\/",
        "Id":  5,
        "Level":  "Information",
        "Message":  "Process terminated:\r\nRuleName: -\r\nUtcTime: 2025-10-23 05:45:12.639\r\nProcessGuid: {bc083af7-c0e8-68f9-5808-000000001400}\r\nProcessId: 21068\r\nImage: C:\\Windows\\System32\\conhost.exe\r\nUser: UNICORN\\ASUS",
        "Properties":  [
                           "-",
                           "2025-10-23 05:45:12.639",
                           "bc083af7-c0e8-68f9-5808-000000001400",
                           21068,
                           "C:\\Windows\\System32\\conhost.exe",
                           "UNICORN\\ASUS"
                       ],
        "RecordId":  24763
    },
    {
        "TimeCreated":  "\/Date(1761198312638)\/",
        "Id":  5,
        "Level":  "Information",
        "Message":  "Process terminated:\r\nRuleName: -\r\nUtcTime: 2025-10-23 05:45:12.638\r\nProcessGuid: {bc083af7-c0e8-68f9-5708-000000001400}\r\nProcessId: 3080\r\nImage: C:\\Program Files\\Git\\cmd\\git.exe\r\nUser: UNICORN\\ASUS",
        "Properties":  [
                           "-",
                           "2025-10-23 05:45:12.638",
                           "bc083af7-c0e8-68f9-5708-000000001400",
                           3080,
                           "C:\\Program Files\\Git\\cmd\\git.exe",
                           "UNICORN\\ASUS"
                       ],
        "RecordId":  24762
    },
    {
        "TimeCreated":  "\/Date(1761198312636)\/",
        "Id":  5,
        "Level":  "Information",
        "Message":  "Process terminated:\r\nRuleName: -\r\nUtcTime: 2025-10-23 05:45:12.636\r\nProcessGuid: {bc083af7-c0e8-68f9-5908-000000001400}\r\nProcessId: 16616\r\nImage: C:\\Program Files\\Git\\mingw64\\bin\\git.exe\r\nUser: UNICORN\\ASUS",
        "Properties":  [
                           "-",
                           "2025-10-23 05:45:12.636",
                           "bc083af7-c0e8-68f9-5908-000000001400",
                           16616,
                           "C:\\Program Files\\Git\\mingw64\\bin\\git.exe",
                           "UNICORN\\ASUS"
                       ],
        "RecordId":  24761
    },
    {
        "TimeCreated":  "\/Date(1761198312620)\/",
        "Id":  1,
        "Level":  "Information",
        "Message":  "Process Create:\r\nRuleName: -\r\nUtcTime: 2025-10-23 05:45:12.611\r\nProcessGuid: {bc083af7-c0e8-68f9-5908-000000001400}\r\nProcessId: 16616\r\nImage: C:\\Program Files\\Git\\mingw64\\bin\\git.exe\r\nFileVersion: 2.51.0.windows.2\r\nDescription: Git for Windows\r\nProduct: Git\r\nCompany: The Git Development Community\r\nOriginalFileName: git.exe\r\nCommandLine: git.exe cat-file -s 3448092a1f28095da79579aa8e11ac4f25913f20\r\nCurrentDirectory: D:\\ThreatSphere\\\r\nUser: UNICORN\\ASUS\r\nLogonGuid: {bc083af7-ab66-68f9-1689-2f0000000000}\r\nLogonId: 0x2F8916\r\nTerminalSessionId: 2\r\nIntegrityLevel: Medium\r\nHashes: SHA256=E996432581A70DF2E7AAAC5DB71E3811EC0DAA7F93A8BA73FE6DB6F9941F4BF9\r\nParentProcessGuid: {bc083af7-c0e8-68f9-5708-000000001400}\r\nParentProcessId: 3080\r\nParentImage: C:\\Program Files\\Git\\cmd\\git.exe\r\nParentCommandLine: \"C:\\Program Files\\Git\\cmd\\git.exe\" cat-file -s 3448092a1f28095da79579aa8e11ac4f25913f20\r\nParentUser: UNICORN\\ASUS",
        "Properties":  [
                           "-",
                           "2025-10-23 05:45:12.611",
                           "bc083af7-c0e8-68f9-5908-000000001400",
                           16616,
                           "C:\\Program Files\\Git\\mingw64\\bin\\git.exe",
                           "2.51.0.windows.2",
                           "Git for Windows",
                           "Git",
                           "The Git Development Community",
                           "git.exe",
                           "git.exe cat-file -s 3448092a1f28095da79579aa8e11ac4f25913f20",
                           "D:\\ThreatSphere\\",
                           "UNICORN\\ASUS",
                           "bc083af7-ab66-68f9-1689-2f0000000000",
                           3115286,
                           2,
                           "Medium",
                           "SHA256=E996432581A70DF2E7AAAC5DB71E3811EC0DAA7F93A8BA73FE6DB6F9941F4BF9",
                           "bc083af7-c0e8-68f9-5708-000000001400",
                           3080,
                           "C:\\Program Files\\Git\\cmd\\git.exe",
                           "\"C:\\Program Files\\Git\\cmd\\git.exe\" cat-file -s 3448092a1f28095da79579aa8e11ac4f25913f20",
                           "UNICORN\\ASUS"
                       ],
        "RecordId":  24760
    },
    {
        "TimeCreated":  "\/Date(1761198312596)\/",
        "Id":  1,
        "Level":  "Information",
        "Message":  "Process Create:\r\nRuleName: -\r\nUtcTime: 2025-10-23 05:45:12.587\r\nProcessGuid: {bc083af7-c0e8-68f9-5808-000000001400}\r\nProcessId: 21068\r\nImage: C:\\Windows\\System32\\conhost.exe\r\nFileVersion: 10.0.26100.6725 (WinBuild.160101.0800)\r\nDescription: Console Window Host\r\nProduct: Microsoft® Windows® Operating System\r\nCompany: Microsoft Corporation\r\nOriginalFileName: CONHOST.EXE\r\nCommandLine: \\??\\C:\\Windows\\system32\\conhost.exe 0xffffffff -ForceV1\r\nCurrentDirectory: C:\\Windows\r\nUser: UNICORN\\ASUS\r\nLogonGuid: {bc083af7-ab66-68f9-1689-2f0000000000}\r\nLogonId: 0x2F8916\r\nTerminalSessionId: 2\r\nIntegrityLevel: Medium\r\nHashes: SHA256=9326E22D619CE662B6A585D02947537F844A280645F22674DD3B8A47DFFF094A\r\nParentProcessGuid: {bc083af7-c0e8-68f9-5708-000000001400}\r\nParentProcessId: 3080\r\nParentImage: C:\\Program Files\\Git\\cmd\\git.exe\r\nParentCommandLine: \"C:\\Program Files\\Git\\cmd\\git.exe\" cat-file -s 3448092a1f28095da79579aa8e11ac4f25913f20\r\nParentUser: UNICORN\\ASUS",
        "Properties":  [
                           "-",
                           "2025-10-23 05:45:12.587",
                           "bc083af7-c0e8-68f9-5808-000000001400",
                           21068,
                           "C:\\Windows\\System32\\conhost.exe",
                           "10.0.26100.6725 (WinBuild.160101.0800)",
                           "Console Window Host",
                           "Microsoft® Windows® Operating System",
                           "Microsoft Corporation",
                           "CONHOST.EXE",
                           "\\??\\C:\\Windows\\system32\\conhost.exe 0xffffffff -ForceV1",
                           "C:\\Windows",
                           "UNICORN\\ASUS",
                           "bc083af7-ab66-68f9-1689-2f0000000000",
                           3115286,
                           2,
                           "Medium",
                           "SHA256=9326E22D619CE662B6A585D02947537F844A280645F22674DD3B8A47DFFF094A",
                           "bc083af7-c0e8-68f9-5708-000000001400",
                           3080,
                           "C:\\Program Files\\Git\\cmd\\git.exe",
                           "\"C:\\Program Files\\Git\\cmd\\git.exe\" cat-file -s 3448092a1f28095da79579aa8e11ac4f25913f20",
                           "UNICORN\\ASUS"
                       ],
        "RecordId":  24759
    },
    {
        "TimeCreated":  "\/Date(1761198312584)\/",
        "Id":  1,
        "Level":  "Information",
        "Message":  "Process Create:\r\nRuleName: -\r\nUtcTime: 2025-10-23 05:45:12.576\r\nProcessGuid: {bc083af7-c0e8-68f9-5708-000000001400}\r\nProcessId: 3080\r\nImage: C:\\Program Files\\Git\\cmd\\git.exe\r\nFileVersion: 2.51.0.windows.2\r\nDescription: Git for Windows\r\nProduct: Git\r\nCompany: The Git Development Community\r\nOriginalFileName: git.exe\r\nCommandLine: \"C:\\Program Files\\Git\\cmd\\git.exe\" cat-file -s 3448092a1f28095da79579aa8e11ac4f25913f20\r\nCurrentDirectory: D:\\ThreatSphere\\\r\nUser: UNICORN\\ASUS\r\nLogonGuid: {bc083af7-ab66-68f9-1689-2f0000000000}\r\nLogonId: 0x2F8916\r\nTerminalSessionId: 2\r\nIntegrityLevel: Medium\r\nHashes: SHA256=EE3D2A38093C3680745A5C973488F5BB78A16F010145D5CDC7470A7395C9E7E8\r\nParentProcessGuid: {bc083af7-abd6-68f9-7c03-000000001400}\r\nParentProcessId: 24844\r\nParentImage: C:\\Users\\ASUS\\AppData\\Local\\Programs\\Microsoft VS Code\\Code.exe\r\nParentCommandLine: \"C:\\Users\\ASUS\\AppData\\Local\\Programs\\Microsoft VS Code\\Code.exe\" --type=utility --utility-sub-type=node.mojom.NodeService --lang=en-US --service-sandbox-type=none --dns-result-order=ipv4first --experimental-network-inspection --inspect-port=0 --video-capture-use-gpu-memory-buffer --user-data-dir=\"C:\\Users\\ASUS\\AppData\\Roaming\\Code\" --standard-schemes=vscode-webview,vscode-file --enable-sandbox --secure-schemes=vscode-webview,vscode-file --cors-schemes=vscode-webview,vscode-file --fetch-schemes=vscode-webview,vscode-file --service-worker-schemes=vscode-webview --code-cache-schemes=vscode-webview,vscode-file --field-trial-handle=1736,i,12426189760977132178,9862129789206227926,262144 --enable-features=DocumentPolicyIncludeJSCallStacksInCrashReports,EarlyEstablishGpuChannel,EnableTransparentHwndEnlargement,EstablishGpuChannelAsync --disable-features=CalculateNativeWinOcclusion,FontationsLinuxSystemFonts,ScreenAIOCREnabled,SpareRendererForSitePerProcess,WinDelaySpellcheckServiceInit --variations-seed-version --mojo-platform-channel-handle=3724 /prefetch:14\r\nParentUser: UNICORN\\ASUS",
        "Properties":  [
                           "-",
                           "2025-10-23 05:45:12.576",
                           "bc083af7-c0e8-68f9-5708-000000001400",
                           3080,
                           "C:\\Program Files\\Git\\cmd\\git.exe",
                           "2.51.0.windows.2",
                           "Git for Windows",
                           "Git",
                           "The Git Development Community",
                           "git.exe",
                           "\"C:\\Program Files\\Git\\cmd\\git.exe\" cat-file -s 3448092a1f28095da79579aa8e11ac4f25913f20",
                           "D:\\ThreatSphere\\",
                           "UNICORN\\ASUS",
                           "bc083af7-ab66-68f9-1689-2f0000000000",
                           3115286,
                           2,
                           "Medium",
                           "SHA256=EE3D2A38093C3680745A5C973488F5BB78A16F010145D5CDC7470A7395C9E7E8",
                           "bc083af7-abd6-68f9-7c03-000000001400",
                           24844,
                           "C:\\Users\\ASUS\\AppData\\Local\\Programs\\Microsoft VS Code\\Code.exe",
                           "\"C:\\Users\\ASUS\\AppData\\Local\\Programs\\Microsoft VS Code\\Code.exe\" --type=utility --utility-sub-type=node.mojom.NodeService --lang=en-US --service-sandbox-type=none --dns-result-order=ipv4first --experimental-network-inspection --inspect-port=0 --video-capture-use-gpu-memory-buffer --user-data-dir=\"C:\\Users\\ASUS\\AppData\\Roaming\\Code\" --standard-schemes=vscode-webview,vscode-file --enable-sandbox --secure-schemes=vscode-webview,vscode-file --cors-schemes=vscode-webview,vscode-file --fetch-schemes=vscode-webview,vscode-file --service-worker-schemes=vscode-webview --code-cache-schemes=vscode-webview,vscode-file --field-trial-handle=1736,i,12426189760977132178,9862129789206227926,262144 --enable-features=DocumentPolicyIncludeJSCallStacksInCrashReports,EarlyEstablishGpuChannel,EnableTransparentHwndEnlargement,EstablishGpuChannelAsync --disable-features=CalculateNativeWinOcclusion,FontationsLinuxSystemFonts,ScreenAIOCREnabled,SpareRendererForSitePerProcess,WinDelaySpellcheckServiceInit --variations-seed-version --mojo-platform-channel-handle=3724 /prefetch:14",
                           "UNICORN\\ASUS"
                       ],
        "RecordId":  24758
    },
    {
        "TimeCreated":  "\/Date(1761198312575)\/",
        "Id":  5,
        "Level":  "Information",
        "Message":  "Process terminated:\r\nRuleName: -\r\nUtcTime: 2025-10-23 05:45:12.574\r\nProcessGuid: {bc083af7-c0e8-68f9-5408-000000001400}\r\nProcessId: 27604\r\nImage: C:\\Windows\\System32\\conhost.exe\r\nUser: UNICORN\\ASUS",
        "Properties":  [
                           "-",
                           "2025-10-23 05:45:12.574",
                           "bc083af7-c0e8-68f9-5408-000000001400",
                           27604,
                           "C:\\Windows\\System32\\conhost.exe",
                           "UNICORN\\ASUS"
                       ],
        "RecordId":  24757
    },
    {
        "TimeCreated":  "\/Date(1761198312574)\/",
        "Id":  5,
        "Level":  "Information",
        "Message":  "Process terminated:\r\nRuleName: -\r\nUtcTime: 2025-10-23 05:45:12.573\r\nProcessGuid: {bc083af7-c0e8-68f9-5208-000000001400}\r\nProcessId: 14980\r\nImage: C:\\Program Files\\Git\\cmd\\git.exe\r\nUser: UNICORN\\ASUS",
        "Properties":  [
                           "-",
                           "2025-10-23 05:45:12.573",
                           "bc083af7-c0e8-68f9-5208-000000001400",
                           14980,
                           "C:\\Program Files\\Git\\cmd\\git.exe",
                           "UNICORN\\ASUS"
                       ],
        "RecordId":  24756
    },
    {
        "TimeCreated":  "\/Date(1761198312572)\/",
        "Id":  5,
        "Level":  "Information",
        "Message":  "Process terminated:\r\nRuleName: -\r\nUtcTime: 2025-10-23 05:45:12.571\r\nProcessGuid: {bc083af7-c0e8-68f9-5608-000000001400}\r\nProcessId: 25608\r\nImage: C:\\Program Files\\Git\\mingw64\\bin\\git.exe\r\nUser: UNICORN\\ASUS",
        "Properties":  [
                           "-",
                           "2025-10-23 05:45:12.571",
                           "bc083af7-c0e8-68f9-5608-000000001400",
                           25608,
                           "C:\\Program Files\\Git\\mingw64\\bin\\git.exe",
                           "UNICORN\\ASUS"
                       ],
        "RecordId":  24755
    },
    {
        "TimeCreated":  "\/Date(1761198312567)\/",
        "Id":  5,
        "Level":  "Information",
        "Message":  "Process terminated:\r\nRuleName: -\r\nUtcTime: 2025-10-23 05:45:12.566\r\nProcessGuid: {bc083af7-c0e8-68f9-5308-000000001400}\r\nProcessId: 5840\r\nImage: C:\\Windows\\System32\\conhost.exe\r\nUser: UNICORN\\ASUS",
        "Properties":  [
                           "-",
                           "2025-10-23 05:45:12.566",
                           "bc083af7-c0e8-68f9-5308-000000001400",
                           5840,
                           "C:\\Windows\\System32\\conhost.exe",
                           "UNICORN\\ASUS"
                       ],
        "RecordId":  24754
    },
    {
        "TimeCreated":  "\/Date(1761198312566)\/",
        "Id":  5,
        "Level":  "Information",
        "Message":  "Process terminated:\r\nRuleName: -\r\nUtcTime: 2025-10-23 05:45:12.566\r\nProcessGuid: {bc083af7-c0e8-68f9-5108-000000001400}\r\nProcessId: 12072\r\nImage: C:\\Program Files\\Git\\cmd\\git.exe\r\nUser: UNICORN\\ASUS",
        "Properties":  [
                           "-",
                           "2025-10-23 05:45:12.566",
                           "bc083af7-c0e8-68f9-5108-000000001400",
                           12072,
                           "C:\\Program Files\\Git\\cmd\\git.exe",
                           "UNICORN\\ASUS"
                       ],
        "RecordId":  24753
    },
    {
        "TimeCreated":  "\/Date(1761198312563)\/",
        "Id":  5,
        "Level":  "Information",
        "Message":  "Process terminated:\r\nRuleName: -\r\nUtcTime: 2025-10-23 05:45:12.562\r\nProcessGuid: {bc083af7-c0e8-68f9-5508-000000001400}\r\nProcessId: 14436\r\nImage: C:\\Program Files\\Git\\mingw64\\bin\\git.exe\r\nUser: UNICORN\\ASUS",
        "Properties":  [
                           "-",
                           "2025-10-23 05:45:12.562",
                           "bc083af7-c0e8-68f9-5508-000000001400",
                           14436,
                           "C:\\Program Files\\Git\\mingw64\\bin\\git.exe",
                           "UNICORN\\ASUS"
                       ],
        "RecordId":  24752
    },
    {
        "TimeCreated":  "\/Date(1761198312555)\/",
        "Id":  1,
        "Level":  "Information",
        "Message":  "Process Create:\r\nRuleName: -\r\nUtcTime: 2025-10-23 05:45:12.542\r\nProcessGuid: {bc083af7-c0e8-68f9-5608-000000001400}\r\nProcessId: 25608\r\nImage: C:\\Program Files\\Git\\mingw64\\bin\\git.exe\r\nFileVersion: 2.51.0.windows.2\r\nDescription: Git for Windows\r\nProduct: Git\r\nCompany: The Git Development Community\r\nOriginalFileName: git.exe\r\nCommandLine: git.exe ls-files --stage -- backend/server.py\r\nCurrentDirectory: D:\\ThreatSphere\\\r\nUser: UNICORN\\ASUS\r\nLogonGuid: {bc083af7-ab66-68f9-1689-2f0000000000}\r\nLogonId: 0x2F8916\r\nTerminalSessionId: 2\r\nIntegrityLevel: Medium\r\nHashes: SHA256=E996432581A70DF2E7AAAC5DB71E3811EC0DAA7F93A8BA73FE6DB6F9941F4BF9\r\nParentProcessGuid: {bc083af7-c0e8-68f9-5208-000000001400}\r\nParentProcessId: 14980\r\nParentImage: C:\\Program Files\\Git\\cmd\\git.exe\r\nParentCommandLine: \"C:\\Program Files\\Git\\cmd\\git.exe\" ls-files --stage -- backend/server.py\r\nParentUser: UNICORN\\ASUS",
        "Properties":  [
                           "-",
                           "2025-10-23 05:45:12.542",
                           "bc083af7-c0e8-68f9-5608-000000001400",
                           25608,
                           "C:\\Program Files\\Git\\mingw64\\bin\\git.exe",
                           "2.51.0.windows.2",
                           "Git for Windows",
                           "Git",
                           "The Git Development Community",
                           "git.exe",
                           "git.exe ls-files --stage -- backend/server.py",
                           "D:\\ThreatSphere\\",
                           "UNICORN\\ASUS",
                           "bc083af7-ab66-68f9-1689-2f0000000000",
                           3115286,
                           2,
                           "Medium",
                           "SHA256=E996432581A70DF2E7AAAC5DB71E3811EC0DAA7F93A8BA73FE6DB6F9941F4BF9",
                           "bc083af7-c0e8-68f9-5208-000000001400",
                           14980,
                           "C:\\Program Files\\Git\\cmd\\git.exe",
                           "\"C:\\Program Files\\Git\\cmd\\git.exe\" ls-files --stage -- backend/server.py",
                           "UNICORN\\ASUS"
                       ],
        "RecordId":  24751
    },
    {
        "TimeCreated":  "\/Date(1761198312545)\/",
        "Id":  1,
        "Level":  "Information",
        "Message":  "Process Create:\r\nRuleName: -\r\nUtcTime: 2025-10-23 05:45:12.532\r\nProcessGuid: {bc083af7-c0e8-68f9-5508-000000001400}\r\nProcessId: 14436\r\nImage: C:\\Program Files\\Git\\mingw64\\bin\\git.exe\r\nFileVersion: 2.51.0.windows.2\r\nDescription: Git for Windows\r\nProduct: Git\r\nCompany: The Git Development Community\r\nOriginalFileName: git.exe\r\nCommandLine: git.exe show --textconv :backend/server.py\r\nCurrentDirectory: D:\\ThreatSphere\\\r\nUser: UNICORN\\ASUS\r\nLogonGuid: {bc083af7-ab66-68f9-1689-2f0000000000}\r\nLogonId: 0x2F8916\r\nTerminalSessionId: 2\r\nIntegrityLevel: Medium\r\nHashes: SHA256=E996432581A70DF2E7AAAC5DB71E3811EC0DAA7F93A8BA73FE6DB6F9941F4BF9\r\nParentProcessGuid: {bc083af7-c0e8-68f9-5108-000000001400}\r\nParentProcessId: 12072\r\nParentImage: C:\\Program Files\\Git\\cmd\\git.exe\r\nParentCommandLine: \"C:\\Program Files\\Git\\cmd\\git.exe\" show --textconv :backend/server.py\r\nParentUser: UNICORN\\ASUS",
        "Properties":  [
                           "-",
                           "2025-10-23 05:45:12.532",
                           "bc083af7-c0e8-68f9-5508-000000001400",
                           14436,
                           "C:\\Program Files\\Git\\mingw64\\bin\\git.exe",
                           "2.51.0.windows.2",
                           "Git for Windows",
                           "Git",
                           "The Git Development Community",
                           "git.exe",
                           "git.exe show --textconv :backend/server.py",
                           "D:\\ThreatSphere\\",
                           "UNICORN\\ASUS",
                           "bc083af7-ab66-68f9-1689-2f0000000000",
                           3115286,
                           2,
                           "Medium",
                           "SHA256=E996432581A70DF2E7AAAC5DB71E3811EC0DAA7F93A8BA73FE6DB6F9941F4BF9",
                           "bc083af7-c0e8-68f9-5108-000000001400",
                           12072,
                           "C:\\Program Files\\Git\\cmd\\git.exe",
                           "\"C:\\Program Files\\Git\\cmd\\git.exe\" show --textconv :backend/server.py",
                           "UNICORN\\ASUS"
                       ],
        "RecordId":  24750
    },
    {
        "TimeCreated":  "\/Date(1761198312527)\/",
        "Id":  1,
        "Level":  "Information",
        "Message":  "Process Create:\r\nRuleName: -\r\nUtcTime: 2025-10-23 05:45:12.518\r\nProcessGuid: {bc083af7-c0e8-68f9-5408-000000001400}\r\nProcessId: 27604\r\nImage: C:\\Windows\\System32\\conhost.exe\r\nFileVersion: 10.0.26100.6725 (WinBuild.160101.0800)\r\nDescription: Console Window Host\r\nProduct: Microsoft® Windows® Operating System\r\nCompany: Microsoft Corporation\r\nOriginalFileName: CONHOST.EXE\r\nCommandLine: \\??\\C:\\Windows\\system32\\conhost.exe 0xffffffff -ForceV1\r\nCurrentDirectory: C:\\Windows\r\nUser: UNICORN\\ASUS\r\nLogonGuid: {bc083af7-ab66-68f9-1689-2f0000000000}\r\nLogonId: 0x2F8916\r\nTerminalSessionId: 2\r\nIntegrityLevel: Medium\r\nHashes: SHA256=9326E22D619CE662B6A585D02947537F844A280645F22674DD3B8A47DFFF094A\r\nParentProcessGuid: {bc083af7-c0e8-68f9-5208-000000001400}\r\nParentProcessId: 14980\r\nParentImage: C:\\Program Files\\Git\\cmd\\git.exe\r\nParentCommandLine: \"C:\\Program Files\\Git\\cmd\\git.exe\" ls-files --stage -- backend/server.py\r\nParentUser: UNICORN\\ASUS",
        "Properties":  [
                           "-",
                           "2025-10-23 05:45:12.518",
                           "bc083af7-c0e8-68f9-5408-000000001400",
                           27604,
                           "C:\\Windows\\System32\\conhost.exe",
                           "10.0.26100.6725 (WinBuild.160101.0800)",
                           "Console Window Host",
                           "Microsoft® Windows® Operating System",
                           "Microsoft Corporation",
                           "CONHOST.EXE",
                           "\\??\\C:\\Windows\\system32\\conhost.exe 0xffffffff -ForceV1",
                           "C:\\Windows",
                           "UNICORN\\ASUS",
                           "bc083af7-ab66-68f9-1689-2f0000000000",
                           3115286,
                           2,
                           "Medium",
                           "SHA256=9326E22D619CE662B6A585D02947537F844A280645F22674DD3B8A47DFFF094A",
                           "bc083af7-c0e8-68f9-5208-000000001400",
                           14980,
                           "C:\\Program Files\\Git\\cmd\\git.exe",
                           "\"C:\\Program Files\\Git\\cmd\\git.exe\" ls-files --stage -- backend/server.py",
                           "UNICORN\\ASUS"
                       ],
        "RecordId":  24749
    },
    {
        "TimeCreated":  "\/Date(1761198312517)\/",
        "Id":  1,
        "Level":  "Information",
        "Message":  "Process Create:\r\nRuleName: -\r\nUtcTime: 2025-10-23 05:45:12.506\r\nProcessGuid: {bc083af7-c0e8-68f9-5208-000000001400}\r\nProcessId: 14980\r\nImage: C:\\Program Files\\Git\\cmd\\git.exe\r\nFileVersion: 2.51.0.windows.2\r\nDescription: Git for Windows\r\nProduct: Git\r\nCompany: The Git Development Community\r\nOriginalFileName: git.exe\r\nCommandLine: \"C:\\Program Files\\Git\\cmd\\git.exe\" ls-files --stage -- backend/server.py\r\nCurrentDirectory: D:\\ThreatSphere\\\r\nUser: UNICORN\\ASUS\r\nLogonGuid: {bc083af7-ab66-68f9-1689-2f0000000000}\r\nLogonId: 0x2F8916\r\nTerminalSessionId: 2\r\nIntegrityLevel: Medium\r\nHashes: SHA256=EE3D2A38093C3680745A5C973488F5BB78A16F010145D5CDC7470A7395C9E7E8\r\nParentProcessGuid: {bc083af7-abd6-68f9-7c03-000000001400}\r\nParentProcessId: 24844\r\nParentImage: C:\\Users\\ASUS\\AppData\\Local\\Programs\\Microsoft VS Code\\Code.exe\r\nParentCommandLine: \"C:\\Users\\ASUS\\AppData\\Local\\Programs\\Microsoft VS Code\\Code.exe\" --type=utility --utility-sub-type=node.mojom.NodeService --lang=en-US --service-sandbox-type=none --dns-result-order=ipv4first --experimental-network-inspection --inspect-port=0 --video-capture-use-gpu-memory-buffer --user-data-dir=\"C:\\Users\\ASUS\\AppData\\Roaming\\Code\" --standard-schemes=vscode-webview,vscode-file --enable-sandbox --secure-schemes=vscode-webview,vscode-file --cors-schemes=vscode-webview,vscode-file --fetch-schemes=vscode-webview,vscode-file --service-worker-schemes=vscode-webview --code-cache-schemes=vscode-webview,vscode-file --field-trial-handle=1736,i,12426189760977132178,9862129789206227926,262144 --enable-features=DocumentPolicyIncludeJSCallStacksInCrashReports,EarlyEstablishGpuChannel,EnableTransparentHwndEnlargement,EstablishGpuChannelAsync --disable-features=CalculateNativeWinOcclusion,FontationsLinuxSystemFonts,ScreenAIOCREnabled,SpareRendererForSitePerProcess,WinDelaySpellcheckServiceInit --variations-seed-version --mojo-platform-channel-handle=3724 /prefetch:14\r\nParentUser: UNICORN\\ASUS",
        "Properties":  [
                           "-",
                           "2025-10-23 05:45:12.506",
                           "bc083af7-c0e8-68f9-5208-000000001400",
                           14980,
                           "C:\\Program Files\\Git\\cmd\\git.exe",
                           "2.51.0.windows.2",
                           "Git for Windows",
                           "Git",
                           "The Git Development Community",
                           "git.exe",
                           "\"C:\\Program Files\\Git\\cmd\\git.exe\" ls-files --stage -- backend/server.py",
                           "D:\\ThreatSphere\\",
                           "UNICORN\\ASUS",
                           "bc083af7-ab66-68f9-1689-2f0000000000",
                           3115286,
                           2,
                           "Medium",
                           "SHA256=EE3D2A38093C3680745A5C973488F5BB78A16F010145D5CDC7470A7395C9E7E8",
                           "bc083af7-abd6-68f9-7c03-000000001400",
                           24844,
                           "C:\\Users\\ASUS\\AppData\\Local\\Programs\\Microsoft VS Code\\Code.exe",
                           "\"C:\\Users\\ASUS\\AppData\\Local\\Programs\\Microsoft VS Code\\Code.exe\" --type=utility --utility-sub-type=node.mojom.NodeService --lang=en-US --service-sandbox-type=none --dns-result-order=ipv4first --experimental-network-inspection --inspect-port=0 --video-capture-use-gpu-memory-buffer --user-data-dir=\"C:\\Users\\ASUS\\AppData\\Roaming\\Code\" --standard-schemes=vscode-webview,vscode-file --enable-sandbox --secure-schemes=vscode-webview,vscode-file --cors-schemes=vscode-webview,vscode-file --fetch-schemes=vscode-webview,vscode-file --service-worker-schemes=vscode-webview --code-cache-schemes=vscode-webview,vscode-file --field-trial-handle=1736,i,12426189760977132178,9862129789206227926,262144 --enable-features=DocumentPolicyIncludeJSCallStacksInCrashReports,EarlyEstablishGpuChannel,EnableTransparentHwndEnlargement,EstablishGpuChannelAsync --disable-features=CalculateNativeWinOcclusion,FontationsLinuxSystemFonts,ScreenAIOCREnabled,SpareRendererForSitePerProcess,WinDelaySpellcheckServiceInit --variations-seed-version --mojo-platform-channel-handle=3724 /prefetch:14",
                           "UNICORN\\ASUS"
                       ],
        "RecordId":  24748
    },
    {
        "TimeCreated":  "\/Date(1761198312517)\/",
        "Id":  1,
        "Level":  "Information",
        "Message":  "Process Create:\r\nRuleName: -\r\nUtcTime: 2025-10-23 05:45:12.507\r\nProcessGuid: {bc083af7-c0e8-68f9-5308-000000001400}\r\nProcessId: 5840\r\nImage: C:\\Windows\\System32\\conhost.exe\r\nFileVersion: 10.0.26100.6725 (WinBuild.160101.0800)\r\nDescription: Console Window Host\r\nProduct: Microsoft® Windows® Operating System\r\nCompany: Microsoft Corporation\r\nOriginalFileName: CONHOST.EXE\r\nCommandLine: \\??\\C:\\Windows\\system32\\conhost.exe 0xffffffff -ForceV1\r\nCurrentDirectory: C:\\Windows\r\nUser: UNICORN\\ASUS\r\nLogonGuid: {bc083af7-ab66-68f9-1689-2f0000000000}\r\nLogonId: 0x2F8916\r\nTerminalSessionId: 2\r\nIntegrityLevel: Medium\r\nHashes: SHA256=9326E22D619CE662B6A585D02947537F844A280645F22674DD3B8A47DFFF094A\r\nParentProcessGuid: {bc083af7-c0e8-68f9-5108-000000001400}\r\nParentProcessId: 12072\r\nParentImage: C:\\Program Files\\Git\\cmd\\git.exe\r\nParentCommandLine: \"C:\\Program Files\\Git\\cmd\\git.exe\" show --textconv :backend/server.py\r\nParentUser: UNICORN\\ASUS",
        "Properties":  [
                           "-",
                           "2025-10-23 05:45:12.507",
                           "bc083af7-c0e8-68f9-5308-000000001400",
                           5840,
                           "C:\\Windows\\System32\\conhost.exe",
                           "10.0.26100.6725 (WinBuild.160101.0800)",
                           "Console Window Host",
                           "Microsoft® Windows® Operating System",
                           "Microsoft Corporation",
                           "CONHOST.EXE",
                           "\\??\\C:\\Windows\\system32\\conhost.exe 0xffffffff -ForceV1",
                           "C:\\Windows",
                           "UNICORN\\ASUS",
                           "bc083af7-ab66-68f9-1689-2f0000000000",
                           3115286,
                           2,
                           "Medium",
                           "SHA256=9326E22D619CE662B6A585D02947537F844A280645F22674DD3B8A47DFFF094A",
                           "bc083af7-c0e8-68f9-5108-000000001400",
                           12072,
                           "C:\\Program Files\\Git\\cmd\\git.exe",
                           "\"C:\\Program Files\\Git\\cmd\\git.exe\" show --textconv :backend/server.py",
                           "UNICORN\\ASUS"
                       ],
        "RecordId":  24747
    },
    {
        "TimeCreated":  "\/Date(1761198312505)\/",
        "Id":  1,
        "Level":  "Information",
        "Message":  "Process Create:\r\nRuleName: -\r\nUtcTime: 2025-10-23 05:45:12.496\r\nProcessGuid: {bc083af7-c0e8-68f9-5108-000000001400}\r\nProcessId: 12072\r\nImage: C:\\Program Files\\Git\\cmd\\git.exe\r\nFileVersion: 2.51.0.windows.2\r\nDescription: Git for Windows\r\nProduct: Git\r\nCompany: The Git Development Community\r\nOriginalFileName: git.exe\r\nCommandLine: \"C:\\Program Files\\Git\\cmd\\git.exe\" show --textconv :backend/server.py\r\nCurrentDirectory: D:\\ThreatSphere\\\r\nUser: UNICORN\\ASUS\r\nLogonGuid: {bc083af7-ab66-68f9-1689-2f0000000000}\r\nLogonId: 0x2F8916\r\nTerminalSessionId: 2\r\nIntegrityLevel: Medium\r\nHashes: SHA256=EE3D2A38093C3680745A5C973488F5BB78A16F010145D5CDC7470A7395C9E7E8\r\nParentProcessGuid: {bc083af7-abd6-68f9-7c03-000000001400}\r\nParentProcessId: 24844\r\nParentImage: C:\\Users\\ASUS\\AppData\\Local\\Programs\\Microsoft VS Code\\Code.exe\r\nParentCommandLine: \"C:\\Users\\ASUS\\AppData\\Local\\Programs\\Microsoft VS Code\\Code.exe\" --type=utility --utility-sub-type=node.mojom.NodeService --lang=en-US --service-sandbox-type=none --dns-result-order=ipv4first --experimental-network-inspection --inspect-port=0 --video-capture-use-gpu-memory-buffer --user-data-dir=\"C:\\Users\\ASUS\\AppData\\Roaming\\Code\" --standard-schemes=vscode-webview,vscode-file --enable-sandbox --secure-schemes=vscode-webview,vscode-file --cors-schemes=vscode-webview,vscode-file --fetch-schemes=vscode-webview,vscode-file --service-worker-schemes=vscode-webview --code-cache-schemes=vscode-webview,vscode-file --field-trial-handle=1736,i,12426189760977132178,9862129789206227926,262144 --enable-features=DocumentPolicyIncludeJSCallStacksInCrashReports,EarlyEstablishGpuChannel,EnableTransparentHwndEnlargement,EstablishGpuChannelAsync --disable-features=CalculateNativeWinOcclusion,FontationsLinuxSystemFonts,ScreenAIOCREnabled,SpareRendererForSitePerProcess,WinDelaySpellcheckServiceInit --variations-seed-version --mojo-platform-channel-handle=3724 /prefetch:14\r\nParentUser: UNICORN\\ASUS",
        "Properties":  [
                           "-",
                           "2025-10-23 05:45:12.496",
                           "bc083af7-c0e8-68f9-5108-000000001400",
                           12072,
                           "C:\\Program Files\\Git\\cmd\\git.exe",
                           "2.51.0.windows.2",
                           "Git for Windows",
                           "Git",
                           "The Git Development Community",
                           "git.exe",
                           "\"C:\\Program Files\\Git\\cmd\\git.exe\" show --textconv :backend/server.py",
                           "D:\\ThreatSphere\\",
                           "UNICORN\\ASUS",
                           "bc083af7-ab66-68f9-1689-2f0000000000",
                           3115286,
                           2,
                           "Medium",
                           "SHA256=EE3D2A38093C3680745A5C973488F5BB78A16F010145D5CDC7470A7395C9E7E8",
                           "bc083af7-abd6-68f9-7c03-000000001400",
                           24844,
                           "C:\\Users\\ASUS\\AppData\\Local\\Programs\\Microsoft VS Code\\Code.exe",
                           "\"C:\\Users\\ASUS\\AppData\\Local\\Programs\\Microsoft VS Code\\Code.exe\" --type=utility --utility-sub-type=node.mojom.NodeService --lang=en-US --service-sandbox-type=none --dns-result-order=ipv4first --experimental-network-inspection --inspect-port=0 --video-capture-use-gpu-memory-buffer --user-data-dir=\"C:\\Users\\ASUS\\AppData\\Roaming\\Code\" --standard-schemes=vscode-webview,vscode-file --enable-sandbox --secure-schemes=vscode-webview,vscode-file --cors-schemes=vscode-webview,vscode-file --fetch-schemes=vscode-webview,vscode-file --service-worker-schemes=vscode-webview --code-cache-schemes=vscode-webview,vscode-file --field-trial-handle=1736,i,12426189760977132178,9862129789206227926,262144 --enable-features=DocumentPolicyIncludeJSCallStacksInCrashReports,EarlyEstablishGpuChannel,EnableTransparentHwndEnlargement,EstablishGpuChannelAsync --disable-features=CalculateNativeWinOcclusion,FontationsLinuxSystemFonts,ScreenAIOCREnabled,SpareRendererForSitePerProcess,WinDelaySpellcheckServiceInit --variations-seed-version --mojo-platform-channel-handle=3724 /prefetch:14",
                           "UNICORN\\ASUS"
                       ],
        "RecordId":  24746
    },
