    {
        "TimeCreated":  "\/Date(1761198296288)\/",
        "Id":  1,
        "Level":  "Information",
        "Message":  "Process Create:\r\nRuleName: -\r\nUtcTime: 2025-10-23 05:44:56.278\r\nProcessGuid: {bc083af7-c0d8-68f9-5008-000000001400}\r\nProcessId: 17600\r\nImage: C:\\Windows\\System32\\backgroundTaskHost.exe\r\nFileVersion: 10.0.26100.1 (WinBuild.160101.0800)\r\nDescription: Background Task Host\r\nProduct: Microsoft® Windows® Operating System\r\nCompany: Microsoft Corporation\r\nOriginalFileName: backgroundTaskHost.exe\r\nCommandLine: \"C:\\Windows\\system32\\backgroundTaskHost.exe\" -ServerName:App.AppXapskvk16gk8da8kch5g4qxh42vxccved.mca\r\nCurrentDirectory: C:\\Program Files\\WindowsApps\\Microsoft.YourPhone_1.25092.34.0_x64__8wekyb3d8bbwe\\\r\nUser: UNICORN\\ASUS\r\nLogonGuid: {bc083af7-ab66-68f9-1689-2f0000000000}\r\nLogonId: 0x2F8916\r\nTerminalSessionId: 2\r\nIntegrityLevel: Medium\r\nHashes: SHA256=B7D2C17E0038945AA4B72AE7A89E54D29B04CCC0FEB62DF5C9B7B67DE43C2530\r\nParentProcessGuid: {bc083af7-09f3-68f9-0f00-000000001400}\r\nParentProcessId: 1728\r\nParentImage: C:\\Windows\\System32\\svchost.exe\r\nParentCommandLine: C:\\Windows\\system32\\svchost.exe -k DcomLaunch -p\r\nParentUser: NT AUTHORITY\\SYSTEM",
        "Properties":  [
                           "-",
                           "2025-10-23 05:44:56.278",
                           "bc083af7-c0d8-68f9-5008-000000001400",
                           17600,
                           "C:\\Windows\\System32\\backgroundTaskHost.exe",
                           "10.0.26100.1 (WinBuild.160101.0800)",
                           "Background Task Host",
                           "Microsoft® Windows® Operating System",
                           "Microsoft Corporation",
                           "backgroundTaskHost.exe",
                           "\"C:\\Windows\\system32\\backgroundTaskHost.exe\" -ServerName:App.AppXapskvk16gk8da8kch5g4qxh42vxccved.mca",
                           "C:\\Program Files\\WindowsApps\\Microsoft.YourPhone_1.25092.34.0_x64__8wekyb3d8bbwe\\",
                           "UNICORN\\ASUS",
                           "bc083af7-ab66-68f9-1689-2f0000000000",
                           3115286,
                           2,
                           "Medium",
                           "SHA256=B7D2C17E0038945AA4B72AE7A89E54D29B04CCC0FEB62DF5C9B7B67DE43C2530",
                           "bc083af7-09f3-68f9-0f00-000000001400",
                           1728,
                           "C:\\Windows\\System32\\svchost.exe",
                           "C:\\Windows\\system32\\svchost.exe -k DcomLaunch -p",
                           "NT AUTHORITY\\SYSTEM"
                       ],
        "RecordId":  24745
    },
    {
        "TimeCreated":  "\/Date(1761198250993)\/",
        "Id":  5,
        "Level":  "Information",
        "Message":  "Process terminated:\r\nRuleName: -\r\nUtcTime: 2025-10-23 05:44:10.992\r\nProcessGuid: {bc083af7-c094-68f9-4f08-000000001400}\r\nProcessId: 27352\r\nImage: C:\\Program Files\\Microsoft Office\\root\\Office16\\SDXHelper.exe\r\nUser: UNICORN\\ASUS",
        "Properties":  [
                           "-",
                           "2025-10-23 05:44:10.992",
                           "bc083af7-c094-68f9-4f08-000000001400",
                           27352,
                           "C:\\Program Files\\Microsoft Office\\root\\Office16\\SDXHelper.exe",
                           "UNICORN\\ASUS"
                       ],
        "RecordId":  24744
    },
    {
        "TimeCreated":  "\/Date(1761198234621)\/",
        "Id":  5,
        "Level":  "Information",
        "Message":  "Process terminated:\r\nRuleName: -\r\nUtcTime: 2025-10-23 05:43:54.621\r\nProcessGuid: {bc083af7-be3b-68f9-d207-000000001400}\r\nProcessId: 460\r\nImage: C:\\Windows\\System32\\svchost.exe\r\nUser: NT AUTHORITY\\SYSTEM",
        "Properties":  [
                           "-",
                           "2025-10-23 05:43:54.621",
                           "bc083af7-be3b-68f9-d207-000000001400",
                           460,
                           "C:\\Windows\\System32\\svchost.exe",
                           "NT AUTHORITY\\SYSTEM"
                       ],
        "RecordId":  24743
    },
    {
        "TimeCreated":  "\/Date(1761198230552)\/",
        "Id":  5,
        "Level":  "Information",
        "Message":  "Process terminated:\r\nRuleName: -\r\nUtcTime: 2025-10-23 05:43:50.552\r\nProcessGuid: {bc083af7-c093-68f9-4e08-000000001400}\r\nProcessId: 27220\r\nImage: C:\\Program Files\\Microsoft Office\\root\\Office16\\SDXHelper.exe\r\nUser: UNICORN\\ASUS",
        "Properties":  [
                           "-",
                           "2025-10-23 05:43:50.552",
                           "bc083af7-c093-68f9-4e08-000000001400",
                           27220,
                           "C:\\Program Files\\Microsoft Office\\root\\Office16\\SDXHelper.exe",
                           "UNICORN\\ASUS"
                       ],
        "RecordId":  24742
    },
    {
        "TimeCreated":  "\/Date(1761198228748)\/",
        "Id":  1,
        "Level":  "Information",
        "Message":  "Process Create:\r\nRuleName: -\r\nUtcTime: 2025-10-23 05:43:48.740\r\nProcessGuid: {bc083af7-c094-68f9-4f08-000000001400}\r\nProcessId: 27352\r\nImage: C:\\Program Files\\Microsoft Office\\root\\Office16\\SDXHelper.exe\r\nFileVersion: 16.0.19231.20194\r\nDescription: Microsoft Office SDX Helper\r\nProduct: Microsoft Office\r\nCompany: Microsoft Corporation\r\nOriginalFileName: SDXHELPER.EXE\r\nCommandLine: \"C:\\Program Files\\Microsoft Office\\Root\\Office16\\SDXHelper.exe\" -Embedding\r\nCurrentDirectory: C:\\Windows\\system32\\\r\nUser: UNICORN\\ASUS\r\nLogonGuid: {bc083af7-ab66-68f9-1689-2f0000000000}\r\nLogonId: 0x2F8916\r\nTerminalSessionId: 2\r\nIntegrityLevel: Medium\r\nHashes: SHA256=F912394E2537A4C9FA1DDC334DD0DE32EE1184DD7D1CA19D5D0E2DA89AC1C5A8\r\nParentProcessGuid: {bc083af7-09f3-68f9-0f00-000000001400}\r\nParentProcessId: 1728\r\nParentImage: C:\\Windows\\System32\\svchost.exe\r\nParentCommandLine: C:\\Windows\\system32\\svchost.exe -k DcomLaunch -p\r\nParentUser: NT AUTHORITY\\SYSTEM",
        "Properties":  [
                           "-",
                           "2025-10-23 05:43:48.740",
                           "bc083af7-c094-68f9-4f08-000000001400",
                           27352,
                           "C:\\Program Files\\Microsoft Office\\root\\Office16\\SDXHelper.exe",
                           "16.0.19231.20194",
                           "Microsoft Office SDX Helper",
                           "Microsoft Office",
                           "Microsoft Corporation",
                           "SDXHELPER.EXE",
                           "\"C:\\Program Files\\Microsoft Office\\Root\\Office16\\SDXHelper.exe\" -Embedding",
                           "C:\\Windows\\system32\\",
                           "UNICORN\\ASUS",
                           "bc083af7-ab66-68f9-1689-2f0000000000",
                           3115286,
                           2,
                           "Medium",
                           "SHA256=F912394E2537A4C9FA1DDC334DD0DE32EE1184DD7D1CA19D5D0E2DA89AC1C5A8",
                           "bc083af7-09f3-68f9-0f00-000000001400",
                           1728,
                           "C:\\Windows\\System32\\svchost.exe",
                           "C:\\Windows\\system32\\svchost.exe -k DcomLaunch -p",
                           "NT AUTHORITY\\SYSTEM"
                       ],
        "RecordId":  24741
    },
    {
        "TimeCreated":  "\/Date(1761198228000)\/",
        "Id":  1,
        "Level":  "Information",
        "Message":  "Process Create:\r\nRuleName: -\r\nUtcTime: 2025-10-23 05:43:47.989\r\nProcessGuid: {bc083af7-c093-68f9-4e08-000000001400}\r\nProcessId: 27220\r\nImage: C:\\Program Files\\Microsoft Office\\root\\Office16\\SDXHelper.exe\r\nFileVersion: 16.0.19231.20194\r\nDescription: Microsoft Office SDX Helper\r\nProduct: Microsoft Office\r\nCompany: Microsoft Corporation\r\nOriginalFileName: SDXHELPER.EXE\r\nCommandLine: \"C:\\Program Files\\Microsoft Office\\root\\Office16\\sdxhelper.exe\" /onlogon\r\nCurrentDirectory: C:\\Windows\\system32\\\r\nUser: UNICORN\\ASUS\r\nLogonGuid: {bc083af7-ab66-68f9-1689-2f0000000000}\r\nLogonId: 0x2F8916\r\nTerminalSessionId: 2\r\nIntegrityLevel: Medium\r\nHashes: SHA256=F912394E2537A4C9FA1DDC334DD0DE32EE1184DD7D1CA19D5D0E2DA89AC1C5A8\r\nParentProcessGuid: {bc083af7-09f4-68f9-2f00-000000001400}\r\nParentProcessId: 3272\r\nParentImage: C:\\Windows\\System32\\svchost.exe\r\nParentCommandLine: C:\\Windows\\system32\\svchost.exe -k netsvcs -p -s Schedule\r\nParentUser: NT AUTHORITY\\SYSTEM",
        "Properties":  [
                           "-",
                           "2025-10-23 05:43:47.989",
                           "bc083af7-c093-68f9-4e08-000000001400",
                           27220,
                           "C:\\Program Files\\Microsoft Office\\root\\Office16\\SDXHelper.exe",
                           "16.0.19231.20194",
                           "Microsoft Office SDX Helper",
                           "Microsoft Office",
                           "Microsoft Corporation",
                           "SDXHELPER.EXE",
                           "\"C:\\Program Files\\Microsoft Office\\root\\Office16\\sdxhelper.exe\" /onlogon",
                           "C:\\Windows\\system32\\",
                           "UNICORN\\ASUS",
                           "bc083af7-ab66-68f9-1689-2f0000000000",
                           3115286,
                           2,
                           "Medium",
                           "SHA256=F912394E2537A4C9FA1DDC334DD0DE32EE1184DD7D1CA19D5D0E2DA89AC1C5A8",
                           "bc083af7-09f4-68f9-2f00-000000001400",
                           3272,
                           "C:\\Windows\\System32\\svchost.exe",
                           "C:\\Windows\\system32\\svchost.exe -k netsvcs -p -s Schedule",
                           "NT AUTHORITY\\SYSTEM"
                       ],
        "RecordId":  24740
    },
    {
        "TimeCreated":  "\/Date(1761198165303)\/",
        "Id":  5,
        "Level":  "Information",
        "Message":  "Process terminated:\r\nRuleName: -\r\nUtcTime: 2025-10-23 05:42:45.303\r\nProcessGuid: {bc083af7-c055-68f9-4b08-000000001400}\r\nProcessId: 15960\r\nImage: C:\\Windows\\System32\\conhost.exe\r\nUser: UNICORN\\ASUS",
        "Properties":  [
                           "-",
                           "2025-10-23 05:42:45.303",
                           "bc083af7-c055-68f9-4b08-000000001400",
                           15960,
                           "C:\\Windows\\System32\\conhost.exe",
                           "UNICORN\\ASUS"
                       ],
        "RecordId":  24739
    },
    {
        "TimeCreated":  "\/Date(1761198165302)\/",
        "Id":  5,
        "Level":  "Information",
        "Message":  "Process terminated:\r\nRuleName: -\r\nUtcTime: 2025-10-23 05:42:45.302\r\nProcessGuid: {bc083af7-c055-68f9-4908-000000001400}\r\nProcessId: 13208\r\nImage: C:\\Program Files\\Git\\cmd\\git.exe\r\nUser: UNICORN\\ASUS",
        "Properties":  [
                           "-",
                           "2025-10-23 05:42:45.302",
                           "bc083af7-c055-68f9-4908-000000001400",
                           13208,
                           "C:\\Program Files\\Git\\cmd\\git.exe",
                           "UNICORN\\ASUS"
                       ],
        "RecordId":  24738
    },
    {
        "TimeCreated":  "\/Date(1761198165300)\/",
        "Id":  5,
        "Level":  "Information",
        "Message":  "Process terminated:\r\nRuleName: -\r\nUtcTime: 2025-10-23 05:42:45.300\r\nProcessGuid: {bc083af7-c055-68f9-4d08-000000001400}\r\nProcessId: 25824\r\nImage: C:\\Program Files\\Git\\mingw64\\bin\\git.exe\r\nUser: UNICORN\\ASUS",
        "Properties":  [
                           "-",
                           "2025-10-23 05:42:45.300",
                           "bc083af7-c055-68f9-4d08-000000001400",
                           25824,
                           "C:\\Program Files\\Git\\mingw64\\bin\\git.exe",
                           "UNICORN\\ASUS"
                       ],
        "RecordId":  24737
    },
    {
        "TimeCreated":  "\/Date(1761198165296)\/",
        "Id":  5,
        "Level":  "Information",
        "Message":  "Process terminated:\r\nRuleName: -\r\nUtcTime: 2025-10-23 05:42:45.295\r\nProcessGuid: {bc083af7-c055-68f9-4a08-000000001400}\r\nProcessId: 7972\r\nImage: C:\\Windows\\System32\\conhost.exe\r\nUser: UNICORN\\ASUS",
        "Properties":  [
                           "-",
                           "2025-10-23 05:42:45.295",
                           "bc083af7-c055-68f9-4a08-000000001400",
                           7972,
                           "C:\\Windows\\System32\\conhost.exe",
                           "UNICORN\\ASUS"
                       ],
        "RecordId":  24736
    },
    {
        "TimeCreated":  "\/Date(1761198165295)\/",
        "Id":  5,
        "Level":  "Information",
        "Message":  "Process terminated:\r\nRuleName: -\r\nUtcTime: 2025-10-23 05:42:45.295\r\nProcessGuid: {bc083af7-c055-68f9-4808-000000001400}\r\nProcessId: 26600\r\nImage: C:\\Program Files\\Git\\cmd\\git.exe\r\nUser: UNICORN\\ASUS",
        "Properties":  [
                           "-",
                           "2025-10-23 05:42:45.295",
                           "bc083af7-c055-68f9-4808-000000001400",
                           26600,
                           "C:\\Program Files\\Git\\cmd\\git.exe",
                           "UNICORN\\ASUS"
                       ],
        "RecordId":  24735
    },
    {
        "TimeCreated":  "\/Date(1761198165293)\/",
        "Id":  5,
        "Level":  "Information",
        "Message":  "Process terminated:\r\nRuleName: -\r\nUtcTime: 2025-10-23 05:42:45.292\r\nProcessGuid: {bc083af7-c055-68f9-4c08-000000001400}\r\nProcessId: 14528\r\nImage: C:\\Program Files\\Git\\mingw64\\bin\\git.exe\r\nUser: UNICORN\\ASUS",
        "Properties":  [
                           "-",
                           "2025-10-23 05:42:45.292",
                           "bc083af7-c055-68f9-4c08-000000001400",
                           14528,
                           "C:\\Program Files\\Git\\mingw64\\bin\\git.exe",
                           "UNICORN\\ASUS"
                       ],
        "RecordId":  24734
    },
    {
        "TimeCreated":  "\/Date(1761198165284)\/",
        "Id":  1,
        "Level":  "Information",
        "Message":  "Process Create:\r\nRuleName: -\r\nUtcTime: 2025-10-23 05:42:45.271\r\nProcessGuid: {bc083af7-c055-68f9-4d08-000000001400}\r\nProcessId: 25824\r\nImage: C:\\Program Files\\Git\\mingw64\\bin\\git.exe\r\nFileVersion: 2.51.0.windows.2\r\nDescription: Git for Windows\r\nProduct: Git\r\nCompany: The Git Development Community\r\nOriginalFileName: git.exe\r\nCommandLine: git.exe for-each-ref --sort -committerdate --format %%(refname)The operation completed successfully. %%(objectname)The operation completed successfully. %%(*objectname)\r\nCurrentDirectory: D:\\ThreatSphere\\\r\nUser: UNICORN\\ASUS\r\nLogonGuid: {bc083af7-ab66-68f9-1689-2f0000000000}\r\nLogonId: 0x2F8916\r\nTerminalSessionId: 2\r\nIntegrityLevel: Medium\r\nHashes: SHA256=E996432581A70DF2E7AAAC5DB71E3811EC0DAA7F93A8BA73FE6DB6F9941F4BF9\r\nParentProcessGuid: {bc083af7-c055-68f9-4908-000000001400}\r\nParentProcessId: 13208\r\nParentImage: C:\\Program Files\\Git\\cmd\\git.exe\r\nParentCommandLine: \"C:\\Program Files\\Git\\cmd\\git.exe\" for-each-ref --sort -committerdate --format %(refname)%00%(objectname)%00%(*objectname)\r\nParentUser: UNICORN\\ASUS",
        "Properties":  [
                           "-",
                           "2025-10-23 05:42:45.271",
                           "bc083af7-c055-68f9-4d08-000000001400",
                           25824,
                           "C:\\Program Files\\Git\\mingw64\\bin\\git.exe",
                           "2.51.0.windows.2",
                           "Git for Windows",
                           "Git",
                           "The Git Development Community",
                           "git.exe",
                           "git.exe for-each-ref --sort -committerdate --format %%(refname)%%00%%(objectname)%%00%%(*objectname)",
                           "D:\\ThreatSphere\\",
                           "UNICORN\\ASUS",
                           "bc083af7-ab66-68f9-1689-2f0000000000",
                           3115286,
                           2,
                           "Medium",
                           "SHA256=E996432581A70DF2E7AAAC5DB71E3811EC0DAA7F93A8BA73FE6DB6F9941F4BF9",
                           "bc083af7-c055-68f9-4908-000000001400",
                           13208,
                           "C:\\Program Files\\Git\\cmd\\git.exe",
                           "\"C:\\Program Files\\Git\\cmd\\git.exe\" for-each-ref --sort -committerdate --format %(refname)%00%(objectname)%00%(*objectname)",
                           "UNICORN\\ASUS"
                       ],
        "RecordId":  24733
    },
    {
        "TimeCreated":  "\/Date(1761198165274)\/",
        "Id":  1,
        "Level":  "Information",
        "Message":  "Process Create:\r\nRuleName: -\r\nUtcTime: 2025-10-23 05:42:45.262\r\nProcessGuid: {bc083af7-c055-68f9-4c08-000000001400}\r\nProcessId: 14528\r\nImage: C:\\Program Files\\Git\\mingw64\\bin\\git.exe\r\nFileVersion: 2.51.0.windows.2\r\nDescription: Git for Windows\r\nProduct: Git\r\nCompany: The Git Development Community\r\nOriginalFileName: git.exe\r\nCommandLine: git.exe status -z -uall\r\nCurrentDirectory: D:\\ThreatSphere\\\r\nUser: UNICORN\\ASUS\r\nLogonGuid: {bc083af7-ab66-68f9-1689-2f0000000000}\r\nLogonId: 0x2F8916\r\nTerminalSessionId: 2\r\nIntegrityLevel: Medium\r\nHashes: SHA256=E996432581A70DF2E7AAAC5DB71E3811EC0DAA7F93A8BA73FE6DB6F9941F4BF9\r\nParentProcessGuid: {bc083af7-c055-68f9-4808-000000001400}\r\nParentProcessId: 26600\r\nParentImage: C:\\Program Files\\Git\\cmd\\git.exe\r\nParentCommandLine: \"C:\\Program Files\\Git\\cmd\\git.exe\" status -z -uall\r\nParentUser: UNICORN\\ASUS",
        "Properties":  [
                           "-",
                           "2025-10-23 05:42:45.262",
                           "bc083af7-c055-68f9-4c08-000000001400",
                           14528,
                           "C:\\Program Files\\Git\\mingw64\\bin\\git.exe",
                           "2.51.0.windows.2",
                           "Git for Windows",
                           "Git",
                           "The Git Development Community",
                           "git.exe",
                           "git.exe status -z -uall",
                           "D:\\ThreatSphere\\",
                           "UNICORN\\ASUS",
                           "bc083af7-ab66-68f9-1689-2f0000000000",
                           3115286,
                           2,
                           "Medium",
                           "SHA256=E996432581A70DF2E7AAAC5DB71E3811EC0DAA7F93A8BA73FE6DB6F9941F4BF9",
                           "bc083af7-c055-68f9-4808-000000001400",
                           26600,
                           "C:\\Program Files\\Git\\cmd\\git.exe",
                           "\"C:\\Program Files\\Git\\cmd\\git.exe\" status -z -uall",
                           "UNICORN\\ASUS"
                       ],
        "RecordId":  24732
    },
    {
        "TimeCreated":  "\/Date(1761198165256)\/",
        "Id":  1,
        "Level":  "Information",
        "Message":  "Process Create:\r\nRuleName: -\r\nUtcTime: 2025-10-23 05:42:45.248\r\nProcessGuid: {bc083af7-c055-68f9-4b08-000000001400}\r\nProcessId: 15960\r\nImage: C:\\Windows\\System32\\conhost.exe\r\nFileVersion: 10.0.26100.6725 (WinBuild.160101.0800)\r\nDescription: Console Window Host\r\nProduct: Microsoft® Windows® Operating System\r\nCompany: Microsoft Corporation\r\nOriginalFileName: CONHOST.EXE\r\nCommandLine: \\??\\C:\\Windows\\system32\\conhost.exe 0xffffffff -ForceV1\r\nCurrentDirectory: C:\\Windows\r\nUser: UNICORN\\ASUS\r\nLogonGuid: {bc083af7-ab66-68f9-1689-2f0000000000}\r\nLogonId: 0x2F8916\r\nTerminalSessionId: 2\r\nIntegrityLevel: Medium\r\nHashes: SHA256=9326E22D619CE662B6A585D02947537F844A280645F22674DD3B8A47DFFF094A\r\nParentProcessGuid: {bc083af7-c055-68f9-4908-000000001400}\r\nParentProcessId: 13208\r\nParentImage: C:\\Program Files\\Git\\cmd\\git.exe\r\nParentCommandLine: \"C:\\Program Files\\Git\\cmd\\git.exe\" for-each-ref --sort -committerdate --format %(refname)%00%(objectname)%00%(*objectname)\r\nParentUser: UNICORN\\ASUS",
        "Properties":  [
                           "-",
                           "2025-10-23 05:42:45.248",
                           "bc083af7-c055-68f9-4b08-000000001400",
                           15960,
                           "C:\\Windows\\System32\\conhost.exe",
                           "10.0.26100.6725 (WinBuild.160101.0800)",
                           "Console Window Host",
                           "Microsoft® Windows® Operating System",
                           "Microsoft Corporation",
                           "CONHOST.EXE",
                           "\\??\\C:\\Windows\\system32\\conhost.exe 0xffffffff -ForceV1",
                           "C:\\Windows",
                           "UNICORN\\ASUS",
                           "bc083af7-ab66-68f9-1689-2f0000000000",
                           3115286,
                           2,
                           "Medium",
                           "SHA256=9326E22D619CE662B6A585D02947537F844A280645F22674DD3B8A47DFFF094A",
                           "bc083af7-c055-68f9-4908-000000001400",
                           13208,
                           "C:\\Program Files\\Git\\cmd\\git.exe",
                           "\"C:\\Program Files\\Git\\cmd\\git.exe\" for-each-ref --sort -committerdate --format %(refname)%00%(objectname)%00%(*objectname)",
                           "UNICORN\\ASUS"
                       ],
        "RecordId":  24731
    },
    {
        "TimeCreated":  "\/Date(1761198165247)\/",
        "Id":  1,
        "Level":  "Information",
        "Message":  "Process Create:\r\nRuleName: -\r\nUtcTime: 2025-10-23 05:42:45.239\r\nProcessGuid: {bc083af7-c055-68f9-4a08-000000001400}\r\nProcessId: 7972\r\nImage: C:\\Windows\\System32\\conhost.exe\r\nFileVersion: 10.0.26100.6725 (WinBuild.160101.0800)\r\nDescription: Console Window Host\r\nProduct: Microsoft® Windows® Operating System\r\nCompany: Microsoft Corporation\r\nOriginalFileName: CONHOST.EXE\r\nCommandLine: \\??\\C:\\Windows\\system32\\conhost.exe 0xffffffff -ForceV1\r\nCurrentDirectory: C:\\Windows\r\nUser: UNICORN\\ASUS\r\nLogonGuid: {bc083af7-ab66-68f9-1689-2f0000000000}\r\nLogonId: 0x2F8916\r\nTerminalSessionId: 2\r\nIntegrityLevel: Medium\r\nHashes: SHA256=9326E22D619CE662B6A585D02947537F844A280645F22674DD3B8A47DFFF094A\r\nParentProcessGuid: {bc083af7-c055-68f9-4808-000000001400}\r\nParentProcessId: 26600\r\nParentImage: C:\\Program Files\\Git\\cmd\\git.exe\r\nParentCommandLine: \"C:\\Program Files\\Git\\cmd\\git.exe\" status -z -uall\r\nParentUser: UNICORN\\ASUS",
        "Properties":  [
                           "-",
                           "2025-10-23 05:42:45.239",
                           "bc083af7-c055-68f9-4a08-000000001400",
                           7972,
                           "C:\\Windows\\System32\\conhost.exe",
                           "10.0.26100.6725 (WinBuild.160101.0800)",
                           "Console Window Host",
                           "Microsoft® Windows® Operating System",
                           "Microsoft Corporation",
                           "CONHOST.EXE",
                           "\\??\\C:\\Windows\\system32\\conhost.exe 0xffffffff -ForceV1",
                           "C:\\Windows",
                           "UNICORN\\ASUS",
                           "bc083af7-ab66-68f9-1689-2f0000000000",
                           3115286,
                           2,
                           "Medium",
                           "SHA256=9326E22D619CE662B6A585D02947537F844A280645F22674DD3B8A47DFFF094A",
                           "bc083af7-c055-68f9-4808-000000001400",
                           26600,
                           "C:\\Program Files\\Git\\cmd\\git.exe",
                           "\"C:\\Program Files\\Git\\cmd\\git.exe\" status -z -uall",
                           "UNICORN\\ASUS"
                       ],
        "RecordId":  24730
    },
    {
        "TimeCreated":  "\/Date(1761198165247)\/",
        "Id":  1,
        "Level":  "Information",
        "Message":  "Process Create:\r\nRuleName: -\r\nUtcTime: 2025-10-23 05:42:45.238\r\nProcessGuid: {bc083af7-c055-68f9-4908-000000001400}\r\nProcessId: 13208\r\nImage: C:\\Program Files\\Git\\cmd\\git.exe\r\nFileVersion: 2.51.0.windows.2\r\nDescription: Git for Windows\r\nProduct: Git\r\nCompany: The Git Development Community\r\nOriginalFileName: git.exe\r\nCommandLine: \"C:\\Program Files\\Git\\cmd\\git.exe\" for-each-ref --sort -committerdate --format %%(refname)The operation completed successfully. %%(objectname)The operation completed successfully. %%(*objectname)\r\nCurrentDirectory: D:\\ThreatSphere\\\r\nUser: UNICORN\\ASUS\r\nLogonGuid: {bc083af7-ab66-68f9-1689-2f0000000000}\r\nLogonId: 0x2F8916\r\nTerminalSessionId: 2\r\nIntegrityLevel: Medium\r\nHashes: SHA256=EE3D2A38093C3680745A5C973488F5BB78A16F010145D5CDC7470A7395C9E7E8\r\nParentProcessGuid: {bc083af7-abd6-68f9-7c03-000000001400}\r\nParentProcessId: 24844\r\nParentImage: C:\\Users\\ASUS\\AppData\\Local\\Programs\\Microsoft VS Code\\Code.exe\r\nParentCommandLine: \"C:\\Users\\ASUS\\AppData\\Local\\Programs\\Microsoft VS Code\\Code.exe\" --type=utility --utility-sub-type=node.mojom.NodeService --lang=en-US --service-sandbox-type=none --dns-result-order=ipv4first --experimental-network-inspection --inspect-port=0 --video-capture-use-gpu-memory-buffer --user-data-dir=\"C:\\Users\\ASUS\\AppData\\Roaming\\Code\" --standard-schemes=vscode-webview,vscode-file --enable-sandbox --secure-schemes=vscode-webview,vscode-file --cors-schemes=vscode-webview,vscode-file --fetch-schemes=vscode-webview,vscode-file --service-worker-schemes=vscode-webview --code-cache-schemes=vscode-webview,vscode-file --field-trial-handle=1736,i,12426189760977132178,9862129789206227926,262144 --enable-features=DocumentPolicyIncludeJSCallStacksInCrashReports,EarlyEstablishGpuChannel,EnableTransparentHwndEnlargement,EstablishGpuChannelAsync --disable-features=CalculateNativeWinOcclusion,FontationsLinuxSystemFonts,ScreenAIOCREnabled,SpareRendererForSitePerProcess,WinDelaySpellcheckServiceInit --variations-seed-version --mojo-platform-channel-handle=3724 /prefetch:14\r\nParentUser: UNICORN\\ASUS",
        "Properties":  [
                           "-",
                           "2025-10-23 05:42:45.238",
                           "bc083af7-c055-68f9-4908-000000001400",
                           13208,
                           "C:\\Program Files\\Git\\cmd\\git.exe",
                           "2.51.0.windows.2",
                           "Git for Windows",
                           "Git",
                           "The Git Development Community",
                           "git.exe",
                           "\"C:\\Program Files\\Git\\cmd\\git.exe\" for-each-ref --sort -committerdate --format %%(refname)%%00%%(objectname)%%00%%(*objectname)",
                           "D:\\ThreatSphere\\",
                           "UNICORN\\ASUS",
                           "bc083af7-ab66-68f9-1689-2f0000000000",
                           3115286,
                           2,
                           "Medium",
                           "SHA256=EE3D2A38093C3680745A5C973488F5BB78A16F010145D5CDC7470A7395C9E7E8",
                           "bc083af7-abd6-68f9-7c03-000000001400",
                           24844,
                           "C:\\Users\\ASUS\\AppData\\Local\\Programs\\Microsoft VS Code\\Code.exe",
                           "\"C:\\Users\\ASUS\\AppData\\Local\\Programs\\Microsoft VS Code\\Code.exe\" --type=utility --utility-sub-type=node.mojom.NodeService --lang=en-US --service-sandbox-type=none --dns-result-order=ipv4first --experimental-network-inspection --inspect-port=0 --video-capture-use-gpu-memory-buffer --user-data-dir=\"C:\\Users\\ASUS\\AppData\\Roaming\\Code\" --standard-schemes=vscode-webview,vscode-file --enable-sandbox --secure-schemes=vscode-webview,vscode-file --cors-schemes=vscode-webview,vscode-file --fetch-schemes=vscode-webview,vscode-file --service-worker-schemes=vscode-webview --code-cache-schemes=vscode-webview,vscode-file --field-trial-handle=1736,i,12426189760977132178,9862129789206227926,262144 --enable-features=DocumentPolicyIncludeJSCallStacksInCrashReports,EarlyEstablishGpuChannel,EnableTransparentHwndEnlargement,EstablishGpuChannelAsync --disable-features=CalculateNativeWinOcclusion,FontationsLinuxSystemFonts,ScreenAIOCREnabled,SpareRendererForSitePerProcess,WinDelaySpellcheckServiceInit --variations-seed-version --mojo-platform-channel-handle=3724 /prefetch:14",
                           "UNICORN\\ASUS"
                       ],
        "RecordId":  24729
    },
    {
        "TimeCreated":  "\/Date(1761198165236)\/",
        "Id":  1,
        "Level":  "Information",
        "Message":  "Process Create:\r\nRuleName: -\r\nUtcTime: 2025-10-23 05:42:45.228\r\nProcessGuid: {bc083af7-c055-68f9-4808-000000001400}\r\nProcessId: 26600\r\nImage: C:\\Program Files\\Git\\cmd\\git.exe\r\nFileVersion: 2.51.0.windows.2\r\nDescription: Git for Windows\r\nProduct: Git\r\nCompany: The Git Development Community\r\nOriginalFileName: git.exe\r\nCommandLine: \"C:\\Program Files\\Git\\cmd\\git.exe\" status -z -uall\r\nCurrentDirectory: D:\\ThreatSphere\\\r\nUser: UNICORN\\ASUS\r\nLogonGuid: {bc083af7-ab66-68f9-1689-2f0000000000}\r\nLogonId: 0x2F8916\r\nTerminalSessionId: 2\r\nIntegrityLevel: Medium\r\nHashes: SHA256=EE3D2A38093C3680745A5C973488F5BB78A16F010145D5CDC7470A7395C9E7E8\r\nParentProcessGuid: {bc083af7-abd6-68f9-7c03-000000001400}\r\nParentProcessId: 24844\r\nParentImage: C:\\Users\\ASUS\\AppData\\Local\\Programs\\Microsoft VS Code\\Code.exe\r\nParentCommandLine: \"C:\\Users\\ASUS\\AppData\\Local\\Programs\\Microsoft VS Code\\Code.exe\" --type=utility --utility-sub-type=node.mojom.NodeService --lang=en-US --service-sandbox-type=none --dns-result-order=ipv4first --experimental-network-inspection --inspect-port=0 --video-capture-use-gpu-memory-buffer --user-data-dir=\"C:\\Users\\ASUS\\AppData\\Roaming\\Code\" --standard-schemes=vscode-webview,vscode-file --enable-sandbox --secure-schemes=vscode-webview,vscode-file --cors-schemes=vscode-webview,vscode-file --fetch-schemes=vscode-webview,vscode-file --service-worker-schemes=vscode-webview --code-cache-schemes=vscode-webview,vscode-file --field-trial-handle=1736,i,12426189760977132178,9862129789206227926,262144 --enable-features=DocumentPolicyIncludeJSCallStacksInCrashReports,EarlyEstablishGpuChannel,EnableTransparentHwndEnlargement,EstablishGpuChannelAsync --disable-features=CalculateNativeWinOcclusion,FontationsLinuxSystemFonts,ScreenAIOCREnabled,SpareRendererForSitePerProcess,WinDelaySpellcheckServiceInit --variations-seed-version --mojo-platform-channel-handle=3724 /prefetch:14\r\nParentUser: UNICORN\\ASUS",
        "Properties":  [
                           "-",
                           "2025-10-23 05:42:45.228",
                           "bc083af7-c055-68f9-4808-000000001400",
                           26600,
                           "C:\\Program Files\\Git\\cmd\\git.exe",
                           "2.51.0.windows.2",
                           "Git for Windows",
                           "Git",
                           "The Git Development Community",
                           "git.exe",
                           "\"C:\\Program Files\\Git\\cmd\\git.exe\" status -z -uall",
                           "D:\\ThreatSphere\\",
                           "UNICORN\\ASUS",
                           "bc083af7-ab66-68f9-1689-2f0000000000",
                           3115286,
                           2,
                           "Medium",
                           "SHA256=EE3D2A38093C3680745A5C973488F5BB78A16F010145D5CDC7470A7395C9E7E8",
                           "bc083af7-abd6-68f9-7c03-000000001400",
                           24844,
                           "C:\\Users\\ASUS\\AppData\\Local\\Programs\\Microsoft VS Code\\Code.exe",
                           "\"C:\\Users\\ASUS\\AppData\\Local\\Programs\\Microsoft VS Code\\Code.exe\" --type=utility --utility-sub-type=node.mojom.NodeService --lang=en-US --service-sandbox-type=none --dns-result-order=ipv4first --experimental-network-inspection --inspect-port=0 --video-capture-use-gpu-memory-buffer --user-data-dir=\"C:\\Users\\ASUS\\AppData\\Roaming\\Code\" --standard-schemes=vscode-webview,vscode-file --enable-sandbox --secure-schemes=vscode-webview,vscode-file --cors-schemes=vscode-webview,vscode-file --fetch-schemes=vscode-webview,vscode-file --service-worker-schemes=vscode-webview --code-cache-schemes=vscode-webview,vscode-file --field-trial-handle=1736,i,12426189760977132178,9862129789206227926,262144 --enable-features=DocumentPolicyIncludeJSCallStacksInCrashReports,EarlyEstablishGpuChannel,EnableTransparentHwndEnlargement,EstablishGpuChannelAsync --disable-features=CalculateNativeWinOcclusion,FontationsLinuxSystemFonts,ScreenAIOCREnabled,SpareRendererForSitePerProcess,WinDelaySpellcheckServiceInit --variations-seed-version --mojo-platform-channel-handle=3724 /prefetch:14",
                           "UNICORN\\ASUS"
                       ],
        "RecordId":  24728
    },
    {
        "TimeCreated":  "\/Date(1761198165227)\/",
        "Id":  5,
        "Level":  "Information",
        "Message":  "Process terminated:\r\nRuleName: -\r\nUtcTime: 2025-10-23 05:42:45.226\r\nProcessGuid: {bc083af7-c055-68f9-4508-000000001400}\r\nProcessId: 27016\r\nImage: C:\\Windows\\System32\\conhost.exe\r\nUser: UNICORN\\ASUS",
        "Properties":  [
                           "-",
                           "2025-10-23 05:42:45.226",
                           "bc083af7-c055-68f9-4508-000000001400",
                           27016,
                           "C:\\Windows\\System32\\conhost.exe",
                           "UNICORN\\ASUS"
                       ],
        "RecordId":  24727
    },
    {
        "TimeCreated":  "\/Date(1761198165226)\/",
        "Id":  5,
        "Level":  "Information",
        "Message":  "Process terminated:\r\nRuleName: -\r\nUtcTime: 2025-10-23 05:42:45.226\r\nProcessGuid: {bc083af7-c055-68f9-4308-000000001400}\r\nProcessId: 2428\r\nImage: C:\\Program Files\\Git\\cmd\\git.exe\r\nUser: UNICORN\\ASUS",
        "Properties":  [
                           "-",
                           "2025-10-23 05:42:45.226",
                           "bc083af7-c055-68f9-4308-000000001400",
                           2428,
                           "C:\\Program Files\\Git\\cmd\\git.exe",
                           "UNICORN\\ASUS"
                       ],
        "RecordId":  24726
    },
    {
        "TimeCreated":  "\/Date(1761198165224)\/",
        "Id":  5,
        "Level":  "Information",
        "Message":  "Process terminated:\r\nRuleName: -\r\nUtcTime: 2025-10-23 05:42:45.224\r\nProcessGuid: {bc083af7-c055-68f9-4708-000000001400}\r\nProcessId: 4400\r\nImage: C:\\Program Files\\Git\\mingw64\\bin\\git.exe\r\nUser: UNICORN\\ASUS",
        "Properties":  [
                           "-",
                           "2025-10-23 05:42:45.224",
                           "bc083af7-c055-68f9-4708-000000001400",
                           4400,
                           "C:\\Program Files\\Git\\mingw64\\bin\\git.exe",
                           "UNICORN\\ASUS"
                       ],
        "RecordId":  24725
    },
    {
        "TimeCreated":  "\/Date(1761198165216)\/",
        "Id":  5,
        "Level":  "Information",
        "Message":  "Process terminated:\r\nRuleName: -\r\nUtcTime: 2025-10-23 05:42:45.215\r\nProcessGuid: {bc083af7-c055-68f9-4408-000000001400}\r\nProcessId: 13696\r\nImage: C:\\Windows\\System32\\conhost.exe\r\nUser: UNICORN\\ASUS",
        "Properties":  [
                           "-",
                           "2025-10-23 05:42:45.215",
                           "bc083af7-c055-68f9-4408-000000001400",
                           13696,
                           "C:\\Windows\\System32\\conhost.exe",
                           "UNICORN\\ASUS"
                       ],
        "RecordId":  24724
    },
    {
        "TimeCreated":  "\/Date(1761198165215)\/",
        "Id":  5,
        "Level":  "Information",
        "Message":  "Process terminated:\r\nRuleName: -\r\nUtcTime: 2025-10-23 05:42:45.214\r\nProcessGuid: {bc083af7-c055-68f9-4208-000000001400}\r\nProcessId: 4868\r\nImage: C:\\Program Files\\Git\\cmd\\git.exe\r\nUser: UNICORN\\ASUS",
        "Properties":  [
                           "-",
                           "2025-10-23 05:42:45.214",
                           "bc083af7-c055-68f9-4208-000000001400",
                           4868,
                           "C:\\Program Files\\Git\\cmd\\git.exe",
                           "UNICORN\\ASUS"
                       ],
        "RecordId":  24723
    },
    {
        "TimeCreated":  "\/Date(1761198165213)\/",
        "Id":  5,
        "Level":  "Information",
        "Message":  "Process terminated:\r\nRuleName: -\r\nUtcTime: 2025-10-23 05:42:45.212\r\nProcessGuid: {bc083af7-c055-68f9-4608-000000001400}\r\nProcessId: 7720\r\nImage: C:\\Program Files\\Git\\mingw64\\bin\\git.exe\r\nUser: UNICORN\\ASUS",
        "Properties":  [
                           "-",
                           "2025-10-23 05:42:45.212",
                           "bc083af7-c055-68f9-4608-000000001400",
                           7720,
                           "C:\\Program Files\\Git\\mingw64\\bin\\git.exe",
                           "UNICORN\\ASUS"
                       ],
        "RecordId":  24722
    },
    {
        "TimeCreated":  "\/Date(1761198165208)\/",
        "Id":  1,
        "Level":  "Information",
        "Message":  "Process Create:\r\nRuleName: -\r\nUtcTime: 2025-10-23 05:42:45.195\r\nProcessGuid: {bc083af7-c055-68f9-4708-000000001400}\r\nProcessId: 4400\r\nImage: C:\\Program Files\\Git\\mingw64\\bin\\git.exe\r\nFileVersion: 2.51.0.windows.2\r\nDescription: Git for Windows\r\nProduct: Git\r\nCompany: The Git Development Community\r\nOriginalFileName: git.exe\r\nCommandLine: git.exe for-each-ref --format=%%(refname)The operation completed successfully. %%(upstream:short)The operation completed successfully. %%(objectname)The operation completed successfully. %%(upstream:track)The operation completed successfully. %%(upstream:remotename)The operation completed successfully. %%(upstream:remoteref) --ignore-case refs/heads/main refs/remotes/main\r\nCurrentDirectory: D:\\ThreatSphere\\\r\nUser: UNICORN\\ASUS\r\nLogonGuid: {bc083af7-ab66-68f9-1689-2f0000000000}\r\nLogonId: 0x2F8916\r\nTerminalSessionId: 2\r\nIntegrityLevel: Medium\r\nHashes: SHA256=E996432581A70DF2E7AAAC5DB71E3811EC0DAA7F93A8BA73FE6DB6F9941F4BF9\r\nParentProcessGuid: {bc083af7-c055-68f9-4308-000000001400}\r\nParentProcessId: 2428\r\nParentImage: C:\\Program Files\\Git\\cmd\\git.exe\r\nParentCommandLine: \"C:\\Program Files\\Git\\cmd\\git.exe\" for-each-ref --format=%(refname)%00%(upstream:short)%00%(objectname)%00%(upstream:track)%00%(upstream:remotename)%00%(upstream:remoteref) --ignore-case refs/heads/main refs/remotes/main\r\nParentUser: UNICORN\\ASUS",
        "Properties":  [
                           "-",
                           "2025-10-23 05:42:45.195",
                           "bc083af7-c055-68f9-4708-000000001400",
                           4400,
                           "C:\\Program Files\\Git\\mingw64\\bin\\git.exe",
                           "2.51.0.windows.2",
                           "Git for Windows",
                           "Git",
                           "The Git Development Community",
                           "git.exe",
                           "git.exe for-each-ref --format=%%(refname)%%00%%(upstream:short)%%00%%(objectname)%%00%%(upstream:track)%%00%%(upstream:remotename)%%00%%(upstream:remoteref) --ignore-case refs/heads/main refs/remotes/main",
                           "D:\\ThreatSphere\\",
                           "UNICORN\\ASUS",
                           "bc083af7-ab66-68f9-1689-2f0000000000",
                           3115286,
                           2,
                           "Medium",
                           "SHA256=E996432581A70DF2E7AAAC5DB71E3811EC0DAA7F93A8BA73FE6DB6F9941F4BF9",
                           "bc083af7-c055-68f9-4308-000000001400",
                           2428,
                           "C:\\Program Files\\Git\\cmd\\git.exe",
                           "\"C:\\Program Files\\Git\\cmd\\git.exe\" for-each-ref --format=%(refname)%00%(upstream:short)%00%(objectname)%00%(upstream:track)%00%(upstream:remotename)%00%(upstream:remoteref) --ignore-case refs/heads/main refs/remotes/main",
                           "UNICORN\\ASUS"
                       ],
        "RecordId":  24721
    },
    {
        "TimeCreated":  "\/Date(1761198165197)\/",
        "Id":  1,
        "Level":  "Information",
        "Message":  "Process Create:\r\nRuleName: -\r\nUtcTime: 2025-10-23 05:42:45.185\r\nProcessGuid: {bc083af7-c055-68f9-4608-000000001400}\r\nProcessId: 7720\r\nImage: C:\\Program Files\\Git\\mingw64\\bin\\git.exe\r\nFileVersion: 2.51.0.windows.2\r\nDescription: Git for Windows\r\nProduct: Git\r\nCompany: The Git Development Community\r\nOriginalFileName: git.exe\r\nCommandLine: git.exe config --get commit.template\r\nCurrentDirectory: D:\\ThreatSphere\\\r\nUser: UNICORN\\ASUS\r\nLogonGuid: {bc083af7-ab66-68f9-1689-2f0000000000}\r\nLogonId: 0x2F8916\r\nTerminalSessionId: 2\r\nIntegrityLevel: Medium\r\nHashes: SHA256=E996432581A70DF2E7AAAC5DB71E3811EC0DAA7F93A8BA73FE6DB6F9941F4BF9\r\nParentProcessGuid: {bc083af7-c055-68f9-4208-000000001400}\r\nParentProcessId: 4868\r\nParentImage: C:\\Program Files\\Git\\cmd\\git.exe\r\nParentCommandLine: \"C:\\Program Files\\Git\\cmd\\git.exe\" config --get commit.template\r\nParentUser: UNICORN\\ASUS",
        "Properties":  [
                           "-",
                           "2025-10-23 05:42:45.185",
                           "bc083af7-c055-68f9-4608-000000001400",
                           7720,
                           "C:\\Program Files\\Git\\mingw64\\bin\\git.exe",
                           "2.51.0.windows.2",
                           "Git for Windows",
                           "Git",
                           "The Git Development Community",
                           "git.exe",
                           "git.exe config --get commit.template",
                           "D:\\ThreatSphere\\",
                           "UNICORN\\ASUS",
                           "bc083af7-ab66-68f9-1689-2f0000000000",
                           3115286,
                           2,
                           "Medium",
                           "SHA256=E996432581A70DF2E7AAAC5DB71E3811EC0DAA7F93A8BA73FE6DB6F9941F4BF9",
                           "bc083af7-c055-68f9-4208-000000001400",
                           4868,
                           "C:\\Program Files\\Git\\cmd\\git.exe",
                           "\"C:\\Program Files\\Git\\cmd\\git.exe\" config --get commit.template",
                           "UNICORN\\ASUS"
                       ],
        "RecordId":  24720
    },
    {
        "TimeCreated":  "\/Date(1761198165180)\/",
        "Id":  1,
        "Level":  "Information",
        "Message":  "Process Create:\r\nRuleName: -\r\nUtcTime: 2025-10-23 05:42:45.171\r\nProcessGuid: {bc083af7-c055-68f9-4508-000000001400}\r\nProcessId: 27016\r\nImage: C:\\Windows\\System32\\conhost.exe\r\nFileVersion: 10.0.26100.6725 (WinBuild.160101.0800)\r\nDescription: Console Window Host\r\nProduct: Microsoft® Windows® Operating System\r\nCompany: Microsoft Corporation\r\nOriginalFileName: CONHOST.EXE\r\nCommandLine: \\??\\C:\\Windows\\system32\\conhost.exe 0xffffffff -ForceV1\r\nCurrentDirectory: C:\\Windows\r\nUser: UNICORN\\ASUS\r\nLogonGuid: {bc083af7-ab66-68f9-1689-2f0000000000}\r\nLogonId: 0x2F8916\r\nTerminalSessionId: 2\r\nIntegrityLevel: Medium\r\nHashes: SHA256=9326E22D619CE662B6A585D02947537F844A280645F22674DD3B8A47DFFF094A\r\nParentProcessGuid: {bc083af7-c055-68f9-4308-000000001400}\r\nParentProcessId: 2428\r\nParentImage: C:\\Program Files\\Git\\cmd\\git.exe\r\nParentCommandLine: \"C:\\Program Files\\Git\\cmd\\git.exe\" for-each-ref --format=%(refname)%00%(upstream:short)%00%(objectname)%00%(upstream:track)%00%(upstream:remotename)%00%(upstream:remoteref) --ignore-case refs/heads/main refs/remotes/main\r\nParentUser: UNICORN\\ASUS",
        "Properties":  [
                           "-",
                           "2025-10-23 05:42:45.171",
                           "bc083af7-c055-68f9-4508-000000001400",
                           27016,
                           "C:\\Windows\\System32\\conhost.exe",
                           "10.0.26100.6725 (WinBuild.160101.0800)",
                           "Console Window Host",
                           "Microsoft® Windows® Operating System",
                           "Microsoft Corporation",
                           "CONHOST.EXE",
                           "\\??\\C:\\Windows\\system32\\conhost.exe 0xffffffff -ForceV1",
                           "C:\\Windows",
                           "UNICORN\\ASUS",
                           "bc083af7-ab66-68f9-1689-2f0000000000",
                           3115286,
                           2,
                           "Medium",
                           "SHA256=9326E22D619CE662B6A585D02947537F844A280645F22674DD3B8A47DFFF094A",
                           "bc083af7-c055-68f9-4308-000000001400",
                           2428,
                           "C:\\Program Files\\Git\\cmd\\git.exe",
                           "\"C:\\Program Files\\Git\\cmd\\git.exe\" for-each-ref --format=%(refname)%00%(upstream:short)%00%(objectname)%00%(upstream:track)%00%(upstream:remotename)%00%(upstream:remoteref) --ignore-case refs/heads/main refs/remotes/main",
                           "UNICORN\\ASUS"
                       ],
        "RecordId":  24719
    },
    {
        "TimeCreated":  "\/Date(1761198165171)\/",
        "Id":  1,
        "Level":  "Information",
        "Message":  "Process Create:\r\nRuleName: -\r\nUtcTime: 2025-10-23 05:42:45.161\r\nProcessGuid: {bc083af7-c055-68f9-4408-000000001400}\r\nProcessId: 13696\r\nImage: C:\\Windows\\System32\\conhost.exe\r\nFileVersion: 10.0.26100.6725 (WinBuild.160101.0800)\r\nDescription: Console Window Host\r\nProduct: Microsoft® Windows® Operating System\r\nCompany: Microsoft Corporation\r\nOriginalFileName: CONHOST.EXE\r\nCommandLine: \\??\\C:\\Windows\\system32\\conhost.exe 0xffffffff -ForceV1\r\nCurrentDirectory: C:\\Windows\r\nUser: UNICORN\\ASUS\r\nLogonGuid: {bc083af7-ab66-68f9-1689-2f0000000000}\r\nLogonId: 0x2F8916\r\nTerminalSessionId: 2\r\nIntegrityLevel: Medium\r\nHashes: SHA256=9326E22D619CE662B6A585D02947537F844A280645F22674DD3B8A47DFFF094A\r\nParentProcessGuid: {bc083af7-c055-68f9-4208-000000001400}\r\nParentProcessId: 4868\r\nParentImage: C:\\Program Files\\Git\\cmd\\git.exe\r\nParentCommandLine: \"C:\\Program Files\\Git\\cmd\\git.exe\" config --get commit.template\r\nParentUser: UNICORN\\ASUS",
        "Properties":  [
                           "-",
                           "2025-10-23 05:42:45.161",
                           "bc083af7-c055-68f9-4408-000000001400",
                           13696,
                           "C:\\Windows\\System32\\conhost.exe",
                           "10.0.26100.6725 (WinBuild.160101.0800)",
                           "Console Window Host",
                           "Microsoft® Windows® Operating System",
                           "Microsoft Corporation",
                           "CONHOST.EXE",
                           "\\??\\C:\\Windows\\system32\\conhost.exe 0xffffffff -ForceV1",
                           "C:\\Windows",
                           "UNICORN\\ASUS",
                           "bc083af7-ab66-68f9-1689-2f0000000000",
                           3115286,
                           2,
                           "Medium",
                           "SHA256=9326E22D619CE662B6A585D02947537F844A280645F22674DD3B8A47DFFF094A",
                           "bc083af7-c055-68f9-4208-000000001400",
                           4868,
                           "C:\\Program Files\\Git\\cmd\\git.exe",
                           "\"C:\\Program Files\\Git\\cmd\\git.exe\" config --get commit.template",
                           "UNICORN\\ASUS"
                       ],
        "RecordId":  24718
    },
