    {
        "TimeCreated":  "\/Date(1761198723800)\/",
        "Id":  1,
        "Level":  "Information",
        "Message":  "Process Create:\r\nRuleName: -\r\nUtcTime: 2025-10-23 05:52:03.784\r\nProcessGuid: {bc083af7-c283-68f9-8f08-000000001400}\r\nProcessId: 13404\r\nImage: C:\\Program Files\\Git\\mingw64\\bin\\git.exe\r\nFileVersion: 2.51.0.windows.2\r\nDescription: Git for Windows\r\nProduct: Git\r\nCompany: The Git Development Community\r\nOriginalFileName: git.exe\r\nCommandLine: git.exe for-each-ref --sort -committerdate --format %%(refname)The operation completed successfully. %%(objectname)The operation completed successfully. %%(*objectname)\r\nCurrentDirectory: D:\\ThreatSphere\\\r\nUser: UNICORN\\ASUS\r\nLogonGuid: {bc083af7-ab66-68f9-1689-2f0000000000}\r\nLogonId: 0x2F8916\r\nTerminalSessionId: 2\r\nIntegrityLevel: Medium\r\nHashes: SHA256=E996432581A70DF2E7AAAC5DB71E3811EC0DAA7F93A8BA73FE6DB6F9941F4BF9\r\nParentProcessGuid: {bc083af7-c283-68f9-8b08-000000001400}\r\nParentProcessId: 16648\r\nParentImage: C:\\Program Files\\Git\\cmd\\git.exe\r\nParentCommandLine: \"C:\\Program Files\\Git\\cmd\\git.exe\" for-each-ref --sort -committerdate --format %(refname)%00%(objectname)%00%(*objectname)\r\nParentUser: UNICORN\\ASUS",
        "Properties":  [
                           "-",
                           "2025-10-23 05:52:03.784",
                           "bc083af7-c283-68f9-8f08-000000001400",
                           13404,
                           "C:\\Program Files\\Git\\mingw64\\bin\\git.exe",
                           "2.51.0.windows.2",
                           "Git for Windows",
                           "Git",
                           "The Git Development Community",
                           "git.exe",
                           "git.exe for-each-ref --sort -committerdate --format %%(refname)%%00%%(objectname)%%00%%(*objectname)",
                           "D:\\ThreatSphere\\",
                           "UNICORN\\ASUS",
                           "bc083af7-ab66-68f9-1689-2f0000000000",
                           3115286,
                           2,
                           "Medium",
                           "SHA256=E996432581A70DF2E7AAAC5DB71E3811EC0DAA7F93A8BA73FE6DB6F9941F4BF9",
                           "bc083af7-c283-68f9-8b08-000000001400",
                           16648,
                           "C:\\Program Files\\Git\\cmd\\git.exe",
                           "\"C:\\Program Files\\Git\\cmd\\git.exe\" for-each-ref --sort -committerdate --format %(refname)%00%(objectname)%00%(*objectname)",
                           "UNICORN\\ASUS"
                       ],
        "RecordId":  24865
    },
    {
        "TimeCreated":  "\/Date(1761198723788)\/",
        "Id":  1,
        "Level":  "Information",
        "Message":  "Process Create:\r\nRuleName: -\r\nUtcTime: 2025-10-23 05:52:03.774\r\nProcessGuid: {bc083af7-c283-68f9-8e08-000000001400}\r\nProcessId: 4308\r\nImage: C:\\Program Files\\Git\\mingw64\\bin\\git.exe\r\nFileVersion: 2.51.0.windows.2\r\nDescription: Git for Windows\r\nProduct: Git\r\nCompany: The Git Development Community\r\nOriginalFileName: git.exe\r\nCommandLine: git.exe status -z -uall\r\nCurrentDirectory: D:\\ThreatSphere\\\r\nUser: UNICORN\\ASUS\r\nLogonGuid: {bc083af7-ab66-68f9-1689-2f0000000000}\r\nLogonId: 0x2F8916\r\nTerminalSessionId: 2\r\nIntegrityLevel: Medium\r\nHashes: SHA256=E996432581A70DF2E7AAAC5DB71E3811EC0DAA7F93A8BA73FE6DB6F9941F4BF9\r\nParentProcessGuid: {bc083af7-c283-68f9-8a08-000000001400}\r\nParentProcessId: 16820\r\nParentImage: C:\\Program Files\\Git\\cmd\\git.exe\r\nParentCommandLine: \"C:\\Program Files\\Git\\cmd\\git.exe\" status -z -uall\r\nParentUser: UNICORN\\ASUS",
        "Properties":  [
                           "-",
                           "2025-10-23 05:52:03.774",
                           "bc083af7-c283-68f9-8e08-000000001400",
                           4308,
                           "C:\\Program Files\\Git\\mingw64\\bin\\git.exe",
                           "2.51.0.windows.2",
                           "Git for Windows",
                           "Git",
                           "The Git Development Community",
                           "git.exe",
                           "git.exe status -z -uall",
                           "D:\\ThreatSphere\\",
                           "UNICORN\\ASUS",
                           "bc083af7-ab66-68f9-1689-2f0000000000",
                           3115286,
                           2,
                           "Medium",
                           "SHA256=E996432581A70DF2E7AAAC5DB71E3811EC0DAA7F93A8BA73FE6DB6F9941F4BF9",
                           "bc083af7-c283-68f9-8a08-000000001400",
                           16820,
                           "C:\\Program Files\\Git\\cmd\\git.exe",
                           "\"C:\\Program Files\\Git\\cmd\\git.exe\" status -z -uall",
                           "UNICORN\\ASUS"
                       ],
        "RecordId":  24864
    },
    {
        "TimeCreated":  "\/Date(1761198723767)\/",
        "Id":  1,
        "Level":  "Information",
        "Message":  "Process Create:\r\nRuleName: -\r\nUtcTime: 2025-10-23 05:52:03.758\r\nProcessGuid: {bc083af7-c283-68f9-8d08-000000001400}\r\nProcessId: 13132\r\nImage: C:\\Windows\\System32\\conhost.exe\r\nFileVersion: 10.0.26100.6725 (WinBuild.160101.0800)\r\nDescription: Console Window Host\r\nProduct: Microsoft® Windows® Operating System\r\nCompany: Microsoft Corporation\r\nOriginalFileName: CONHOST.EXE\r\nCommandLine: \\??\\C:\\Windows\\system32\\conhost.exe 0xffffffff -ForceV1\r\nCurrentDirectory: C:\\Windows\r\nUser: UNICORN\\ASUS\r\nLogonGuid: {bc083af7-ab66-68f9-1689-2f0000000000}\r\nLogonId: 0x2F8916\r\nTerminalSessionId: 2\r\nIntegrityLevel: Medium\r\nHashes: SHA256=9326E22D619CE662B6A585D02947537F844A280645F22674DD3B8A47DFFF094A\r\nParentProcessGuid: {bc083af7-c283-68f9-8b08-000000001400}\r\nParentProcessId: 16648\r\nParentImage: C:\\Program Files\\Git\\cmd\\git.exe\r\nParentCommandLine: \"C:\\Program Files\\Git\\cmd\\git.exe\" for-each-ref --sort -committerdate --format %(refname)%00%(objectname)%00%(*objectname)\r\nParentUser: UNICORN\\ASUS",
        "Properties":  [
                           "-",
                           "2025-10-23 05:52:03.758",
                           "bc083af7-c283-68f9-8d08-000000001400",
                           13132,
                           "C:\\Windows\\System32\\conhost.exe",
                           "10.0.26100.6725 (WinBuild.160101.0800)",
                           "Console Window Host",
                           "Microsoft® Windows® Operating System",
                           "Microsoft Corporation",
                           "CONHOST.EXE",
                           "\\??\\C:\\Windows\\system32\\conhost.exe 0xffffffff -ForceV1",
                           "C:\\Windows",
                           "UNICORN\\ASUS",
                           "bc083af7-ab66-68f9-1689-2f0000000000",
                           3115286,
                           2,
                           "Medium",
                           "SHA256=9326E22D619CE662B6A585D02947537F844A280645F22674DD3B8A47DFFF094A",
                           "bc083af7-c283-68f9-8b08-000000001400",
                           16648,
                           "C:\\Program Files\\Git\\cmd\\git.exe",
                           "\"C:\\Program Files\\Git\\cmd\\git.exe\" for-each-ref --sort -committerdate --format %(refname)%00%(objectname)%00%(*objectname)",
                           "UNICORN\\ASUS"
                       ],
        "RecordId":  24863
    },
    {
        "TimeCreated":  "\/Date(1761198723757)\/",
        "Id":  1,
        "Level":  "Information",
        "Message":  "Process Create:\r\nRuleName: -\r\nUtcTime: 2025-10-23 05:52:03.746\r\nProcessGuid: {bc083af7-c283-68f9-8c08-000000001400}\r\nProcessId: 26076\r\nImage: C:\\Windows\\System32\\conhost.exe\r\nFileVersion: 10.0.26100.6725 (WinBuild.160101.0800)\r\nDescription: Console Window Host\r\nProduct: Microsoft® Windows® Operating System\r\nCompany: Microsoft Corporation\r\nOriginalFileName: CONHOST.EXE\r\nCommandLine: \\??\\C:\\Windows\\system32\\conhost.exe 0xffffffff -ForceV1\r\nCurrentDirectory: C:\\Windows\r\nUser: UNICORN\\ASUS\r\nLogonGuid: {bc083af7-ab66-68f9-1689-2f0000000000}\r\nLogonId: 0x2F8916\r\nTerminalSessionId: 2\r\nIntegrityLevel: Medium\r\nHashes: SHA256=9326E22D619CE662B6A585D02947537F844A280645F22674DD3B8A47DFFF094A\r\nParentProcessGuid: {bc083af7-c283-68f9-8a08-000000001400}\r\nParentProcessId: 16820\r\nParentImage: C:\\Program Files\\Git\\cmd\\git.exe\r\nParentCommandLine: \"C:\\Program Files\\Git\\cmd\\git.exe\" status -z -uall\r\nParentUser: UNICORN\\ASUS",
        "Properties":  [
                           "-",
                           "2025-10-23 05:52:03.746",
                           "bc083af7-c283-68f9-8c08-000000001400",
                           26076,
                           "C:\\Windows\\System32\\conhost.exe",
                           "10.0.26100.6725 (WinBuild.160101.0800)",
                           "Console Window Host",
                           "Microsoft® Windows® Operating System",
                           "Microsoft Corporation",
                           "CONHOST.EXE",
                           "\\??\\C:\\Windows\\system32\\conhost.exe 0xffffffff -ForceV1",
                           "C:\\Windows",
                           "UNICORN\\ASUS",
                           "bc083af7-ab66-68f9-1689-2f0000000000",
                           3115286,
                           2,
                           "Medium",
                           "SHA256=9326E22D619CE662B6A585D02947537F844A280645F22674DD3B8A47DFFF094A",
                           "bc083af7-c283-68f9-8a08-000000001400",
                           16820,
                           "C:\\Program Files\\Git\\cmd\\git.exe",
                           "\"C:\\Program Files\\Git\\cmd\\git.exe\" status -z -uall",
                           "UNICORN\\ASUS"
                       ],
        "RecordId":  24862
    },
    {
        "TimeCreated":  "\/Date(1761198723756)\/",
        "Id":  1,
        "Level":  "Information",
        "Message":  "Process Create:\r\nRuleName: -\r\nUtcTime: 2025-10-23 05:52:03.746\r\nProcessGuid: {bc083af7-c283-68f9-8b08-000000001400}\r\nProcessId: 16648\r\nImage: C:\\Program Files\\Git\\cmd\\git.exe\r\nFileVersion: 2.51.0.windows.2\r\nDescription: Git for Windows\r\nProduct: Git\r\nCompany: The Git Development Community\r\nOriginalFileName: git.exe\r\nCommandLine: \"C:\\Program Files\\Git\\cmd\\git.exe\" for-each-ref --sort -committerdate --format %%(refname)The operation completed successfully. %%(objectname)The operation completed successfully. %%(*objectname)\r\nCurrentDirectory: D:\\ThreatSphere\\\r\nUser: UNICORN\\ASUS\r\nLogonGuid: {bc083af7-ab66-68f9-1689-2f0000000000}\r\nLogonId: 0x2F8916\r\nTerminalSessionId: 2\r\nIntegrityLevel: Medium\r\nHashes: SHA256=EE3D2A38093C3680745A5C973488F5BB78A16F010145D5CDC7470A7395C9E7E8\r\nParentProcessGuid: {bc083af7-abd6-68f9-7c03-000000001400}\r\nParentProcessId: 24844\r\nParentImage: C:\\Users\\ASUS\\AppData\\Local\\Programs\\Microsoft VS Code\\Code.exe\r\nParentCommandLine: \"C:\\Users\\ASUS\\AppData\\Local\\Programs\\Microsoft VS Code\\Code.exe\" --type=utility --utility-sub-type=node.mojom.NodeService --lang=en-US --service-sandbox-type=none --dns-result-order=ipv4first --experimental-network-inspection --inspect-port=0 --video-capture-use-gpu-memory-buffer --user-data-dir=\"C:\\Users\\ASUS\\AppData\\Roaming\\Code\" --standard-schemes=vscode-webview,vscode-file --enable-sandbox --secure-schemes=vscode-webview,vscode-file --cors-schemes=vscode-webview,vscode-file --fetch-schemes=vscode-webview,vscode-file --service-worker-schemes=vscode-webview --code-cache-schemes=vscode-webview,vscode-file --field-trial-handle=1736,i,12426189760977132178,9862129789206227926,262144 --enable-features=DocumentPolicyIncludeJSCallStacksInCrashReports,EarlyEstablishGpuChannel,EnableTransparentHwndEnlargement,EstablishGpuChannelAsync --disable-features=CalculateNativeWinOcclusion,FontationsLinuxSystemFonts,ScreenAIOCREnabled,SpareRendererForSitePerProcess,WinDelaySpellcheckServiceInit --variations-seed-version --mojo-platform-channel-handle=3724 /prefetch:14\r\nParentUser: UNICORN\\ASUS",
        "Properties":  [
                           "-",
                           "2025-10-23 05:52:03.746",
                           "bc083af7-c283-68f9-8b08-000000001400",
                           16648,
                           "C:\\Program Files\\Git\\cmd\\git.exe",
                           "2.51.0.windows.2",
                           "Git for Windows",
                           "Git",
                           "The Git Development Community",
                           "git.exe",
                           "\"C:\\Program Files\\Git\\cmd\\git.exe\" for-each-ref --sort -committerdate --format %%(refname)%%00%%(objectname)%%00%%(*objectname)",
                           "D:\\ThreatSphere\\",
                           "UNICORN\\ASUS",
                           "bc083af7-ab66-68f9-1689-2f0000000000",
                           3115286,
                           2,
                           "Medium",
                           "SHA256=EE3D2A38093C3680745A5C973488F5BB78A16F010145D5CDC7470A7395C9E7E8",
                           "bc083af7-abd6-68f9-7c03-000000001400",
                           24844,
                           "C:\\Users\\ASUS\\AppData\\Local\\Programs\\Microsoft VS Code\\Code.exe",
                           "\"C:\\Users\\ASUS\\AppData\\Local\\Programs\\Microsoft VS Code\\Code.exe\" --type=utility --utility-sub-type=node.mojom.NodeService --lang=en-US --service-sandbox-type=none --dns-result-order=ipv4first --experimental-network-inspection --inspect-port=0 --video-capture-use-gpu-memory-buffer --user-data-dir=\"C:\\Users\\ASUS\\AppData\\Roaming\\Code\" --standard-schemes=vscode-webview,vscode-file --enable-sandbox --secure-schemes=vscode-webview,vscode-file --cors-schemes=vscode-webview,vscode-file --fetch-schemes=vscode-webview,vscode-file --service-worker-schemes=vscode-webview --code-cache-schemes=vscode-webview,vscode-file --field-trial-handle=1736,i,12426189760977132178,9862129789206227926,262144 --enable-features=DocumentPolicyIncludeJSCallStacksInCrashReports,EarlyEstablishGpuChannel,EnableTransparentHwndEnlargement,EstablishGpuChannelAsync --disable-features=CalculateNativeWinOcclusion,FontationsLinuxSystemFonts,ScreenAIOCREnabled,SpareRendererForSitePerProcess,WinDelaySpellcheckServiceInit --variations-seed-version --mojo-platform-channel-handle=3724 /prefetch:14",
                           "UNICORN\\ASUS"
                       ],
        "RecordId":  24861
    },
    {
        "TimeCreated":  "\/Date(1761198723744)\/",
        "Id":  1,
        "Level":  "Information",
        "Message":  "Process Create:\r\nRuleName: -\r\nUtcTime: 2025-10-23 05:52:03.731\r\nProcessGuid: {bc083af7-c283-68f9-8a08-000000001400}\r\nProcessId: 16820\r\nImage: C:\\Program Files\\Git\\cmd\\git.exe\r\nFileVersion: 2.51.0.windows.2\r\nDescription: Git for Windows\r\nProduct: Git\r\nCompany: The Git Development Community\r\nOriginalFileName: git.exe\r\nCommandLine: \"C:\\Program Files\\Git\\cmd\\git.exe\" status -z -uall\r\nCurrentDirectory: D:\\ThreatSphere\\\r\nUser: UNICORN\\ASUS\r\nLogonGuid: {bc083af7-ab66-68f9-1689-2f0000000000}\r\nLogonId: 0x2F8916\r\nTerminalSessionId: 2\r\nIntegrityLevel: Medium\r\nHashes: SHA256=EE3D2A38093C3680745A5C973488F5BB78A16F010145D5CDC7470A7395C9E7E8\r\nParentProcessGuid: {bc083af7-abd6-68f9-7c03-000000001400}\r\nParentProcessId: 24844\r\nParentImage: C:\\Users\\ASUS\\AppData\\Local\\Programs\\Microsoft VS Code\\Code.exe\r\nParentCommandLine: \"C:\\Users\\ASUS\\AppData\\Local\\Programs\\Microsoft VS Code\\Code.exe\" --type=utility --utility-sub-type=node.mojom.NodeService --lang=en-US --service-sandbox-type=none --dns-result-order=ipv4first --experimental-network-inspection --inspect-port=0 --video-capture-use-gpu-memory-buffer --user-data-dir=\"C:\\Users\\ASUS\\AppData\\Roaming\\Code\" --standard-schemes=vscode-webview,vscode-file --enable-sandbox --secure-schemes=vscode-webview,vscode-file --cors-schemes=vscode-webview,vscode-file --fetch-schemes=vscode-webview,vscode-file --service-worker-schemes=vscode-webview --code-cache-schemes=vscode-webview,vscode-file --field-trial-handle=1736,i,12426189760977132178,9862129789206227926,262144 --enable-features=DocumentPolicyIncludeJSCallStacksInCrashReports,EarlyEstablishGpuChannel,EnableTransparentHwndEnlargement,EstablishGpuChannelAsync --disable-features=CalculateNativeWinOcclusion,FontationsLinuxSystemFonts,ScreenAIOCREnabled,SpareRendererForSitePerProcess,WinDelaySpellcheckServiceInit --variations-seed-version --mojo-platform-channel-handle=3724 /prefetch:14\r\nParentUser: UNICORN\\ASUS",
        "Properties":  [
                           "-",
                           "2025-10-23 05:52:03.731",
                           "bc083af7-c283-68f9-8a08-000000001400",
                           16820,
                           "C:\\Program Files\\Git\\cmd\\git.exe",
                           "2.51.0.windows.2",
                           "Git for Windows",
                           "Git",
                           "The Git Development Community",
                           "git.exe",
                           "\"C:\\Program Files\\Git\\cmd\\git.exe\" status -z -uall",
                           "D:\\ThreatSphere\\",
                           "UNICORN\\ASUS",
                           "bc083af7-ab66-68f9-1689-2f0000000000",
                           3115286,
                           2,
                           "Medium",
                           "SHA256=EE3D2A38093C3680745A5C973488F5BB78A16F010145D5CDC7470A7395C9E7E8",
                           "bc083af7-abd6-68f9-7c03-000000001400",
                           24844,
                           "C:\\Users\\ASUS\\AppData\\Local\\Programs\\Microsoft VS Code\\Code.exe",
                           "\"C:\\Users\\ASUS\\AppData\\Local\\Programs\\Microsoft VS Code\\Code.exe\" --type=utility --utility-sub-type=node.mojom.NodeService --lang=en-US --service-sandbox-type=none --dns-result-order=ipv4first --experimental-network-inspection --inspect-port=0 --video-capture-use-gpu-memory-buffer --user-data-dir=\"C:\\Users\\ASUS\\AppData\\Roaming\\Code\" --standard-schemes=vscode-webview,vscode-file --enable-sandbox --secure-schemes=vscode-webview,vscode-file --cors-schemes=vscode-webview,vscode-file --fetch-schemes=vscode-webview,vscode-file --service-worker-schemes=vscode-webview --code-cache-schemes=vscode-webview,vscode-file --field-trial-handle=1736,i,12426189760977132178,9862129789206227926,262144 --enable-features=DocumentPolicyIncludeJSCallStacksInCrashReports,EarlyEstablishGpuChannel,EnableTransparentHwndEnlargement,EstablishGpuChannelAsync --disable-features=CalculateNativeWinOcclusion,FontationsLinuxSystemFonts,ScreenAIOCREnabled,SpareRendererForSitePerProcess,WinDelaySpellcheckServiceInit --variations-seed-version --mojo-platform-channel-handle=3724 /prefetch:14",
                           "UNICORN\\ASUS"
                       ],
        "RecordId":  24860
    },
    {
        "TimeCreated":  "\/Date(1761198723730)\/",
        "Id":  5,
        "Level":  "Information",
        "Message":  "Process terminated:\r\nRuleName: -\r\nUtcTime: 2025-10-23 05:52:03.729\r\nProcessGuid: {bc083af7-c283-68f9-8708-000000001400}\r\nProcessId: 3732\r\nImage: C:\\Windows\\System32\\conhost.exe\r\nUser: UNICORN\\ASUS",
        "Properties":  [
                           "-",
                           "2025-10-23 05:52:03.729",
                           "bc083af7-c283-68f9-8708-000000001400",
                           3732,
                           "C:\\Windows\\System32\\conhost.exe",
                           "UNICORN\\ASUS"
                       ],
        "RecordId":  24859
    },
    {
        "TimeCreated":  "\/Date(1761198723729)\/",
        "Id":  5,
        "Level":  "Information",
        "Message":  "Process terminated:\r\nRuleName: -\r\nUtcTime: 2025-10-23 05:52:03.728\r\nProcessGuid: {bc083af7-c283-68f9-8508-000000001400}\r\nProcessId: 4760\r\nImage: C:\\Program Files\\Git\\cmd\\git.exe\r\nUser: UNICORN\\ASUS",
        "Properties":  [
                           "-",
                           "2025-10-23 05:52:03.728",
                           "bc083af7-c283-68f9-8508-000000001400",
                           4760,
                           "C:\\Program Files\\Git\\cmd\\git.exe",
                           "UNICORN\\ASUS"
                       ],
        "RecordId":  24858
    },
    {
        "TimeCreated":  "\/Date(1761198723727)\/",
        "Id":  5,
        "Level":  "Information",
        "Message":  "Process terminated:\r\nRuleName: -\r\nUtcTime: 2025-10-23 05:52:03.726\r\nProcessGuid: {bc083af7-c283-68f9-8908-000000001400}\r\nProcessId: 27520\r\nImage: C:\\Program Files\\Git\\mingw64\\bin\\git.exe\r\nUser: UNICORN\\ASUS",
        "Properties":  [
                           "-",
                           "2025-10-23 05:52:03.726",
                           "bc083af7-c283-68f9-8908-000000001400",
                           27520,
                           "C:\\Program Files\\Git\\mingw64\\bin\\git.exe",
                           "UNICORN\\ASUS"
                       ],
        "RecordId":  24857
    },
    {
        "TimeCreated":  "\/Date(1761198723727)\/",
        "Id":  5,
        "Level":  "Information",
        "Message":  "Process terminated:\r\nRuleName: -\r\nUtcTime: 2025-10-23 05:52:03.726\r\nProcessGuid: {bc083af7-c283-68f9-8608-000000001400}\r\nProcessId: 2652\r\nImage: C:\\Windows\\System32\\conhost.exe\r\nUser: UNICORN\\ASUS",
        "Properties":  [
                           "-",
                           "2025-10-23 05:52:03.726",
                           "bc083af7-c283-68f9-8608-000000001400",
                           2652,
                           "C:\\Windows\\System32\\conhost.exe",
                           "UNICORN\\ASUS"
                       ],
        "RecordId":  24856
    },
    {
        "TimeCreated":  "\/Date(1761198723725)\/",
        "Id":  5,
        "Level":  "Information",
        "Message":  "Process terminated:\r\nRuleName: -\r\nUtcTime: 2025-10-23 05:52:03.725\r\nProcessGuid: {bc083af7-c283-68f9-8408-000000001400}\r\nProcessId: 26900\r\nImage: C:\\Program Files\\Git\\cmd\\git.exe\r\nUser: UNICORN\\ASUS",
        "Properties":  [
                           "-",
                           "2025-10-23 05:52:03.725",
                           "bc083af7-c283-68f9-8408-000000001400",
                           26900,
                           "C:\\Program Files\\Git\\cmd\\git.exe",
                           "UNICORN\\ASUS"
                       ],
        "RecordId":  24855
    },
    {
        "TimeCreated":  "\/Date(1761198723723)\/",
        "Id":  5,
        "Level":  "Information",
        "Message":  "Process terminated:\r\nRuleName: -\r\nUtcTime: 2025-10-23 05:52:03.723\r\nProcessGuid: {bc083af7-c283-68f9-8808-000000001400}\r\nProcessId: 21528\r\nImage: C:\\Program Files\\Git\\mingw64\\bin\\git.exe\r\nUser: UNICORN\\ASUS",
        "Properties":  [
                           "-",
                           "2025-10-23 05:52:03.723",
                           "bc083af7-c283-68f9-8808-000000001400",
                           21528,
                           "C:\\Program Files\\Git\\mingw64\\bin\\git.exe",
                           "UNICORN\\ASUS"
                       ],
        "RecordId":  24854
    },
    {
        "TimeCreated":  "\/Date(1761198723711)\/",
        "Id":  1,
        "Level":  "Information",
        "Message":  "Process Create:\r\nRuleName: -\r\nUtcTime: 2025-10-23 05:52:03.703\r\nProcessGuid: {bc083af7-c283-68f9-8908-000000001400}\r\nProcessId: 27520\r\nImage: C:\\Program Files\\Git\\mingw64\\bin\\git.exe\r\nFileVersion: 2.51.0.windows.2\r\nDescription: Git for Windows\r\nProduct: Git\r\nCompany: The Git Development Community\r\nOriginalFileName: git.exe\r\nCommandLine: git.exe for-each-ref --format=%%(refname)The operation completed successfully. %%(upstream:short)The operation completed successfully. %%(objectname)The operation completed successfully. %%(upstream:track)The operation completed successfully. %%(upstream:remotename)The operation completed successfully. %%(upstream:remoteref) --ignore-case refs/heads/main refs/remotes/main\r\nCurrentDirectory: D:\\ThreatSphere\\\r\nUser: UNICORN\\ASUS\r\nLogonGuid: {bc083af7-ab66-68f9-1689-2f0000000000}\r\nLogonId: 0x2F8916\r\nTerminalSessionId: 2\r\nIntegrityLevel: Medium\r\nHashes: SHA256=E996432581A70DF2E7AAAC5DB71E3811EC0DAA7F93A8BA73FE6DB6F9941F4BF9\r\nParentProcessGuid: {bc083af7-c283-68f9-8508-000000001400}\r\nParentProcessId: 4760\r\nParentImage: C:\\Program Files\\Git\\cmd\\git.exe\r\nParentCommandLine: \"C:\\Program Files\\Git\\cmd\\git.exe\" for-each-ref --format=%(refname)%00%(upstream:short)%00%(objectname)%00%(upstream:track)%00%(upstream:remotename)%00%(upstream:remoteref) --ignore-case refs/heads/main refs/remotes/main\r\nParentUser: UNICORN\\ASUS",
        "Properties":  [
                           "-",
                           "2025-10-23 05:52:03.703",
                           "bc083af7-c283-68f9-8908-000000001400",
                           27520,
                           "C:\\Program Files\\Git\\mingw64\\bin\\git.exe",
                           "2.51.0.windows.2",
                           "Git for Windows",
                           "Git",
                           "The Git Development Community",
                           "git.exe",
                           "git.exe for-each-ref --format=%%(refname)%%00%%(upstream:short)%%00%%(objectname)%%00%%(upstream:track)%%00%%(upstream:remotename)%%00%%(upstream:remoteref) --ignore-case refs/heads/main refs/remotes/main",
                           "D:\\ThreatSphere\\",
                           "UNICORN\\ASUS",
                           "bc083af7-ab66-68f9-1689-2f0000000000",
                           3115286,
                           2,
                           "Medium",
                           "SHA256=E996432581A70DF2E7AAAC5DB71E3811EC0DAA7F93A8BA73FE6DB6F9941F4BF9",
                           "bc083af7-c283-68f9-8508-000000001400",
                           4760,
                           "C:\\Program Files\\Git\\cmd\\git.exe",
                           "\"C:\\Program Files\\Git\\cmd\\git.exe\" for-each-ref --format=%(refname)%00%(upstream:short)%00%(objectname)%00%(upstream:track)%00%(upstream:remotename)%00%(upstream:remoteref) --ignore-case refs/heads/main refs/remotes/main",
                           "UNICORN\\ASUS"
                       ],
        "RecordId":  24853
    },
    {
        "TimeCreated":  "\/Date(1761198723707)\/",
        "Id":  1,
        "Level":  "Information",
        "Message":  "Process Create:\r\nRuleName: -\r\nUtcTime: 2025-10-23 05:52:03.695\r\nProcessGuid: {bc083af7-c283-68f9-8808-000000001400}\r\nProcessId: 21528\r\nImage: C:\\Program Files\\Git\\mingw64\\bin\\git.exe\r\nFileVersion: 2.51.0.windows.2\r\nDescription: Git for Windows\r\nProduct: Git\r\nCompany: The Git Development Community\r\nOriginalFileName: git.exe\r\nCommandLine: git.exe config --get commit.template\r\nCurrentDirectory: D:\\ThreatSphere\\\r\nUser: UNICORN\\ASUS\r\nLogonGuid: {bc083af7-ab66-68f9-1689-2f0000000000}\r\nLogonId: 0x2F8916\r\nTerminalSessionId: 2\r\nIntegrityLevel: Medium\r\nHashes: SHA256=E996432581A70DF2E7AAAC5DB71E3811EC0DAA7F93A8BA73FE6DB6F9941F4BF9\r\nParentProcessGuid: {bc083af7-c283-68f9-8408-000000001400}\r\nParentProcessId: 26900\r\nParentImage: C:\\Program Files\\Git\\cmd\\git.exe\r\nParentCommandLine: \"C:\\Program Files\\Git\\cmd\\git.exe\" config --get commit.template\r\nParentUser: UNICORN\\ASUS",
        "Properties":  [
                           "-",
                           "2025-10-23 05:52:03.695",
                           "bc083af7-c283-68f9-8808-000000001400",
                           21528,
                           "C:\\Program Files\\Git\\mingw64\\bin\\git.exe",
                           "2.51.0.windows.2",
                           "Git for Windows",
                           "Git",
                           "The Git Development Community",
                           "git.exe",
                           "git.exe config --get commit.template",
                           "D:\\ThreatSphere\\",
                           "UNICORN\\ASUS",
                           "bc083af7-ab66-68f9-1689-2f0000000000",
                           3115286,
                           2,
                           "Medium",
                           "SHA256=E996432581A70DF2E7AAAC5DB71E3811EC0DAA7F93A8BA73FE6DB6F9941F4BF9",
                           "bc083af7-c283-68f9-8408-000000001400",
                           26900,
                           "C:\\Program Files\\Git\\cmd\\git.exe",
                           "\"C:\\Program Files\\Git\\cmd\\git.exe\" config --get commit.template",
                           "UNICORN\\ASUS"
                       ],
        "RecordId":  24852
    },
    {
        "TimeCreated":  "\/Date(1761198723689)\/",
        "Id":  1,
        "Level":  "Information",
        "Message":  "Process Create:\r\nRuleName: -\r\nUtcTime: 2025-10-23 05:52:03.680\r\nProcessGuid: {bc083af7-c283-68f9-8708-000000001400}\r\nProcessId: 3732\r\nImage: C:\\Windows\\System32\\conhost.exe\r\nFileVersion: 10.0.26100.6725 (WinBuild.160101.0800)\r\nDescription: Console Window Host\r\nProduct: Microsoft® Windows® Operating System\r\nCompany: Microsoft Corporation\r\nOriginalFileName: CONHOST.EXE\r\nCommandLine: \\??\\C:\\Windows\\system32\\conhost.exe 0xffffffff -ForceV1\r\nCurrentDirectory: C:\\Windows\r\nUser: UNICORN\\ASUS\r\nLogonGuid: {bc083af7-ab66-68f9-1689-2f0000000000}\r\nLogonId: 0x2F8916\r\nTerminalSessionId: 2\r\nIntegrityLevel: Medium\r\nHashes: SHA256=9326E22D619CE662B6A585D02947537F844A280645F22674DD3B8A47DFFF094A\r\nParentProcessGuid: {bc083af7-c283-68f9-8508-000000001400}\r\nParentProcessId: 4760\r\nParentImage: C:\\Program Files\\Git\\cmd\\git.exe\r\nParentCommandLine: \"C:\\Program Files\\Git\\cmd\\git.exe\" for-each-ref --format=%(refname)%00%(upstream:short)%00%(objectname)%00%(upstream:track)%00%(upstream:remotename)%00%(upstream:remoteref) --ignore-case refs/heads/main refs/remotes/main\r\nParentUser: UNICORN\\ASUS",
        "Properties":  [
                           "-",
                           "2025-10-23 05:52:03.680",
                           "bc083af7-c283-68f9-8708-000000001400",
                           3732,
                           "C:\\Windows\\System32\\conhost.exe",
                           "10.0.26100.6725 (WinBuild.160101.0800)",
                           "Console Window Host",
                           "Microsoft® Windows® Operating System",
                           "Microsoft Corporation",
                           "CONHOST.EXE",
                           "\\??\\C:\\Windows\\system32\\conhost.exe 0xffffffff -ForceV1",
                           "C:\\Windows",
                           "UNICORN\\ASUS",
                           "bc083af7-ab66-68f9-1689-2f0000000000",
                           3115286,
                           2,
                           "Medium",
                           "SHA256=9326E22D619CE662B6A585D02947537F844A280645F22674DD3B8A47DFFF094A",
                           "bc083af7-c283-68f9-8508-000000001400",
                           4760,
                           "C:\\Program Files\\Git\\cmd\\git.exe",
                           "\"C:\\Program Files\\Git\\cmd\\git.exe\" for-each-ref --format=%(refname)%00%(upstream:short)%00%(objectname)%00%(upstream:track)%00%(upstream:remotename)%00%(upstream:remoteref) --ignore-case refs/heads/main refs/remotes/main",
                           "UNICORN\\ASUS"
                       ],
        "RecordId":  24851
    },
    {
        "TimeCreated":  "\/Date(1761198723679)\/",
        "Id":  1,
        "Level":  "Information",
        "Message":  "Process Create:\r\nRuleName: -\r\nUtcTime: 2025-10-23 05:52:03.670\r\nProcessGuid: {bc083af7-c283-68f9-8608-000000001400}\r\nProcessId: 2652\r\nImage: C:\\Windows\\System32\\conhost.exe\r\nFileVersion: 10.0.26100.6725 (WinBuild.160101.0800)\r\nDescription: Console Window Host\r\nProduct: Microsoft® Windows® Operating System\r\nCompany: Microsoft Corporation\r\nOriginalFileName: CONHOST.EXE\r\nCommandLine: \\??\\C:\\Windows\\system32\\conhost.exe 0xffffffff -ForceV1\r\nCurrentDirectory: C:\\Windows\r\nUser: UNICORN\\ASUS\r\nLogonGuid: {bc083af7-ab66-68f9-1689-2f0000000000}\r\nLogonId: 0x2F8916\r\nTerminalSessionId: 2\r\nIntegrityLevel: Medium\r\nHashes: SHA256=9326E22D619CE662B6A585D02947537F844A280645F22674DD3B8A47DFFF094A\r\nParentProcessGuid: {bc083af7-c283-68f9-8408-000000001400}\r\nParentProcessId: 26900\r\nParentImage: C:\\Program Files\\Git\\cmd\\git.exe\r\nParentCommandLine: \"C:\\Program Files\\Git\\cmd\\git.exe\" config --get commit.template\r\nParentUser: UNICORN\\ASUS",
        "Properties":  [
                           "-",
                           "2025-10-23 05:52:03.670",
                           "bc083af7-c283-68f9-8608-000000001400",
                           2652,
                           "C:\\Windows\\System32\\conhost.exe",
                           "10.0.26100.6725 (WinBuild.160101.0800)",
                           "Console Window Host",
                           "Microsoft® Windows® Operating System",
                           "Microsoft Corporation",
                           "CONHOST.EXE",
                           "\\??\\C:\\Windows\\system32\\conhost.exe 0xffffffff -ForceV1",
                           "C:\\Windows",
                           "UNICORN\\ASUS",
                           "bc083af7-ab66-68f9-1689-2f0000000000",
                           3115286,
                           2,
                           "Medium",
                           "SHA256=9326E22D619CE662B6A585D02947537F844A280645F22674DD3B8A47DFFF094A",
                           "bc083af7-c283-68f9-8408-000000001400",
                           26900,
                           "C:\\Program Files\\Git\\cmd\\git.exe",
                           "\"C:\\Program Files\\Git\\cmd\\git.exe\" config --get commit.template",
                           "UNICORN\\ASUS"
                       ],
        "RecordId":  24850
    },
    {
        "TimeCreated":  "\/Date(1761198723679)\/",
        "Id":  1,
        "Level":  "Information",
        "Message":  "Process Create:\r\nRuleName: -\r\nUtcTime: 2025-10-23 05:52:03.669\r\nProcessGuid: {bc083af7-c283-68f9-8508-000000001400}\r\nProcessId: 4760\r\nImage: C:\\Program Files\\Git\\cmd\\git.exe\r\nFileVersion: 2.51.0.windows.2\r\nDescription: Git for Windows\r\nProduct: Git\r\nCompany: The Git Development Community\r\nOriginalFileName: git.exe\r\nCommandLine: \"C:\\Program Files\\Git\\cmd\\git.exe\" for-each-ref --format=%%(refname)The operation completed successfully. %%(upstream:short)The operation completed successfully. %%(objectname)The operation completed successfully. %%(upstream:track)The operation completed successfully. %%(upstream:remotename)The operation completed successfully. %%(upstream:remoteref) --ignore-case refs/heads/main refs/remotes/main\r\nCurrentDirectory: D:\\ThreatSphere\\\r\nUser: UNICORN\\ASUS\r\nLogonGuid: {bc083af7-ab66-68f9-1689-2f0000000000}\r\nLogonId: 0x2F8916\r\nTerminalSessionId: 2\r\nIntegrityLevel: Medium\r\nHashes: SHA256=EE3D2A38093C3680745A5C973488F5BB78A16F010145D5CDC7470A7395C9E7E8\r\nParentProcessGuid: {bc083af7-abd6-68f9-7c03-000000001400}\r\nParentProcessId: 24844\r\nParentImage: C:\\Users\\ASUS\\AppData\\Local\\Programs\\Microsoft VS Code\\Code.exe\r\nParentCommandLine: \"C:\\Users\\ASUS\\AppData\\Local\\Programs\\Microsoft VS Code\\Code.exe\" --type=utility --utility-sub-type=node.mojom.NodeService --lang=en-US --service-sandbox-type=none --dns-result-order=ipv4first --experimental-network-inspection --inspect-port=0 --video-capture-use-gpu-memory-buffer --user-data-dir=\"C:\\Users\\ASUS\\AppData\\Roaming\\Code\" --standard-schemes=vscode-webview,vscode-file --enable-sandbox --secure-schemes=vscode-webview,vscode-file --cors-schemes=vscode-webview,vscode-file --fetch-schemes=vscode-webview,vscode-file --service-worker-schemes=vscode-webview --code-cache-schemes=vscode-webview,vscode-file --field-trial-handle=1736,i,12426189760977132178,9862129789206227926,262144 --enable-features=DocumentPolicyIncludeJSCallStacksInCrashReports,EarlyEstablishGpuChannel,EnableTransparentHwndEnlargement,EstablishGpuChannelAsync --disable-features=CalculateNativeWinOcclusion,FontationsLinuxSystemFonts,ScreenAIOCREnabled,SpareRendererForSitePerProcess,WinDelaySpellcheckServiceInit --variations-seed-version --mojo-platform-channel-handle=3724 /prefetch:14\r\nParentUser: UNICORN\\ASUS",
        "Properties":  [
                           "-",
                           "2025-10-23 05:52:03.669",
                           "bc083af7-c283-68f9-8508-000000001400",
                           4760,
                           "C:\\Program Files\\Git\\cmd\\git.exe",
                           "2.51.0.windows.2",
                           "Git for Windows",
                           "Git",
                           "The Git Development Community",
                           "git.exe",
                           "\"C:\\Program Files\\Git\\cmd\\git.exe\" for-each-ref --format=%%(refname)%%00%%(upstream:short)%%00%%(objectname)%%00%%(upstream:track)%%00%%(upstream:remotename)%%00%%(upstream:remoteref) --ignore-case refs/heads/main refs/remotes/main",
                           "D:\\ThreatSphere\\",
                           "UNICORN\\ASUS",
                           "bc083af7-ab66-68f9-1689-2f0000000000",
                           3115286,
                           2,
                           "Medium",
                           "SHA256=EE3D2A38093C3680745A5C973488F5BB78A16F010145D5CDC7470A7395C9E7E8",
                           "bc083af7-abd6-68f9-7c03-000000001400",
                           24844,
                           "C:\\Users\\ASUS\\AppData\\Local\\Programs\\Microsoft VS Code\\Code.exe",
                           "\"C:\\Users\\ASUS\\AppData\\Local\\Programs\\Microsoft VS Code\\Code.exe\" --type=utility --utility-sub-type=node.mojom.NodeService --lang=en-US --service-sandbox-type=none --dns-result-order=ipv4first --experimental-network-inspection --inspect-port=0 --video-capture-use-gpu-memory-buffer --user-data-dir=\"C:\\Users\\ASUS\\AppData\\Roaming\\Code\" --standard-schemes=vscode-webview,vscode-file --enable-sandbox --secure-schemes=vscode-webview,vscode-file --cors-schemes=vscode-webview,vscode-file --fetch-schemes=vscode-webview,vscode-file --service-worker-schemes=vscode-webview --code-cache-schemes=vscode-webview,vscode-file --field-trial-handle=1736,i,12426189760977132178,9862129789206227926,262144 --enable-features=DocumentPolicyIncludeJSCallStacksInCrashReports,EarlyEstablishGpuChannel,EnableTransparentHwndEnlargement,EstablishGpuChannelAsync --disable-features=CalculateNativeWinOcclusion,FontationsLinuxSystemFonts,ScreenAIOCREnabled,SpareRendererForSitePerProcess,WinDelaySpellcheckServiceInit --variations-seed-version --mojo-platform-channel-handle=3724 /prefetch:14",
                           "UNICORN\\ASUS"
                       ],
        "RecordId":  24849
    },
    {
        "TimeCreated":  "\/Date(1761198723668)\/",
        "Id":  1,
        "Level":  "Information",
        "Message":  "Process Create:\r\nRuleName: -\r\nUtcTime: 2025-10-23 05:52:03.659\r\nProcessGuid: {bc083af7-c283-68f9-8408-000000001400}\r\nProcessId: 26900\r\nImage: C:\\Program Files\\Git\\cmd\\git.exe\r\nFileVersion: 2.51.0.windows.2\r\nDescription: Git for Windows\r\nProduct: Git\r\nCompany: The Git Development Community\r\nOriginalFileName: git.exe\r\nCommandLine: \"C:\\Program Files\\Git\\cmd\\git.exe\" config --get commit.template\r\nCurrentDirectory: D:\\ThreatSphere\\\r\nUser: UNICORN\\ASUS\r\nLogonGuid: {bc083af7-ab66-68f9-1689-2f0000000000}\r\nLogonId: 0x2F8916\r\nTerminalSessionId: 2\r\nIntegrityLevel: Medium\r\nHashes: SHA256=EE3D2A38093C3680745A5C973488F5BB78A16F010145D5CDC7470A7395C9E7E8\r\nParentProcessGuid: {bc083af7-abd6-68f9-7c03-000000001400}\r\nParentProcessId: 24844\r\nParentImage: C:\\Users\\ASUS\\AppData\\Local\\Programs\\Microsoft VS Code\\Code.exe\r\nParentCommandLine: \"C:\\Users\\ASUS\\AppData\\Local\\Programs\\Microsoft VS Code\\Code.exe\" --type=utility --utility-sub-type=node.mojom.NodeService --lang=en-US --service-sandbox-type=none --dns-result-order=ipv4first --experimental-network-inspection --inspect-port=0 --video-capture-use-gpu-memory-buffer --user-data-dir=\"C:\\Users\\ASUS\\AppData\\Roaming\\Code\" --standard-schemes=vscode-webview,vscode-file --enable-sandbox --secure-schemes=vscode-webview,vscode-file --cors-schemes=vscode-webview,vscode-file --fetch-schemes=vscode-webview,vscode-file --service-worker-schemes=vscode-webview --code-cache-schemes=vscode-webview,vscode-file --field-trial-handle=1736,i,12426189760977132178,9862129789206227926,262144 --enable-features=DocumentPolicyIncludeJSCallStacksInCrashReports,EarlyEstablishGpuChannel,EnableTransparentHwndEnlargement,EstablishGpuChannelAsync --disable-features=CalculateNativeWinOcclusion,FontationsLinuxSystemFonts,ScreenAIOCREnabled,SpareRendererForSitePerProcess,WinDelaySpellcheckServiceInit --variations-seed-version --mojo-platform-channel-handle=3724 /prefetch:14\r\nParentUser: UNICORN\\ASUS",
        "Properties":  [
                           "-",
                           "2025-10-23 05:52:03.659",
                           "bc083af7-c283-68f9-8408-000000001400",
                           26900,
                           "C:\\Program Files\\Git\\cmd\\git.exe",
                           "2.51.0.windows.2",
                           "Git for Windows",
                           "Git",
                           "The Git Development Community",
                           "git.exe",
                           "\"C:\\Program Files\\Git\\cmd\\git.exe\" config --get commit.template",
                           "D:\\ThreatSphere\\",
                           "UNICORN\\ASUS",
                           "bc083af7-ab66-68f9-1689-2f0000000000",
                           3115286,
                           2,
                           "Medium",
                           "SHA256=EE3D2A38093C3680745A5C973488F5BB78A16F010145D5CDC7470A7395C9E7E8",
                           "bc083af7-abd6-68f9-7c03-000000001400",
                           24844,
                           "C:\\Users\\ASUS\\AppData\\Local\\Programs\\Microsoft VS Code\\Code.exe",
                           "\"C:\\Users\\ASUS\\AppData\\Local\\Programs\\Microsoft VS Code\\Code.exe\" --type=utility --utility-sub-type=node.mojom.NodeService --lang=en-US --service-sandbox-type=none --dns-result-order=ipv4first --experimental-network-inspection --inspect-port=0 --video-capture-use-gpu-memory-buffer --user-data-dir=\"C:\\Users\\ASUS\\AppData\\Roaming\\Code\" --standard-schemes=vscode-webview,vscode-file --enable-sandbox --secure-schemes=vscode-webview,vscode-file --cors-schemes=vscode-webview,vscode-file --fetch-schemes=vscode-webview,vscode-file --service-worker-schemes=vscode-webview --code-cache-schemes=vscode-webview,vscode-file --field-trial-handle=1736,i,12426189760977132178,9862129789206227926,262144 --enable-features=DocumentPolicyIncludeJSCallStacksInCrashReports,EarlyEstablishGpuChannel,EnableTransparentHwndEnlargement,EstablishGpuChannelAsync --disable-features=CalculateNativeWinOcclusion,FontationsLinuxSystemFonts,ScreenAIOCREnabled,SpareRendererForSitePerProcess,WinDelaySpellcheckServiceInit --variations-seed-version --mojo-platform-channel-handle=3724 /prefetch:14",
                           "UNICORN\\ASUS"
                       ],
        "RecordId":  24848
    },
    {
        "TimeCreated":  "\/Date(1761198722936)\/",
        "Id":  5,
        "Level":  "Information",
        "Message":  "Process terminated:\r\nRuleName: -\r\nUtcTime: 2025-10-23 05:52:02.935\r\nProcessGuid: {bc083af7-c282-68f9-8208-000000001400}\r\nProcessId: 25832\r\nImage: C:\\Windows\\System32\\conhost.exe\r\nUser: UNICORN\\ASUS",
        "Properties":  [
                           "-",
                           "2025-10-23 05:52:02.935",
                           "bc083af7-c282-68f9-8208-000000001400",
                           25832,
                           "C:\\Windows\\System32\\conhost.exe",
                           "UNICORN\\ASUS"
                       ],
        "RecordId":  24847
    },
    {
        "TimeCreated":  "\/Date(1761198722934)\/",
        "Id":  5,
        "Level":  "Information",
        "Message":  "Process terminated:\r\nRuleName: -\r\nUtcTime: 2025-10-23 05:52:02.934\r\nProcessGuid: {bc083af7-c282-68f9-8108-000000001400}\r\nProcessId: 18604\r\nImage: C:\\Program Files\\Git\\cmd\\git.exe\r\nUser: UNICORN\\ASUS",
        "Properties":  [
                           "-",
                           "2025-10-23 05:52:02.934",
                           "bc083af7-c282-68f9-8108-000000001400",
                           18604,
                           "C:\\Program Files\\Git\\cmd\\git.exe",
                           "UNICORN\\ASUS"
                       ],
        "RecordId":  24846
    },
    {
        "TimeCreated":  "\/Date(1761198722932)\/",
        "Id":  5,
        "Level":  "Information",
        "Message":  "Process terminated:\r\nRuleName: -\r\nUtcTime: 2025-10-23 05:52:02.932\r\nProcessGuid: {bc083af7-c282-68f9-8308-000000001400}\r\nProcessId: 4524\r\nImage: C:\\Program Files\\Git\\mingw64\\bin\\git.exe\r\nUser: UNICORN\\ASUS",
        "Properties":  [
                           "-",
                           "2025-10-23 05:52:02.932",
                           "bc083af7-c282-68f9-8308-000000001400",
                           4524,
                           "C:\\Program Files\\Git\\mingw64\\bin\\git.exe",
                           "UNICORN\\ASUS"
                       ],
        "RecordId":  24845
    },
    {
        "TimeCreated":  "\/Date(1761198722915)\/",
        "Id":  1,
        "Level":  "Information",
        "Message":  "Process Create:\r\nRuleName: -\r\nUtcTime: 2025-10-23 05:52:02.907\r\nProcessGuid: {bc083af7-c282-68f9-8308-000000001400}\r\nProcessId: 4524\r\nImage: C:\\Program Files\\Git\\mingw64\\bin\\git.exe\r\nFileVersion: 2.51.0.windows.2\r\nDescription: Git for Windows\r\nProduct: Git\r\nCompany: The Git Development Community\r\nOriginalFileName: git.exe\r\nCommandLine: git.exe cat-file -s 708e18203da46216be41d32e1f8572cefdd46b65\r\nCurrentDirectory: D:\\ThreatSphere\\\r\nUser: UNICORN\\ASUS\r\nLogonGuid: {bc083af7-ab66-68f9-1689-2f0000000000}\r\nLogonId: 0x2F8916\r\nTerminalSessionId: 2\r\nIntegrityLevel: Medium\r\nHashes: SHA256=E996432581A70DF2E7AAAC5DB71E3811EC0DAA7F93A8BA73FE6DB6F9941F4BF9\r\nParentProcessGuid: {bc083af7-c282-68f9-8108-000000001400}\r\nParentProcessId: 18604\r\nParentImage: C:\\Program Files\\Git\\cmd\\git.exe\r\nParentCommandLine: \"C:\\Program Files\\Git\\cmd\\git.exe\" cat-file -s 708e18203da46216be41d32e1f8572cefdd46b65\r\nParentUser: UNICORN\\ASUS",
        "Properties":  [
                           "-",
                           "2025-10-23 05:52:02.907",
                           "bc083af7-c282-68f9-8308-000000001400",
                           4524,
                           "C:\\Program Files\\Git\\mingw64\\bin\\git.exe",
                           "2.51.0.windows.2",
                           "Git for Windows",
                           "Git",
                           "The Git Development Community",
                           "git.exe",
                           "git.exe cat-file -s 708e18203da46216be41d32e1f8572cefdd46b65",
                           "D:\\ThreatSphere\\",
                           "UNICORN\\ASUS",
                           "bc083af7-ab66-68f9-1689-2f0000000000",
                           3115286,
                           2,
                           "Medium",
                           "SHA256=E996432581A70DF2E7AAAC5DB71E3811EC0DAA7F93A8BA73FE6DB6F9941F4BF9",
                           "bc083af7-c282-68f9-8108-000000001400",
                           18604,
                           "C:\\Program Files\\Git\\cmd\\git.exe",
                           "\"C:\\Program Files\\Git\\cmd\\git.exe\" cat-file -s 708e18203da46216be41d32e1f8572cefdd46b65",
                           "UNICORN\\ASUS"
                       ],
        "RecordId":  24844
    },
