    {
        "TimeCreated":  "\/Date(1761198048832)\/",
        "Id":  1,
        "Level":  "Information",
        "Message":  "Process Create:\r\nRuleName: -\r\nUtcTime: 2025-10-23 05:40:48.822\r\nProcessGuid: {bc083af7-bfe0-68f9-2008-000000001400}\r\nProcessId: 16724\r\nImage: C:\\Program Files\\Adobe\\Acrobat DC\\Acrobat\\ADNotificationManager.exe\r\nFileVersion: 25.1.20756.0\r\nDescription: Adobe Acrobat\r\nProduct: Adobe Acrobat\r\nCompany: Adobe\r\nOriginalFileName: ADNotificationManager.exe\r\nCommandLine: \"C:\\Program Files\\Adobe\\Acrobat DC\\Acrobat\\ADNotificationManager.exe\" -CollabSync\r\nCurrentDirectory: C:\\Windows\\system32\\\r\nUser: UNICORN\\ASUS\r\nLogonGuid: {bc083af7-ab66-68f9-1689-2f0000000000}\r\nLogonId: 0x2F8916\r\nTerminalSessionId: 2\r\nIntegrityLevel: Medium\r\nHashes: SHA256=E3D6E64CA42426F3347DEDCEE3A2C094E51B93BF69738FFBF801F69852195CB2\r\nParentProcessGuid: {bc083af7-bfe0-68f9-1a08-000000001400}\r\nParentProcessId: 11348\r\nParentImage: C:\\Program Files (x86)\\Common Files\\Adobe\\ARM\\1.0\\AdobeARM.exe\r\nParentCommandLine: \"C:\\Program Files (x86)\\Common Files\\Adobe\\ARM\\1.0\\AdobeARM.exe\"\r\nParentUser: UNICORN\\ASUS",
        "Properties":  [
                           "-",
                           "2025-10-23 05:40:48.822",
                           "bc083af7-bfe0-68f9-2008-000000001400",
                           16724,
                           "C:\\Program Files\\Adobe\\Acrobat DC\\Acrobat\\ADNotificationManager.exe",
                           "25.1.20756.0",
                           "Adobe Acrobat",
                           "Adobe Acrobat",
                           "Adobe",
                           "ADNotificationManager.exe",
                           "\"C:\\Program Files\\Adobe\\Acrobat DC\\Acrobat\\ADNotificationManager.exe\" -CollabSync",
                           "C:\\Windows\\system32\\",
                           "UNICORN\\ASUS",
                           "bc083af7-ab66-68f9-1689-2f0000000000",
                           3115286,
                           2,
                           "Medium",
                           "SHA256=E3D6E64CA42426F3347DEDCEE3A2C094E51B93BF69738FFBF801F69852195CB2",
                           "bc083af7-bfe0-68f9-1a08-000000001400",
                           11348,
                           "C:\\Program Files (x86)\\Common Files\\Adobe\\ARM\\1.0\\AdobeARM.exe",
                           "\"C:\\Program Files (x86)\\Common Files\\Adobe\\ARM\\1.0\\AdobeARM.exe\"",
                           "UNICORN\\ASUS"
                       ],
        "RecordId":  24646
    },
    {
        "TimeCreated":  "\/Date(1761198048322)\/",
        "Id":  1,
        "Level":  "Information",
        "Message":  "Process Create:\r\nRuleName: -\r\nUtcTime: 2025-10-23 05:40:48.313\r\nProcessGuid: {bc083af7-bfe0-68f9-1f08-000000001400}\r\nProcessId: 16788\r\nImage: C:\\Windows\\System32\\svchost.exe\r\nFileVersion: 10.0.26100.5074 (WinBuild.160101.0800)\r\nDescription: Host Process for Windows Services\r\nProduct: Microsoft® Windows® Operating System\r\nCompany: Microsoft Corporation\r\nOriginalFileName: svchost.exe\r\nCommandLine: C:\\Windows\\system32\\svchost.exe -k GPSvcGroup\r\nCurrentDirectory: C:\\Windows\\system32\\\r\nUser: NT AUTHORITY\\SYSTEM\r\nLogonGuid: {bc083af7-09f3-68f9-e703-000000000000}\r\nLogonId: 0x3E7\r\nTerminalSessionId: 0\r\nIntegrityLevel: System\r\nHashes: SHA256=53A39B900E3BFBF384ACD13F0FC2329FA8D42B61E993D8ED5ADF3A1428005D26\r\nParentProcessGuid: {bc083af7-09f3-68f9-0c00-000000001400}\r\nParentProcessId: 1540\r\nParentImage: C:\\Windows\\System32\\services.exe\r\nParentCommandLine: C:\\Windows\\system32\\services.exe\r\nParentUser: NT AUTHORITY\\SYSTEM",
        "Properties":  [
                           "-",
                           "2025-10-23 05:40:48.313",
                           "bc083af7-bfe0-68f9-1f08-000000001400",
                           16788,
                           "C:\\Windows\\System32\\svchost.exe",
                           "10.0.26100.5074 (WinBuild.160101.0800)",
                           "Host Process for Windows Services",
                           "Microsoft® Windows® Operating System",
                           "Microsoft Corporation",
                           "svchost.exe",
                           "C:\\Windows\\system32\\svchost.exe -k GPSvcGroup",
                           "C:\\Windows\\system32\\",
                           "NT AUTHORITY\\SYSTEM",
                           "bc083af7-09f3-68f9-e703-000000000000",
                           999,
                           0,
                           "System",
                           "SHA256=53A39B900E3BFBF384ACD13F0FC2329FA8D42B61E993D8ED5ADF3A1428005D26",
                           "bc083af7-09f3-68f9-0c00-000000001400",
                           1540,
                           "C:\\Windows\\System32\\services.exe",
                           "C:\\Windows\\system32\\services.exe",
                           "NT AUTHORITY\\SYSTEM"
                       ],
        "RecordId":  24645
    },
    {
        "TimeCreated":  "\/Date(1761198048286)\/",
        "Id":  1,
        "Level":  "Information",
        "Message":  "Process Create:\r\nRuleName: -\r\nUtcTime: 2025-10-23 05:40:48.276\r\nProcessGuid: {bc083af7-bfe0-68f9-1e08-000000001400}\r\nProcessId: 11940\r\nImage: C:\\Program Files\\Adobe\\Acrobat DC\\Acrobat\\Acrobat.exe\r\nFileVersion: 25.1.20756.0\r\nDescription: Adobe Acrobat \r\nProduct: Adobe Acrobat\r\nCompany: Adobe Systems Incorporated\r\nOriginalFileName: Acrobat.exe\r\nCommandLine: \"C:\\Program Files\\Adobe\\Acrobat DC\\Acrobat\\Acrobat.exe\" --type=renderer /prefetch:1  /l /slMode\r\nCurrentDirectory: C:\\Windows\\system32\\\r\nUser: UNICORN\\ASUS\r\nLogonGuid: {bc083af7-ab66-68f9-1689-2f0000000000}\r\nLogonId: 0x2F8916\r\nTerminalSessionId: 2\r\nIntegrityLevel: AppContainer\r\nHashes: SHA256=D7A2EC486F5513C82A19E8D4F3C48741B1253ADFD7534E3A575E98421519B208\r\nParentProcessGuid: {bc083af7-bfe0-68f9-1c08-000000001400}\r\nParentProcessId: 16708\r\nParentImage: C:\\Program Files\\Adobe\\Acrobat DC\\Acrobat\\Acrobat.exe\r\nParentCommandLine: \"C:\\Program Files\\Adobe\\Acrobat DC\\Acrobat\\Acrobat.exe\" /l /slMode\r\nParentUser: UNICORN\\ASUS",
        "Properties":  [
                           "-",
                           "2025-10-23 05:40:48.276",
                           "bc083af7-bfe0-68f9-1e08-000000001400",
                           11940,
                           "C:\\Program Files\\Adobe\\Acrobat DC\\Acrobat\\Acrobat.exe",
                           "25.1.20756.0",
                           "Adobe Acrobat ",
                           "Adobe Acrobat",
                           "Adobe Systems Incorporated",
                           "Acrobat.exe",
                           "\"C:\\Program Files\\Adobe\\Acrobat DC\\Acrobat\\Acrobat.exe\" --type=renderer /prefetch:1  /l /slMode",
                           "C:\\Windows\\system32\\",
                           "UNICORN\\ASUS",
                           "bc083af7-ab66-68f9-1689-2f0000000000",
                           3115286,
                           2,
                           "AppContainer",
                           "SHA256=D7A2EC486F5513C82A19E8D4F3C48741B1253ADFD7534E3A575E98421519B208",
                           "bc083af7-bfe0-68f9-1c08-000000001400",
                           16708,
                           "C:\\Program Files\\Adobe\\Acrobat DC\\Acrobat\\Acrobat.exe",
                           "\"C:\\Program Files\\Adobe\\Acrobat DC\\Acrobat\\Acrobat.exe\" /l /slMode",
                           "UNICORN\\ASUS"
                       ],
        "RecordId":  24644
    },
    {
        "TimeCreated":  "\/Date(1761198048240)\/",
        "Id":  5,
        "Level":  "Information",
        "Message":  "Process terminated:\r\nRuleName: -\r\nUtcTime: 2025-10-23 05:40:48.239\r\nProcessGuid: {bc083af7-bfe0-68f9-1b08-000000001400}\r\nProcessId: 26668\r\nImage: C:\\Program Files\\Adobe\\Acrobat DC\\Acrobat\\acrobat_sl.exe\r\nUser: UNICORN\\ASUS",
        "Properties":  [
                           "-",
                           "2025-10-23 05:40:48.239",
                           "bc083af7-bfe0-68f9-1b08-000000001400",
                           26668,
                           "C:\\Program Files\\Adobe\\Acrobat DC\\Acrobat\\acrobat_sl.exe",
                           "UNICORN\\ASUS"
                       ],
        "RecordId":  24643
    },
    {
        "TimeCreated":  "\/Date(1761198048235)\/",
        "Id":  1,
        "Level":  "Information",
        "Message":  "Process Create:\r\nRuleName: -\r\nUtcTime: 2025-10-23 05:40:48.221\r\nProcessGuid: {bc083af7-bfe0-68f9-1d08-000000001400}\r\nProcessId: 27372\r\nImage: C:\\Program Files\\Adobe\\Acrobat DC\\Acrobat\\acrocef_1\\AcroCEF.exe\r\nFileVersion: 25.1.20756.0\r\nDescription: Adobe AcroCEF\r\nProduct: Adobe AcroCEF\r\nCompany: Adobe Systems Incorporated\r\nOriginalFileName: AcroCEF.exe\r\nCommandLine: \"C:\\Program Files\\Adobe\\Acrobat DC\\Acrobat\\acrocef_1\\AcroCEF.exe\" --slMode\r\nCurrentDirectory: C:\\Windows\\system32\\\r\nUser: UNICORN\\ASUS\r\nLogonGuid: {bc083af7-ab66-68f9-1689-2f0000000000}\r\nLogonId: 0x2F8916\r\nTerminalSessionId: 2\r\nIntegrityLevel: Medium\r\nHashes: SHA256=DC5828DC1B6DD82AF742D308DC5E2EC24FB18678D355783605D6B96D9612B4ED\r\nParentProcessGuid: {bc083af7-bfe0-68f9-1b08-000000001400}\r\nParentProcessId: 26668\r\nParentImage: C:\\Program Files\\Adobe\\Acrobat DC\\Acrobat\\acrobat_sl.exe\r\nParentCommandLine: \"C:\\Program Files\\Adobe\\Acrobat DC\\Acrobat\\Acrobat_sl.exe\" \r\nParentUser: UNICORN\\ASUS",
        "Properties":  [
                           "-",
                           "2025-10-23 05:40:48.221",
                           "bc083af7-bfe0-68f9-1d08-000000001400",
                           27372,
                           "C:\\Program Files\\Adobe\\Acrobat DC\\Acrobat\\acrocef_1\\AcroCEF.exe",
                           "25.1.20756.0",
                           "Adobe AcroCEF",
                           "Adobe AcroCEF",
                           "Adobe Systems Incorporated",
                           "AcroCEF.exe",
                           "\"C:\\Program Files\\Adobe\\Acrobat DC\\Acrobat\\acrocef_1\\AcroCEF.exe\" --slMode",
                           "C:\\Windows\\system32\\",
                           "UNICORN\\ASUS",
                           "bc083af7-ab66-68f9-1689-2f0000000000",
                           3115286,
                           2,
                           "Medium",
                           "SHA256=DC5828DC1B6DD82AF742D308DC5E2EC24FB18678D355783605D6B96D9612B4ED",
                           "bc083af7-bfe0-68f9-1b08-000000001400",
                           26668,
                           "C:\\Program Files\\Adobe\\Acrobat DC\\Acrobat\\acrobat_sl.exe",
                           "\"C:\\Program Files\\Adobe\\Acrobat DC\\Acrobat\\Acrobat_sl.exe\" ",
                           "UNICORN\\ASUS"
                       ],
        "RecordId":  24642
    },
    {
        "TimeCreated":  "\/Date(1761198048203)\/",
        "Id":  1,
        "Level":  "Information",
        "Message":  "Process Create:\r\nRuleName: -\r\nUtcTime: 2025-10-23 05:40:48.184\r\nProcessGuid: {bc083af7-bfe0-68f9-1c08-000000001400}\r\nProcessId: 16708\r\nImage: C:\\Program Files\\Adobe\\Acrobat DC\\Acrobat\\Acrobat.exe\r\nFileVersion: 25.1.20756.0\r\nDescription: Adobe Acrobat \r\nProduct: Adobe Acrobat\r\nCompany: Adobe Systems Incorporated\r\nOriginalFileName: Acrobat.exe\r\nCommandLine: \"C:\\Program Files\\Adobe\\Acrobat DC\\Acrobat\\Acrobat.exe\" /l /slMode\r\nCurrentDirectory: C:\\Windows\\system32\\\r\nUser: UNICORN\\ASUS\r\nLogonGuid: {bc083af7-ab66-68f9-1689-2f0000000000}\r\nLogonId: 0x2F8916\r\nTerminalSessionId: 2\r\nIntegrityLevel: Medium\r\nHashes: SHA256=D7A2EC486F5513C82A19E8D4F3C48741B1253ADFD7534E3A575E98421519B208\r\nParentProcessGuid: {bc083af7-bfe0-68f9-1b08-000000001400}\r\nParentProcessId: 26668\r\nParentImage: C:\\Program Files\\Adobe\\Acrobat DC\\Acrobat\\acrobat_sl.exe\r\nParentCommandLine: \"C:\\Program Files\\Adobe\\Acrobat DC\\Acrobat\\Acrobat_sl.exe\" \r\nParentUser: UNICORN\\ASUS",
        "Properties":  [
                           "-",
                           "2025-10-23 05:40:48.184",
                           "bc083af7-bfe0-68f9-1c08-000000001400",
                           16708,
                           "C:\\Program Files\\Adobe\\Acrobat DC\\Acrobat\\Acrobat.exe",
                           "25.1.20756.0",
                           "Adobe Acrobat ",
                           "Adobe Acrobat",
                           "Adobe Systems Incorporated",
                           "Acrobat.exe",
                           "\"C:\\Program Files\\Adobe\\Acrobat DC\\Acrobat\\Acrobat.exe\" /l /slMode",
                           "C:\\Windows\\system32\\",
                           "UNICORN\\ASUS",
                           "bc083af7-ab66-68f9-1689-2f0000000000",
                           3115286,
                           2,
                           "Medium",
                           "SHA256=D7A2EC486F5513C82A19E8D4F3C48741B1253ADFD7534E3A575E98421519B208",
                           "bc083af7-bfe0-68f9-1b08-000000001400",
                           26668,
                           "C:\\Program Files\\Adobe\\Acrobat DC\\Acrobat\\acrobat_sl.exe",
                           "\"C:\\Program Files\\Adobe\\Acrobat DC\\Acrobat\\Acrobat_sl.exe\" ",
                           "UNICORN\\ASUS"
                       ],
        "RecordId":  24641
    },
    {
        "TimeCreated":  "\/Date(1761198048175)\/",
        "Id":  1,
        "Level":  "Information",
        "Message":  "Process Create:\r\nRuleName: -\r\nUtcTime: 2025-10-23 05:40:48.166\r\nProcessGuid: {bc083af7-bfe0-68f9-1b08-000000001400}\r\nProcessId: 26668\r\nImage: C:\\Program Files\\Adobe\\Acrobat DC\\Acrobat\\acrobat_sl.exe\r\nFileVersion: 24.5.20320.0\r\nDescription: Adobe Acrobat SpeedLauncher\r\nProduct: Adobe Acrobat\r\nCompany: Adobe Systems Incorporated\r\nOriginalFileName: AcroSpeedLaunch.exe\r\nCommandLine: \"C:\\Program Files\\Adobe\\Acrobat DC\\Acrobat\\Acrobat_sl.exe\" \r\nCurrentDirectory: C:\\Windows\\system32\\\r\nUser: UNICORN\\ASUS\r\nLogonGuid: {bc083af7-ab66-68f9-1689-2f0000000000}\r\nLogonId: 0x2F8916\r\nTerminalSessionId: 2\r\nIntegrityLevel: Medium\r\nHashes: SHA256=AB727EDAE31FB5223C788B9C2DEBD8AA7687C530A1F66B3BFC2DCA91A603C934\r\nParentProcessGuid: {bc083af7-bfe0-68f9-1a08-000000001400}\r\nParentProcessId: 11348\r\nParentImage: C:\\Program Files (x86)\\Common Files\\Adobe\\ARM\\1.0\\AdobeARM.exe\r\nParentCommandLine: \"C:\\Program Files (x86)\\Common Files\\Adobe\\ARM\\1.0\\AdobeARM.exe\"\r\nParentUser: UNICORN\\ASUS",
        "Properties":  [
                           "-",
                           "2025-10-23 05:40:48.166",
                           "bc083af7-bfe0-68f9-1b08-000000001400",
                           26668,
                           "C:\\Program Files\\Adobe\\Acrobat DC\\Acrobat\\acrobat_sl.exe",
                           "24.5.20320.0",
                           "Adobe Acrobat SpeedLauncher",
                           "Adobe Acrobat",
                           "Adobe Systems Incorporated",
                           "AcroSpeedLaunch.exe",
                           "\"C:\\Program Files\\Adobe\\Acrobat DC\\Acrobat\\Acrobat_sl.exe\" ",
                           "C:\\Windows\\system32\\",
                           "UNICORN\\ASUS",
                           "bc083af7-ab66-68f9-1689-2f0000000000",
                           3115286,
                           2,
                           "Medium",
                           "SHA256=AB727EDAE31FB5223C788B9C2DEBD8AA7687C530A1F66B3BFC2DCA91A603C934",
                           "bc083af7-bfe0-68f9-1a08-000000001400",
                           11348,
                           "C:\\Program Files (x86)\\Common Files\\Adobe\\ARM\\1.0\\AdobeARM.exe",
                           "\"C:\\Program Files (x86)\\Common Files\\Adobe\\ARM\\1.0\\AdobeARM.exe\"",
                           "UNICORN\\ASUS"
                       ],
        "RecordId":  24640
    },
    {
        "TimeCreated":  "\/Date(1761198048052)\/",
        "Id":  1,
        "Level":  "Information",
        "Message":  "Process Create:\r\nRuleName: -\r\nUtcTime: 2025-10-23 05:40:48.000\r\nProcessGuid: {bc083af7-bfe0-68f9-1a08-000000001400}\r\nProcessId: 11348\r\nImage: C:\\Program Files (x86)\\Common Files\\Adobe\\ARM\\1.0\\AdobeARM.exe\r\nFileVersion: 1.824.460.1120\r\nDescription: Adobe Reader and Acrobat Manager\r\nProduct: Adobe Reader and Acrobat Manager\r\nCompany: Adobe Inc.\r\nOriginalFileName: AdobeARM.exe\r\nCommandLine: \"C:\\Program Files (x86)\\Common Files\\Adobe\\ARM\\1.0\\AdobeARM.exe\"\r\nCurrentDirectory: C:\\Windows\\system32\\\r\nUser: UNICORN\\ASUS\r\nLogonGuid: {bc083af7-ab66-68f9-1689-2f0000000000}\r\nLogonId: 0x2F8916\r\nTerminalSessionId: 2\r\nIntegrityLevel: Medium\r\nHashes: SHA256=C9CF066D3CA9A840BF908DB506ED92B0FBB51FA012A2FBB1F79B12D094B4911F\r\nParentProcessGuid: {bc083af7-09f4-68f9-2f00-000000001400}\r\nParentProcessId: 3272\r\nParentImage: C:\\Windows\\System32\\svchost.exe\r\nParentCommandLine: C:\\Windows\\system32\\svchost.exe -k netsvcs -p -s Schedule\r\nParentUser: NT AUTHORITY\\SYSTEM",
        "Properties":  [
                           "-",
                           "2025-10-23 05:40:48.000",
                           "bc083af7-bfe0-68f9-1a08-000000001400",
                           11348,
                           "C:\\Program Files (x86)\\Common Files\\Adobe\\ARM\\1.0\\AdobeARM.exe",
                           "1.824.460.1120",
                           "Adobe Reader and Acrobat Manager",
                           "Adobe Reader and Acrobat Manager",
                           "Adobe Inc.",
                           "AdobeARM.exe",
                           "\"C:\\Program Files (x86)\\Common Files\\Adobe\\ARM\\1.0\\AdobeARM.exe\"",
                           "C:\\Windows\\system32\\",
                           "UNICORN\\ASUS",
                           "bc083af7-ab66-68f9-1689-2f0000000000",
                           3115286,
                           2,
                           "Medium",
                           "SHA256=C9CF066D3CA9A840BF908DB506ED92B0FBB51FA012A2FBB1F79B12D094B4911F",
                           "bc083af7-09f4-68f9-2f00-000000001400",
                           3272,
                           "C:\\Windows\\System32\\svchost.exe",
                           "C:\\Windows\\system32\\svchost.exe -k netsvcs -p -s Schedule",
                           "NT AUTHORITY\\SYSTEM"
                       ],
        "RecordId":  24639
    },
    {
        "TimeCreated":  "\/Date(1761198026919)\/",
        "Id":  5,
        "Level":  "Information",
        "Message":  "Process terminated:\r\nRuleName: -\r\nUtcTime: 2025-10-23 05:40:26.918\r\nProcessGuid: {bc083af7-be9d-68f9-f007-000000001400}\r\nProcessId: 18604\r\nImage: C:\\Windows\\System32\\smartscreen.exe\r\nUser: UNICORN\\ASUS",
        "Properties":  [
                           "-",
                           "2025-10-23 05:40:26.918",
                           "bc083af7-be9d-68f9-f007-000000001400",
                           18604,
                           "C:\\Windows\\System32\\smartscreen.exe",
                           "UNICORN\\ASUS"
                       ],
        "RecordId":  24638
    },
    {
        "TimeCreated":  "\/Date(1761197917306)\/",
        "Id":  5,
        "Level":  "Information",
        "Message":  "Process terminated:\r\nRuleName: -\r\nUtcTime: 2025-10-23 05:38:37.306\r\nProcessGuid: {bc083af7-bd05-68f9-8907-000000001400}\r\nProcessId: 25808\r\nImage: C:\\Windows\\System32\\svchost.exe\r\nUser: NT AUTHORITY\\SYSTEM",
        "Properties":  [
                           "-",
                           "2025-10-23 05:38:37.306",
                           "bc083af7-bd05-68f9-8907-000000001400",
                           25808,
                           "C:\\Windows\\System32\\svchost.exe",
                           "NT AUTHORITY\\SYSTEM"
                       ],
        "RecordId":  24637
    },
    {
        "TimeCreated":  "\/Date(1761197884956)\/",
        "Id":  5,
        "Level":  "Information",
        "Message":  "Process terminated:\r\nRuleName: -\r\nUtcTime: 2025-10-23 05:38:04.955\r\nProcessGuid: {bc083af7-bf3c-68f9-1808-000000001400}\r\nProcessId: 25072\r\nImage: C:\\Windows\\System32\\conhost.exe\r\nUser: UNICORN\\ASUS",
        "Properties":  [
                           "-",
                           "2025-10-23 05:38:04.955",
                           "bc083af7-bf3c-68f9-1808-000000001400",
                           25072,
                           "C:\\Windows\\System32\\conhost.exe",
                           "UNICORN\\ASUS"
                       ],
        "RecordId":  24636
    },
    {
        "TimeCreated":  "\/Date(1761197884955)\/",
        "Id":  5,
        "Level":  "Information",
        "Message":  "Process terminated:\r\nRuleName: -\r\nUtcTime: 2025-10-23 05:38:04.954\r\nProcessGuid: {bc083af7-bf3c-68f9-1708-000000001400}\r\nProcessId: 13916\r\nImage: C:\\Program Files\\Git\\cmd\\git.exe\r\nUser: UNICORN\\ASUS",
        "Properties":  [
                           "-",
                           "2025-10-23 05:38:04.954",
                           "bc083af7-bf3c-68f9-1708-000000001400",
                           13916,
                           "C:\\Program Files\\Git\\cmd\\git.exe",
                           "UNICORN\\ASUS"
                       ],
        "RecordId":  24635
    },
    {
        "TimeCreated":  "\/Date(1761197884953)\/",
        "Id":  5,
        "Level":  "Information",
        "Message":  "Process terminated:\r\nRuleName: -\r\nUtcTime: 2025-10-23 05:38:04.953\r\nProcessGuid: {bc083af7-bf3c-68f9-1908-000000001400}\r\nProcessId: 25660\r\nImage: C:\\Program Files\\Git\\mingw64\\bin\\git.exe\r\nUser: UNICORN\\ASUS",
        "Properties":  [
                           "-",
                           "2025-10-23 05:38:04.953",
                           "bc083af7-bf3c-68f9-1908-000000001400",
                           25660,
                           "C:\\Program Files\\Git\\mingw64\\bin\\git.exe",
                           "UNICORN\\ASUS"
                       ],
        "RecordId":  24634
    },
    {
        "TimeCreated":  "\/Date(1761197884937)\/",
        "Id":  1,
        "Level":  "Information",
        "Message":  "Process Create:\r\nRuleName: -\r\nUtcTime: 2025-10-23 05:38:04.928\r\nProcessGuid: {bc083af7-bf3c-68f9-1908-000000001400}\r\nProcessId: 25660\r\nImage: C:\\Program Files\\Git\\mingw64\\bin\\git.exe\r\nFileVersion: 2.51.0.windows.2\r\nDescription: Git for Windows\r\nProduct: Git\r\nCompany: The Git Development Community\r\nOriginalFileName: git.exe\r\nCommandLine: git.exe check-ignore -v -z --stdin\r\nCurrentDirectory: D:\\ThreatSphere\\\r\nUser: UNICORN\\ASUS\r\nLogonGuid: {bc083af7-ab66-68f9-1689-2f0000000000}\r\nLogonId: 0x2F8916\r\nTerminalSessionId: 2\r\nIntegrityLevel: Medium\r\nHashes: SHA256=E996432581A70DF2E7AAAC5DB71E3811EC0DAA7F93A8BA73FE6DB6F9941F4BF9\r\nParentProcessGuid: {bc083af7-bf3c-68f9-1708-000000001400}\r\nParentProcessId: 13916\r\nParentImage: C:\\Program Files\\Git\\cmd\\git.exe\r\nParentCommandLine: \"C:\\Program Files\\Git\\cmd\\git.exe\" check-ignore -v -z --stdin\r\nParentUser: UNICORN\\ASUS",
        "Properties":  [
                           "-",
                           "2025-10-23 05:38:04.928",
                           "bc083af7-bf3c-68f9-1908-000000001400",
                           25660,
                           "C:\\Program Files\\Git\\mingw64\\bin\\git.exe",
                           "2.51.0.windows.2",
                           "Git for Windows",
                           "Git",
                           "The Git Development Community",
                           "git.exe",
                           "git.exe check-ignore -v -z --stdin",
                           "D:\\ThreatSphere\\",
                           "UNICORN\\ASUS",
                           "bc083af7-ab66-68f9-1689-2f0000000000",
                           3115286,
                           2,
                           "Medium",
                           "SHA256=E996432581A70DF2E7AAAC5DB71E3811EC0DAA7F93A8BA73FE6DB6F9941F4BF9",
                           "bc083af7-bf3c-68f9-1708-000000001400",
                           13916,
                           "C:\\Program Files\\Git\\cmd\\git.exe",
                           "\"C:\\Program Files\\Git\\cmd\\git.exe\" check-ignore -v -z --stdin",
                           "UNICORN\\ASUS"
                       ],
        "RecordId":  24633
    },
    {
        "TimeCreated":  "\/Date(1761197884915)\/",
        "Id":  1,
        "Level":  "Information",
        "Message":  "Process Create:\r\nRuleName: -\r\nUtcTime: 2025-10-23 05:38:04.906\r\nProcessGuid: {bc083af7-bf3c-68f9-1808-000000001400}\r\nProcessId: 25072\r\nImage: C:\\Windows\\System32\\conhost.exe\r\nFileVersion: 10.0.26100.6725 (WinBuild.160101.0800)\r\nDescription: Console Window Host\r\nProduct: Microsoft® Windows® Operating System\r\nCompany: Microsoft Corporation\r\nOriginalFileName: CONHOST.EXE\r\nCommandLine: \\??\\C:\\Windows\\system32\\conhost.exe 0xffffffff -ForceV1\r\nCurrentDirectory: C:\\Windows\r\nUser: UNICORN\\ASUS\r\nLogonGuid: {bc083af7-ab66-68f9-1689-2f0000000000}\r\nLogonId: 0x2F8916\r\nTerminalSessionId: 2\r\nIntegrityLevel: Medium\r\nHashes: SHA256=9326E22D619CE662B6A585D02947537F844A280645F22674DD3B8A47DFFF094A\r\nParentProcessGuid: {bc083af7-bf3c-68f9-1708-000000001400}\r\nParentProcessId: 13916\r\nParentImage: C:\\Program Files\\Git\\cmd\\git.exe\r\nParentCommandLine: \"C:\\Program Files\\Git\\cmd\\git.exe\" check-ignore -v -z --stdin\r\nParentUser: UNICORN\\ASUS",
        "Properties":  [
                           "-",
                           "2025-10-23 05:38:04.906",
                           "bc083af7-bf3c-68f9-1808-000000001400",
                           25072,
                           "C:\\Windows\\System32\\conhost.exe",
                           "10.0.26100.6725 (WinBuild.160101.0800)",
                           "Console Window Host",
                           "Microsoft® Windows® Operating System",
                           "Microsoft Corporation",
                           "CONHOST.EXE",
                           "\\??\\C:\\Windows\\system32\\conhost.exe 0xffffffff -ForceV1",
                           "C:\\Windows",
                           "UNICORN\\ASUS",
                           "bc083af7-ab66-68f9-1689-2f0000000000",
                           3115286,
                           2,
                           "Medium",
                           "SHA256=9326E22D619CE662B6A585D02947537F844A280645F22674DD3B8A47DFFF094A",
                           "bc083af7-bf3c-68f9-1708-000000001400",
                           13916,
                           "C:\\Program Files\\Git\\cmd\\git.exe",
                           "\"C:\\Program Files\\Git\\cmd\\git.exe\" check-ignore -v -z --stdin",
                           "UNICORN\\ASUS"
                       ],
        "RecordId":  24632
    },
    {
        "TimeCreated":  "\/Date(1761197884908)\/",
        "Id":  5,
        "Level":  "Information",
        "Message":  "Process terminated:\r\nRuleName: -\r\nUtcTime: 2025-10-23 05:38:04.907\r\nProcessGuid: {bc083af7-bf38-68f9-1608-000000001400}\r\nProcessId: 27100\r\nImage: C:\\Program Files\\McAfee\\WebAdvisor\\updater.exe\r\nUser: NT AUTHORITY\\SYSTEM",
        "Properties":  [
                           "-",
                           "2025-10-23 05:38:04.907",
                           "bc083af7-bf38-68f9-1608-000000001400",
                           27100,
                           "C:\\Program Files\\McAfee\\WebAdvisor\\updater.exe",
                           "NT AUTHORITY\\SYSTEM"
                       ],
        "RecordId":  24631
    },
    {
        "TimeCreated":  "\/Date(1761197884904)\/",
        "Id":  1,
        "Level":  "Information",
        "Message":  "Process Create:\r\nRuleName: -\r\nUtcTime: 2025-10-23 05:38:04.895\r\nProcessGuid: {bc083af7-bf3c-68f9-1708-000000001400}\r\nProcessId: 13916\r\nImage: C:\\Program Files\\Git\\cmd\\git.exe\r\nFileVersion: 2.51.0.windows.2\r\nDescription: Git for Windows\r\nProduct: Git\r\nCompany: The Git Development Community\r\nOriginalFileName: git.exe\r\nCommandLine: \"C:\\Program Files\\Git\\cmd\\git.exe\" check-ignore -v -z --stdin\r\nCurrentDirectory: D:\\ThreatSphere\\\r\nUser: UNICORN\\ASUS\r\nLogonGuid: {bc083af7-ab66-68f9-1689-2f0000000000}\r\nLogonId: 0x2F8916\r\nTerminalSessionId: 2\r\nIntegrityLevel: Medium\r\nHashes: SHA256=EE3D2A38093C3680745A5C973488F5BB78A16F010145D5CDC7470A7395C9E7E8\r\nParentProcessGuid: {bc083af7-abd6-68f9-7c03-000000001400}\r\nParentProcessId: 24844\r\nParentImage: C:\\Users\\ASUS\\AppData\\Local\\Programs\\Microsoft VS Code\\Code.exe\r\nParentCommandLine: \"C:\\Users\\ASUS\\AppData\\Local\\Programs\\Microsoft VS Code\\Code.exe\" --type=utility --utility-sub-type=node.mojom.NodeService --lang=en-US --service-sandbox-type=none --dns-result-order=ipv4first --experimental-network-inspection --inspect-port=0 --video-capture-use-gpu-memory-buffer --user-data-dir=\"C:\\Users\\ASUS\\AppData\\Roaming\\Code\" --standard-schemes=vscode-webview,vscode-file --enable-sandbox --secure-schemes=vscode-webview,vscode-file --cors-schemes=vscode-webview,vscode-file --fetch-schemes=vscode-webview,vscode-file --service-worker-schemes=vscode-webview --code-cache-schemes=vscode-webview,vscode-file --field-trial-handle=1736,i,12426189760977132178,9862129789206227926,262144 --enable-features=DocumentPolicyIncludeJSCallStacksInCrashReports,EarlyEstablishGpuChannel,EnableTransparentHwndEnlargement,EstablishGpuChannelAsync --disable-features=CalculateNativeWinOcclusion,FontationsLinuxSystemFonts,ScreenAIOCREnabled,SpareRendererForSitePerProcess,WinDelaySpellcheckServiceInit --variations-seed-version --mojo-platform-channel-handle=3724 /prefetch:14\r\nParentUser: UNICORN\\ASUS",
        "Properties":  [
                           "-",
                           "2025-10-23 05:38:04.895",
                           "bc083af7-bf3c-68f9-1708-000000001400",
                           13916,
                           "C:\\Program Files\\Git\\cmd\\git.exe",
                           "2.51.0.windows.2",
                           "Git for Windows",
                           "Git",
                           "The Git Development Community",
                           "git.exe",
                           "\"C:\\Program Files\\Git\\cmd\\git.exe\" check-ignore -v -z --stdin",
                           "D:\\ThreatSphere\\",
                           "UNICORN\\ASUS",
                           "bc083af7-ab66-68f9-1689-2f0000000000",
                           3115286,
                           2,
                           "Medium",
                           "SHA256=EE3D2A38093C3680745A5C973488F5BB78A16F010145D5CDC7470A7395C9E7E8",
                           "bc083af7-abd6-68f9-7c03-000000001400",
                           24844,
                           "C:\\Users\\ASUS\\AppData\\Local\\Programs\\Microsoft VS Code\\Code.exe",
                           "\"C:\\Users\\ASUS\\AppData\\Local\\Programs\\Microsoft VS Code\\Code.exe\" --type=utility --utility-sub-type=node.mojom.NodeService --lang=en-US --service-sandbox-type=none --dns-result-order=ipv4first --experimental-network-inspection --inspect-port=0 --video-capture-use-gpu-memory-buffer --user-data-dir=\"C:\\Users\\ASUS\\AppData\\Roaming\\Code\" --standard-schemes=vscode-webview,vscode-file --enable-sandbox --secure-schemes=vscode-webview,vscode-file --cors-schemes=vscode-webview,vscode-file --fetch-schemes=vscode-webview,vscode-file --service-worker-schemes=vscode-webview --code-cache-schemes=vscode-webview,vscode-file --field-trial-handle=1736,i,12426189760977132178,9862129789206227926,262144 --enable-features=DocumentPolicyIncludeJSCallStacksInCrashReports,EarlyEstablishGpuChannel,EnableTransparentHwndEnlargement,EstablishGpuChannelAsync --disable-features=CalculateNativeWinOcclusion,FontationsLinuxSystemFonts,ScreenAIOCREnabled,SpareRendererForSitePerProcess,WinDelaySpellcheckServiceInit --variations-seed-version --mojo-platform-channel-handle=3724 /prefetch:14",
                           "UNICORN\\ASUS"
                       ],
        "RecordId":  24630
    },
    {
        "TimeCreated":  "\/Date(1761197880110)\/",
        "Id":  1,
        "Level":  "Information",
        "Message":  "Process Create:\r\nRuleName: -\r\nUtcTime: 2025-10-23 05:38:00.104\r\nProcessGuid: {bc083af7-bf38-68f9-1608-000000001400}\r\nProcessId: 27100\r\nImage: C:\\Program Files\\McAfee\\WebAdvisor\\updater.exe\r\nFileVersion: 4,1,1,1073\r\nDescription: McAfee WebAdvisor(updater)\r\nProduct: McAfee WebAdvisor\r\nCompany: McAfee, LLC\r\nOriginalFileName: Updater.exe\r\nCommandLine: \"C:\\Program Files\\McAfee\\WebAdvisor\\updater.exe\" \r\nCurrentDirectory: C:\\Windows\\system32\\\r\nUser: NT AUTHORITY\\SYSTEM\r\nLogonGuid: {bc083af7-09f3-68f9-e703-000000000000}\r\nLogonId: 0x3E7\r\nTerminalSessionId: 0\r\nIntegrityLevel: System\r\nHashes: SHA256=CF216725563F0812A1FDB4A75080FDED8E65996DA5E13C18F14D7073582BE382\r\nParentProcessGuid: {bc083af7-09f4-68f9-6700-000000001400}\r\nParentProcessId: 5132\r\nParentImage: C:\\Program Files\\McAfee\\WebAdvisor\\servicehost.exe\r\nParentCommandLine: \"C:\\Program Files\\McAfee\\WebAdvisor\\ServiceHost.exe\"\r\nParentUser: NT AUTHORITY\\SYSTEM",
        "Properties":  [
                           "-",
                           "2025-10-23 05:38:00.104",
                           "bc083af7-bf38-68f9-1608-000000001400",
                           27100,
                           "C:\\Program Files\\McAfee\\WebAdvisor\\updater.exe",
                           "4,1,1,1073",
                           "McAfee WebAdvisor(updater)",
                           "McAfee WebAdvisor",
                           "McAfee, LLC",
                           "Updater.exe",
                           "\"C:\\Program Files\\McAfee\\WebAdvisor\\updater.exe\" ",
                           "C:\\Windows\\system32\\",
                           "NT AUTHORITY\\SYSTEM",
                           "bc083af7-09f3-68f9-e703-000000000000",
                           999,
                           0,
                           "System",
                           "SHA256=CF216725563F0812A1FDB4A75080FDED8E65996DA5E13C18F14D7073582BE382",
                           "bc083af7-09f4-68f9-6700-000000001400",
                           5132,
                           "C:\\Program Files\\McAfee\\WebAdvisor\\servicehost.exe",
                           "\"C:\\Program Files\\McAfee\\WebAdvisor\\ServiceHost.exe\"",
                           "NT AUTHORITY\\SYSTEM"
                       ],
        "RecordId":  24629
    },
    {
        "TimeCreated":  "\/Date(1761197864161)\/",
        "Id":  5,
        "Level":  "Information",
        "Message":  "Process terminated:\r\nRuleName: -\r\nUtcTime: 2025-10-23 05:37:44.159\r\nProcessGuid: {bc083af7-bf28-68f9-1308-000000001400}\r\nProcessId: 3840\r\nImage: C:\\Windows\\System32\\conhost.exe\r\nUser: UNICORN\\ASUS",
        "Properties":  [
                           "-",
                           "2025-10-23 05:37:44.159",
                           "bc083af7-bf28-68f9-1308-000000001400",
                           3840,
                           "C:\\Windows\\System32\\conhost.exe",
                           "UNICORN\\ASUS"
                       ],
        "RecordId":  24628
    }
]
