    {
        "TimeCreated":  "\/Date(1761199811282)\/",
        "Id":  1,
        "Level":  "Information",
        "Message":  "Process Create:\r\nRuleName: -\r\nUtcTime: 2025-10-23 06:10:11.270\r\nProcessGuid: {bc083af7-c6c3-68f9-f608-000000001400}\r\nProcessId: 24884\r\nImage: C:\\Windows\\System32\\audiodg.exe\r\nFileVersion: 10.0.26100.6725 (WinBuild.160101.0800)\r\nDescription: Windows Audio Device Graph Isolation \r\nProduct: Microsoft® Windows® Operating System\r\nCompany: Microsoft Corporation\r\nOriginalFileName: audioadg.exe\r\nCommandLine: C:\\Windows\\system32\\AUDIODG.EXE 0x000000000000051C 0x00000000000002EC\r\nCurrentDirectory: C:\\Windows\\system32\\\r\nUser: NT AUTHORITY\\LOCAL SERVICE\r\nLogonGuid: {bc083af7-09f3-68f9-e503-000000000000}\r\nLogonId: 0x3E5\r\nTerminalSessionId: 0\r\nIntegrityLevel: System\r\nHashes: SHA256=39AB5CE23DCB3B0171238EB9AF319D7F4309F77FFDB311F1118970537AA53E21\r\nParentProcessGuid: {bc083af7-09f4-68f9-3d00-000000001400}\r\nParentProcessId: 3880\r\nParentImage: C:\\Windows\\System32\\svchost.exe\r\nParentCommandLine: C:\\Windows\\System32\\svchost.exe -k LocalServiceNetworkRestricted -p\r\nParentUser: NT AUTHORITY\\LOCAL SERVICE",
        "Properties":  [
                           "-",
                           "2025-10-23 06:10:11.270",
                           "bc083af7-c6c3-68f9-f608-000000001400",
                           24884,
                           "C:\\Windows\\System32\\audiodg.exe",
                           "10.0.26100.6725 (WinBuild.160101.0800)",
                           "Windows Audio Device Graph Isolation ",
                           "Microsoft® Windows® Operating System",
                           "Microsoft Corporation",
                           "audioadg.exe",
                           "C:\\Windows\\system32\\AUDIODG.EXE 0x000000000000051C 0x00000000000002EC",
                           "C:\\Windows\\system32\\",
                           "NT AUTHORITY\\LOCAL SERVICE",
                           "bc083af7-09f3-68f9-e503-000000000000",
                           997,
                           0,
                           "System",
                           "SHA256=39AB5CE23DCB3B0171238EB9AF319D7F4309F77FFDB311F1118970537AA53E21",
                           "bc083af7-09f4-68f9-3d00-000000001400",
                           3880,
                           "C:\\Windows\\System32\\svchost.exe",
                           "C:\\Windows\\System32\\svchost.exe -k LocalServiceNetworkRestricted -p",
                           "NT AUTHORITY\\LOCAL SERVICE"
                       ],
        "RecordId":  25068
    },
    {
        "TimeCreated":  "\/Date(1761199811177)\/",
        "Id":  1,
        "Level":  "Information",
        "Message":  "Process Create:\r\nRuleName: -\r\nUtcTime: 2025-10-23 06:10:11.162\r\nProcessGuid: {bc083af7-c6c3-68f9-f508-000000001400}\r\nProcessId: 26820\r\nImage: C:\\Windows\\System32\\ctfmon.exe\r\nFileVersion: 10.0.26100.3624 (WinBuild.160101.0800)\r\nDescription: CTF Loader\r\nProduct: Microsoft® Windows® Operating System\r\nCompany: Microsoft Corporation\r\nOriginalFileName: CTFMON.EXE\r\nCommandLine: /QuitInfo:00000000000001E8;0000000000000264; \r\nCurrentDirectory: C:\\Windows\\system32\\\r\nUser: NT AUTHORITY\\SYSTEM\r\nLogonGuid: {bc083af7-09f3-68f9-e703-000000000000}\r\nLogonId: 0x3E7\r\nTerminalSessionId: 2\r\nIntegrityLevel: System\r\nHashes: SHA256=F219F0975E70935D0BD4898BC568B146603C1D2E07ECE027F5E5B5E4EAD203D5\r\nParentProcessGuid: {bc083af7-09f4-68f9-3e00-000000001400}\r\nParentProcessId: 3916\r\nParentImage: C:\\Windows\\System32\\svchost.exe\r\nParentCommandLine: C:\\Windows\\System32\\svchost.exe -k LocalSystemNetworkRestricted -p -s TextInputManagementService\r\nParentUser: NT AUTHORITY\\SYSTEM",
        "Properties":  [
                           "-",
                           "2025-10-23 06:10:11.162",
                           "bc083af7-c6c3-68f9-f508-000000001400",
                           26820,
                           "C:\\Windows\\System32\\ctfmon.exe",
                           "10.0.26100.3624 (WinBuild.160101.0800)",
                           "CTF Loader",
                           "Microsoft® Windows® Operating System",
                           "Microsoft Corporation",
                           "CTFMON.EXE",
                           "/QuitInfo:00000000000001E8;0000000000000264; ",
                           "C:\\Windows\\system32\\",
                           "NT AUTHORITY\\SYSTEM",
                           "bc083af7-09f3-68f9-e703-000000000000",
                           999,
                           2,
                           "System",
                           "SHA256=F219F0975E70935D0BD4898BC568B146603C1D2E07ECE027F5E5B5E4EAD203D5",
                           "bc083af7-09f4-68f9-3e00-000000001400",
                           3916,
                           "C:\\Windows\\System32\\svchost.exe",
                           "C:\\Windows\\System32\\svchost.exe -k LocalSystemNetworkRestricted -p -s TextInputManagementService",
                           "NT AUTHORITY\\SYSTEM"
                       ],
        "RecordId":  25067
    },
    {
        "TimeCreated":  "\/Date(1761199811071)\/",
        "Id":  1,
        "Level":  "Information",
        "Message":  "Process Create:\r\nRuleName: -\r\nUtcTime: 2025-10-23 06:10:11.060\r\nProcessGuid: {bc083af7-c6c3-68f9-f408-000000001400}\r\nProcessId: 10588\r\nImage: C:\\Windows\\System32\\consent.exe\r\nFileVersion: 10.0.26100.6725 (WinBuild.160101.0800)\r\nDescription: Consent UI for administrative applications\r\nProduct: Microsoft® Windows® Operating System\r\nCompany: Microsoft Corporation\r\nOriginalFileName: consent.exe\r\nCommandLine: consent.exe 12108 604 0000023A11146890\r\nCurrentDirectory: C:\\Windows\\system32\\\r\nUser: NT AUTHORITY\\SYSTEM\r\nLogonGuid: {bc083af7-09f3-68f9-e703-000000000000}\r\nLogonId: 0x3E7\r\nTerminalSessionId: 2\r\nIntegrityLevel: System\r\nHashes: SHA256=4D7EB515BA115DFBBB1A68AA346B8DB0C6AB7B418E01F52F49610067CE0EE812\r\nParentProcessGuid: {bc083af7-0a07-68f9-1301-000000001400}\r\nParentProcessId: 12108\r\nParentImage: C:\\Windows\\System32\\svchost.exe\r\nParentCommandLine: C:\\Windows\\system32\\svchost.exe -k netsvcs -p -s Appinfo\r\nParentUser: NT AUTHORITY\\SYSTEM",
        "Properties":  [
                           "-",
                           "2025-10-23 06:10:11.060",
                           "bc083af7-c6c3-68f9-f408-000000001400",
                           10588,
                           "C:\\Windows\\System32\\consent.exe",
                           "10.0.26100.6725 (WinBuild.160101.0800)",
                           "Consent UI for administrative applications",
                           "Microsoft® Windows® Operating System",
                           "Microsoft Corporation",
                           "consent.exe",
                           "consent.exe 12108 604 0000023A11146890",
                           "C:\\Windows\\system32\\",
                           "NT AUTHORITY\\SYSTEM",
                           "bc083af7-09f3-68f9-e703-000000000000",
                           999,
                           2,
                           "System",
                           "SHA256=4D7EB515BA115DFBBB1A68AA346B8DB0C6AB7B418E01F52F49610067CE0EE812",
                           "bc083af7-0a07-68f9-1301-000000001400",
                           12108,
                           "C:\\Windows\\System32\\svchost.exe",
                           "C:\\Windows\\system32\\svchost.exe -k netsvcs -p -s Appinfo",
                           "NT AUTHORITY\\SYSTEM"
                       ],
        "RecordId":  25066
    },
    {
        "TimeCreated":  "\/Date(1761199810994)\/",
        "Id":  1,
        "Level":  "Information",
        "Message":  "Process Create:\r\nRuleName: -\r\nUtcTime: 2025-10-23 06:10:10.983\r\nProcessGuid: {bc083af7-c6c2-68f9-f308-000000001400}\r\nProcessId: 15216\r\nImage: C:\\Windows\\System32\\smartscreen.exe\r\nFileVersion: 10.0.26100.5074 (WinBuild.160101.0800)\r\nDescription: Windows Defender SmartScreen\r\nProduct: Microsoft® Windows® Operating System\r\nCompany: Microsoft Corporation\r\nOriginalFileName: smartscreen.exe\r\nCommandLine: C:\\Windows\\System32\\smartscreen.exe -Embedding\r\nCurrentDirectory: C:\\Windows\\system32\\\r\nUser: UNICORN\\ASUS\r\nLogonGuid: {bc083af7-ab66-68f9-1689-2f0000000000}\r\nLogonId: 0x2F8916\r\nTerminalSessionId: 2\r\nIntegrityLevel: Medium\r\nHashes: SHA256=045BFD198B5B7559819F3EC3392C533C875BCDEB89055D5E37CAB566C8FA4174\r\nParentProcessGuid: {bc083af7-09f3-68f9-0f00-000000001400}\r\nParentProcessId: 1728\r\nParentImage: C:\\Windows\\System32\\svchost.exe\r\nParentCommandLine: C:\\Windows\\system32\\svchost.exe -k DcomLaunch -p\r\nParentUser: NT AUTHORITY\\SYSTEM",
        "Properties":  [
                           "-",
                           "2025-10-23 06:10:10.983",
                           "bc083af7-c6c2-68f9-f308-000000001400",
                           15216,
                           "C:\\Windows\\System32\\smartscreen.exe",
                           "10.0.26100.5074 (WinBuild.160101.0800)",
                           "Windows Defender SmartScreen",
                           "Microsoft® Windows® Operating System",
                           "Microsoft Corporation",
                           "smartscreen.exe",
                           "C:\\Windows\\System32\\smartscreen.exe -Embedding",
                           "C:\\Windows\\system32\\",
                           "UNICORN\\ASUS",
                           "bc083af7-ab66-68f9-1689-2f0000000000",
                           3115286,
                           2,
                           "Medium",
                           "SHA256=045BFD198B5B7559819F3EC3392C533C875BCDEB89055D5E37CAB566C8FA4174",
                           "bc083af7-09f3-68f9-0f00-000000001400",
                           1728,
                           "C:\\Windows\\System32\\svchost.exe",
                           "C:\\Windows\\system32\\svchost.exe -k DcomLaunch -p",
                           "NT AUTHORITY\\SYSTEM"
                       ],
        "RecordId":  25065
    },
    {
        "TimeCreated":  "\/Date(1761199810837)\/",
        "Id":  1,
        "Level":  "Information",
        "Message":  "Process Create:\r\nRuleName: -\r\nUtcTime: 2025-10-23 06:10:10.829\r\nProcessGuid: {bc083af7-c6c2-68f9-f208-000000001400}\r\nProcessId: 4596\r\nImage: C:\\Windows\\System32\\dllhost.exe\r\nFileVersion: 10.0.26100.1150 (WinBuild.160101.0800)\r\nDescription: COM Surrogate\r\nProduct: Microsoft® Windows® Operating System\r\nCompany: Microsoft Corporation\r\nOriginalFileName: dllhost.exe\r\nCommandLine: \"C:\\Windows\\system32\\DllHost.exe\" /Processid:{CA6CC9F1-867A-481E-951E-A28C5E4F01EA}\r\nCurrentDirectory: C:\\Windows\\system32\\\r\nUser: UNICORN\\ASUS\r\nLogonGuid: {bc083af7-ab66-68f9-1689-2f0000000000}\r\nLogonId: 0x2F8916\r\nTerminalSessionId: 2\r\nIntegrityLevel: Medium\r\nHashes: SHA256=50C9C2EDEA6C51F1AAD2DD80A59F4EDB32637F51714F8472D216E5B9BDACDABF\r\nParentProcessGuid: {bc083af7-09f3-68f9-0f00-000000001400}\r\nParentProcessId: 1728\r\nParentImage: C:\\Windows\\System32\\svchost.exe\r\nParentCommandLine: C:\\Windows\\system32\\svchost.exe -k DcomLaunch -p\r\nParentUser: NT AUTHORITY\\SYSTEM",
        "Properties":  [
                           "-",
                           "2025-10-23 06:10:10.829",
                           "bc083af7-c6c2-68f9-f208-000000001400",
                           4596,
                           "C:\\Windows\\System32\\dllhost.exe",
                           "10.0.26100.1150 (WinBuild.160101.0800)",
                           "COM Surrogate",
                           "Microsoft® Windows® Operating System",
                           "Microsoft Corporation",
                           "dllhost.exe",
                           "\"C:\\Windows\\system32\\DllHost.exe\" /Processid:{CA6CC9F1-867A-481E-951E-A28C5E4F01EA}",
                           "C:\\Windows\\system32\\",
                           "UNICORN\\ASUS",
                           "bc083af7-ab66-68f9-1689-2f0000000000",
                           3115286,
                           2,
                           "Medium",
                           "SHA256=50C9C2EDEA6C51F1AAD2DD80A59F4EDB32637F51714F8472D216E5B9BDACDABF",
                           "bc083af7-09f3-68f9-0f00-000000001400",
                           1728,
                           "C:\\Windows\\System32\\svchost.exe",
                           "C:\\Windows\\system32\\svchost.exe -k DcomLaunch -p",
                           "NT AUTHORITY\\SYSTEM"
                       ],
        "RecordId":  25064
    },
    {
        "TimeCreated":  "\/Date(1761199810730)\/",
        "Id":  1,
        "Level":  "Information",
        "Message":  "Process Create:\r\nRuleName: -\r\nUtcTime: 2025-10-23 06:10:10.722\r\nProcessGuid: {bc083af7-c6c2-68f9-f108-000000001400}\r\nProcessId: 25860\r\nImage: C:\\Windows\\System32\\dllhost.exe\r\nFileVersion: 10.0.26100.1150 (WinBuild.160101.0800)\r\nDescription: COM Surrogate\r\nProduct: Microsoft® Windows® Operating System\r\nCompany: Microsoft Corporation\r\nOriginalFileName: dllhost.exe\r\nCommandLine: \"C:\\Windows\\system32\\DllHost.exe\" /Processid:{5250E46F-BB09-D602-5891-F476DC89B700}\r\nCurrentDirectory: C:\\Windows\\system32\\\r\nUser: UNICORN\\ASUS\r\nLogonGuid: {bc083af7-ab66-68f9-1689-2f0000000000}\r\nLogonId: 0x2F8916\r\nTerminalSessionId: 2\r\nIntegrityLevel: Medium\r\nHashes: SHA256=50C9C2EDEA6C51F1AAD2DD80A59F4EDB32637F51714F8472D216E5B9BDACDABF\r\nParentProcessGuid: {bc083af7-09f3-68f9-0f00-000000001400}\r\nParentProcessId: 1728\r\nParentImage: C:\\Windows\\System32\\svchost.exe\r\nParentCommandLine: C:\\Windows\\system32\\svchost.exe -k DcomLaunch -p\r\nParentUser: NT AUTHORITY\\SYSTEM",
        "Properties":  [
                           "-",
                           "2025-10-23 06:10:10.722",
                           "bc083af7-c6c2-68f9-f108-000000001400",
                           25860,
                           "C:\\Windows\\System32\\dllhost.exe",
                           "10.0.26100.1150 (WinBuild.160101.0800)",
                           "COM Surrogate",
                           "Microsoft® Windows® Operating System",
                           "Microsoft Corporation",
                           "dllhost.exe",
                           "\"C:\\Windows\\system32\\DllHost.exe\" /Processid:{5250E46F-BB09-D602-5891-F476DC89B700}",
                           "C:\\Windows\\system32\\",
                           "UNICORN\\ASUS",
                           "bc083af7-ab66-68f9-1689-2f0000000000",
                           3115286,
                           2,
                           "Medium",
                           "SHA256=50C9C2EDEA6C51F1AAD2DD80A59F4EDB32637F51714F8472D216E5B9BDACDABF",
                           "bc083af7-09f3-68f9-0f00-000000001400",
                           1728,
                           "C:\\Windows\\System32\\svchost.exe",
                           "C:\\Windows\\system32\\svchost.exe -k DcomLaunch -p",
                           "NT AUTHORITY\\SYSTEM"
                       ],
        "RecordId":  25063
    },
    {
        "TimeCreated":  "\/Date(1761199810707)\/",
        "Id":  5,
        "Level":  "Information",
        "Message":  "Process terminated:\r\nRuleName: -\r\nUtcTime: 2025-10-23 06:10:10.706\r\nProcessGuid: {bc083af7-c6c2-68f9-f008-000000001400}\r\nProcessId: 5124\r\nImage: C:\\Windows\\System32\\rundll32.exe\r\nUser: UNICORN\\ASUS",
        "Properties":  [
                           "-",
                           "2025-10-23 06:10:10.706",
                           "bc083af7-c6c2-68f9-f008-000000001400",
                           5124,
                           "C:\\Windows\\System32\\rundll32.exe",
                           "UNICORN\\ASUS"
                       ],
        "RecordId":  25062
    },
    {
        "TimeCreated":  "\/Date(1761199810690)\/",
        "Id":  1,
        "Level":  "Information",
        "Message":  "Process Create:\r\nRuleName: -\r\nUtcTime: 2025-10-23 06:10:10.681\r\nProcessGuid: {bc083af7-c6c2-68f9-f008-000000001400}\r\nProcessId: 5124\r\nImage: C:\\Windows\\System32\\rundll32.exe\r\nFileVersion: 10.0.26100.5074 (WinBuild.160101.0800)\r\nDescription: Windows host process (Rundll32)\r\nProduct: Microsoft® Windows® Operating System\r\nCompany: Microsoft Corporation\r\nOriginalFileName: RUNDLL32.EXE\r\nCommandLine: C:\\Windows\\System32\\rundll32.exe shell32.dll,SHCreateLocalServerRunDll {c82192ee-6cb5-4bc0-9ef0-fb818773790a} -Embedding\r\nCurrentDirectory: C:\\Windows\\system32\\\r\nUser: UNICORN\\ASUS\r\nLogonGuid: {bc083af7-ab66-68f9-1689-2f0000000000}\r\nLogonId: 0x2F8916\r\nTerminalSessionId: 2\r\nIntegrityLevel: Medium\r\nHashes: SHA256=2370D904F3C18A68638B3AAEDF17B2C68306E98A784EB1F21985C4E880FF1D2D\r\nParentProcessGuid: {bc083af7-09f3-68f9-0f00-000000001400}\r\nParentProcessId: 1728\r\nParentImage: C:\\Windows\\System32\\svchost.exe\r\nParentCommandLine: C:\\Windows\\system32\\svchost.exe -k DcomLaunch -p\r\nParentUser: NT AUTHORITY\\SYSTEM",
        "Properties":  [
                           "-",
                           "2025-10-23 06:10:10.681",
                           "bc083af7-c6c2-68f9-f008-000000001400",
                           5124,
                           "C:\\Windows\\System32\\rundll32.exe",
                           "10.0.26100.5074 (WinBuild.160101.0800)",
                           "Windows host process (Rundll32)",
                           "Microsoft® Windows® Operating System",
                           "Microsoft Corporation",
                           "RUNDLL32.EXE",
                           "C:\\Windows\\System32\\rundll32.exe shell32.dll,SHCreateLocalServerRunDll {c82192ee-6cb5-4bc0-9ef0-fb818773790a} -Embedding",
                           "C:\\Windows\\system32\\",
                           "UNICORN\\ASUS",
                           "bc083af7-ab66-68f9-1689-2f0000000000",
                           3115286,
                           2,
                           "Medium",
                           "SHA256=2370D904F3C18A68638B3AAEDF17B2C68306E98A784EB1F21985C4E880FF1D2D",
                           "bc083af7-09f3-68f9-0f00-000000001400",
                           1728,
                           "C:\\Windows\\System32\\svchost.exe",
                           "C:\\Windows\\system32\\svchost.exe -k DcomLaunch -p",
                           "NT AUTHORITY\\SYSTEM"
                       ],
        "RecordId":  25061
    },
    {
        "TimeCreated":  "\/Date(1761199806993)\/",
        "Id":  1,
        "Level":  "Information",
        "Message":  "Process Create:\r\nRuleName: -\r\nUtcTime: 2025-10-23 06:10:06.984\r\nProcessGuid: {bc083af7-c6be-68f9-ef08-000000001400}\r\nProcessId: 15968\r\nImage: C:\\Windows\\System32\\RuntimeBroker.exe\r\nFileVersion: 10.0.26100.5074 (WinBuild.160101.0800)\r\nDescription: Runtime Broker\r\nProduct: Microsoft® Windows® Operating System\r\nCompany: Microsoft Corporation\r\nOriginalFileName: RuntimeBroker.exe\r\nCommandLine: C:\\Windows\\System32\\RuntimeBroker.exe -Embedding\r\nCurrentDirectory: C:\\Windows\\system32\\\r\nUser: UNICORN\\ASUS\r\nLogonGuid: {bc083af7-ab66-68f9-1689-2f0000000000}\r\nLogonId: 0x2F8916\r\nTerminalSessionId: 2\r\nIntegrityLevel: Medium\r\nHashes: SHA256=DBF90B115CFC26B5A59DD5BF9C20D94A11FFE9D2F979831EBF7CF496EEECBD0E\r\nParentProcessGuid: {bc083af7-09f3-68f9-0f00-000000001400}\r\nParentProcessId: 1728\r\nParentImage: C:\\Windows\\System32\\svchost.exe\r\nParentCommandLine: C:\\Windows\\system32\\svchost.exe -k DcomLaunch -p\r\nParentUser: NT AUTHORITY\\SYSTEM",
        "Properties":  [
                           "-",
                           "2025-10-23 06:10:06.984",
                           "bc083af7-c6be-68f9-ef08-000000001400",
                           15968,
                           "C:\\Windows\\System32\\RuntimeBroker.exe",
                           "10.0.26100.5074 (WinBuild.160101.0800)",
                           "Runtime Broker",
                           "Microsoft® Windows® Operating System",
                           "Microsoft Corporation",
                           "RuntimeBroker.exe",
                           "C:\\Windows\\System32\\RuntimeBroker.exe -Embedding",
                           "C:\\Windows\\system32\\",
                           "UNICORN\\ASUS",
                           "bc083af7-ab66-68f9-1689-2f0000000000",
                           3115286,
                           2,
                           "Medium",
                           "SHA256=DBF90B115CFC26B5A59DD5BF9C20D94A11FFE9D2F979831EBF7CF496EEECBD0E",
                           "bc083af7-09f3-68f9-0f00-000000001400",
                           1728,
                           "C:\\Windows\\System32\\svchost.exe",
                           "C:\\Windows\\system32\\svchost.exe -k DcomLaunch -p",
                           "NT AUTHORITY\\SYSTEM"
                       ],
        "RecordId":  25060
    },
    {
        "TimeCreated":  "\/Date(1761199806951)\/",
        "Id":  1,
        "Level":  "Information",
        "Message":  "Process Create:\r\nRuleName: -\r\nUtcTime: 2025-10-23 06:10:06.942\r\nProcessGuid: {bc083af7-c6be-68f9-ee08-000000001400}\r\nProcessId: 27308\r\nImage: C:\\Windows\\System32\\backgroundTaskHost.exe\r\nFileVersion: 10.0.26100.1 (WinBuild.160101.0800)\r\nDescription: Background Task Host\r\nProduct: Microsoft® Windows® Operating System\r\nCompany: Microsoft Corporation\r\nOriginalFileName: backgroundTaskHost.exe\r\nCommandLine: \"C:\\Windows\\system32\\backgroundTaskHost.exe\" -ServerName:App.AppX53ypgrj20bgndg05hj3tc7z654myszwp.mca\r\nCurrentDirectory: C:\\Windows\\SystemApps\\Microsoft.Windows.StartMenuExperienceHost_cw5n1h2txyewy\\\r\nUser: UNICORN\\ASUS\r\nLogonGuid: {bc083af7-ab66-68f9-1689-2f0000000000}\r\nLogonId: 0x2F8916\r\nTerminalSessionId: 2\r\nIntegrityLevel: AppContainer\r\nHashes: SHA256=B7D2C17E0038945AA4B72AE7A89E54D29B04CCC0FEB62DF5C9B7B67DE43C2530\r\nParentProcessGuid: {bc083af7-09f3-68f9-0f00-000000001400}\r\nParentProcessId: 1728\r\nParentImage: C:\\Windows\\System32\\svchost.exe\r\nParentCommandLine: C:\\Windows\\system32\\svchost.exe -k DcomLaunch -p\r\nParentUser: NT AUTHORITY\\SYSTEM",
        "Properties":  [
                           "-",
                           "2025-10-23 06:10:06.942",
                           "bc083af7-c6be-68f9-ee08-000000001400",
                           27308,
                           "C:\\Windows\\System32\\backgroundTaskHost.exe",
                           "10.0.26100.1 (WinBuild.160101.0800)",
                           "Background Task Host",
                           "Microsoft® Windows® Operating System",
                           "Microsoft Corporation",
                           "backgroundTaskHost.exe",
                           "\"C:\\Windows\\system32\\backgroundTaskHost.exe\" -ServerName:App.AppX53ypgrj20bgndg05hj3tc7z654myszwp.mca",
                           "C:\\Windows\\SystemApps\\Microsoft.Windows.StartMenuExperienceHost_cw5n1h2txyewy\\",
                           "UNICORN\\ASUS",
                           "bc083af7-ab66-68f9-1689-2f0000000000",
                           3115286,
                           2,
                           "AppContainer",
                           "SHA256=B7D2C17E0038945AA4B72AE7A89E54D29B04CCC0FEB62DF5C9B7B67DE43C2530",
                           "bc083af7-09f3-68f9-0f00-000000001400",
                           1728,
                           "C:\\Windows\\System32\\svchost.exe",
                           "C:\\Windows\\system32\\svchost.exe -k DcomLaunch -p",
                           "NT AUTHORITY\\SYSTEM"
                       ],
        "RecordId":  25059
    },
    {
        "TimeCreated":  "\/Date(1761199806900)\/",
        "Id":  1,
        "Level":  "Information",
        "Message":  "Process Create:\r\nRuleName: -\r\nUtcTime: 2025-10-23 06:10:06.896\r\nProcessGuid: {bc083af7-c6be-68f9-ed08-000000001400}\r\nProcessId: 19268\r\nImage: C:\\Windows\\System32\\svchost.exe\r\nFileVersion: 10.0.26100.5074 (WinBuild.160101.0800)\r\nDescription: Host Process for Windows Services\r\nProduct: Microsoft® Windows® Operating System\r\nCompany: Microsoft Corporation\r\nOriginalFileName: svchost.exe\r\nCommandLine: C:\\Windows\\system32\\svchost.exe -k wsappx -p -s AppXSvc\r\nCurrentDirectory: C:\\Windows\\system32\\\r\nUser: NT AUTHORITY\\SYSTEM\r\nLogonGuid: {bc083af7-09f3-68f9-e703-000000000000}\r\nLogonId: 0x3E7\r\nTerminalSessionId: 0\r\nIntegrityLevel: System\r\nHashes: SHA256=53A39B900E3BFBF384ACD13F0FC2329FA8D42B61E993D8ED5ADF3A1428005D26\r\nParentProcessGuid: {bc083af7-09f3-68f9-0c00-000000001400}\r\nParentProcessId: 1540\r\nParentImage: C:\\Windows\\System32\\services.exe\r\nParentCommandLine: C:\\Windows\\system32\\services.exe\r\nParentUser: NT AUTHORITY\\SYSTEM",
        "Properties":  [
                           "-",
                           "2025-10-23 06:10:06.896",
                           "bc083af7-c6be-68f9-ed08-000000001400",
                           19268,
                           "C:\\Windows\\System32\\svchost.exe",
                           "10.0.26100.5074 (WinBuild.160101.0800)",
                           "Host Process for Windows Services",
                           "Microsoft® Windows® Operating System",
                           "Microsoft Corporation",
                           "svchost.exe",
                           "C:\\Windows\\system32\\svchost.exe -k wsappx -p -s AppXSvc",
                           "C:\\Windows\\system32\\",
                           "NT AUTHORITY\\SYSTEM",
                           "bc083af7-09f3-68f9-e703-000000000000",
                           999,
                           0,
                           "System",
                           "SHA256=53A39B900E3BFBF384ACD13F0FC2329FA8D42B61E993D8ED5ADF3A1428005D26",
                           "bc083af7-09f3-68f9-0c00-000000001400",
                           1540,
                           "C:\\Windows\\System32\\services.exe",
                           "C:\\Windows\\system32\\services.exe",
                           "NT AUTHORITY\\SYSTEM"
                       ],
        "RecordId":  25058
    },
    {
        "TimeCreated":  "\/Date(1761199806804)\/",
        "Id":  1,
        "Level":  "Information",
        "Message":  "Process Create:\r\nRuleName: -\r\nUtcTime: 2025-10-23 06:10:06.788\r\nProcessGuid: {bc083af7-c6be-68f9-ec08-000000001400}\r\nProcessId: 8448\r\nImage: C:\\Windows\\System32\\RuntimeBroker.exe\r\nFileVersion: 10.0.26100.5074 (WinBuild.160101.0800)\r\nDescription: Runtime Broker\r\nProduct: Microsoft® Windows® Operating System\r\nCompany: Microsoft Corporation\r\nOriginalFileName: RuntimeBroker.exe\r\nCommandLine: C:\\Windows\\System32\\RuntimeBroker.exe -Embedding\r\nCurrentDirectory: C:\\Windows\\system32\\\r\nUser: UNICORN\\ASUS\r\nLogonGuid: {bc083af7-ab66-68f9-1689-2f0000000000}\r\nLogonId: 0x2F8916\r\nTerminalSessionId: 2\r\nIntegrityLevel: Medium\r\nHashes: SHA256=DBF90B115CFC26B5A59DD5BF9C20D94A11FFE9D2F979831EBF7CF496EEECBD0E\r\nParentProcessGuid: {bc083af7-09f3-68f9-0f00-000000001400}\r\nParentProcessId: 1728\r\nParentImage: C:\\Windows\\System32\\svchost.exe\r\nParentCommandLine: C:\\Windows\\system32\\svchost.exe -k DcomLaunch -p\r\nParentUser: NT AUTHORITY\\SYSTEM",
        "Properties":  [
                           "-",
                           "2025-10-23 06:10:06.788",
                           "bc083af7-c6be-68f9-ec08-000000001400",
                           8448,
                           "C:\\Windows\\System32\\RuntimeBroker.exe",
                           "10.0.26100.5074 (WinBuild.160101.0800)",
                           "Runtime Broker",
                           "Microsoft® Windows® Operating System",
                           "Microsoft Corporation",
                           "RuntimeBroker.exe",
                           "C:\\Windows\\System32\\RuntimeBroker.exe -Embedding",
                           "C:\\Windows\\system32\\",
                           "UNICORN\\ASUS",
                           "bc083af7-ab66-68f9-1689-2f0000000000",
                           3115286,
                           2,
                           "Medium",
                           "SHA256=DBF90B115CFC26B5A59DD5BF9C20D94A11FFE9D2F979831EBF7CF496EEECBD0E",
                           "bc083af7-09f3-68f9-0f00-000000001400",
                           1728,
                           "C:\\Windows\\System32\\svchost.exe",
                           "C:\\Windows\\system32\\svchost.exe -k DcomLaunch -p",
                           "NT AUTHORITY\\SYSTEM"
                       ],
        "RecordId":  25057
    },
    {
        "TimeCreated":  "\/Date(1761199806680)\/",
        "Id":  1,
        "Level":  "Information",
        "Message":  "Process Create:\r\nRuleName: -\r\nUtcTime: 2025-10-23 06:10:06.671\r\nProcessGuid: {bc083af7-c6be-68f9-eb08-000000001400}\r\nProcessId: 22652\r\nImage: C:\\Windows\\System32\\backgroundTaskHost.exe\r\nFileVersion: 10.0.26100.1 (WinBuild.160101.0800)\r\nDescription: Background Task Host\r\nProduct: Microsoft® Windows® Operating System\r\nCompany: Microsoft Corporation\r\nOriginalFileName: backgroundTaskHost.exe\r\nCommandLine: \"C:\\Windows\\system32\\backgroundTaskHost.exe\" -ServerName:App.AppXe9cvj1thv1hmcw0cs98xm3r97tyzy2xs.mca\r\nCurrentDirectory: C:\\Program Files\\WindowsApps\\Microsoft.WindowsStore_22509.1401.11.0_x64__8wekyb3d8bbwe\\\r\nUser: UNICORN\\ASUS\r\nLogonGuid: {bc083af7-ab66-68f9-1689-2f0000000000}\r\nLogonId: 0x2F8916\r\nTerminalSessionId: 2\r\nIntegrityLevel: AppContainer\r\nHashes: SHA256=B7D2C17E0038945AA4B72AE7A89E54D29B04CCC0FEB62DF5C9B7B67DE43C2530\r\nParentProcessGuid: {bc083af7-09f3-68f9-0f00-000000001400}\r\nParentProcessId: 1728\r\nParentImage: C:\\Windows\\System32\\svchost.exe\r\nParentCommandLine: C:\\Windows\\system32\\svchost.exe -k DcomLaunch -p\r\nParentUser: NT AUTHORITY\\SYSTEM",
        "Properties":  [
                           "-",
                           "2025-10-23 06:10:06.671",
                           "bc083af7-c6be-68f9-eb08-000000001400",
                           22652,
                           "C:\\Windows\\System32\\backgroundTaskHost.exe",
                           "10.0.26100.1 (WinBuild.160101.0800)",
                           "Background Task Host",
                           "Microsoft® Windows® Operating System",
                           "Microsoft Corporation",
                           "backgroundTaskHost.exe",
                           "\"C:\\Windows\\system32\\backgroundTaskHost.exe\" -ServerName:App.AppXe9cvj1thv1hmcw0cs98xm3r97tyzy2xs.mca",
                           "C:\\Program Files\\WindowsApps\\Microsoft.WindowsStore_22509.1401.11.0_x64__8wekyb3d8bbwe\\",
                           "UNICORN\\ASUS",
                           "bc083af7-ab66-68f9-1689-2f0000000000",
                           3115286,
                           2,
                           "AppContainer",
                           "SHA256=B7D2C17E0038945AA4B72AE7A89E54D29B04CCC0FEB62DF5C9B7B67DE43C2530",
                           "bc083af7-09f3-68f9-0f00-000000001400",
                           1728,
                           "C:\\Windows\\System32\\svchost.exe",
                           "C:\\Windows\\system32\\svchost.exe -k DcomLaunch -p",
                           "NT AUTHORITY\\SYSTEM"
                       ],
        "RecordId":  25056
    },
    {
        "TimeCreated":  "\/Date(1761199801562)\/",
        "Id":  5,
        "Level":  "Information",
        "Message":  "Process terminated:\r\nRuleName: -\r\nUtcTime: 2025-10-23 06:10:01.562\r\nProcessGuid: {bc083af7-c6b9-68f9-ea08-000000001400}\r\nProcessId: 18848\r\nImage: C:\\Windows\\System32\\backgroundTaskHost.exe\r\nUser: UNICORN\\ASUS",
        "Properties":  [
                           "-",
                           "2025-10-23 06:10:01.562",
                           "bc083af7-c6b9-68f9-ea08-000000001400",
                           18848,
                           "C:\\Windows\\System32\\backgroundTaskHost.exe",
                           "UNICORN\\ASUS"
                       ],
        "RecordId":  25055
    },
    {
        "TimeCreated":  "\/Date(1761199801459)\/",
        "Id":  1,
        "Level":  "Information",
        "Message":  "Process Create:\r\nRuleName: -\r\nUtcTime: 2025-10-23 06:10:01.446\r\nProcessGuid: {bc083af7-c6b9-68f9-ea08-000000001400}\r\nProcessId: 18848\r\nImage: C:\\Windows\\System32\\backgroundTaskHost.exe\r\nFileVersion: 10.0.26100.1 (WinBuild.160101.0800)\r\nDescription: Background Task Host\r\nProduct: Microsoft® Windows® Operating System\r\nCompany: Microsoft Corporation\r\nOriginalFileName: backgroundTaskHost.exe\r\nCommandLine: \"C:\\Windows\\system32\\BackgroundTaskHost.exe\" -ServerName:BackgroundTaskHost.WebAccountProvider\r\nCurrentDirectory: C:\\Windows\\SystemApps\\Microsoft.AAD.BrokerPlugin_cw5n1h2txyewy\\\r\nUser: UNICORN\\ASUS\r\nLogonGuid: {bc083af7-ab66-68f9-1689-2f0000000000}\r\nLogonId: 0x2F8916\r\nTerminalSessionId: 2\r\nIntegrityLevel: AppContainer\r\nHashes: SHA256=B7D2C17E0038945AA4B72AE7A89E54D29B04CCC0FEB62DF5C9B7B67DE43C2530\r\nParentProcessGuid: {bc083af7-09f3-68f9-0f00-000000001400}\r\nParentProcessId: 1728\r\nParentImage: C:\\Windows\\System32\\svchost.exe\r\nParentCommandLine: C:\\Windows\\system32\\svchost.exe -k DcomLaunch -p\r\nParentUser: NT AUTHORITY\\SYSTEM",
        "Properties":  [
                           "-",
                           "2025-10-23 06:10:01.446",
                           "bc083af7-c6b9-68f9-ea08-000000001400",
                           18848,
                           "C:\\Windows\\System32\\backgroundTaskHost.exe",
                           "10.0.26100.1 (WinBuild.160101.0800)",
                           "Background Task Host",
                           "Microsoft® Windows® Operating System",
                           "Microsoft Corporation",
                           "backgroundTaskHost.exe",
                           "\"C:\\Windows\\system32\\BackgroundTaskHost.exe\" -ServerName:BackgroundTaskHost.WebAccountProvider",
                           "C:\\Windows\\SystemApps\\Microsoft.AAD.BrokerPlugin_cw5n1h2txyewy\\",
                           "UNICORN\\ASUS",
                           "bc083af7-ab66-68f9-1689-2f0000000000",
                           3115286,
                           2,
                           "AppContainer",
                           "SHA256=B7D2C17E0038945AA4B72AE7A89E54D29B04CCC0FEB62DF5C9B7B67DE43C2530",
                           "bc083af7-09f3-68f9-0f00-000000001400",
                           1728,
                           "C:\\Windows\\System32\\svchost.exe",
                           "C:\\Windows\\system32\\svchost.exe -k DcomLaunch -p",
                           "NT AUTHORITY\\SYSTEM"
                       ],
        "RecordId":  25054
    },
    {
        "TimeCreated":  "\/Date(1761199801420)\/",
        "Id":  1,
        "Level":  "Information",
        "Message":  "Process Create:\r\nRuleName: -\r\nUtcTime: 2025-10-23 06:10:01.404\r\nProcessGuid: {bc083af7-c6b9-68f9-e908-000000001400}\r\nProcessId: 26464\r\nImage: C:\\Windows\\System32\\svchost.exe\r\nFileVersion: 10.0.26100.5074 (WinBuild.160101.0800)\r\nDescription: Host Process for Windows Services\r\nProduct: Microsoft® Windows® Operating System\r\nCompany: Microsoft Corporation\r\nOriginalFileName: svchost.exe\r\nCommandLine: C:\\Windows\\system32\\svchost.exe -k netsvcs -p -s wlidsvc\r\nCurrentDirectory: C:\\Windows\\system32\\\r\nUser: NT AUTHORITY\\SYSTEM\r\nLogonGuid: {bc083af7-09f3-68f9-e703-000000000000}\r\nLogonId: 0x3E7\r\nTerminalSessionId: 0\r\nIntegrityLevel: System\r\nHashes: SHA256=53A39B900E3BFBF384ACD13F0FC2329FA8D42B61E993D8ED5ADF3A1428005D26\r\nParentProcessGuid: {bc083af7-09f3-68f9-0c00-000000001400}\r\nParentProcessId: 1540\r\nParentImage: C:\\Windows\\System32\\services.exe\r\nParentCommandLine: C:\\Windows\\system32\\services.exe\r\nParentUser: NT AUTHORITY\\SYSTEM",
        "Properties":  [
                           "-",
                           "2025-10-23 06:10:01.404",
                           "bc083af7-c6b9-68f9-e908-000000001400",
                           26464,
                           "C:\\Windows\\System32\\svchost.exe",
                           "10.0.26100.5074 (WinBuild.160101.0800)",
                           "Host Process for Windows Services",
                           "Microsoft® Windows® Operating System",
                           "Microsoft Corporation",
                           "svchost.exe",
                           "C:\\Windows\\system32\\svchost.exe -k netsvcs -p -s wlidsvc",
                           "C:\\Windows\\system32\\",
                           "NT AUTHORITY\\SYSTEM",
                           "bc083af7-09f3-68f9-e703-000000000000",
                           999,
                           0,
                           "System",
                           "SHA256=53A39B900E3BFBF384ACD13F0FC2329FA8D42B61E993D8ED5ADF3A1428005D26",
                           "bc083af7-09f3-68f9-0c00-000000001400",
                           1540,
                           "C:\\Windows\\System32\\services.exe",
                           "C:\\Windows\\system32\\services.exe",
                           "NT AUTHORITY\\SYSTEM"
                       ],
        "RecordId":  25053
    },
    {
        "TimeCreated":  "\/Date(1761199771650)\/",
        "Id":  5,
        "Level":  "Information",
        "Message":  "Process terminated:\r\nRuleName: -\r\nUtcTime: 2025-10-23 06:09:31.649\r\nProcessGuid: {bc083af7-c533-68f9-c608-000000001400}\r\nProcessId: 26732\r\nImage: C:\\Windows\\System32\\svchost.exe\r\nUser: NT AUTHORITY\\SYSTEM",
        "Properties":  [
                           "-",
                           "2025-10-23 06:09:31.649",
                           "bc083af7-c533-68f9-c608-000000001400",
                           26732,
                           "C:\\Windows\\System32\\svchost.exe",
                           "NT AUTHORITY\\SYSTEM"
                       ],
        "RecordId":  25052
    },
    {
        "TimeCreated":  "\/Date(1761199717394)\/",
        "Id":  5,
        "Level":  "Information",
        "Message":  "Process terminated:\r\nRuleName: -\r\nUtcTime: 2025-10-23 06:08:37.394\r\nProcessGuid: {bc083af7-c40d-68f9-b308-000000001400}\r\nProcessId: 6552\r\nImage: C:\\Windows\\System32\\svchost.exe\r\nUser: NT AUTHORITY\\SYSTEM",
        "Properties":  [
                           "-",
                           "2025-10-23 06:08:37.394",
                           "bc083af7-c40d-68f9-b308-000000001400",
                           6552,
                           "C:\\Windows\\System32\\svchost.exe",
                           "NT AUTHORITY\\SYSTEM"
                       ],
        "RecordId":  25051
    },
    {
        "TimeCreated":  "\/Date(1761199699316)\/",
        "Id":  5,
        "Level":  "Information",
        "Message":  "Process terminated:\r\nRuleName: -\r\nUtcTime: 2025-10-23 06:08:19.315\r\nProcessGuid: {bc083af7-c64e-68f9-e808-000000001400}\r\nProcessId: 19424\r\nImage: C:\\Program Files\\McAfee\\WebAdvisor\\updater.exe\r\nUser: NT AUTHORITY\\SYSTEM",
        "Properties":  [
                           "-",
                           "2025-10-23 06:08:19.315",
                           "bc083af7-c64e-68f9-e808-000000001400",
                           19424,
                           "C:\\Program Files\\McAfee\\WebAdvisor\\updater.exe",
                           "NT AUTHORITY\\SYSTEM"
                       ],
        "RecordId":  25050
    },
    {
        "TimeCreated":  "\/Date(1761199694659)\/",
        "Id":  1,
        "Level":  "Information",
        "Message":  "Process Create:\r\nRuleName: -\r\nUtcTime: 2025-10-23 06:08:14.657\r\nProcessGuid: {bc083af7-c64e-68f9-e808-000000001400}\r\nProcessId: 19424\r\nImage: C:\\Program Files\\McAfee\\WebAdvisor\\updater.exe\r\nFileVersion: 4,1,1,1073\r\nDescription: McAfee WebAdvisor(updater)\r\nProduct: McAfee WebAdvisor\r\nCompany: McAfee, LLC\r\nOriginalFileName: Updater.exe\r\nCommandLine: \"C:\\Program Files\\McAfee\\WebAdvisor\\updater.exe\" \r\nCurrentDirectory: C:\\Windows\\system32\\\r\nUser: NT AUTHORITY\\SYSTEM\r\nLogonGuid: {bc083af7-09f3-68f9-e703-000000000000}\r\nLogonId: 0x3E7\r\nTerminalSessionId: 0\r\nIntegrityLevel: System\r\nHashes: SHA256=CF216725563F0812A1FDB4A75080FDED8E65996DA5E13C18F14D7073582BE382\r\nParentProcessGuid: {bc083af7-09f4-68f9-6700-000000001400}\r\nParentProcessId: 5132\r\nParentImage: C:\\Program Files\\McAfee\\WebAdvisor\\servicehost.exe\r\nParentCommandLine: \"C:\\Program Files\\McAfee\\WebAdvisor\\ServiceHost.exe\"\r\nParentUser: NT AUTHORITY\\SYSTEM",
        "Properties":  [
                           "-",
                           "2025-10-23 06:08:14.657",
                           "bc083af7-c64e-68f9-e808-000000001400",
                           19424,
                           "C:\\Program Files\\McAfee\\WebAdvisor\\updater.exe",
                           "4,1,1,1073",
                           "McAfee WebAdvisor(updater)",
                           "McAfee WebAdvisor",
                           "McAfee, LLC",
                           "Updater.exe",
                           "\"C:\\Program Files\\McAfee\\WebAdvisor\\updater.exe\" ",
                           "C:\\Windows\\system32\\",
                           "NT AUTHORITY\\SYSTEM",
                           "bc083af7-09f3-68f9-e703-000000000000",
                           999,
                           0,
                           "System",
                           "SHA256=CF216725563F0812A1FDB4A75080FDED8E65996DA5E13C18F14D7073582BE382",
                           "bc083af7-09f4-68f9-6700-000000001400",
                           5132,
                           "C:\\Program Files\\McAfee\\WebAdvisor\\servicehost.exe",
                           "\"C:\\Program Files\\McAfee\\WebAdvisor\\ServiceHost.exe\"",
                           "NT AUTHORITY\\SYSTEM"
                       ],
        "RecordId":  25049
    },
    {
        "TimeCreated":  "\/Date(1761199692651)\/",
        "Id":  5,
        "Level":  "Information",
        "Message":  "Process terminated:\r\nRuleName: -\r\nUtcTime: 2025-10-23 06:08:12.651\r\nProcessGuid: {bc083af7-c41e-68f9-b408-000000001400}\r\nProcessId: 23304\r\nImage: C:\\Windows\\System32\\audiodg.exe\r\nUser: NT AUTHORITY\\LOCAL SERVICE",
        "Properties":  [
                           "-",
                           "2025-10-23 06:08:12.651",
                           "bc083af7-c41e-68f9-b408-000000001400",
                           23304,
                           "C:\\Windows\\System32\\audiodg.exe",
                           "NT AUTHORITY\\LOCAL SERVICE"
                       ],
        "RecordId":  25048
    },
    {
        "TimeCreated":  "\/Date(1761199631824)\/",
        "Id":  5,
        "Level":  "Information",
        "Message":  "Process terminated:\r\nRuleName: -\r\nUtcTime: 2025-10-23 06:07:11.824\r\nProcessGuid: {bc083af7-c60f-68f9-e508-000000001400}\r\nProcessId: 6516\r\nImage: C:\\Windows\\System32\\conhost.exe\r\nUser: UNICORN\\ASUS",
        "Properties":  [
                           "-",
                           "2025-10-23 06:07:11.824",
                           "bc083af7-c60f-68f9-e508-000000001400",
                           6516,
                           "C:\\Windows\\System32\\conhost.exe",
                           "UNICORN\\ASUS"
                       ],
        "RecordId":  25047
    },
    {
        "TimeCreated":  "\/Date(1761199631823)\/",
        "Id":  5,
        "Level":  "Information",
        "Message":  "Process terminated:\r\nRuleName: -\r\nUtcTime: 2025-10-23 06:07:11.823\r\nProcessGuid: {bc083af7-c60f-68f9-e308-000000001400}\r\nProcessId: 17216\r\nImage: C:\\Program Files\\Git\\cmd\\git.exe\r\nUser: UNICORN\\ASUS",
        "Properties":  [
                           "-",
                           "2025-10-23 06:07:11.823",
                           "bc083af7-c60f-68f9-e308-000000001400",
                           17216,
                           "C:\\Program Files\\Git\\cmd\\git.exe",
                           "UNICORN\\ASUS"
                       ],
        "RecordId":  25046
    },
    {
        "TimeCreated":  "\/Date(1761199631821)\/",
        "Id":  5,
        "Level":  "Information",
        "Message":  "Process terminated:\r\nRuleName: -\r\nUtcTime: 2025-10-23 06:07:11.820\r\nProcessGuid: {bc083af7-c60f-68f9-e708-000000001400}\r\nProcessId: 19308\r\nImage: C:\\Program Files\\Git\\mingw64\\bin\\git.exe\r\nUser: UNICORN\\ASUS",
        "Properties":  [
                           "-",
                           "2025-10-23 06:07:11.820",
                           "bc083af7-c60f-68f9-e708-000000001400",
                           19308,
                           "C:\\Program Files\\Git\\mingw64\\bin\\git.exe",
                           "UNICORN\\ASUS"
                       ],
        "RecordId":  25045
    },
    {
        "TimeCreated":  "\/Date(1761199631816)\/",
        "Id":  5,
        "Level":  "Information",
        "Message":  "Process terminated:\r\nRuleName: -\r\nUtcTime: 2025-10-23 06:07:11.816\r\nProcessGuid: {bc083af7-c60f-68f9-e408-000000001400}\r\nProcessId: 5872\r\nImage: C:\\Windows\\System32\\conhost.exe\r\nUser: UNICORN\\ASUS",
        "Properties":  [
                           "-",
                           "2025-10-23 06:07:11.816",
                           "bc083af7-c60f-68f9-e408-000000001400",
                           5872,
                           "C:\\Windows\\System32\\conhost.exe",
                           "UNICORN\\ASUS"
                       ],
        "RecordId":  25044
    },
    {
        "TimeCreated":  "\/Date(1761199631815)\/",
        "Id":  5,
        "Level":  "Information",
        "Message":  "Process terminated:\r\nRuleName: -\r\nUtcTime: 2025-10-23 06:07:11.815\r\nProcessGuid: {bc083af7-c60f-68f9-e208-000000001400}\r\nProcessId: 11380\r\nImage: C:\\Program Files\\Git\\cmd\\git.exe\r\nUser: UNICORN\\ASUS",
        "Properties":  [
                           "-",
                           "2025-10-23 06:07:11.815",
                           "bc083af7-c60f-68f9-e208-000000001400",
                           11380,
                           "C:\\Program Files\\Git\\cmd\\git.exe",
                           "UNICORN\\ASUS"
                       ],
        "RecordId":  25043
    },
    {
        "TimeCreated":  "\/Date(1761199631813)\/",
        "Id":  5,
        "Level":  "Information",
        "Message":  "Process terminated:\r\nRuleName: -\r\nUtcTime: 2025-10-23 06:07:11.812\r\nProcessGuid: {bc083af7-c60f-68f9-e608-000000001400}\r\nProcessId: 3764\r\nImage: C:\\Program Files\\Git\\mingw64\\bin\\git.exe\r\nUser: UNICORN\\ASUS",
        "Properties":  [
                           "-",
                           "2025-10-23 06:07:11.812",
                           "bc083af7-c60f-68f9-e608-000000001400",
                           3764,
                           "C:\\Program Files\\Git\\mingw64\\bin\\git.exe",
                           "UNICORN\\ASUS"
                       ],
        "RecordId":  25042
    },
