    {
        "TimeCreated":  "\/Date(1761199631804)\/",
        "Id":  1,
        "Level":  "Information",
        "Message":  "Process Create:\r\nRuleName: -\r\nUtcTime: 2025-10-23 06:07:11.791\r\nProcessGuid: {bc083af7-c60f-68f9-e708-000000001400}\r\nProcessId: 19308\r\nImage: C:\\Program Files\\Git\\mingw64\\bin\\git.exe\r\nFileVersion: 2.51.0.windows.2\r\nDescription: Git for Windows\r\nProduct: Git\r\nCompany: The Git Development Community\r\nOriginalFileName: git.exe\r\nCommandLine: git.exe for-each-ref --sort -committerdate --format %%(refname)The operation completed successfully. %%(objectname)The operation completed successfully. %%(*objectname)\r\nCurrentDirectory: D:\\ThreatSphere\\\r\nUser: UNICORN\\ASUS\r\nLogonGuid: {bc083af7-ab66-68f9-1689-2f0000000000}\r\nLogonId: 0x2F8916\r\nTerminalSessionId: 2\r\nIntegrityLevel: Medium\r\nHashes: SHA256=E996432581A70DF2E7AAAC5DB71E3811EC0DAA7F93A8BA73FE6DB6F9941F4BF9\r\nParentProcessGuid: {bc083af7-c60f-68f9-e308-000000001400}\r\nParentProcessId: 17216\r\nParentImage: C:\\Program Files\\Git\\cmd\\git.exe\r\nParentCommandLine: \"C:\\Program Files\\Git\\cmd\\git.exe\" for-each-ref --sort -committerdate --format %(refname)%00%(objectname)%00%(*objectname)\r\nParentUser: UNICORN\\ASUS",
        "Properties":  [
                           "-",
                           "2025-10-23 06:07:11.791",
                           "bc083af7-c60f-68f9-e708-000000001400",
                           19308,
                           "C:\\Program Files\\Git\\mingw64\\bin\\git.exe",
                           "2.51.0.windows.2",
                           "Git for Windows",
                           "Git",
                           "The Git Development Community",
                           "git.exe",
                           "git.exe for-each-ref --sort -committerdate --format %%(refname)%%00%%(objectname)%%00%%(*objectname)",
                           "D:\\ThreatSphere\\",
                           "UNICORN\\ASUS",
                           "bc083af7-ab66-68f9-1689-2f0000000000",
                           3115286,
                           2,
                           "Medium",
                           "SHA256=E996432581A70DF2E7AAAC5DB71E3811EC0DAA7F93A8BA73FE6DB6F9941F4BF9",
                           "bc083af7-c60f-68f9-e308-000000001400",
                           17216,
                           "C:\\Program Files\\Git\\cmd\\git.exe",
                           "\"C:\\Program Files\\Git\\cmd\\git.exe\" for-each-ref --sort -committerdate --format %(refname)%00%(objectname)%00%(*objectname)",
                           "UNICORN\\ASUS"
                       ],
        "RecordId":  25041
    },
    {
        "TimeCreated":  "\/Date(1761199631794)\/",
        "Id":  1,
        "Level":  "Information",
        "Message":  "Process Create:\r\nRuleName: -\r\nUtcTime: 2025-10-23 06:07:11.781\r\nProcessGuid: {bc083af7-c60f-68f9-e608-000000001400}\r\nProcessId: 3764\r\nImage: C:\\Program Files\\Git\\mingw64\\bin\\git.exe\r\nFileVersion: 2.51.0.windows.2\r\nDescription: Git for Windows\r\nProduct: Git\r\nCompany: The Git Development Community\r\nOriginalFileName: git.exe\r\nCommandLine: git.exe status -z -uall\r\nCurrentDirectory: D:\\ThreatSphere\\\r\nUser: UNICORN\\ASUS\r\nLogonGuid: {bc083af7-ab66-68f9-1689-2f0000000000}\r\nLogonId: 0x2F8916\r\nTerminalSessionId: 2\r\nIntegrityLevel: Medium\r\nHashes: SHA256=E996432581A70DF2E7AAAC5DB71E3811EC0DAA7F93A8BA73FE6DB6F9941F4BF9\r\nParentProcessGuid: {bc083af7-c60f-68f9-e208-000000001400}\r\nParentProcessId: 11380\r\nParentImage: C:\\Program Files\\Git\\cmd\\git.exe\r\nParentCommandLine: \"C:\\Program Files\\Git\\cmd\\git.exe\" status -z -uall\r\nParentUser: UNICORN\\ASUS",
        "Properties":  [
                           "-",
                           "2025-10-23 06:07:11.781",
                           "bc083af7-c60f-68f9-e608-000000001400",
                           3764,
                           "C:\\Program Files\\Git\\mingw64\\bin\\git.exe",
                           "2.51.0.windows.2",
                           "Git for Windows",
                           "Git",
                           "The Git Development Community",
                           "git.exe",
                           "git.exe status -z -uall",
                           "D:\\ThreatSphere\\",
                           "UNICORN\\ASUS",
                           "bc083af7-ab66-68f9-1689-2f0000000000",
                           3115286,
                           2,
                           "Medium",
                           "SHA256=E996432581A70DF2E7AAAC5DB71E3811EC0DAA7F93A8BA73FE6DB6F9941F4BF9",
                           "bc083af7-c60f-68f9-e208-000000001400",
                           11380,
                           "C:\\Program Files\\Git\\cmd\\git.exe",
                           "\"C:\\Program Files\\Git\\cmd\\git.exe\" status -z -uall",
                           "UNICORN\\ASUS"
                       ],
        "RecordId":  25040
    },
    {
        "TimeCreated":  "\/Date(1761199631777)\/",
        "Id":  1,
        "Level":  "Information",
        "Message":  "Process Create:\r\nRuleName: -\r\nUtcTime: 2025-10-23 06:07:11.768\r\nProcessGuid: {bc083af7-c60f-68f9-e508-000000001400}\r\nProcessId: 6516\r\nImage: C:\\Windows\\System32\\conhost.exe\r\nFileVersion: 10.0.26100.6725 (WinBuild.160101.0800)\r\nDescription: Console Window Host\r\nProduct: Microsoft® Windows® Operating System\r\nCompany: Microsoft Corporation\r\nOriginalFileName: CONHOST.EXE\r\nCommandLine: \\??\\C:\\Windows\\system32\\conhost.exe 0xffffffff -ForceV1\r\nCurrentDirectory: C:\\Windows\r\nUser: UNICORN\\ASUS\r\nLogonGuid: {bc083af7-ab66-68f9-1689-2f0000000000}\r\nLogonId: 0x2F8916\r\nTerminalSessionId: 2\r\nIntegrityLevel: Medium\r\nHashes: SHA256=9326E22D619CE662B6A585D02947537F844A280645F22674DD3B8A47DFFF094A\r\nParentProcessGuid: {bc083af7-c60f-68f9-e308-000000001400}\r\nParentProcessId: 17216\r\nParentImage: C:\\Program Files\\Git\\cmd\\git.exe\r\nParentCommandLine: \"C:\\Program Files\\Git\\cmd\\git.exe\" for-each-ref --sort -committerdate --format %(refname)%00%(objectname)%00%(*objectname)\r\nParentUser: UNICORN\\ASUS",
        "Properties":  [
                           "-",
                           "2025-10-23 06:07:11.768",
                           "bc083af7-c60f-68f9-e508-000000001400",
                           6516,
                           "C:\\Windows\\System32\\conhost.exe",
                           "10.0.26100.6725 (WinBuild.160101.0800)",
                           "Console Window Host",
                           "Microsoft® Windows® Operating System",
                           "Microsoft Corporation",
                           "CONHOST.EXE",
                           "\\??\\C:\\Windows\\system32\\conhost.exe 0xffffffff -ForceV1",
                           "C:\\Windows",
                           "UNICORN\\ASUS",
                           "bc083af7-ab66-68f9-1689-2f0000000000",
                           3115286,
                           2,
                           "Medium",
                           "SHA256=9326E22D619CE662B6A585D02947537F844A280645F22674DD3B8A47DFFF094A",
                           "bc083af7-c60f-68f9-e308-000000001400",
                           17216,
                           "C:\\Program Files\\Git\\cmd\\git.exe",
                           "\"C:\\Program Files\\Git\\cmd\\git.exe\" for-each-ref --sort -committerdate --format %(refname)%00%(objectname)%00%(*objectname)",
                           "UNICORN\\ASUS"
                       ],
        "RecordId":  25039
    },
    {
        "TimeCreated":  "\/Date(1761199631767)\/",
        "Id":  1,
        "Level":  "Information",
        "Message":  "Process Create:\r\nRuleName: -\r\nUtcTime: 2025-10-23 06:07:11.757\r\nProcessGuid: {bc083af7-c60f-68f9-e408-000000001400}\r\nProcessId: 5872\r\nImage: C:\\Windows\\System32\\conhost.exe\r\nFileVersion: 10.0.26100.6725 (WinBuild.160101.0800)\r\nDescription: Console Window Host\r\nProduct: Microsoft® Windows® Operating System\r\nCompany: Microsoft Corporation\r\nOriginalFileName: CONHOST.EXE\r\nCommandLine: \\??\\C:\\Windows\\system32\\conhost.exe 0xffffffff -ForceV1\r\nCurrentDirectory: C:\\Windows\r\nUser: UNICORN\\ASUS\r\nLogonGuid: {bc083af7-ab66-68f9-1689-2f0000000000}\r\nLogonId: 0x2F8916\r\nTerminalSessionId: 2\r\nIntegrityLevel: Medium\r\nHashes: SHA256=9326E22D619CE662B6A585D02947537F844A280645F22674DD3B8A47DFFF094A\r\nParentProcessGuid: {bc083af7-c60f-68f9-e208-000000001400}\r\nParentProcessId: 11380\r\nParentImage: C:\\Program Files\\Git\\cmd\\git.exe\r\nParentCommandLine: \"C:\\Program Files\\Git\\cmd\\git.exe\" status -z -uall\r\nParentUser: UNICORN\\ASUS",
        "Properties":  [
                           "-",
                           "2025-10-23 06:07:11.757",
                           "bc083af7-c60f-68f9-e408-000000001400",
                           5872,
                           "C:\\Windows\\System32\\conhost.exe",
                           "10.0.26100.6725 (WinBuild.160101.0800)",
                           "Console Window Host",
                           "Microsoft® Windows® Operating System",
                           "Microsoft Corporation",
                           "CONHOST.EXE",
                           "\\??\\C:\\Windows\\system32\\conhost.exe 0xffffffff -ForceV1",
                           "C:\\Windows",
                           "UNICORN\\ASUS",
                           "bc083af7-ab66-68f9-1689-2f0000000000",
                           3115286,
                           2,
                           "Medium",
                           "SHA256=9326E22D619CE662B6A585D02947537F844A280645F22674DD3B8A47DFFF094A",
                           "bc083af7-c60f-68f9-e208-000000001400",
                           11380,
                           "C:\\Program Files\\Git\\cmd\\git.exe",
                           "\"C:\\Program Files\\Git\\cmd\\git.exe\" status -z -uall",
                           "UNICORN\\ASUS"
                       ],
        "RecordId":  25038
    },
    {
        "TimeCreated":  "\/Date(1761199631767)\/",
        "Id":  1,
        "Level":  "Information",
        "Message":  "Process Create:\r\nRuleName: -\r\nUtcTime: 2025-10-23 06:07:11.757\r\nProcessGuid: {bc083af7-c60f-68f9-e308-000000001400}\r\nProcessId: 17216\r\nImage: C:\\Program Files\\Git\\cmd\\git.exe\r\nFileVersion: 2.51.0.windows.2\r\nDescription: Git for Windows\r\nProduct: Git\r\nCompany: The Git Development Community\r\nOriginalFileName: git.exe\r\nCommandLine: \"C:\\Program Files\\Git\\cmd\\git.exe\" for-each-ref --sort -committerdate --format %%(refname)The operation completed successfully. %%(objectname)The operation completed successfully. %%(*objectname)\r\nCurrentDirectory: D:\\ThreatSphere\\\r\nUser: UNICORN\\ASUS\r\nLogonGuid: {bc083af7-ab66-68f9-1689-2f0000000000}\r\nLogonId: 0x2F8916\r\nTerminalSessionId: 2\r\nIntegrityLevel: Medium\r\nHashes: SHA256=EE3D2A38093C3680745A5C973488F5BB78A16F010145D5CDC7470A7395C9E7E8\r\nParentProcessGuid: {bc083af7-abd6-68f9-7c03-000000001400}\r\nParentProcessId: 24844\r\nParentImage: C:\\Users\\ASUS\\AppData\\Local\\Programs\\Microsoft VS Code\\Code.exe\r\nParentCommandLine: \"C:\\Users\\ASUS\\AppData\\Local\\Programs\\Microsoft VS Code\\Code.exe\" --type=utility --utility-sub-type=node.mojom.NodeService --lang=en-US --service-sandbox-type=none --dns-result-order=ipv4first --experimental-network-inspection --inspect-port=0 --video-capture-use-gpu-memory-buffer --user-data-dir=\"C:\\Users\\ASUS\\AppData\\Roaming\\Code\" --standard-schemes=vscode-webview,vscode-file --enable-sandbox --secure-schemes=vscode-webview,vscode-file --cors-schemes=vscode-webview,vscode-file --fetch-schemes=vscode-webview,vscode-file --service-worker-schemes=vscode-webview --code-cache-schemes=vscode-webview,vscode-file --field-trial-handle=1736,i,12426189760977132178,9862129789206227926,262144 --enable-features=DocumentPolicyIncludeJSCallStacksInCrashReports,EarlyEstablishGpuChannel,EnableTransparentHwndEnlargement,EstablishGpuChannelAsync --disable-features=CalculateNativeWinOcclusion,FontationsLinuxSystemFonts,ScreenAIOCREnabled,SpareRendererForSitePerProcess,WinDelaySpellcheckServiceInit --variations-seed-version --mojo-platform-channel-handle=3724 /prefetch:14\r\nParentUser: UNICORN\\ASUS",
        "Properties":  [
                           "-",
                           "2025-10-23 06:07:11.757",
                           "bc083af7-c60f-68f9-e308-000000001400",
                           17216,
                           "C:\\Program Files\\Git\\cmd\\git.exe",
                           "2.51.0.windows.2",
                           "Git for Windows",
                           "Git",
                           "The Git Development Community",
                           "git.exe",
                           "\"C:\\Program Files\\Git\\cmd\\git.exe\" for-each-ref --sort -committerdate --format %%(refname)%%00%%(objectname)%%00%%(*objectname)",
                           "D:\\ThreatSphere\\",
                           "UNICORN\\ASUS",
                           "bc083af7-ab66-68f9-1689-2f0000000000",
                           3115286,
                           2,
                           "Medium",
                           "SHA256=EE3D2A38093C3680745A5C973488F5BB78A16F010145D5CDC7470A7395C9E7E8",
                           "bc083af7-abd6-68f9-7c03-000000001400",
                           24844,
                           "C:\\Users\\ASUS\\AppData\\Local\\Programs\\Microsoft VS Code\\Code.exe",
                           "\"C:\\Users\\ASUS\\AppData\\Local\\Programs\\Microsoft VS Code\\Code.exe\" --type=utility --utility-sub-type=node.mojom.NodeService --lang=en-US --service-sandbox-type=none --dns-result-order=ipv4first --experimental-network-inspection --inspect-port=0 --video-capture-use-gpu-memory-buffer --user-data-dir=\"C:\\Users\\ASUS\\AppData\\Roaming\\Code\" --standard-schemes=vscode-webview,vscode-file --enable-sandbox --secure-schemes=vscode-webview,vscode-file --cors-schemes=vscode-webview,vscode-file --fetch-schemes=vscode-webview,vscode-file --service-worker-schemes=vscode-webview --code-cache-schemes=vscode-webview,vscode-file --field-trial-handle=1736,i,12426189760977132178,9862129789206227926,262144 --enable-features=DocumentPolicyIncludeJSCallStacksInCrashReports,EarlyEstablishGpuChannel,EnableTransparentHwndEnlargement,EstablishGpuChannelAsync --disable-features=CalculateNativeWinOcclusion,FontationsLinuxSystemFonts,ScreenAIOCREnabled,SpareRendererForSitePerProcess,WinDelaySpellcheckServiceInit --variations-seed-version --mojo-platform-channel-handle=3724 /prefetch:14",
                           "UNICORN\\ASUS"
                       ],
        "RecordId":  25037
    },
    {
        "TimeCreated":  "\/Date(1761199631755)\/",
        "Id":  1,
        "Level":  "Information",
        "Message":  "Process Create:\r\nRuleName: -\r\nUtcTime: 2025-10-23 06:07:11.747\r\nProcessGuid: {bc083af7-c60f-68f9-e208-000000001400}\r\nProcessId: 11380\r\nImage: C:\\Program Files\\Git\\cmd\\git.exe\r\nFileVersion: 2.51.0.windows.2\r\nDescription: Git for Windows\r\nProduct: Git\r\nCompany: The Git Development Community\r\nOriginalFileName: git.exe\r\nCommandLine: \"C:\\Program Files\\Git\\cmd\\git.exe\" status -z -uall\r\nCurrentDirectory: D:\\ThreatSphere\\\r\nUser: UNICORN\\ASUS\r\nLogonGuid: {bc083af7-ab66-68f9-1689-2f0000000000}\r\nLogonId: 0x2F8916\r\nTerminalSessionId: 2\r\nIntegrityLevel: Medium\r\nHashes: SHA256=EE3D2A38093C3680745A5C973488F5BB78A16F010145D5CDC7470A7395C9E7E8\r\nParentProcessGuid: {bc083af7-abd6-68f9-7c03-000000001400}\r\nParentProcessId: 24844\r\nParentImage: C:\\Users\\ASUS\\AppData\\Local\\Programs\\Microsoft VS Code\\Code.exe\r\nParentCommandLine: \"C:\\Users\\ASUS\\AppData\\Local\\Programs\\Microsoft VS Code\\Code.exe\" --type=utility --utility-sub-type=node.mojom.NodeService --lang=en-US --service-sandbox-type=none --dns-result-order=ipv4first --experimental-network-inspection --inspect-port=0 --video-capture-use-gpu-memory-buffer --user-data-dir=\"C:\\Users\\ASUS\\AppData\\Roaming\\Code\" --standard-schemes=vscode-webview,vscode-file --enable-sandbox --secure-schemes=vscode-webview,vscode-file --cors-schemes=vscode-webview,vscode-file --fetch-schemes=vscode-webview,vscode-file --service-worker-schemes=vscode-webview --code-cache-schemes=vscode-webview,vscode-file --field-trial-handle=1736,i,12426189760977132178,9862129789206227926,262144 --enable-features=DocumentPolicyIncludeJSCallStacksInCrashReports,EarlyEstablishGpuChannel,EnableTransparentHwndEnlargement,EstablishGpuChannelAsync --disable-features=CalculateNativeWinOcclusion,FontationsLinuxSystemFonts,ScreenAIOCREnabled,SpareRendererForSitePerProcess,WinDelaySpellcheckServiceInit --variations-seed-version --mojo-platform-channel-handle=3724 /prefetch:14\r\nParentUser: UNICORN\\ASUS",
        "Properties":  [
                           "-",
                           "2025-10-23 06:07:11.747",
                           "bc083af7-c60f-68f9-e208-000000001400",
                           11380,
                           "C:\\Program Files\\Git\\cmd\\git.exe",
                           "2.51.0.windows.2",
                           "Git for Windows",
                           "Git",
                           "The Git Development Community",
                           "git.exe",
                           "\"C:\\Program Files\\Git\\cmd\\git.exe\" status -z -uall",
                           "D:\\ThreatSphere\\",
                           "UNICORN\\ASUS",
                           "bc083af7-ab66-68f9-1689-2f0000000000",
                           3115286,
                           2,
                           "Medium",
                           "SHA256=EE3D2A38093C3680745A5C973488F5BB78A16F010145D5CDC7470A7395C9E7E8",
                           "bc083af7-abd6-68f9-7c03-000000001400",
                           24844,
                           "C:\\Users\\ASUS\\AppData\\Local\\Programs\\Microsoft VS Code\\Code.exe",
                           "\"C:\\Users\\ASUS\\AppData\\Local\\Programs\\Microsoft VS Code\\Code.exe\" --type=utility --utility-sub-type=node.mojom.NodeService --lang=en-US --service-sandbox-type=none --dns-result-order=ipv4first --experimental-network-inspection --inspect-port=0 --video-capture-use-gpu-memory-buffer --user-data-dir=\"C:\\Users\\ASUS\\AppData\\Roaming\\Code\" --standard-schemes=vscode-webview,vscode-file --enable-sandbox --secure-schemes=vscode-webview,vscode-file --cors-schemes=vscode-webview,vscode-file --fetch-schemes=vscode-webview,vscode-file --service-worker-schemes=vscode-webview --code-cache-schemes=vscode-webview,vscode-file --field-trial-handle=1736,i,12426189760977132178,9862129789206227926,262144 --enable-features=DocumentPolicyIncludeJSCallStacksInCrashReports,EarlyEstablishGpuChannel,EnableTransparentHwndEnlargement,EstablishGpuChannelAsync --disable-features=CalculateNativeWinOcclusion,FontationsLinuxSystemFonts,ScreenAIOCREnabled,SpareRendererForSitePerProcess,WinDelaySpellcheckServiceInit --variations-seed-version --mojo-platform-channel-handle=3724 /prefetch:14",
                           "UNICORN\\ASUS"
                       ],
        "RecordId":  25036
    },
    {
        "TimeCreated":  "\/Date(1761199631745)\/",
        "Id":  5,
        "Level":  "Information",
        "Message":  "Process terminated:\r\nRuleName: -\r\nUtcTime: 2025-10-23 06:07:11.745\r\nProcessGuid: {bc083af7-c60f-68f9-df08-000000001400}\r\nProcessId: 20316\r\nImage: C:\\Windows\\System32\\conhost.exe\r\nUser: UNICORN\\ASUS",
        "Properties":  [
                           "-",
                           "2025-10-23 06:07:11.745",
                           "bc083af7-c60f-68f9-df08-000000001400",
                           20316,
                           "C:\\Windows\\System32\\conhost.exe",
                           "UNICORN\\ASUS"
                       ],
        "RecordId":  25035
    },
    {
        "TimeCreated":  "\/Date(1761199631744)\/",
        "Id":  5,
        "Level":  "Information",
        "Message":  "Process terminated:\r\nRuleName: -\r\nUtcTime: 2025-10-23 06:07:11.744\r\nProcessGuid: {bc083af7-c60f-68f9-dd08-000000001400}\r\nProcessId: 2096\r\nImage: C:\\Program Files\\Git\\cmd\\git.exe\r\nUser: UNICORN\\ASUS",
        "Properties":  [
                           "-",
                           "2025-10-23 06:07:11.744",
                           "bc083af7-c60f-68f9-dd08-000000001400",
                           2096,
                           "C:\\Program Files\\Git\\cmd\\git.exe",
                           "UNICORN\\ASUS"
                       ],
        "RecordId":  25034
    },
    {
        "TimeCreated":  "\/Date(1761199631742)\/",
        "Id":  5,
        "Level":  "Information",
        "Message":  "Process terminated:\r\nRuleName: -\r\nUtcTime: 2025-10-23 06:07:11.742\r\nProcessGuid: {bc083af7-c60f-68f9-e108-000000001400}\r\nProcessId: 27200\r\nImage: C:\\Program Files\\Git\\mingw64\\bin\\git.exe\r\nUser: UNICORN\\ASUS",
        "Properties":  [
                           "-",
                           "2025-10-23 06:07:11.742",
                           "bc083af7-c60f-68f9-e108-000000001400",
                           27200,
                           "C:\\Program Files\\Git\\mingw64\\bin\\git.exe",
                           "UNICORN\\ASUS"
                       ],
        "RecordId":  25033
    },
    {
        "TimeCreated":  "\/Date(1761199631734)\/",
        "Id":  5,
        "Level":  "Information",
        "Message":  "Process terminated:\r\nRuleName: -\r\nUtcTime: 2025-10-23 06:07:11.733\r\nProcessGuid: {bc083af7-c60f-68f9-de08-000000001400}\r\nProcessId: 27268\r\nImage: C:\\Windows\\System32\\conhost.exe\r\nUser: UNICORN\\ASUS",
        "Properties":  [
                           "-",
                           "2025-10-23 06:07:11.733",
                           "bc083af7-c60f-68f9-de08-000000001400",
                           27268,
                           "C:\\Windows\\System32\\conhost.exe",
                           "UNICORN\\ASUS"
                       ],
        "RecordId":  25032
    },
    {
        "TimeCreated":  "\/Date(1761199631733)\/",
        "Id":  5,
        "Level":  "Information",
        "Message":  "Process terminated:\r\nRuleName: -\r\nUtcTime: 2025-10-23 06:07:11.732\r\nProcessGuid: {bc083af7-c60f-68f9-dc08-000000001400}\r\nProcessId: 26828\r\nImage: C:\\Program Files\\Git\\cmd\\git.exe\r\nUser: UNICORN\\ASUS",
        "Properties":  [
                           "-",
                           "2025-10-23 06:07:11.732",
                           "bc083af7-c60f-68f9-dc08-000000001400",
                           26828,
                           "C:\\Program Files\\Git\\cmd\\git.exe",
                           "UNICORN\\ASUS"
                       ],
        "RecordId":  25031
    },
    {
        "TimeCreated":  "\/Date(1761199631730)\/",
        "Id":  5,
        "Level":  "Information",
        "Message":  "Process terminated:\r\nRuleName: -\r\nUtcTime: 2025-10-23 06:07:11.730\r\nProcessGuid: {bc083af7-c60f-68f9-e008-000000001400}\r\nProcessId: 27384\r\nImage: C:\\Program Files\\Git\\mingw64\\bin\\git.exe\r\nUser: UNICORN\\ASUS",
        "Properties":  [
                           "-",
                           "2025-10-23 06:07:11.730",
                           "bc083af7-c60f-68f9-e008-000000001400",
                           27384,
                           "C:\\Program Files\\Git\\mingw64\\bin\\git.exe",
                           "UNICORN\\ASUS"
                       ],
        "RecordId":  25030
    },
    {
        "TimeCreated":  "\/Date(1761199631726)\/",
        "Id":  1,
        "Level":  "Information",
        "Message":  "Process Create:\r\nRuleName: -\r\nUtcTime: 2025-10-23 06:07:11.713\r\nProcessGuid: {bc083af7-c60f-68f9-e108-000000001400}\r\nProcessId: 27200\r\nImage: C:\\Program Files\\Git\\mingw64\\bin\\git.exe\r\nFileVersion: 2.51.0.windows.2\r\nDescription: Git for Windows\r\nProduct: Git\r\nCompany: The Git Development Community\r\nOriginalFileName: git.exe\r\nCommandLine: git.exe for-each-ref --format=%%(refname)The operation completed successfully. %%(upstream:short)The operation completed successfully. %%(objectname)The operation completed successfully. %%(upstream:track)The operation completed successfully. %%(upstream:remotename)The operation completed successfully. %%(upstream:remoteref) --ignore-case refs/heads/main refs/remotes/main\r\nCurrentDirectory: D:\\ThreatSphere\\\r\nUser: UNICORN\\ASUS\r\nLogonGuid: {bc083af7-ab66-68f9-1689-2f0000000000}\r\nLogonId: 0x2F8916\r\nTerminalSessionId: 2\r\nIntegrityLevel: Medium\r\nHashes: SHA256=E996432581A70DF2E7AAAC5DB71E3811EC0DAA7F93A8BA73FE6DB6F9941F4BF9\r\nParentProcessGuid: {bc083af7-c60f-68f9-dd08-000000001400}\r\nParentProcessId: 2096\r\nParentImage: C:\\Program Files\\Git\\cmd\\git.exe\r\nParentCommandLine: \"C:\\Program Files\\Git\\cmd\\git.exe\" for-each-ref --format=%(refname)%00%(upstream:short)%00%(objectname)%00%(upstream:track)%00%(upstream:remotename)%00%(upstream:remoteref) --ignore-case refs/heads/main refs/remotes/main\r\nParentUser: UNICORN\\ASUS",
        "Properties":  [
                           "-",
                           "2025-10-23 06:07:11.713",
                           "bc083af7-c60f-68f9-e108-000000001400",
                           27200,
                           "C:\\Program Files\\Git\\mingw64\\bin\\git.exe",
                           "2.51.0.windows.2",
                           "Git for Windows",
                           "Git",
                           "The Git Development Community",
                           "git.exe",
                           "git.exe for-each-ref --format=%%(refname)%%00%%(upstream:short)%%00%%(objectname)%%00%%(upstream:track)%%00%%(upstream:remotename)%%00%%(upstream:remoteref) --ignore-case refs/heads/main refs/remotes/main",
                           "D:\\ThreatSphere\\",
                           "UNICORN\\ASUS",
                           "bc083af7-ab66-68f9-1689-2f0000000000",
                           3115286,
                           2,
                           "Medium",
                           "SHA256=E996432581A70DF2E7AAAC5DB71E3811EC0DAA7F93A8BA73FE6DB6F9941F4BF9",
                           "bc083af7-c60f-68f9-dd08-000000001400",
                           2096,
                           "C:\\Program Files\\Git\\cmd\\git.exe",
                           "\"C:\\Program Files\\Git\\cmd\\git.exe\" for-each-ref --format=%(refname)%00%(upstream:short)%00%(objectname)%00%(upstream:track)%00%(upstream:remotename)%00%(upstream:remoteref) --ignore-case refs/heads/main refs/remotes/main",
                           "UNICORN\\ASUS"
                       ],
        "RecordId":  25029
    },
    {
        "TimeCreated":  "\/Date(1761199631715)\/",
        "Id":  1,
        "Level":  "Information",
        "Message":  "Process Create:\r\nRuleName: -\r\nUtcTime: 2025-10-23 06:07:11.701\r\nProcessGuid: {bc083af7-c60f-68f9-e008-000000001400}\r\nProcessId: 27384\r\nImage: C:\\Program Files\\Git\\mingw64\\bin\\git.exe\r\nFileVersion: 2.51.0.windows.2\r\nDescription: Git for Windows\r\nProduct: Git\r\nCompany: The Git Development Community\r\nOriginalFileName: git.exe\r\nCommandLine: git.exe config --get commit.template\r\nCurrentDirectory: D:\\ThreatSphere\\\r\nUser: UNICORN\\ASUS\r\nLogonGuid: {bc083af7-ab66-68f9-1689-2f0000000000}\r\nLogonId: 0x2F8916\r\nTerminalSessionId: 2\r\nIntegrityLevel: Medium\r\nHashes: SHA256=E996432581A70DF2E7AAAC5DB71E3811EC0DAA7F93A8BA73FE6DB6F9941F4BF9\r\nParentProcessGuid: {bc083af7-c60f-68f9-dc08-000000001400}\r\nParentProcessId: 26828\r\nParentImage: C:\\Program Files\\Git\\cmd\\git.exe\r\nParentCommandLine: \"C:\\Program Files\\Git\\cmd\\git.exe\" config --get commit.template\r\nParentUser: UNICORN\\ASUS",
        "Properties":  [
                           "-",
                           "2025-10-23 06:07:11.701",
                           "bc083af7-c60f-68f9-e008-000000001400",
                           27384,
                           "C:\\Program Files\\Git\\mingw64\\bin\\git.exe",
                           "2.51.0.windows.2",
                           "Git for Windows",
                           "Git",
                           "The Git Development Community",
                           "git.exe",
                           "git.exe config --get commit.template",
                           "D:\\ThreatSphere\\",
                           "UNICORN\\ASUS",
                           "bc083af7-ab66-68f9-1689-2f0000000000",
                           3115286,
                           2,
                           "Medium",
                           "SHA256=E996432581A70DF2E7AAAC5DB71E3811EC0DAA7F93A8BA73FE6DB6F9941F4BF9",
                           "bc083af7-c60f-68f9-dc08-000000001400",
                           26828,
                           "C:\\Program Files\\Git\\cmd\\git.exe",
                           "\"C:\\Program Files\\Git\\cmd\\git.exe\" config --get commit.template",
                           "UNICORN\\ASUS"
                       ],
        "RecordId":  25028
    },
    {
        "TimeCreated":  "\/Date(1761199631696)\/",
        "Id":  1,
        "Level":  "Information",
        "Message":  "Process Create:\r\nRuleName: -\r\nUtcTime: 2025-10-23 06:07:11.686\r\nProcessGuid: {bc083af7-c60f-68f9-df08-000000001400}\r\nProcessId: 20316\r\nImage: C:\\Windows\\System32\\conhost.exe\r\nFileVersion: 10.0.26100.6725 (WinBuild.160101.0800)\r\nDescription: Console Window Host\r\nProduct: Microsoft® Windows® Operating System\r\nCompany: Microsoft Corporation\r\nOriginalFileName: CONHOST.EXE\r\nCommandLine: \\??\\C:\\Windows\\system32\\conhost.exe 0xffffffff -ForceV1\r\nCurrentDirectory: C:\\Windows\r\nUser: UNICORN\\ASUS\r\nLogonGuid: {bc083af7-ab66-68f9-1689-2f0000000000}\r\nLogonId: 0x2F8916\r\nTerminalSessionId: 2\r\nIntegrityLevel: Medium\r\nHashes: SHA256=9326E22D619CE662B6A585D02947537F844A280645F22674DD3B8A47DFFF094A\r\nParentProcessGuid: {bc083af7-c60f-68f9-dd08-000000001400}\r\nParentProcessId: 2096\r\nParentImage: C:\\Program Files\\Git\\cmd\\git.exe\r\nParentCommandLine: \"C:\\Program Files\\Git\\cmd\\git.exe\" for-each-ref --format=%(refname)%00%(upstream:short)%00%(objectname)%00%(upstream:track)%00%(upstream:remotename)%00%(upstream:remoteref) --ignore-case refs/heads/main refs/remotes/main\r\nParentUser: UNICORN\\ASUS",
        "Properties":  [
                           "-",
                           "2025-10-23 06:07:11.686",
                           "bc083af7-c60f-68f9-df08-000000001400",
                           20316,
                           "C:\\Windows\\System32\\conhost.exe",
                           "10.0.26100.6725 (WinBuild.160101.0800)",
                           "Console Window Host",
                           "Microsoft® Windows® Operating System",
                           "Microsoft Corporation",
                           "CONHOST.EXE",
                           "\\??\\C:\\Windows\\system32\\conhost.exe 0xffffffff -ForceV1",
                           "C:\\Windows",
                           "UNICORN\\ASUS",
                           "bc083af7-ab66-68f9-1689-2f0000000000",
                           3115286,
                           2,
                           "Medium",
                           "SHA256=9326E22D619CE662B6A585D02947537F844A280645F22674DD3B8A47DFFF094A",
                           "bc083af7-c60f-68f9-dd08-000000001400",
                           2096,
                           "C:\\Program Files\\Git\\cmd\\git.exe",
                           "\"C:\\Program Files\\Git\\cmd\\git.exe\" for-each-ref --format=%(refname)%00%(upstream:short)%00%(objectname)%00%(upstream:track)%00%(upstream:remotename)%00%(upstream:remoteref) --ignore-case refs/heads/main refs/remotes/main",
                           "UNICORN\\ASUS"
                       ],
        "RecordId":  25027
    },
    {
        "TimeCreated":  "\/Date(1761199631686)\/",
        "Id":  1,
        "Level":  "Information",
        "Message":  "Process Create:\r\nRuleName: -\r\nUtcTime: 2025-10-23 06:07:11.675\r\nProcessGuid: {bc083af7-c60f-68f9-de08-000000001400}\r\nProcessId: 27268\r\nImage: C:\\Windows\\System32\\conhost.exe\r\nFileVersion: 10.0.26100.6725 (WinBuild.160101.0800)\r\nDescription: Console Window Host\r\nProduct: Microsoft® Windows® Operating System\r\nCompany: Microsoft Corporation\r\nOriginalFileName: CONHOST.EXE\r\nCommandLine: \\??\\C:\\Windows\\system32\\conhost.exe 0xffffffff -ForceV1\r\nCurrentDirectory: C:\\Windows\r\nUser: UNICORN\\ASUS\r\nLogonGuid: {bc083af7-ab66-68f9-1689-2f0000000000}\r\nLogonId: 0x2F8916\r\nTerminalSessionId: 2\r\nIntegrityLevel: Medium\r\nHashes: SHA256=9326E22D619CE662B6A585D02947537F844A280645F22674DD3B8A47DFFF094A\r\nParentProcessGuid: {bc083af7-c60f-68f9-dc08-000000001400}\r\nParentProcessId: 26828\r\nParentImage: C:\\Program Files\\Git\\cmd\\git.exe\r\nParentCommandLine: \"C:\\Program Files\\Git\\cmd\\git.exe\" config --get commit.template\r\nParentUser: UNICORN\\ASUS",
        "Properties":  [
                           "-",
                           "2025-10-23 06:07:11.675",
                           "bc083af7-c60f-68f9-de08-000000001400",
                           27268,
                           "C:\\Windows\\System32\\conhost.exe",
                           "10.0.26100.6725 (WinBuild.160101.0800)",
                           "Console Window Host",
                           "Microsoft® Windows® Operating System",
                           "Microsoft Corporation",
                           "CONHOST.EXE",
                           "\\??\\C:\\Windows\\system32\\conhost.exe 0xffffffff -ForceV1",
                           "C:\\Windows",
                           "UNICORN\\ASUS",
                           "bc083af7-ab66-68f9-1689-2f0000000000",
                           3115286,
                           2,
                           "Medium",
                           "SHA256=9326E22D619CE662B6A585D02947537F844A280645F22674DD3B8A47DFFF094A",
                           "bc083af7-c60f-68f9-dc08-000000001400",
                           26828,
                           "C:\\Program Files\\Git\\cmd\\git.exe",
                           "\"C:\\Program Files\\Git\\cmd\\git.exe\" config --get commit.template",
                           "UNICORN\\ASUS"
                       ],
        "RecordId":  25026
    },
    {
        "TimeCreated":  "\/Date(1761199631685)\/",
        "Id":  1,
        "Level":  "Information",
        "Message":  "Process Create:\r\nRuleName: -\r\nUtcTime: 2025-10-23 06:07:11.675\r\nProcessGuid: {bc083af7-c60f-68f9-dd08-000000001400}\r\nProcessId: 2096\r\nImage: C:\\Program Files\\Git\\cmd\\git.exe\r\nFileVersion: 2.51.0.windows.2\r\nDescription: Git for Windows\r\nProduct: Git\r\nCompany: The Git Development Community\r\nOriginalFileName: git.exe\r\nCommandLine: \"C:\\Program Files\\Git\\cmd\\git.exe\" for-each-ref --format=%%(refname)The operation completed successfully. %%(upstream:short)The operation completed successfully. %%(objectname)The operation completed successfully. %%(upstream:track)The operation completed successfully. %%(upstream:remotename)The operation completed successfully. %%(upstream:remoteref) --ignore-case refs/heads/main refs/remotes/main\r\nCurrentDirectory: D:\\ThreatSphere\\\r\nUser: UNICORN\\ASUS\r\nLogonGuid: {bc083af7-ab66-68f9-1689-2f0000000000}\r\nLogonId: 0x2F8916\r\nTerminalSessionId: 2\r\nIntegrityLevel: Medium\r\nHashes: SHA256=EE3D2A38093C3680745A5C973488F5BB78A16F010145D5CDC7470A7395C9E7E8\r\nParentProcessGuid: {bc083af7-abd6-68f9-7c03-000000001400}\r\nParentProcessId: 24844\r\nParentImage: C:\\Users\\ASUS\\AppData\\Local\\Programs\\Microsoft VS Code\\Code.exe\r\nParentCommandLine: \"C:\\Users\\ASUS\\AppData\\Local\\Programs\\Microsoft VS Code\\Code.exe\" --type=utility --utility-sub-type=node.mojom.NodeService --lang=en-US --service-sandbox-type=none --dns-result-order=ipv4first --experimental-network-inspection --inspect-port=0 --video-capture-use-gpu-memory-buffer --user-data-dir=\"C:\\Users\\ASUS\\AppData\\Roaming\\Code\" --standard-schemes=vscode-webview,vscode-file --enable-sandbox --secure-schemes=vscode-webview,vscode-file --cors-schemes=vscode-webview,vscode-file --fetch-schemes=vscode-webview,vscode-file --service-worker-schemes=vscode-webview --code-cache-schemes=vscode-webview,vscode-file --field-trial-handle=1736,i,12426189760977132178,9862129789206227926,262144 --enable-features=DocumentPolicyIncludeJSCallStacksInCrashReports,EarlyEstablishGpuChannel,EnableTransparentHwndEnlargement,EstablishGpuChannelAsync --disable-features=CalculateNativeWinOcclusion,FontationsLinuxSystemFonts,ScreenAIOCREnabled,SpareRendererForSitePerProcess,WinDelaySpellcheckServiceInit --variations-seed-version --mojo-platform-channel-handle=3724 /prefetch:14\r\nParentUser: UNICORN\\ASUS",
        "Properties":  [
                           "-",
                           "2025-10-23 06:07:11.675",
                           "bc083af7-c60f-68f9-dd08-000000001400",
                           2096,
                           "C:\\Program Files\\Git\\cmd\\git.exe",
                           "2.51.0.windows.2",
                           "Git for Windows",
                           "Git",
                           "The Git Development Community",
                           "git.exe",
                           "\"C:\\Program Files\\Git\\cmd\\git.exe\" for-each-ref --format=%%(refname)%%00%%(upstream:short)%%00%%(objectname)%%00%%(upstream:track)%%00%%(upstream:remotename)%%00%%(upstream:remoteref) --ignore-case refs/heads/main refs/remotes/main",
                           "D:\\ThreatSphere\\",
                           "UNICORN\\ASUS",
                           "bc083af7-ab66-68f9-1689-2f0000000000",
                           3115286,
                           2,
                           "Medium",
                           "SHA256=EE3D2A38093C3680745A5C973488F5BB78A16F010145D5CDC7470A7395C9E7E8",
                           "bc083af7-abd6-68f9-7c03-000000001400",
                           24844,
                           "C:\\Users\\ASUS\\AppData\\Local\\Programs\\Microsoft VS Code\\Code.exe",
                           "\"C:\\Users\\ASUS\\AppData\\Local\\Programs\\Microsoft VS Code\\Code.exe\" --type=utility --utility-sub-type=node.mojom.NodeService --lang=en-US --service-sandbox-type=none --dns-result-order=ipv4first --experimental-network-inspection --inspect-port=0 --video-capture-use-gpu-memory-buffer --user-data-dir=\"C:\\Users\\ASUS\\AppData\\Roaming\\Code\" --standard-schemes=vscode-webview,vscode-file --enable-sandbox --secure-schemes=vscode-webview,vscode-file --cors-schemes=vscode-webview,vscode-file --fetch-schemes=vscode-webview,vscode-file --service-worker-schemes=vscode-webview --code-cache-schemes=vscode-webview,vscode-file --field-trial-handle=1736,i,12426189760977132178,9862129789206227926,262144 --enable-features=DocumentPolicyIncludeJSCallStacksInCrashReports,EarlyEstablishGpuChannel,EnableTransparentHwndEnlargement,EstablishGpuChannelAsync --disable-features=CalculateNativeWinOcclusion,FontationsLinuxSystemFonts,ScreenAIOCREnabled,SpareRendererForSitePerProcess,WinDelaySpellcheckServiceInit --variations-seed-version --mojo-platform-channel-handle=3724 /prefetch:14",
                           "UNICORN\\ASUS"
                       ],
        "RecordId":  25025
    },
    {
        "TimeCreated":  "\/Date(1761199631673)\/",
        "Id":  1,
        "Level":  "Information",
        "Message":  "Process Create:\r\nRuleName: -\r\nUtcTime: 2025-10-23 06:07:11.664\r\nProcessGuid: {bc083af7-c60f-68f9-dc08-000000001400}\r\nProcessId: 26828\r\nImage: C:\\Program Files\\Git\\cmd\\git.exe\r\nFileVersion: 2.51.0.windows.2\r\nDescription: Git for Windows\r\nProduct: Git\r\nCompany: The Git Development Community\r\nOriginalFileName: git.exe\r\nCommandLine: \"C:\\Program Files\\Git\\cmd\\git.exe\" config --get commit.template\r\nCurrentDirectory: D:\\ThreatSphere\\\r\nUser: UNICORN\\ASUS\r\nLogonGuid: {bc083af7-ab66-68f9-1689-2f0000000000}\r\nLogonId: 0x2F8916\r\nTerminalSessionId: 2\r\nIntegrityLevel: Medium\r\nHashes: SHA256=EE3D2A38093C3680745A5C973488F5BB78A16F010145D5CDC7470A7395C9E7E8\r\nParentProcessGuid: {bc083af7-abd6-68f9-7c03-000000001400}\r\nParentProcessId: 24844\r\nParentImage: C:\\Users\\ASUS\\AppData\\Local\\Programs\\Microsoft VS Code\\Code.exe\r\nParentCommandLine: \"C:\\Users\\ASUS\\AppData\\Local\\Programs\\Microsoft VS Code\\Code.exe\" --type=utility --utility-sub-type=node.mojom.NodeService --lang=en-US --service-sandbox-type=none --dns-result-order=ipv4first --experimental-network-inspection --inspect-port=0 --video-capture-use-gpu-memory-buffer --user-data-dir=\"C:\\Users\\ASUS\\AppData\\Roaming\\Code\" --standard-schemes=vscode-webview,vscode-file --enable-sandbox --secure-schemes=vscode-webview,vscode-file --cors-schemes=vscode-webview,vscode-file --fetch-schemes=vscode-webview,vscode-file --service-worker-schemes=vscode-webview --code-cache-schemes=vscode-webview,vscode-file --field-trial-handle=1736,i,12426189760977132178,9862129789206227926,262144 --enable-features=DocumentPolicyIncludeJSCallStacksInCrashReports,EarlyEstablishGpuChannel,EnableTransparentHwndEnlargement,EstablishGpuChannelAsync --disable-features=CalculateNativeWinOcclusion,FontationsLinuxSystemFonts,ScreenAIOCREnabled,SpareRendererForSitePerProcess,WinDelaySpellcheckServiceInit --variations-seed-version --mojo-platform-channel-handle=3724 /prefetch:14\r\nParentUser: UNICORN\\ASUS",
        "Properties":  [
                           "-",
                           "2025-10-23 06:07:11.664",
                           "bc083af7-c60f-68f9-dc08-000000001400",
                           26828,
                           "C:\\Program Files\\Git\\cmd\\git.exe",
                           "2.51.0.windows.2",
                           "Git for Windows",
                           "Git",
                           "The Git Development Community",
                           "git.exe",
                           "\"C:\\Program Files\\Git\\cmd\\git.exe\" config --get commit.template",
                           "D:\\ThreatSphere\\",
                           "UNICORN\\ASUS",
                           "bc083af7-ab66-68f9-1689-2f0000000000",
                           3115286,
                           2,
                           "Medium",
                           "SHA256=EE3D2A38093C3680745A5C973488F5BB78A16F010145D5CDC7470A7395C9E7E8",
                           "bc083af7-abd6-68f9-7c03-000000001400",
                           24844,
                           "C:\\Users\\ASUS\\AppData\\Local\\Programs\\Microsoft VS Code\\Code.exe",
                           "\"C:\\Users\\ASUS\\AppData\\Local\\Programs\\Microsoft VS Code\\Code.exe\" --type=utility --utility-sub-type=node.mojom.NodeService --lang=en-US --service-sandbox-type=none --dns-result-order=ipv4first --experimental-network-inspection --inspect-port=0 --video-capture-use-gpu-memory-buffer --user-data-dir=\"C:\\Users\\ASUS\\AppData\\Roaming\\Code\" --standard-schemes=vscode-webview,vscode-file --enable-sandbox --secure-schemes=vscode-webview,vscode-file --cors-schemes=vscode-webview,vscode-file --fetch-schemes=vscode-webview,vscode-file --service-worker-schemes=vscode-webview --code-cache-schemes=vscode-webview,vscode-file --field-trial-handle=1736,i,12426189760977132178,9862129789206227926,262144 --enable-features=DocumentPolicyIncludeJSCallStacksInCrashReports,EarlyEstablishGpuChannel,EnableTransparentHwndEnlargement,EstablishGpuChannelAsync --disable-features=CalculateNativeWinOcclusion,FontationsLinuxSystemFonts,ScreenAIOCREnabled,SpareRendererForSitePerProcess,WinDelaySpellcheckServiceInit --variations-seed-version --mojo-platform-channel-handle=3724 /prefetch:14",
                           "UNICORN\\ASUS"
                       ],
        "RecordId":  25024
    },
    {
        "TimeCreated":  "\/Date(1761199630694)\/",
        "Id":  5,
        "Level":  "Information",
        "Message":  "Process terminated:\r\nRuleName: -\r\nUtcTime: 2025-10-23 06:07:10.694\r\nProcessGuid: {bc083af7-c60e-68f9-da08-000000001400}\r\nProcessId: 2744\r\nImage: C:\\Windows\\System32\\conhost.exe\r\nUser: UNICORN\\ASUS",
        "Properties":  [
                           "-",
                           "2025-10-23 06:07:10.694",
                           "bc083af7-c60e-68f9-da08-000000001400",
                           2744,
                           "C:\\Windows\\System32\\conhost.exe",
                           "UNICORN\\ASUS"
                       ],
        "RecordId":  25023
    },
    {
        "TimeCreated":  "\/Date(1761199630692)\/",
        "Id":  5,
        "Level":  "Information",
        "Message":  "Process terminated:\r\nRuleName: -\r\nUtcTime: 2025-10-23 06:07:10.691\r\nProcessGuid: {bc083af7-c60e-68f9-d908-000000001400}\r\nProcessId: 3556\r\nImage: C:\\Program Files\\Git\\cmd\\git.exe\r\nUser: UNICORN\\ASUS",
        "Properties":  [
                           "-",
                           "2025-10-23 06:07:10.691",
                           "bc083af7-c60e-68f9-d908-000000001400",
                           3556,
                           "C:\\Program Files\\Git\\cmd\\git.exe",
                           "UNICORN\\ASUS"
                       ],
        "RecordId":  25022
    },
    {
        "TimeCreated":  "\/Date(1761199630690)\/",
        "Id":  5,
        "Level":  "Information",
        "Message":  "Process terminated:\r\nRuleName: -\r\nUtcTime: 2025-10-23 06:07:10.689\r\nProcessGuid: {bc083af7-c60e-68f9-db08-000000001400}\r\nProcessId: 18640\r\nImage: C:\\Program Files\\Git\\mingw64\\bin\\git.exe\r\nUser: UNICORN\\ASUS",
        "Properties":  [
                           "-",
                           "2025-10-23 06:07:10.689",
                           "bc083af7-c60e-68f9-db08-000000001400",
                           18640,
                           "C:\\Program Files\\Git\\mingw64\\bin\\git.exe",
                           "UNICORN\\ASUS"
                       ],
        "RecordId":  25021
    },
    {
        "TimeCreated":  "\/Date(1761199630675)\/",
        "Id":  1,
        "Level":  "Information",
        "Message":  "Process Create:\r\nRuleName: -\r\nUtcTime: 2025-10-23 06:07:10.667\r\nProcessGuid: {bc083af7-c60e-68f9-db08-000000001400}\r\nProcessId: 18640\r\nImage: C:\\Program Files\\Git\\mingw64\\bin\\git.exe\r\nFileVersion: 2.51.0.windows.2\r\nDescription: Git for Windows\r\nProduct: Git\r\nCompany: The Git Development Community\r\nOriginalFileName: git.exe\r\nCommandLine: git.exe check-ignore -v -z --stdin\r\nCurrentDirectory: D:\\ThreatSphere\\\r\nUser: UNICORN\\ASUS\r\nLogonGuid: {bc083af7-ab66-68f9-1689-2f0000000000}\r\nLogonId: 0x2F8916\r\nTerminalSessionId: 2\r\nIntegrityLevel: Medium\r\nHashes: SHA256=E996432581A70DF2E7AAAC5DB71E3811EC0DAA7F93A8BA73FE6DB6F9941F4BF9\r\nParentProcessGuid: {bc083af7-c60e-68f9-d908-000000001400}\r\nParentProcessId: 3556\r\nParentImage: C:\\Program Files\\Git\\cmd\\git.exe\r\nParentCommandLine: \"C:\\Program Files\\Git\\cmd\\git.exe\" check-ignore -v -z --stdin\r\nParentUser: UNICORN\\ASUS",
        "Properties":  [
                           "-",
                           "2025-10-23 06:07:10.667",
                           "bc083af7-c60e-68f9-db08-000000001400",
                           18640,
                           "C:\\Program Files\\Git\\mingw64\\bin\\git.exe",
                           "2.51.0.windows.2",
                           "Git for Windows",
                           "Git",
                           "The Git Development Community",
                           "git.exe",
                           "git.exe check-ignore -v -z --stdin",
                           "D:\\ThreatSphere\\",
                           "UNICORN\\ASUS",
                           "bc083af7-ab66-68f9-1689-2f0000000000",
                           3115286,
                           2,
                           "Medium",
                           "SHA256=E996432581A70DF2E7AAAC5DB71E3811EC0DAA7F93A8BA73FE6DB6F9941F4BF9",
                           "bc083af7-c60e-68f9-d908-000000001400",
                           3556,
                           "C:\\Program Files\\Git\\cmd\\git.exe",
                           "\"C:\\Program Files\\Git\\cmd\\git.exe\" check-ignore -v -z --stdin",
                           "UNICORN\\ASUS"
                       ],
        "RecordId":  25020
    },
