    {
        "TimeCreated":  "\/Date(1761200007954)\/",
        "Id":  1,
        "Level":  "Information",
        "Message":  "Process Create:\r\nRuleName: -\r\nUtcTime: 2025-10-23 06:13:27.951\r\nProcessGuid: {bc083af7-c787-68f9-0509-000000001400}\r\nProcessId: 26408\r\nImage: C:\\Windows\\System32\\DriverStore\\FileRepository\\asussci2.inf_amd64_1c054a83d803f0c0\\ASUSSoftwareManager\\AsusUpdateChecker.exe\r\nFileVersion: 1.1.12.0\r\nDescription: ASUS Update Checker\r\nProduct: ASUS Update Checker\r\nCompany: ASUSTeK COMPUTER INC.\r\nOriginalFileName: AsusUpdateChecker.exe\r\nCommandLine: \"C:\\Windows\\System32\\DriverStore\\FileRepository\\asussci2.inf_amd64_1c054a83d803f0c0\\ASUSSoftwareManager\\AsusUpdateChecker.exe\"\r\nCurrentDirectory: C:\\Windows\\system32\\\r\nUser: UNICORN\\ASUS\r\nLogonGuid: {bc083af7-ab66-68f9-1c88-2f0000000000}\r\nLogonId: 0x2F881C\r\nTerminalSessionId: 2\r\nIntegrityLevel: High\r\nHashes: SHA256=0A3841E39DAB2B813D848CDA94D2A9992BB9A7ABB41F726225428DECF4426E17\r\nParentProcessGuid: {bc083af7-09f4-68f9-2f00-000000001400}\r\nParentProcessId: 3272\r\nParentImage: C:\\Windows\\System32\\svchost.exe\r\nParentCommandLine: C:\\Windows\\system32\\svchost.exe -k netsvcs -p -s Schedule\r\nParentUser: NT AUTHORITY\\SYSTEM",
        "Properties":  [
                           "-",
                           "2025-10-23 06:13:27.951",
                           "bc083af7-c787-68f9-0509-000000001400",
                           26408,
                           "C:\\Windows\\System32\\DriverStore\\FileRepository\\asussci2.inf_amd64_1c054a83d803f0c0\\ASUSSoftwareManager\\AsusUpdateChecker.exe",
                           "1.1.12.0",
                           "ASUS Update Checker",
                           "ASUS Update Checker",
                           "ASUSTeK COMPUTER INC.",
                           "AsusUpdateChecker.exe",
                           "\"C:\\Windows\\System32\\DriverStore\\FileRepository\\asussci2.inf_amd64_1c054a83d803f0c0\\ASUSSoftwareManager\\AsusUpdateChecker.exe\"",
                           "C:\\Windows\\system32\\",
                           "UNICORN\\ASUS",
                           "bc083af7-ab66-68f9-1c88-2f0000000000",
                           3115036,
                           2,
                           "High",
                           "SHA256=0A3841E39DAB2B813D848CDA94D2A9992BB9A7ABB41F726225428DECF4426E17",
                           "bc083af7-09f4-68f9-2f00-000000001400",
                           3272,
                           "C:\\Windows\\System32\\svchost.exe",
                           "C:\\Windows\\system32\\svchost.exe -k netsvcs -p -s Schedule",
                           "NT AUTHORITY\\SYSTEM"
                       ],
        "RecordId":  25098
    },
    {
        "TimeCreated":  "\/Date(1761200006680)\/",
        "Id":  5,
        "Level":  "Information",
        "Message":  "Process terminated:\r\nRuleName: -\r\nUtcTime: 2025-10-23 06:13:26.679\r\nProcessGuid: {bc083af7-c786-68f9-0409-000000001400}\r\nProcessId: 17936\r\nImage: C:\\Windows\\System32\\taskhostw.exe\r\nUser: NT AUTHORITY\\SYSTEM",
        "Properties":  [
                           "-",
                           "2025-10-23 06:13:26.679",
                           "bc083af7-c786-68f9-0409-000000001400",
                           17936,
                           "C:\\Windows\\System32\\taskhostw.exe",
                           "NT AUTHORITY\\SYSTEM"
                       ],
        "RecordId":  25097
    },
    {
        "TimeCreated":  "\/Date(1761200006653)\/",
        "Id":  1,
        "Level":  "Information",
        "Message":  "Process Create:\r\nRuleName: -\r\nUtcTime: 2025-10-23 06:13:26.644\r\nProcessGuid: {bc083af7-c786-68f9-0409-000000001400}\r\nProcessId: 17936\r\nImage: C:\\Windows\\System32\\taskhostw.exe\r\nFileVersion: 10.0.26100.5074 (WinBuild.160101.0800)\r\nDescription: Host Process for Windows Tasks\r\nProduct: Microsoft® Windows® Operating System\r\nCompany: Microsoft Corporation\r\nOriginalFileName: taskhostw.exe\r\nCommandLine: taskhostw.exe NGMCadence\r\nCurrentDirectory: C:\\Windows\\system32\\\r\nUser: NT AUTHORITY\\SYSTEM\r\nLogonGuid: {bc083af7-09f3-68f9-e703-000000000000}\r\nLogonId: 0x3E7\r\nTerminalSessionId: 0\r\nIntegrityLevel: System\r\nHashes: SHA256=818C6876E1028AB2B94E45B3CC45102CD83204803537D94263A9B7A6B6583D4B\r\nParentProcessGuid: {bc083af7-09f4-68f9-2f00-000000001400}\r\nParentProcessId: 3272\r\nParentImage: C:\\Windows\\System32\\svchost.exe\r\nParentCommandLine: C:\\Windows\\system32\\svchost.exe -k netsvcs -p -s Schedule\r\nParentUser: NT AUTHORITY\\SYSTEM",
        "Properties":  [
                           "-",
                           "2025-10-23 06:13:26.644",
                           "bc083af7-c786-68f9-0409-000000001400",
                           17936,
                           "C:\\Windows\\System32\\taskhostw.exe",
                           "10.0.26100.5074 (WinBuild.160101.0800)",
                           "Host Process for Windows Tasks",
                           "Microsoft® Windows® Operating System",
                           "Microsoft Corporation",
                           "taskhostw.exe",
                           "taskhostw.exe NGMCadence",
                           "C:\\Windows\\system32\\",
                           "NT AUTHORITY\\SYSTEM",
                           "bc083af7-09f3-68f9-e703-000000000000",
                           999,
                           0,
                           "System",
                           "SHA256=818C6876E1028AB2B94E45B3CC45102CD83204803537D94263A9B7A6B6583D4B",
                           "bc083af7-09f4-68f9-2f00-000000001400",
                           3272,
                           "C:\\Windows\\System32\\svchost.exe",
                           "C:\\Windows\\system32\\svchost.exe -k netsvcs -p -s Schedule",
                           "NT AUTHORITY\\SYSTEM"
                       ],
        "RecordId":  25096
    },
    {
        "TimeCreated":  "\/Date(1761200005477)\/",
        "Id":  5,
        "Level":  "Information",
        "Message":  "Process terminated:\r\nRuleName: -\r\nUtcTime: 2025-10-23 06:13:25.477\r\nProcessGuid: {bc083af7-c785-68f9-0309-000000001400}\r\nProcessId: 26928\r\nImage: C:\\Program Files (x86)\\Microsoft\\EdgeUpdate\\MicrosoftEdgeUpdate.exe\r\nUser: NT AUTHORITY\\SYSTEM",
        "Properties":  [
                           "-",
                           "2025-10-23 06:13:25.477",
                           "bc083af7-c785-68f9-0309-000000001400",
                           26928,
                           "C:\\Program Files (x86)\\Microsoft\\EdgeUpdate\\MicrosoftEdgeUpdate.exe",
                           "NT AUTHORITY\\SYSTEM"
                       ],
        "RecordId":  25095
    },
    {
        "TimeCreated":  "\/Date(1761200005372)\/",
        "Id":  1,
        "Level":  "Information",
        "Message":  "Process Create:\r\nRuleName: -\r\nUtcTime: 2025-10-23 06:13:25.369\r\nProcessGuid: {bc083af7-c785-68f9-0309-000000001400}\r\nProcessId: 26928\r\nImage: C:\\Program Files (x86)\\Microsoft\\EdgeUpdate\\MicrosoftEdgeUpdate.exe\r\nFileVersion: 1.3.185.27\r\nDescription: Microsoft Edge Update\r\nProduct: Microsoft Edge Update\r\nCompany: Microsoft Corporation\r\nOriginalFileName: msedgeupdate.dll\r\nCommandLine: \"C:\\Program Files (x86)\\Microsoft\\EdgeUpdate\\MicrosoftEdgeUpdate.exe\" /ua /installsource scheduler\r\nCurrentDirectory: C:\\Windows\\system32\\\r\nUser: NT AUTHORITY\\SYSTEM\r\nLogonGuid: {bc083af7-09f3-68f9-e703-000000000000}\r\nLogonId: 0x3E7\r\nTerminalSessionId: 0\r\nIntegrityLevel: System\r\nHashes: SHA256=F3C7BAB6A7652E58719CE96EDFEFF483316668BD48D912694F1175FB397B86FD\r\nParentProcessGuid: {bc083af7-09f4-68f9-2f00-000000001400}\r\nParentProcessId: 3272\r\nParentImage: C:\\Windows\\System32\\svchost.exe\r\nParentCommandLine: C:\\Windows\\system32\\svchost.exe -k netsvcs -p -s Schedule\r\nParentUser: NT AUTHORITY\\SYSTEM",
        "Properties":  [
                           "-",
                           "2025-10-23 06:13:25.369",
                           "bc083af7-c785-68f9-0309-000000001400",
                           26928,
                           "C:\\Program Files (x86)\\Microsoft\\EdgeUpdate\\MicrosoftEdgeUpdate.exe",
                           "1.3.185.27",
                           "Microsoft Edge Update",
                           "Microsoft Edge Update",
                           "Microsoft Corporation",
                           "msedgeupdate.dll",
                           "\"C:\\Program Files (x86)\\Microsoft\\EdgeUpdate\\MicrosoftEdgeUpdate.exe\" /ua /installsource scheduler",
                           "C:\\Windows\\system32\\",
                           "NT AUTHORITY\\SYSTEM",
                           "bc083af7-09f3-68f9-e703-000000000000",
                           999,
                           0,
                           "System",
                           "SHA256=F3C7BAB6A7652E58719CE96EDFEFF483316668BD48D912694F1175FB397B86FD",
                           "bc083af7-09f4-68f9-2f00-000000001400",
                           3272,
                           "C:\\Windows\\System32\\svchost.exe",
                           "C:\\Windows\\system32\\svchost.exe -k netsvcs -p -s Schedule",
                           "NT AUTHORITY\\SYSTEM"
                       ],
        "RecordId":  25094
    },
    {
        "TimeCreated":  "\/Date(1761199898447)\/",
        "Id":  1,
        "Level":  "Information",
        "Message":  "Process Create:\r\nRuleName: -\r\nUtcTime: 2025-10-23 06:11:38.438\r\nProcessGuid: {bc083af7-c71a-68f9-0209-000000001400}\r\nProcessId: 4964\r\nImage: C:\\Windows\\System32\\mmc.exe\r\nFileVersion: 10.0.26100.6725 (WinBuild.160101.0800)\r\nDescription: Microsoft Management Console\r\nProduct: Microsoft® Windows® Operating System\r\nCompany: Microsoft Corporation\r\nOriginalFileName: mmc.exe\r\nCommandLine: \"C:\\Windows\\system32\\mmc.exe\" \"C:\\Windows\\system32\\eventvwr.msc\" \r\nCurrentDirectory: C:\\Windows\\system32\\\r\nUser: UNICORN\\ASUS\r\nLogonGuid: {bc083af7-ab66-68f9-1c88-2f0000000000}\r\nLogonId: 0x2F881C\r\nTerminalSessionId: 2\r\nIntegrityLevel: High\r\nHashes: SHA256=66939129C8A9ED05CAB2D782B5527F9EF291C0D5BDC4FDD36B983548CE13AD8B\r\nParentProcessGuid: {bc083af7-ab67-68f9-0e02-000000001400}\r\nParentProcessId: 21980\r\nParentImage: C:\\Windows\\explorer.exe\r\nParentCommandLine: C:\\Windows\\Explorer.EXE\r\nParentUser: UNICORN\\ASUS",
        "Properties":  [
                           "-",
                           "2025-10-23 06:11:38.438",
                           "bc083af7-c71a-68f9-0209-000000001400",
                           4964,
                           "C:\\Windows\\System32\\mmc.exe",
                           "10.0.26100.6725 (WinBuild.160101.0800)",
                           "Microsoft Management Console",
                           "Microsoft® Windows® Operating System",
                           "Microsoft Corporation",
                           "mmc.exe",
                           "\"C:\\Windows\\system32\\mmc.exe\" \"C:\\Windows\\system32\\eventvwr.msc\" ",
                           "C:\\Windows\\system32\\",
                           "UNICORN\\ASUS",
                           "bc083af7-ab66-68f9-1c88-2f0000000000",
                           3115036,
                           2,
                           "High",
                           "SHA256=66939129C8A9ED05CAB2D782B5527F9EF291C0D5BDC4FDD36B983548CE13AD8B",
                           "bc083af7-ab67-68f9-0e02-000000001400",
                           21980,
                           "C:\\Windows\\explorer.exe",
                           "C:\\Windows\\Explorer.EXE",
                           "UNICORN\\ASUS"
                       ],
        "RecordId":  25093
    },
    {
        "TimeCreated":  "\/Date(1761199898428)\/",
        "Id":  5,
        "Level":  "Information",
        "Message":  "Process terminated:\r\nRuleName: -\r\nUtcTime: 2025-10-23 06:11:38.427\r\nProcessGuid: {bc083af7-c71a-68f9-0109-000000001400}\r\nProcessId: 26996\r\nImage: C:\\Windows\\System32\\consent.exe\r\nUser: NT AUTHORITY\\SYSTEM",
        "Properties":  [
                           "-",
                           "2025-10-23 06:11:38.427",
                           "bc083af7-c71a-68f9-0109-000000001400",
                           26996,
                           "C:\\Windows\\System32\\consent.exe",
                           "NT AUTHORITY\\SYSTEM"
                       ],
        "RecordId":  25092
    },
    {
        "TimeCreated":  "\/Date(1761199898346)\/",
        "Id":  1,
        "Level":  "Information",
        "Message":  "Process Create:\r\nRuleName: -\r\nUtcTime: 2025-10-23 06:11:38.337\r\nProcessGuid: {bc083af7-c71a-68f9-0109-000000001400}\r\nProcessId: 26996\r\nImage: C:\\Windows\\System32\\consent.exe\r\nFileVersion: 10.0.26100.6725 (WinBuild.160101.0800)\r\nDescription: Consent UI for administrative applications\r\nProduct: Microsoft® Windows® Operating System\r\nCompany: Microsoft Corporation\r\nOriginalFileName: consent.exe\r\nCommandLine: consent.exe 12108 558 0000023A111C0990\r\nCurrentDirectory: C:\\Windows\\system32\\\r\nUser: NT AUTHORITY\\SYSTEM\r\nLogonGuid: {bc083af7-09f3-68f9-e703-000000000000}\r\nLogonId: 0x3E7\r\nTerminalSessionId: 2\r\nIntegrityLevel: System\r\nHashes: SHA256=4D7EB515BA115DFBBB1A68AA346B8DB0C6AB7B418E01F52F49610067CE0EE812\r\nParentProcessGuid: {bc083af7-0a07-68f9-1301-000000001400}\r\nParentProcessId: 12108\r\nParentImage: C:\\Windows\\System32\\svchost.exe\r\nParentCommandLine: C:\\Windows\\system32\\svchost.exe -k netsvcs -p -s Appinfo\r\nParentUser: NT AUTHORITY\\SYSTEM",
        "Properties":  [
                           "-",
                           "2025-10-23 06:11:38.337",
                           "bc083af7-c71a-68f9-0109-000000001400",
                           26996,
                           "C:\\Windows\\System32\\consent.exe",
                           "10.0.26100.6725 (WinBuild.160101.0800)",
                           "Consent UI for administrative applications",
                           "Microsoft® Windows® Operating System",
                           "Microsoft Corporation",
                           "consent.exe",
                           "consent.exe 12108 558 0000023A111C0990",
                           "C:\\Windows\\system32\\",
                           "NT AUTHORITY\\SYSTEM",
                           "bc083af7-09f3-68f9-e703-000000000000",
                           999,
                           2,
                           "System",
                           "SHA256=4D7EB515BA115DFBBB1A68AA346B8DB0C6AB7B418E01F52F49610067CE0EE812",
                           "bc083af7-0a07-68f9-1301-000000001400",
                           12108,
                           "C:\\Windows\\System32\\svchost.exe",
                           "C:\\Windows\\system32\\svchost.exe -k netsvcs -p -s Appinfo",
                           "NT AUTHORITY\\SYSTEM"
                       ],
        "RecordId":  25091
    },
    {
        "TimeCreated":  "\/Date(1761199898283)\/",
        "Id":  5,
        "Level":  "Information",
        "Message":  "Process terminated:\r\nRuleName: -\r\nUtcTime: 2025-10-23 06:11:38.282\r\nProcessGuid: {bc083af7-c71a-68f9-0009-000000001400}\r\nProcessId: 23540\r\nImage: C:\\Windows\\System32\\mmc.exe\r\nUser: UNICORN\\ASUS",
        "Properties":  [
                           "-",
                           "2025-10-23 06:11:38.282",
                           "bc083af7-c71a-68f9-0009-000000001400",
                           23540,
                           "C:\\Windows\\System32\\mmc.exe",
                           "UNICORN\\ASUS"
                       ],
        "RecordId":  25090
    },
    {
        "TimeCreated":  "\/Date(1761199898279)\/",
        "Id":  1,
        "Level":  "Information",
        "Message":  "Process Create:\r\nRuleName: -\r\nUtcTime: 2025-10-23 06:11:38.268\r\nProcessGuid: {bc083af7-c71a-68f9-0009-000000001400}\r\nProcessId: 23540\r\nImage: C:\\Windows\\System32\\mmc.exe\r\nFileVersion: 10.0.26100.6725 (WinBuild.160101.0800)\r\nDescription: Microsoft Management Console\r\nProduct: Microsoft® Windows® Operating System\r\nCompany: Microsoft Corporation\r\nOriginalFileName: mmc.exe\r\nCommandLine: \"C:\\Windows\\system32\\mmc.exe\" \"C:\\Windows\\system32\\eventvwr.msc\" \r\nCurrentDirectory: C:\\Users\\ASUS\\\r\nUser: UNICORN\\ASUS\r\nLogonGuid: {bc083af7-ab66-68f9-1689-2f0000000000}\r\nLogonId: 0x2F8916\r\nTerminalSessionId: 2\r\nIntegrityLevel: Medium\r\nHashes: SHA256=66939129C8A9ED05CAB2D782B5527F9EF291C0D5BDC4FDD36B983548CE13AD8B\r\nParentProcessGuid: {bc083af7-ab67-68f9-0e02-000000001400}\r\nParentProcessId: 21980\r\nParentImage: C:\\Windows\\explorer.exe\r\nParentCommandLine: C:\\Windows\\Explorer.EXE\r\nParentUser: UNICORN\\ASUS",
        "Properties":  [
                           "-",
                           "2025-10-23 06:11:38.268",
                           "bc083af7-c71a-68f9-0009-000000001400",
                           23540,
                           "C:\\Windows\\System32\\mmc.exe",
                           "10.0.26100.6725 (WinBuild.160101.0800)",
                           "Microsoft Management Console",
                           "Microsoft® Windows® Operating System",
                           "Microsoft Corporation",
                           "mmc.exe",
                           "\"C:\\Windows\\system32\\mmc.exe\" \"C:\\Windows\\system32\\eventvwr.msc\" ",
                           "C:\\Users\\ASUS\\",
                           "UNICORN\\ASUS",
                           "bc083af7-ab66-68f9-1689-2f0000000000",
                           3115286,
                           2,
                           "Medium",
                           "SHA256=66939129C8A9ED05CAB2D782B5527F9EF291C0D5BDC4FDD36B983548CE13AD8B",
                           "bc083af7-ab67-68f9-0e02-000000001400",
                           21980,
                           "C:\\Windows\\explorer.exe",
                           "C:\\Windows\\Explorer.EXE",
                           "UNICORN\\ASUS"
                       ],
        "RecordId":  25089
    },
    {
        "TimeCreated":  "\/Date(1761199897087)\/",
        "Id":  5,
        "Level":  "Information",
        "Message":  "Process terminated:\r\nRuleName: -\r\nUtcTime: 2025-10-23 06:11:37.086\r\nProcessGuid: {bc083af7-c6be-68f9-ef08-000000001400}\r\nProcessId: 15968\r\nImage: C:\\Windows\\System32\\RuntimeBroker.exe\r\nUser: UNICORN\\ASUS",
        "Properties":  [
                           "-",
                           "2025-10-23 06:11:37.086",
                           "bc083af7-c6be-68f9-ef08-000000001400",
                           15968,
                           "C:\\Windows\\System32\\RuntimeBroker.exe",
                           "UNICORN\\ASUS"
                       ],
        "RecordId":  25088
    },
    {
        "TimeCreated":  "\/Date(1761199894976)\/",
        "Id":  5,
        "Level":  "Information",
        "Message":  "Process terminated:\r\nRuleName: -\r\nUtcTime: 2025-10-23 06:11:34.975\r\nProcessGuid: {bc083af7-c6ec-68f9-fc08-000000001400}\r\nProcessId: 20440\r\nImage: C:\\Windows\\System32\\RuntimeBroker.exe\r\nUser: UNICORN\\ASUS",
        "Properties":  [
                           "-",
                           "2025-10-23 06:11:34.975",
                           "bc083af7-c6ec-68f9-fc08-000000001400",
                           20440,
                           "C:\\Windows\\System32\\RuntimeBroker.exe",
                           "UNICORN\\ASUS"
                       ],
        "RecordId":  25087
    },
    {
        "TimeCreated":  "\/Date(1761199894976)\/",
        "Id":  5,
        "Level":  "Information",
        "Message":  "Process terminated:\r\nRuleName: -\r\nUtcTime: 2025-10-23 06:11:34.975\r\nProcessGuid: {bc083af7-c6ee-68f9-ff08-000000001400}\r\nProcessId: 27488\r\nImage: C:\\Windows\\System32\\RuntimeBroker.exe\r\nUser: UNICORN\\ASUS",
        "Properties":  [
                           "-",
                           "2025-10-23 06:11:34.975",
                           "bc083af7-c6ee-68f9-ff08-000000001400",
                           27488,
                           "C:\\Windows\\System32\\RuntimeBroker.exe",
                           "UNICORN\\ASUS"
                       ],
        "RecordId":  25086
    },
    {
        "TimeCreated":  "\/Date(1761199884698)\/",
        "Id":  5,
        "Level":  "Information",
        "Message":  "Process terminated:\r\nRuleName: -\r\nUtcTime: 2025-10-23 06:11:24.697\r\nProcessGuid: {bc083af7-c6ee-68f9-fd08-000000001400}\r\nProcessId: 26096\r\nImage: C:\\Windows\\System32\\sppsvc.exe\r\nUser: NT AUTHORITY\\NETWORK SERVICE",
        "Properties":  [
                           "-",
                           "2025-10-23 06:11:24.697",
                           "bc083af7-c6ee-68f9-fd08-000000001400",
                           26096,
                           "C:\\Windows\\System32\\sppsvc.exe",
                           "NT AUTHORITY\\NETWORK SERVICE"
                       ],
        "RecordId":  25085
    },
    {
        "TimeCreated":  "\/Date(1761199867076)\/",
        "Id":  5,
        "Level":  "Information",
        "Message":  "Process terminated:\r\nRuleName: -\r\nUtcTime: 2025-10-23 06:11:07.076\r\nProcessGuid: {bc083af7-c6be-68f9-ee08-000000001400}\r\nProcessId: 27308\r\nImage: C:\\Windows\\System32\\backgroundTaskHost.exe\r\nUser: UNICORN\\ASUS",
        "Properties":  [
                           "-",
                           "2025-10-23 06:11:07.076",
                           "bc083af7-c6be-68f9-ee08-000000001400",
                           27308,
                           "C:\\Windows\\System32\\backgroundTaskHost.exe",
                           "UNICORN\\ASUS"
                       ],
        "RecordId":  25084
    },
    {
        "TimeCreated":  "\/Date(1761199855620)\/",
        "Id":  5,
        "Level":  "Information",
        "Message":  "Process terminated:\r\nRuleName: -\r\nUtcTime: 2025-10-23 06:10:55.620\r\nProcessGuid: {bc083af7-c6ec-68f9-fa08-000000001400}\r\nProcessId: 17052\r\nImage: C:\\Windows\\System32\\taskhostw.exe\r\nUser: NT AUTHORITY\\SYSTEM",
        "Properties":  [
                           "-",
                           "2025-10-23 06:10:55.620",
                           "bc083af7-c6ec-68f9-fa08-000000001400",
                           17052,
                           "C:\\Windows\\System32\\taskhostw.exe",
                           "NT AUTHORITY\\SYSTEM"
                       ],
        "RecordId":  25083
    },
    {
        "TimeCreated":  "\/Date(1761199854950)\/",
        "Id":  5,
        "Level":  "Information",
        "Message":  "Process terminated:\r\nRuleName: -\r\nUtcTime: 2025-10-23 06:10:54.949\r\nProcessGuid: {bc083af7-c6ee-68f9-fe08-000000001400}\r\nProcessId: 6196\r\nImage: C:\\Program Files\\Adobe\\Acrobat DC\\Acrobat\\RDCNotificationClient\\FullTrustNotifier.exe\r\nUser: UNICORN\\ASUS",
        "Properties":  [
                           "-",
                           "2025-10-23 06:10:54.949",
                           "bc083af7-c6ee-68f9-fe08-000000001400",
                           6196,
                           "C:\\Program Files\\Adobe\\Acrobat DC\\Acrobat\\RDCNotificationClient\\FullTrustNotifier.exe",
                           "UNICORN\\ASUS"
                       ],
        "RecordId":  25082
    },
    {
        "TimeCreated":  "\/Date(1761199854921)\/",
        "Id":  1,
        "Level":  "Information",
        "Message":  "Process Create:\r\nRuleName: -\r\nUtcTime: 2025-10-23 06:10:54.912\r\nProcessGuid: {bc083af7-c6ee-68f9-ff08-000000001400}\r\nProcessId: 27488\r\nImage: C:\\Windows\\System32\\RuntimeBroker.exe\r\nFileVersion: 10.0.26100.5074 (WinBuild.160101.0800)\r\nDescription: Runtime Broker\r\nProduct: Microsoft® Windows® Operating System\r\nCompany: Microsoft Corporation\r\nOriginalFileName: RuntimeBroker.exe\r\nCommandLine: C:\\Windows\\System32\\RuntimeBroker.exe -Embedding\r\nCurrentDirectory: C:\\Windows\\system32\\\r\nUser: UNICORN\\ASUS\r\nLogonGuid: {bc083af7-ab66-68f9-1689-2f0000000000}\r\nLogonId: 0x2F8916\r\nTerminalSessionId: 2\r\nIntegrityLevel: Medium\r\nHashes: SHA256=DBF90B115CFC26B5A59DD5BF9C20D94A11FFE9D2F979831EBF7CF496EEECBD0E\r\nParentProcessGuid: {bc083af7-09f3-68f9-0f00-000000001400}\r\nParentProcessId: 1728\r\nParentImage: C:\\Windows\\System32\\svchost.exe\r\nParentCommandLine: C:\\Windows\\system32\\svchost.exe -k DcomLaunch -p\r\nParentUser: NT AUTHORITY\\SYSTEM",
        "Properties":  [
                           "-",
                           "2025-10-23 06:10:54.912",
                           "bc083af7-c6ee-68f9-ff08-000000001400",
                           27488,
                           "C:\\Windows\\System32\\RuntimeBroker.exe",
                           "10.0.26100.5074 (WinBuild.160101.0800)",
                           "Runtime Broker",
                           "Microsoft® Windows® Operating System",
                           "Microsoft Corporation",
                           "RuntimeBroker.exe",
                           "C:\\Windows\\System32\\RuntimeBroker.exe -Embedding",
                           "C:\\Windows\\system32\\",
                           "UNICORN\\ASUS",
                           "bc083af7-ab66-68f9-1689-2f0000000000",
                           3115286,
                           2,
                           "Medium",
                           "SHA256=DBF90B115CFC26B5A59DD5BF9C20D94A11FFE9D2F979831EBF7CF496EEECBD0E",
                           "bc083af7-09f3-68f9-0f00-000000001400",
                           1728,
                           "C:\\Windows\\System32\\svchost.exe",
                           "C:\\Windows\\system32\\svchost.exe -k DcomLaunch -p",
                           "NT AUTHORITY\\SYSTEM"
                       ],
        "RecordId":  25081
    },
    {
        "TimeCreated":  "\/Date(1761199854891)\/",
        "Id":  1,
        "Level":  "Information",
        "Message":  "Process Create:\r\nRuleName: -\r\nUtcTime: 2025-10-23 06:10:54.882\r\nProcessGuid: {bc083af7-c6ee-68f9-fe08-000000001400}\r\nProcessId: 6196\r\nImage: C:\\Program Files\\Adobe\\Acrobat DC\\Acrobat\\RDCNotificationClient\\FullTrustNotifier.exe\r\nFileVersion: -\r\nDescription: -\r\nProduct: -\r\nCompany: -\r\nOriginalFileName: -\r\nCommandLine: \"C:\\Program Files\\Adobe\\Acrobat DC\\Acrobat\\RDCNotificationClient\\FullTrustNotifier.exe\" GetChannelUri\r\nCurrentDirectory: C:\\Windows\\system32\\\r\nUser: UNICORN\\ASUS\r\nLogonGuid: {bc083af7-ab66-68f9-1689-2f0000000000}\r\nLogonId: 0x2F8916\r\nTerminalSessionId: 2\r\nIntegrityLevel: Low\r\nHashes: SHA256=F72AE9E2704E97D9C31B3128003296AE46B20ACDDA49BF2E85D5B6799085BB4F\r\nParentProcessGuid: {bc083af7-bfe1-68f9-2708-000000001400}\r\nParentProcessId: 22316\r\nParentImage: C:\\Program Files\\Adobe\\Acrobat DC\\Acrobat\\AdobeCollabSync.exe\r\nParentCommandLine: \"C:\\Program Files\\Adobe\\Acrobat DC\\Acrobat\\AdobeCollabSync.exe\" --type=collab-renderer --proc=24496\r\nParentUser: UNICORN\\ASUS",
        "Properties":  [
                           "-",
                           "2025-10-23 06:10:54.882",
                           "bc083af7-c6ee-68f9-fe08-000000001400",
                           6196,
                           "C:\\Program Files\\Adobe\\Acrobat DC\\Acrobat\\RDCNotificationClient\\FullTrustNotifier.exe",
                           "-",
                           "-",
                           "-",
                           "-",
                           "-",
                           "\"C:\\Program Files\\Adobe\\Acrobat DC\\Acrobat\\RDCNotificationClient\\FullTrustNotifier.exe\" GetChannelUri",
                           "C:\\Windows\\system32\\",
                           "UNICORN\\ASUS",
                           "bc083af7-ab66-68f9-1689-2f0000000000",
                           3115286,
                           2,
                           "Low",
                           "SHA256=F72AE9E2704E97D9C31B3128003296AE46B20ACDDA49BF2E85D5B6799085BB4F",
                           "bc083af7-bfe1-68f9-2708-000000001400",
                           22316,
                           "C:\\Program Files\\Adobe\\Acrobat DC\\Acrobat\\AdobeCollabSync.exe",
                           "\"C:\\Program Files\\Adobe\\Acrobat DC\\Acrobat\\AdobeCollabSync.exe\" --type=collab-renderer --proc=24496",
                           "UNICORN\\ASUS"
                       ],
        "RecordId":  25080
    },
    {
        "TimeCreated":  "\/Date(1761199854344)\/",
        "Id":  1,
        "Level":  "Information",
        "Message":  "Process Create:\r\nRuleName: -\r\nUtcTime: 2025-10-23 06:10:54.340\r\nProcessGuid: {bc083af7-c6ee-68f9-fd08-000000001400}\r\nProcessId: 26096\r\nImage: C:\\Windows\\System32\\sppsvc.exe\r\nFileVersion: 10.0.26100.6899 (WinBuild.160101.0800)\r\nDescription: Microsoft Software Protection Platform Service\r\nProduct: Microsoft® Windows® Operating System\r\nCompany: Microsoft Corporation\r\nOriginalFileName: sppsvc.exe\r\nCommandLine: C:\\Windows\\system32\\sppsvc.exe\r\nCurrentDirectory: C:\\Windows\r\nUser: NT AUTHORITY\\NETWORK SERVICE\r\nLogonGuid: {bc083af7-09f3-68f9-e403-000000000000}\r\nLogonId: 0x3E4\r\nTerminalSessionId: 0\r\nIntegrityLevel: System\r\nHashes: SHA256=5799E157DE1E1406F57AABDAB2C3F1A514D2AE376E585EDD76144735BE57046B\r\nParentProcessGuid: {bc083af7-09f3-68f9-0c00-000000001400}\r\nParentProcessId: 1540\r\nParentImage: C:\\Windows\\System32\\services.exe\r\nParentCommandLine: C:\\Windows\\system32\\services.exe\r\nParentUser: NT AUTHORITY\\SYSTEM",
        "Properties":  [
                           "-",
                           "2025-10-23 06:10:54.340",
                           "bc083af7-c6ee-68f9-fd08-000000001400",
                           26096,
                           "C:\\Windows\\System32\\sppsvc.exe",
                           "10.0.26100.6899 (WinBuild.160101.0800)",
                           "Microsoft Software Protection Platform Service",
                           "Microsoft® Windows® Operating System",
                           "Microsoft Corporation",
                           "sppsvc.exe",
                           "C:\\Windows\\system32\\sppsvc.exe",
                           "C:\\Windows",
                           "NT AUTHORITY\\NETWORK SERVICE",
                           "bc083af7-09f3-68f9-e403-000000000000",
                           996,
                           0,
                           "System",
                           "SHA256=5799E157DE1E1406F57AABDAB2C3F1A514D2AE376E585EDD76144735BE57046B",
                           "bc083af7-09f3-68f9-0c00-000000001400",
                           1540,
                           "C:\\Windows\\System32\\services.exe",
                           "C:\\Windows\\system32\\services.exe",
                           "NT AUTHORITY\\SYSTEM"
                       ],
        "RecordId":  25079
    },
    {
        "TimeCreated":  "\/Date(1761199852919)\/",
        "Id":  5,
        "Level":  "Information",
        "Message":  "Process terminated:\r\nRuleName: -\r\nUtcTime: 2025-10-23 06:10:52.919\r\nProcessGuid: {bc083af7-c6ec-68f9-fb08-000000001400}\r\nProcessId: 7864\r\nImage: C:\\Windows\\System32\\backgroundTaskHost.exe\r\nUser: UNICORN\\ASUS",
        "Properties":  [
                           "-",
                           "2025-10-23 06:10:52.919",
                           "bc083af7-c6ec-68f9-fb08-000000001400",
                           7864,
                           "C:\\Windows\\System32\\backgroundTaskHost.exe",
                           "UNICORN\\ASUS"
                       ],
        "RecordId":  25078
    },
    {
        "TimeCreated":  "\/Date(1761199852859)\/",
        "Id":  1,
        "Level":  "Information",
        "Message":  "Process Create:\r\nRuleName: -\r\nUtcTime: 2025-10-23 06:10:52.850\r\nProcessGuid: {bc083af7-c6ec-68f9-fc08-000000001400}\r\nProcessId: 20440\r\nImage: C:\\Windows\\System32\\RuntimeBroker.exe\r\nFileVersion: 10.0.26100.5074 (WinBuild.160101.0800)\r\nDescription: Runtime Broker\r\nProduct: Microsoft® Windows® Operating System\r\nCompany: Microsoft Corporation\r\nOriginalFileName: RuntimeBroker.exe\r\nCommandLine: C:\\Windows\\System32\\RuntimeBroker.exe -Embedding\r\nCurrentDirectory: C:\\Windows\\system32\\\r\nUser: UNICORN\\ASUS\r\nLogonGuid: {bc083af7-ab66-68f9-1689-2f0000000000}\r\nLogonId: 0x2F8916\r\nTerminalSessionId: 2\r\nIntegrityLevel: Medium\r\nHashes: SHA256=DBF90B115CFC26B5A59DD5BF9C20D94A11FFE9D2F979831EBF7CF496EEECBD0E\r\nParentProcessGuid: {bc083af7-09f3-68f9-0f00-000000001400}\r\nParentProcessId: 1728\r\nParentImage: C:\\Windows\\System32\\svchost.exe\r\nParentCommandLine: C:\\Windows\\system32\\svchost.exe -k DcomLaunch -p\r\nParentUser: NT AUTHORITY\\SYSTEM",
        "Properties":  [
                           "-",
                           "2025-10-23 06:10:52.850",
                           "bc083af7-c6ec-68f9-fc08-000000001400",
                           20440,
                           "C:\\Windows\\System32\\RuntimeBroker.exe",
                           "10.0.26100.5074 (WinBuild.160101.0800)",
                           "Runtime Broker",
                           "Microsoft® Windows® Operating System",
                           "Microsoft Corporation",
                           "RuntimeBroker.exe",
                           "C:\\Windows\\System32\\RuntimeBroker.exe -Embedding",
                           "C:\\Windows\\system32\\",
                           "UNICORN\\ASUS",
                           "bc083af7-ab66-68f9-1689-2f0000000000",
                           3115286,
                           2,
                           "Medium",
                           "SHA256=DBF90B115CFC26B5A59DD5BF9C20D94A11FFE9D2F979831EBF7CF496EEECBD0E",
                           "bc083af7-09f3-68f9-0f00-000000001400",
                           1728,
                           "C:\\Windows\\System32\\svchost.exe",
                           "C:\\Windows\\system32\\svchost.exe -k DcomLaunch -p",
                           "NT AUTHORITY\\SYSTEM"
                       ],
        "RecordId":  25077
    },
    {
        "TimeCreated":  "\/Date(1761199852800)\/",
        "Id":  1,
        "Level":  "Information",
        "Message":  "Process Create:\r\nRuleName: -\r\nUtcTime: 2025-10-23 06:10:52.790\r\nProcessGuid: {bc083af7-c6ec-68f9-fb08-000000001400}\r\nProcessId: 7864\r\nImage: C:\\Windows\\System32\\backgroundTaskHost.exe\r\nFileVersion: 10.0.26100.1 (WinBuild.160101.0800)\r\nDescription: Background Task Host\r\nProduct: Microsoft® Windows® Operating System\r\nCompany: Microsoft Corporation\r\nOriginalFileName: backgroundTaskHost.exe\r\nCommandLine: \"C:\\Windows\\system32\\BackgroundTaskHost.exe\" -ServerName:BackgroundTaskHost.WebAccountProvider\r\nCurrentDirectory: C:\\Windows\\SystemApps\\Microsoft.AAD.BrokerPlugin_cw5n1h2txyewy\\\r\nUser: UNICORN\\ASUS\r\nLogonGuid: {bc083af7-ab66-68f9-1689-2f0000000000}\r\nLogonId: 0x2F8916\r\nTerminalSessionId: 2\r\nIntegrityLevel: AppContainer\r\nHashes: SHA256=B7D2C17E0038945AA4B72AE7A89E54D29B04CCC0FEB62DF5C9B7B67DE43C2530\r\nParentProcessGuid: {bc083af7-09f3-68f9-0f00-000000001400}\r\nParentProcessId: 1728\r\nParentImage: C:\\Windows\\System32\\svchost.exe\r\nParentCommandLine: C:\\Windows\\system32\\svchost.exe -k DcomLaunch -p\r\nParentUser: NT AUTHORITY\\SYSTEM",
        "Properties":  [
                           "-",
                           "2025-10-23 06:10:52.790",
                           "bc083af7-c6ec-68f9-fb08-000000001400",
                           7864,
                           "C:\\Windows\\System32\\backgroundTaskHost.exe",
                           "10.0.26100.1 (WinBuild.160101.0800)",
                           "Background Task Host",
                           "Microsoft® Windows® Operating System",
                           "Microsoft Corporation",
                           "backgroundTaskHost.exe",
                           "\"C:\\Windows\\system32\\BackgroundTaskHost.exe\" -ServerName:BackgroundTaskHost.WebAccountProvider",
                           "C:\\Windows\\SystemApps\\Microsoft.AAD.BrokerPlugin_cw5n1h2txyewy\\",
                           "UNICORN\\ASUS",
                           "bc083af7-ab66-68f9-1689-2f0000000000",
                           3115286,
                           2,
                           "AppContainer",
                           "SHA256=B7D2C17E0038945AA4B72AE7A89E54D29B04CCC0FEB62DF5C9B7B67DE43C2530",
                           "bc083af7-09f3-68f9-0f00-000000001400",
                           1728,
                           "C:\\Windows\\System32\\svchost.exe",
                           "C:\\Windows\\system32\\svchost.exe -k DcomLaunch -p",
                           "NT AUTHORITY\\SYSTEM"
                       ],
        "RecordId":  25076
    },
    {
        "TimeCreated":  "\/Date(1761199852649)\/",
        "Id":  1,
        "Level":  "Information",
        "Message":  "Process Create:\r\nRuleName: -\r\nUtcTime: 2025-10-23 06:10:52.640\r\nProcessGuid: {bc083af7-c6ec-68f9-fa08-000000001400}\r\nProcessId: 17052\r\nImage: C:\\Windows\\System32\\taskhostw.exe\r\nFileVersion: 10.0.26100.5074 (WinBuild.160101.0800)\r\nDescription: Host Process for Windows Tasks\r\nProduct: Microsoft® Windows® Operating System\r\nCompany: Microsoft Corporation\r\nOriginalFileName: taskhostw.exe\r\nCommandLine: taskhostw.exe\r\nCurrentDirectory: C:\\Windows\\system32\\\r\nUser: NT AUTHORITY\\SYSTEM\r\nLogonGuid: {bc083af7-09f3-68f9-e703-000000000000}\r\nLogonId: 0x3E7\r\nTerminalSessionId: 0\r\nIntegrityLevel: System\r\nHashes: SHA256=818C6876E1028AB2B94E45B3CC45102CD83204803537D94263A9B7A6B6583D4B\r\nParentProcessGuid: {bc083af7-09f4-68f9-2f00-000000001400}\r\nParentProcessId: 3272\r\nParentImage: C:\\Windows\\System32\\svchost.exe\r\nParentCommandLine: C:\\Windows\\system32\\svchost.exe -k netsvcs -p -s Schedule\r\nParentUser: NT AUTHORITY\\SYSTEM",
        "Properties":  [
                           "-",
                           "2025-10-23 06:10:52.640",
                           "bc083af7-c6ec-68f9-fa08-000000001400",
                           17052,
                           "C:\\Windows\\System32\\taskhostw.exe",
                           "10.0.26100.5074 (WinBuild.160101.0800)",
                           "Host Process for Windows Tasks",
                           "Microsoft® Windows® Operating System",
                           "Microsoft Corporation",
                           "taskhostw.exe",
                           "taskhostw.exe",
                           "C:\\Windows\\system32\\",
                           "NT AUTHORITY\\SYSTEM",
                           "bc083af7-09f3-68f9-e703-000000000000",
                           999,
                           0,
                           "System",
                           "SHA256=818C6876E1028AB2B94E45B3CC45102CD83204803537D94263A9B7A6B6583D4B",
                           "bc083af7-09f4-68f9-2f00-000000001400",
                           3272,
                           "C:\\Windows\\System32\\svchost.exe",
                           "C:\\Windows\\system32\\svchost.exe -k netsvcs -p -s Schedule",
                           "NT AUTHORITY\\SYSTEM"
                       ],
        "RecordId":  25075
    },
    {
        "TimeCreated":  "\/Date(1761199823780)\/",
        "Id":  5,
        "Level":  "Information",
        "Message":  "Process terminated:\r\nRuleName: -\r\nUtcTime: 2025-10-23 06:10:23.779\r\nProcessGuid: {bc083af7-c6cf-68f9-f908-000000001400}\r\nProcessId: 21276\r\nImage: C:\\Windows\\System32\\sc.exe\r\nUser: UNICORN\\ASUS",
        "Properties":  [
                           "-",
                           "2025-10-23 06:10:23.779",
                           "bc083af7-c6cf-68f9-f908-000000001400",
                           21276,
                           "C:\\Windows\\System32\\sc.exe",
                           "UNICORN\\ASUS"
                       ],
        "RecordId":  25074
    },
    {
        "TimeCreated":  "\/Date(1761199823773)\/",
        "Id":  1,
        "Level":  "Information",
        "Message":  "Process Create:\r\nRuleName: -\r\nUtcTime: 2025-10-23 06:10:23.763\r\nProcessGuid: {bc083af7-c6cf-68f9-f908-000000001400}\r\nProcessId: 21276\r\nImage: C:\\Windows\\System32\\sc.exe\r\nFileVersion: 10.0.26100.4484 (WinBuild.160101.0800)\r\nDescription: Service Control Manager Configuration Tool\r\nProduct: Microsoft® Windows® Operating System\r\nCompany: Microsoft Corporation\r\nOriginalFileName: sc.exe\r\nCommandLine: \"C:\\Windows\\system32\\sc.exe\" query Sysmon64\r\nCurrentDirectory: C:\\Windows\\system32\\\r\nUser: UNICORN\\ASUS\r\nLogonGuid: {bc083af7-ab66-68f9-1c88-2f0000000000}\r\nLogonId: 0x2F881C\r\nTerminalSessionId: 2\r\nIntegrityLevel: High\r\nHashes: SHA256=A452BFCB6000D03942DDFADDCDA5A7EB121447ED99B1BA090446B4A989F1F7AE\r\nParentProcessGuid: {bc083af7-c6c4-68f9-f708-000000001400}\r\nParentProcessId: 18788\r\nParentImage: C:\\Windows\\System32\\WindowsPowerShell\\v1.0\\powershell.exe\r\nParentCommandLine: \"C:\\Windows\\System32\\WindowsPowerShell\\v1.0\\powershell.exe\" \r\nParentUser: UNICORN\\ASUS",
        "Properties":  [
                           "-",
                           "2025-10-23 06:10:23.763",
                           "bc083af7-c6cf-68f9-f908-000000001400",
                           21276,
                           "C:\\Windows\\System32\\sc.exe",
                           "10.0.26100.4484 (WinBuild.160101.0800)",
                           "Service Control Manager Configuration Tool",
                           "Microsoft® Windows® Operating System",
                           "Microsoft Corporation",
                           "sc.exe",
                           "\"C:\\Windows\\system32\\sc.exe\" query Sysmon64",
                           "C:\\Windows\\system32\\",
                           "UNICORN\\ASUS",
                           "bc083af7-ab66-68f9-1c88-2f0000000000",
                           3115036,
                           2,
                           "High",
                           "SHA256=A452BFCB6000D03942DDFADDCDA5A7EB121447ED99B1BA090446B4A989F1F7AE",
                           "bc083af7-c6c4-68f9-f708-000000001400",
                           18788,
                           "C:\\Windows\\System32\\WindowsPowerShell\\v1.0\\powershell.exe",
                           "\"C:\\Windows\\System32\\WindowsPowerShell\\v1.0\\powershell.exe\" ",
                           "UNICORN\\ASUS"
                       ],
        "RecordId":  25073
    },
    {
        "TimeCreated":  "\/Date(1761199815914)\/",
        "Id":  5,
        "Level":  "Information",
        "Message":  "Process terminated:\r\nRuleName: -\r\nUtcTime: 2025-10-23 06:10:15.913\r\nProcessGuid: {bc083af7-c6c3-68f9-f508-000000001400}\r\nProcessId: 26820\r\nImage: C:\\Windows\\System32\\ctfmon.exe\r\nUser: NT AUTHORITY\\SYSTEM",
        "Properties":  [
                           "-",
                           "2025-10-23 06:10:15.913",
                           "bc083af7-c6c3-68f9-f508-000000001400",
                           26820,
                           "C:\\Windows\\System32\\ctfmon.exe",
                           "NT AUTHORITY\\SYSTEM"
                       ],
        "RecordId":  25072
    },
    {
        "TimeCreated":  "\/Date(1761199812985)\/",
        "Id":  1,
        "Level":  "Information",
        "Message":  "Process Create:\r\nRuleName: -\r\nUtcTime: 2025-10-23 06:10:12.975\r\nProcessGuid: {bc083af7-c6c4-68f9-f808-000000001400}\r\nProcessId: 9204\r\nImage: C:\\Windows\\System32\\conhost.exe\r\nFileVersion: 10.0.26100.6725 (WinBuild.160101.0800)\r\nDescription: Console Window Host\r\nProduct: Microsoft® Windows® Operating System\r\nCompany: Microsoft Corporation\r\nOriginalFileName: CONHOST.EXE\r\nCommandLine: \\??\\C:\\Windows\\system32\\conhost.exe 0xffffffff -ForceV1\r\nCurrentDirectory: C:\\Windows\r\nUser: UNICORN\\ASUS\r\nLogonGuid: {bc083af7-ab66-68f9-1c88-2f0000000000}\r\nLogonId: 0x2F881C\r\nTerminalSessionId: 2\r\nIntegrityLevel: High\r\nHashes: SHA256=9326E22D619CE662B6A585D02947537F844A280645F22674DD3B8A47DFFF094A\r\nParentProcessGuid: {bc083af7-c6c4-68f9-f708-000000001400}\r\nParentProcessId: 18788\r\nParentImage: C:\\Windows\\System32\\WindowsPowerShell\\v1.0\\powershell.exe\r\nParentCommandLine: \"C:\\Windows\\System32\\WindowsPowerShell\\v1.0\\powershell.exe\" \r\nParentUser: UNICORN\\ASUS",
        "Properties":  [
                           "-",
                           "2025-10-23 06:10:12.975",
                           "bc083af7-c6c4-68f9-f808-000000001400",
                           9204,
                           "C:\\Windows\\System32\\conhost.exe",
                           "10.0.26100.6725 (WinBuild.160101.0800)",
                           "Console Window Host",
                           "Microsoft® Windows® Operating System",
                           "Microsoft Corporation",
                           "CONHOST.EXE",
                           "\\??\\C:\\Windows\\system32\\conhost.exe 0xffffffff -ForceV1",
                           "C:\\Windows",
                           "UNICORN\\ASUS",
                           "bc083af7-ab66-68f9-1c88-2f0000000000",
                           3115036,
                           2,
                           "High",
                           "SHA256=9326E22D619CE662B6A585D02947537F844A280645F22674DD3B8A47DFFF094A",
                           "bc083af7-c6c4-68f9-f708-000000001400",
                           18788,
                           "C:\\Windows\\System32\\WindowsPowerShell\\v1.0\\powershell.exe",
                           "\"C:\\Windows\\System32\\WindowsPowerShell\\v1.0\\powershell.exe\" ",
                           "UNICORN\\ASUS"
                       ],
        "RecordId":  25071
    },
    {
        "TimeCreated":  "\/Date(1761199812968)\/",
        "Id":  1,
        "Level":  "Information",
        "Message":  "Process Create:\r\nRuleName: -\r\nUtcTime: 2025-10-23 06:10:12.946\r\nProcessGuid: {bc083af7-c6c4-68f9-f708-000000001400}\r\nProcessId: 18788\r\nImage: C:\\Windows\\System32\\WindowsPowerShell\\v1.0\\powershell.exe\r\nFileVersion: 10.0.26100.5074 (WinBuild.160101.0800)\r\nDescription: Windows PowerShell\r\nProduct: Microsoft® Windows® Operating System\r\nCompany: Microsoft Corporation\r\nOriginalFileName: PowerShell.EXE\r\nCommandLine: \"C:\\Windows\\System32\\WindowsPowerShell\\v1.0\\powershell.exe\" \r\nCurrentDirectory: C:\\Windows\\system32\\\r\nUser: UNICORN\\ASUS\r\nLogonGuid: {bc083af7-ab66-68f9-1c88-2f0000000000}\r\nLogonId: 0x2F881C\r\nTerminalSessionId: 2\r\nIntegrityLevel: High\r\nHashes: SHA256=0FF6F2C94BC7E2833A5F7E16DE1622E5DBA70396F31C7D5F56381870317E8C46\r\nParentProcessGuid: {bc083af7-ab67-68f9-0e02-000000001400}\r\nParentProcessId: 21980\r\nParentImage: C:\\Windows\\explorer.exe\r\nParentCommandLine: C:\\Windows\\Explorer.EXE\r\nParentUser: UNICORN\\ASUS",
        "Properties":  [
                           "-",
                           "2025-10-23 06:10:12.946",
                           "bc083af7-c6c4-68f9-f708-000000001400",
                           18788,
                           "C:\\Windows\\System32\\WindowsPowerShell\\v1.0\\powershell.exe",
                           "10.0.26100.5074 (WinBuild.160101.0800)",
                           "Windows PowerShell",
                           "Microsoft® Windows® Operating System",
                           "Microsoft Corporation",
                           "PowerShell.EXE",
                           "\"C:\\Windows\\System32\\WindowsPowerShell\\v1.0\\powershell.exe\" ",
                           "C:\\Windows\\system32\\",
                           "UNICORN\\ASUS",
                           "bc083af7-ab66-68f9-1c88-2f0000000000",
                           3115036,
                           2,
                           "High",
                           "SHA256=0FF6F2C94BC7E2833A5F7E16DE1622E5DBA70396F31C7D5F56381870317E8C46",
                           "bc083af7-ab67-68f9-0e02-000000001400",
                           21980,
                           "C:\\Windows\\explorer.exe",
                           "C:\\Windows\\Explorer.EXE",
                           "UNICORN\\ASUS"
                       ],
        "RecordId":  25070
    },
    {
        "TimeCreated":  "\/Date(1761199812933)\/",
        "Id":  5,
        "Level":  "Information",
        "Message":  "Process terminated:\r\nRuleName: -\r\nUtcTime: 2025-10-23 06:10:12.932\r\nProcessGuid: {bc083af7-c6c3-68f9-f408-000000001400}\r\nProcessId: 10588\r\nImage: C:\\Windows\\System32\\consent.exe\r\nUser: NT AUTHORITY\\SYSTEM",
        "Properties":  [
                           "-",
                           "2025-10-23 06:10:12.932",
                           "bc083af7-c6c3-68f9-f408-000000001400",
                           10588,
                           "C:\\Windows\\System32\\consent.exe",
                           "NT AUTHORITY\\SYSTEM"
                       ],
        "RecordId":  25069
    },
