    {
        "TimeCreated":  "\/Date(1761198715217)\/",
        "Id":  1,
        "Level":  "Information",
        "Message":  "Process Create:\r\nRuleName: -\r\nUtcTime: 2025-10-23 05:51:55.209\r\nProcessGuid: {bc083af7-c27b-68f9-7508-000000001400}\r\nProcessId: 13888\r\nImage: C:\\Program Files\\Git\\cmd\\git.exe\r\nFileVersion: 2.51.0.windows.2\r\nDescription: Git for Windows\r\nProduct: Git\r\nCompany: The Git Development Community\r\nOriginalFileName: git.exe\r\nCommandLine: \"C:\\Program Files\\Git\\cmd\\git.exe\" status -z -uall\r\nCurrentDirectory: D:\\ThreatSphere\\\r\nUser: UNICORN\\ASUS\r\nLogonGuid: {bc083af7-ab66-68f9-1689-2f0000000000}\r\nLogonId: 0x2F8916\r\nTerminalSessionId: 2\r\nIntegrityLevel: Medium\r\nHashes: SHA256=EE3D2A38093C3680745A5C973488F5BB78A16F010145D5CDC7470A7395C9E7E8\r\nParentProcessGuid: {bc083af7-abd6-68f9-7c03-000000001400}\r\nParentProcessId: 24844\r\nParentImage: C:\\Users\\ASUS\\AppData\\Local\\Programs\\Microsoft VS Code\\Code.exe\r\nParentCommandLine: \"C:\\Users\\ASUS\\AppData\\Local\\Programs\\Microsoft VS Code\\Code.exe\" --type=utility --utility-sub-type=node.mojom.NodeService --lang=en-US --service-sandbox-type=none --dns-result-order=ipv4first --experimental-network-inspection --inspect-port=0 --video-capture-use-gpu-memory-buffer --user-data-dir=\"C:\\Users\\ASUS\\AppData\\Roaming\\Code\" --standard-schemes=vscode-webview,vscode-file --enable-sandbox --secure-schemes=vscode-webview,vscode-file --cors-schemes=vscode-webview,vscode-file --fetch-schemes=vscode-webview,vscode-file --service-worker-schemes=vscode-webview --code-cache-schemes=vscode-webview,vscode-file --field-trial-handle=1736,i,12426189760977132178,9862129789206227926,262144 --enable-features=DocumentPolicyIncludeJSCallStacksInCrashReports,EarlyEstablishGpuChannel,EnableTransparentHwndEnlargement,EstablishGpuChannelAsync --disable-features=CalculateNativeWinOcclusion,FontationsLinuxSystemFonts,ScreenAIOCREnabled,SpareRendererForSitePerProcess,WinDelaySpellcheckServiceInit --variations-seed-version --mojo-platform-channel-handle=3724 /prefetch:14\r\nParentUser: UNICORN\\ASUS",
        "Properties":  [
                           "-",
                           "2025-10-23 05:51:55.209",
                           "bc083af7-c27b-68f9-7508-000000001400",
                           13888,
                           "C:\\Program Files\\Git\\cmd\\git.exe",
                           "2.51.0.windows.2",
                           "Git for Windows",
                           "Git",
                           "The Git Development Community",
                           "git.exe",
                           "\"C:\\Program Files\\Git\\cmd\\git.exe\" status -z -uall",
                           "D:\\ThreatSphere\\",
                           "UNICORN\\ASUS",
                           "bc083af7-ab66-68f9-1689-2f0000000000",
                           3115286,
                           2,
                           "Medium",
                           "SHA256=EE3D2A38093C3680745A5C973488F5BB78A16F010145D5CDC7470A7395C9E7E8",
                           "bc083af7-abd6-68f9-7c03-000000001400",
                           24844,
                           "C:\\Users\\ASUS\\AppData\\Local\\Programs\\Microsoft VS Code\\Code.exe",
                           "\"C:\\Users\\ASUS\\AppData\\Local\\Programs\\Microsoft VS Code\\Code.exe\" --type=utility --utility-sub-type=node.mojom.NodeService --lang=en-US --service-sandbox-type=none --dns-result-order=ipv4first --experimental-network-inspection --inspect-port=0 --video-capture-use-gpu-memory-buffer --user-data-dir=\"C:\\Users\\ASUS\\AppData\\Roaming\\Code\" --standard-schemes=vscode-webview,vscode-file --enable-sandbox --secure-schemes=vscode-webview,vscode-file --cors-schemes=vscode-webview,vscode-file --fetch-schemes=vscode-webview,vscode-file --service-worker-schemes=vscode-webview --code-cache-schemes=vscode-webview,vscode-file --field-trial-handle=1736,i,12426189760977132178,9862129789206227926,262144 --enable-features=DocumentPolicyIncludeJSCallStacksInCrashReports,EarlyEstablishGpuChannel,EnableTransparentHwndEnlargement,EstablishGpuChannelAsync --disable-features=CalculateNativeWinOcclusion,FontationsLinuxSystemFonts,ScreenAIOCREnabled,SpareRendererForSitePerProcess,WinDelaySpellcheckServiceInit --variations-seed-version --mojo-platform-channel-handle=3724 /prefetch:14",
                           "UNICORN\\ASUS"
                       ],
        "RecordId":  24818
    },
    {
        "TimeCreated":  "\/Date(1761198715208)\/",
        "Id":  5,
        "Level":  "Information",
        "Message":  "Process terminated:\r\nRuleName: -\r\nUtcTime: 2025-10-23 05:51:55.206\r\nProcessGuid: {bc083af7-c27b-68f9-7208-000000001400}\r\nProcessId: 27216\r\nImage: C:\\Windows\\System32\\conhost.exe\r\nUser: UNICORN\\ASUS",
        "Properties":  [
                           "-",
                           "2025-10-23 05:51:55.206",
                           "bc083af7-c27b-68f9-7208-000000001400",
                           27216,
                           "C:\\Windows\\System32\\conhost.exe",
                           "UNICORN\\ASUS"
                       ],
        "RecordId":  24817
    },
    {
        "TimeCreated":  "\/Date(1761198715207)\/",
        "Id":  5,
        "Level":  "Information",
        "Message":  "Process terminated:\r\nRuleName: -\r\nUtcTime: 2025-10-23 05:51:55.206\r\nProcessGuid: {bc083af7-c27b-68f9-7008-000000001400}\r\nProcessId: 6960\r\nImage: C:\\Program Files\\Git\\cmd\\git.exe\r\nUser: UNICORN\\ASUS",
        "Properties":  [
                           "-",
                           "2025-10-23 05:51:55.206",
                           "bc083af7-c27b-68f9-7008-000000001400",
                           6960,
                           "C:\\Program Files\\Git\\cmd\\git.exe",
                           "UNICORN\\ASUS"
                       ],
        "RecordId":  24816
    },
    {
        "TimeCreated":  "\/Date(1761198715205)\/",
        "Id":  5,
        "Level":  "Information",
        "Message":  "Process terminated:\r\nRuleName: -\r\nUtcTime: 2025-10-23 05:51:55.204\r\nProcessGuid: {bc083af7-c27b-68f9-7408-000000001400}\r\nProcessId: 440\r\nImage: C:\\Program Files\\Git\\mingw64\\bin\\git.exe\r\nUser: UNICORN\\ASUS",
        "Properties":  [
                           "-",
                           "2025-10-23 05:51:55.204",
                           "bc083af7-c27b-68f9-7408-000000001400",
                           440,
                           "C:\\Program Files\\Git\\mingw64\\bin\\git.exe",
                           "UNICORN\\ASUS"
                       ],
        "RecordId":  24815
    },
    {
        "TimeCreated":  "\/Date(1761198715205)\/",
        "Id":  5,
        "Level":  "Information",
        "Message":  "Process terminated:\r\nRuleName: -\r\nUtcTime: 2025-10-23 05:51:55.204\r\nProcessGuid: {bc083af7-c27b-68f9-7108-000000001400}\r\nProcessId: 11716\r\nImage: C:\\Windows\\System32\\conhost.exe\r\nUser: UNICORN\\ASUS",
        "Properties":  [
                           "-",
                           "2025-10-23 05:51:55.204",
                           "bc083af7-c27b-68f9-7108-000000001400",
                           11716,
                           "C:\\Windows\\System32\\conhost.exe",
                           "UNICORN\\ASUS"
                       ],
        "RecordId":  24814
    },
    {
        "TimeCreated":  "\/Date(1761198715204)\/",
        "Id":  5,
        "Level":  "Information",
        "Message":  "Process terminated:\r\nRuleName: -\r\nUtcTime: 2025-10-23 05:51:55.203\r\nProcessGuid: {bc083af7-c27b-68f9-6f08-000000001400}\r\nProcessId: 2500\r\nImage: C:\\Program Files\\Git\\cmd\\git.exe\r\nUser: UNICORN\\ASUS",
        "Properties":  [
                           "-",
                           "2025-10-23 05:51:55.203",
                           "bc083af7-c27b-68f9-6f08-000000001400",
                           2500,
                           "C:\\Program Files\\Git\\cmd\\git.exe",
                           "UNICORN\\ASUS"
                       ],
        "RecordId":  24813
    },
    {
        "TimeCreated":  "\/Date(1761198715201)\/",
        "Id":  5,
        "Level":  "Information",
        "Message":  "Process terminated:\r\nRuleName: -\r\nUtcTime: 2025-10-23 05:51:55.201\r\nProcessGuid: {bc083af7-c27b-68f9-7308-000000001400}\r\nProcessId: 26736\r\nImage: C:\\Program Files\\Git\\mingw64\\bin\\git.exe\r\nUser: UNICORN\\ASUS",
        "Properties":  [
                           "-",
                           "2025-10-23 05:51:55.201",
                           "bc083af7-c27b-68f9-7308-000000001400",
                           26736,
                           "C:\\Program Files\\Git\\mingw64\\bin\\git.exe",
                           "UNICORN\\ASUS"
                       ],
        "RecordId":  24812
    },
    {
        "TimeCreated":  "\/Date(1761198715188)\/",
        "Id":  1,
        "Level":  "Information",
        "Message":  "Process Create:\r\nRuleName: -\r\nUtcTime: 2025-10-23 05:51:55.178\r\nProcessGuid: {bc083af7-c27b-68f9-7408-000000001400}\r\nProcessId: 440\r\nImage: C:\\Program Files\\Git\\mingw64\\bin\\git.exe\r\nFileVersion: 2.51.0.windows.2\r\nDescription: Git for Windows\r\nProduct: Git\r\nCompany: The Git Development Community\r\nOriginalFileName: git.exe\r\nCommandLine: git.exe for-each-ref --format=%%(refname)The operation completed successfully. %%(upstream:short)The operation completed successfully. %%(objectname)The operation completed successfully. %%(upstream:track)The operation completed successfully. %%(upstream:remotename)The operation completed successfully. %%(upstream:remoteref) --ignore-case refs/heads/main refs/remotes/main\r\nCurrentDirectory: D:\\ThreatSphere\\\r\nUser: UNICORN\\ASUS\r\nLogonGuid: {bc083af7-ab66-68f9-1689-2f0000000000}\r\nLogonId: 0x2F8916\r\nTerminalSessionId: 2\r\nIntegrityLevel: Medium\r\nHashes: SHA256=E996432581A70DF2E7AAAC5DB71E3811EC0DAA7F93A8BA73FE6DB6F9941F4BF9\r\nParentProcessGuid: {bc083af7-c27b-68f9-7008-000000001400}\r\nParentProcessId: 6960\r\nParentImage: C:\\Program Files\\Git\\cmd\\git.exe\r\nParentCommandLine: \"C:\\Program Files\\Git\\cmd\\git.exe\" for-each-ref --format=%(refname)%00%(upstream:short)%00%(objectname)%00%(upstream:track)%00%(upstream:remotename)%00%(upstream:remoteref) --ignore-case refs/heads/main refs/remotes/main\r\nParentUser: UNICORN\\ASUS",
        "Properties":  [
                           "-",
                           "2025-10-23 05:51:55.178",
                           "bc083af7-c27b-68f9-7408-000000001400",
                           440,
                           "C:\\Program Files\\Git\\mingw64\\bin\\git.exe",
                           "2.51.0.windows.2",
                           "Git for Windows",
                           "Git",
                           "The Git Development Community",
                           "git.exe",
                           "git.exe for-each-ref --format=%%(refname)%%00%%(upstream:short)%%00%%(objectname)%%00%%(upstream:track)%%00%%(upstream:remotename)%%00%%(upstream:remoteref) --ignore-case refs/heads/main refs/remotes/main",
                           "D:\\ThreatSphere\\",
                           "UNICORN\\ASUS",
                           "bc083af7-ab66-68f9-1689-2f0000000000",
                           3115286,
                           2,
                           "Medium",
                           "SHA256=E996432581A70DF2E7AAAC5DB71E3811EC0DAA7F93A8BA73FE6DB6F9941F4BF9",
                           "bc083af7-c27b-68f9-7008-000000001400",
                           6960,
                           "C:\\Program Files\\Git\\cmd\\git.exe",
                           "\"C:\\Program Files\\Git\\cmd\\git.exe\" for-each-ref --format=%(refname)%00%(upstream:short)%00%(objectname)%00%(upstream:track)%00%(upstream:remotename)%00%(upstream:remoteref) --ignore-case refs/heads/main refs/remotes/main",
                           "UNICORN\\ASUS"
                       ],
        "RecordId":  24811
    },
    {
        "TimeCreated":  "\/Date(1761198715182)\/",
        "Id":  1,
        "Level":  "Information",
        "Message":  "Process Create:\r\nRuleName: -\r\nUtcTime: 2025-10-23 05:51:55.169\r\nProcessGuid: {bc083af7-c27b-68f9-7308-000000001400}\r\nProcessId: 26736\r\nImage: C:\\Program Files\\Git\\mingw64\\bin\\git.exe\r\nFileVersion: 2.51.0.windows.2\r\nDescription: Git for Windows\r\nProduct: Git\r\nCompany: The Git Development Community\r\nOriginalFileName: git.exe\r\nCommandLine: git.exe config --get commit.template\r\nCurrentDirectory: D:\\ThreatSphere\\\r\nUser: UNICORN\\ASUS\r\nLogonGuid: {bc083af7-ab66-68f9-1689-2f0000000000}\r\nLogonId: 0x2F8916\r\nTerminalSessionId: 2\r\nIntegrityLevel: Medium\r\nHashes: SHA256=E996432581A70DF2E7AAAC5DB71E3811EC0DAA7F93A8BA73FE6DB6F9941F4BF9\r\nParentProcessGuid: {bc083af7-c27b-68f9-6f08-000000001400}\r\nParentProcessId: 2500\r\nParentImage: C:\\Program Files\\Git\\cmd\\git.exe\r\nParentCommandLine: \"C:\\Program Files\\Git\\cmd\\git.exe\" config --get commit.template\r\nParentUser: UNICORN\\ASUS",
        "Properties":  [
                           "-",
                           "2025-10-23 05:51:55.169",
                           "bc083af7-c27b-68f9-7308-000000001400",
                           26736,
                           "C:\\Program Files\\Git\\mingw64\\bin\\git.exe",
                           "2.51.0.windows.2",
                           "Git for Windows",
                           "Git",
                           "The Git Development Community",
                           "git.exe",
                           "git.exe config --get commit.template",
                           "D:\\ThreatSphere\\",
                           "UNICORN\\ASUS",
                           "bc083af7-ab66-68f9-1689-2f0000000000",
                           3115286,
                           2,
                           "Medium",
                           "SHA256=E996432581A70DF2E7AAAC5DB71E3811EC0DAA7F93A8BA73FE6DB6F9941F4BF9",
                           "bc083af7-c27b-68f9-6f08-000000001400",
                           2500,
                           "C:\\Program Files\\Git\\cmd\\git.exe",
                           "\"C:\\Program Files\\Git\\cmd\\git.exe\" config --get commit.template",
                           "UNICORN\\ASUS"
                       ],
        "RecordId":  24810
    },
    {
        "TimeCreated":  "\/Date(1761198715163)\/",
        "Id":  1,
        "Level":  "Information",
        "Message":  "Process Create:\r\nRuleName: -\r\nUtcTime: 2025-10-23 05:51:55.154\r\nProcessGuid: {bc083af7-c27b-68f9-7208-000000001400}\r\nProcessId: 27216\r\nImage: C:\\Windows\\System32\\conhost.exe\r\nFileVersion: 10.0.26100.6725 (WinBuild.160101.0800)\r\nDescription: Console Window Host\r\nProduct: Microsoft® Windows® Operating System\r\nCompany: Microsoft Corporation\r\nOriginalFileName: CONHOST.EXE\r\nCommandLine: \\??\\C:\\Windows\\system32\\conhost.exe 0xffffffff -ForceV1\r\nCurrentDirectory: C:\\Windows\r\nUser: UNICORN\\ASUS\r\nLogonGuid: {bc083af7-ab66-68f9-1689-2f0000000000}\r\nLogonId: 0x2F8916\r\nTerminalSessionId: 2\r\nIntegrityLevel: Medium\r\nHashes: SHA256=9326E22D619CE662B6A585D02947537F844A280645F22674DD3B8A47DFFF094A\r\nParentProcessGuid: {bc083af7-c27b-68f9-7008-000000001400}\r\nParentProcessId: 6960\r\nParentImage: C:\\Program Files\\Git\\cmd\\git.exe\r\nParentCommandLine: \"C:\\Program Files\\Git\\cmd\\git.exe\" for-each-ref --format=%(refname)%00%(upstream:short)%00%(objectname)%00%(upstream:track)%00%(upstream:remotename)%00%(upstream:remoteref) --ignore-case refs/heads/main refs/remotes/main\r\nParentUser: UNICORN\\ASUS",
        "Properties":  [
                           "-",
                           "2025-10-23 05:51:55.154",
                           "bc083af7-c27b-68f9-7208-000000001400",
                           27216,
                           "C:\\Windows\\System32\\conhost.exe",
                           "10.0.26100.6725 (WinBuild.160101.0800)",
                           "Console Window Host",
                           "Microsoft® Windows® Operating System",
                           "Microsoft Corporation",
                           "CONHOST.EXE",
                           "\\??\\C:\\Windows\\system32\\conhost.exe 0xffffffff -ForceV1",
                           "C:\\Windows",
                           "UNICORN\\ASUS",
                           "bc083af7-ab66-68f9-1689-2f0000000000",
                           3115286,
                           2,
                           "Medium",
                           "SHA256=9326E22D619CE662B6A585D02947537F844A280645F22674DD3B8A47DFFF094A",
                           "bc083af7-c27b-68f9-7008-000000001400",
                           6960,
                           "C:\\Program Files\\Git\\cmd\\git.exe",
                           "\"C:\\Program Files\\Git\\cmd\\git.exe\" for-each-ref --format=%(refname)%00%(upstream:short)%00%(objectname)%00%(upstream:track)%00%(upstream:remotename)%00%(upstream:remoteref) --ignore-case refs/heads/main refs/remotes/main",
                           "UNICORN\\ASUS"
                       ],
        "RecordId":  24809
    },
    {
        "TimeCreated":  "\/Date(1761198715153)\/",
        "Id":  1,
        "Level":  "Information",
        "Message":  "Process Create:\r\nRuleName: -\r\nUtcTime: 2025-10-23 05:51:55.143\r\nProcessGuid: {bc083af7-c27b-68f9-7108-000000001400}\r\nProcessId: 11716\r\nImage: C:\\Windows\\System32\\conhost.exe\r\nFileVersion: 10.0.26100.6725 (WinBuild.160101.0800)\r\nDescription: Console Window Host\r\nProduct: Microsoft® Windows® Operating System\r\nCompany: Microsoft Corporation\r\nOriginalFileName: CONHOST.EXE\r\nCommandLine: \\??\\C:\\Windows\\system32\\conhost.exe 0xffffffff -ForceV1\r\nCurrentDirectory: C:\\Windows\r\nUser: UNICORN\\ASUS\r\nLogonGuid: {bc083af7-ab66-68f9-1689-2f0000000000}\r\nLogonId: 0x2F8916\r\nTerminalSessionId: 2\r\nIntegrityLevel: Medium\r\nHashes: SHA256=9326E22D619CE662B6A585D02947537F844A280645F22674DD3B8A47DFFF094A\r\nParentProcessGuid: {bc083af7-c27b-68f9-6f08-000000001400}\r\nParentProcessId: 2500\r\nParentImage: C:\\Program Files\\Git\\cmd\\git.exe\r\nParentCommandLine: \"C:\\Program Files\\Git\\cmd\\git.exe\" config --get commit.template\r\nParentUser: UNICORN\\ASUS",
        "Properties":  [
                           "-",
                           "2025-10-23 05:51:55.143",
                           "bc083af7-c27b-68f9-7108-000000001400",
                           11716,
                           "C:\\Windows\\System32\\conhost.exe",
                           "10.0.26100.6725 (WinBuild.160101.0800)",
                           "Console Window Host",
                           "Microsoft® Windows® Operating System",
                           "Microsoft Corporation",
                           "CONHOST.EXE",
                           "\\??\\C:\\Windows\\system32\\conhost.exe 0xffffffff -ForceV1",
                           "C:\\Windows",
                           "UNICORN\\ASUS",
                           "bc083af7-ab66-68f9-1689-2f0000000000",
                           3115286,
                           2,
                           "Medium",
                           "SHA256=9326E22D619CE662B6A585D02947537F844A280645F22674DD3B8A47DFFF094A",
                           "bc083af7-c27b-68f9-6f08-000000001400",
                           2500,
                           "C:\\Program Files\\Git\\cmd\\git.exe",
                           "\"C:\\Program Files\\Git\\cmd\\git.exe\" config --get commit.template",
                           "UNICORN\\ASUS"
                       ],
        "RecordId":  24808
    },
    {
        "TimeCreated":  "\/Date(1761198715152)\/",
        "Id":  1,
        "Level":  "Information",
        "Message":  "Process Create:\r\nRuleName: -\r\nUtcTime: 2025-10-23 05:51:55.142\r\nProcessGuid: {bc083af7-c27b-68f9-7008-000000001400}\r\nProcessId: 6960\r\nImage: C:\\Program Files\\Git\\cmd\\git.exe\r\nFileVersion: 2.51.0.windows.2\r\nDescription: Git for Windows\r\nProduct: Git\r\nCompany: The Git Development Community\r\nOriginalFileName: git.exe\r\nCommandLine: \"C:\\Program Files\\Git\\cmd\\git.exe\" for-each-ref --format=%%(refname)The operation completed successfully. %%(upstream:short)The operation completed successfully. %%(objectname)The operation completed successfully. %%(upstream:track)The operation completed successfully. %%(upstream:remotename)The operation completed successfully. %%(upstream:remoteref) --ignore-case refs/heads/main refs/remotes/main\r\nCurrentDirectory: D:\\ThreatSphere\\\r\nUser: UNICORN\\ASUS\r\nLogonGuid: {bc083af7-ab66-68f9-1689-2f0000000000}\r\nLogonId: 0x2F8916\r\nTerminalSessionId: 2\r\nIntegrityLevel: Medium\r\nHashes: SHA256=EE3D2A38093C3680745A5C973488F5BB78A16F010145D5CDC7470A7395C9E7E8\r\nParentProcessGuid: {bc083af7-abd6-68f9-7c03-000000001400}\r\nParentProcessId: 24844\r\nParentImage: C:\\Users\\ASUS\\AppData\\Local\\Programs\\Microsoft VS Code\\Code.exe\r\nParentCommandLine: \"C:\\Users\\ASUS\\AppData\\Local\\Programs\\Microsoft VS Code\\Code.exe\" --type=utility --utility-sub-type=node.mojom.NodeService --lang=en-US --service-sandbox-type=none --dns-result-order=ipv4first --experimental-network-inspection --inspect-port=0 --video-capture-use-gpu-memory-buffer --user-data-dir=\"C:\\Users\\ASUS\\AppData\\Roaming\\Code\" --standard-schemes=vscode-webview,vscode-file --enable-sandbox --secure-schemes=vscode-webview,vscode-file --cors-schemes=vscode-webview,vscode-file --fetch-schemes=vscode-webview,vscode-file --service-worker-schemes=vscode-webview --code-cache-schemes=vscode-webview,vscode-file --field-trial-handle=1736,i,12426189760977132178,9862129789206227926,262144 --enable-features=DocumentPolicyIncludeJSCallStacksInCrashReports,EarlyEstablishGpuChannel,EnableTransparentHwndEnlargement,EstablishGpuChannelAsync --disable-features=CalculateNativeWinOcclusion,FontationsLinuxSystemFonts,ScreenAIOCREnabled,SpareRendererForSitePerProcess,WinDelaySpellcheckServiceInit --variations-seed-version --mojo-platform-channel-handle=3724 /prefetch:14\r\nParentUser: UNICORN\\ASUS",
        "Properties":  [
                           "-",
                           "2025-10-23 05:51:55.142",
                           "bc083af7-c27b-68f9-7008-000000001400",
                           6960,
                           "C:\\Program Files\\Git\\cmd\\git.exe",
                           "2.51.0.windows.2",
                           "Git for Windows",
                           "Git",
                           "The Git Development Community",
                           "git.exe",
                           "\"C:\\Program Files\\Git\\cmd\\git.exe\" for-each-ref --format=%%(refname)%%00%%(upstream:short)%%00%%(objectname)%%00%%(upstream:track)%%00%%(upstream:remotename)%%00%%(upstream:remoteref) --ignore-case refs/heads/main refs/remotes/main",
                           "D:\\ThreatSphere\\",
                           "UNICORN\\ASUS",
                           "bc083af7-ab66-68f9-1689-2f0000000000",
                           3115286,
                           2,
                           "Medium",
                           "SHA256=EE3D2A38093C3680745A5C973488F5BB78A16F010145D5CDC7470A7395C9E7E8",
                           "bc083af7-abd6-68f9-7c03-000000001400",
                           24844,
                           "C:\\Users\\ASUS\\AppData\\Local\\Programs\\Microsoft VS Code\\Code.exe",
                           "\"C:\\Users\\ASUS\\AppData\\Local\\Programs\\Microsoft VS Code\\Code.exe\" --type=utility --utility-sub-type=node.mojom.NodeService --lang=en-US --service-sandbox-type=none --dns-result-order=ipv4first --experimental-network-inspection --inspect-port=0 --video-capture-use-gpu-memory-buffer --user-data-dir=\"C:\\Users\\ASUS\\AppData\\Roaming\\Code\" --standard-schemes=vscode-webview,vscode-file --enable-sandbox --secure-schemes=vscode-webview,vscode-file --cors-schemes=vscode-webview,vscode-file --fetch-schemes=vscode-webview,vscode-file --service-worker-schemes=vscode-webview --code-cache-schemes=vscode-webview,vscode-file --field-trial-handle=1736,i,12426189760977132178,9862129789206227926,262144 --enable-features=DocumentPolicyIncludeJSCallStacksInCrashReports,EarlyEstablishGpuChannel,EnableTransparentHwndEnlargement,EstablishGpuChannelAsync --disable-features=CalculateNativeWinOcclusion,FontationsLinuxSystemFonts,ScreenAIOCREnabled,SpareRendererForSitePerProcess,WinDelaySpellcheckServiceInit --variations-seed-version --mojo-platform-channel-handle=3724 /prefetch:14",
                           "UNICORN\\ASUS"
                       ],
        "RecordId":  24807
    },
    {
        "TimeCreated":  "\/Date(1761198715139)\/",
        "Id":  1,
        "Level":  "Information",
        "Message":  "Process Create:\r\nRuleName: -\r\nUtcTime: 2025-10-23 05:51:55.128\r\nProcessGuid: {bc083af7-c27b-68f9-6f08-000000001400}\r\nProcessId: 2500\r\nImage: C:\\Program Files\\Git\\cmd\\git.exe\r\nFileVersion: 2.51.0.windows.2\r\nDescription: Git for Windows\r\nProduct: Git\r\nCompany: The Git Development Community\r\nOriginalFileName: git.exe\r\nCommandLine: \"C:\\Program Files\\Git\\cmd\\git.exe\" config --get commit.template\r\nCurrentDirectory: D:\\ThreatSphere\\\r\nUser: UNICORN\\ASUS\r\nLogonGuid: {bc083af7-ab66-68f9-1689-2f0000000000}\r\nLogonId: 0x2F8916\r\nTerminalSessionId: 2\r\nIntegrityLevel: Medium\r\nHashes: SHA256=EE3D2A38093C3680745A5C973488F5BB78A16F010145D5CDC7470A7395C9E7E8\r\nParentProcessGuid: {bc083af7-abd6-68f9-7c03-000000001400}\r\nParentProcessId: 24844\r\nParentImage: C:\\Users\\ASUS\\AppData\\Local\\Programs\\Microsoft VS Code\\Code.exe\r\nParentCommandLine: \"C:\\Users\\ASUS\\AppData\\Local\\Programs\\Microsoft VS Code\\Code.exe\" --type=utility --utility-sub-type=node.mojom.NodeService --lang=en-US --service-sandbox-type=none --dns-result-order=ipv4first --experimental-network-inspection --inspect-port=0 --video-capture-use-gpu-memory-buffer --user-data-dir=\"C:\\Users\\ASUS\\AppData\\Roaming\\Code\" --standard-schemes=vscode-webview,vscode-file --enable-sandbox --secure-schemes=vscode-webview,vscode-file --cors-schemes=vscode-webview,vscode-file --fetch-schemes=vscode-webview,vscode-file --service-worker-schemes=vscode-webview --code-cache-schemes=vscode-webview,vscode-file --field-trial-handle=1736,i,12426189760977132178,9862129789206227926,262144 --enable-features=DocumentPolicyIncludeJSCallStacksInCrashReports,EarlyEstablishGpuChannel,EnableTransparentHwndEnlargement,EstablishGpuChannelAsync --disable-features=CalculateNativeWinOcclusion,FontationsLinuxSystemFonts,ScreenAIOCREnabled,SpareRendererForSitePerProcess,WinDelaySpellcheckServiceInit --variations-seed-version --mojo-platform-channel-handle=3724 /prefetch:14\r\nParentUser: UNICORN\\ASUS",
        "Properties":  [
                           "-",
                           "2025-10-23 05:51:55.128",
                           "bc083af7-c27b-68f9-6f08-000000001400",
                           2500,
                           "C:\\Program Files\\Git\\cmd\\git.exe",
                           "2.51.0.windows.2",
                           "Git for Windows",
                           "Git",
                           "The Git Development Community",
                           "git.exe",
                           "\"C:\\Program Files\\Git\\cmd\\git.exe\" config --get commit.template",
                           "D:\\ThreatSphere\\",
                           "UNICORN\\ASUS",
                           "bc083af7-ab66-68f9-1689-2f0000000000",
                           3115286,
                           2,
                           "Medium",
                           "SHA256=EE3D2A38093C3680745A5C973488F5BB78A16F010145D5CDC7470A7395C9E7E8",
                           "bc083af7-abd6-68f9-7c03-000000001400",
                           24844,
                           "C:\\Users\\ASUS\\AppData\\Local\\Programs\\Microsoft VS Code\\Code.exe",
                           "\"C:\\Users\\ASUS\\AppData\\Local\\Programs\\Microsoft VS Code\\Code.exe\" --type=utility --utility-sub-type=node.mojom.NodeService --lang=en-US --service-sandbox-type=none --dns-result-order=ipv4first --experimental-network-inspection --inspect-port=0 --video-capture-use-gpu-memory-buffer --user-data-dir=\"C:\\Users\\ASUS\\AppData\\Roaming\\Code\" --standard-schemes=vscode-webview,vscode-file --enable-sandbox --secure-schemes=vscode-webview,vscode-file --cors-schemes=vscode-webview,vscode-file --fetch-schemes=vscode-webview,vscode-file --service-worker-schemes=vscode-webview --code-cache-schemes=vscode-webview,vscode-file --field-trial-handle=1736,i,12426189760977132178,9862129789206227926,262144 --enable-features=DocumentPolicyIncludeJSCallStacksInCrashReports,EarlyEstablishGpuChannel,EnableTransparentHwndEnlargement,EstablishGpuChannelAsync --disable-features=CalculateNativeWinOcclusion,FontationsLinuxSystemFonts,ScreenAIOCREnabled,SpareRendererForSitePerProcess,WinDelaySpellcheckServiceInit --variations-seed-version --mojo-platform-channel-handle=3724 /prefetch:14",
                           "UNICORN\\ASUS"
                       ],
        "RecordId":  24806
    },
    {
        "TimeCreated":  "\/Date(1761198698594)\/",
        "Id":  5,
        "Level":  "Information",
        "Message":  "Process terminated:\r\nRuleName: -\r\nUtcTime: 2025-10-23 05:51:38.594\r\nProcessGuid: {bc083af7-c268-68f9-6e08-000000001400}\r\nProcessId: 27468\r\nImage: C:\\Program Files\\Microsoft Office\\root\\vfs\\ProgramFilesCommonX64\\Microsoft Shared\\OFFICE16\\opushutil.exe\r\nUser: UNICORN\\ASUS",
        "Properties":  [
                           "-",
                           "2025-10-23 05:51:38.594",
                           "bc083af7-c268-68f9-6e08-000000001400",
                           27468,
                           "C:\\Program Files\\Microsoft Office\\root\\vfs\\ProgramFilesCommonX64\\Microsoft Shared\\OFFICE16\\opushutil.exe",
                           "UNICORN\\ASUS"
                       ],
        "RecordId":  24805
    },
    {
        "TimeCreated":  "\/Date(1761198696339)\/",
        "Id":  1,
        "Level":  "Information",
        "Message":  "Process Create:\r\nRuleName: -\r\nUtcTime: 2025-10-23 05:51:36.330\r\nProcessGuid: {bc083af7-c268-68f9-6e08-000000001400}\r\nProcessId: 27468\r\nImage: C:\\Program Files\\Microsoft Office\\root\\vfs\\ProgramFilesCommonX64\\Microsoft Shared\\OFFICE16\\opushutil.exe\r\nFileVersion: 16.0.19231.20194\r\nDescription: Office Push Notifications Utility Assembly\r\nProduct: Office Push Notifications Utility\r\nCompany: Microsoft Corporation\r\nOriginalFileName: opushutil.exe\r\nCommandLine: \"C:\\Program Files\\Microsoft Office\\root\\vfs\\ProgramFilesCommonx64\\Microsoft Shared\\Office16\\opushutil.exe\" /pushregistration\r\nCurrentDirectory: C:\\Windows\\system32\\\r\nUser: UNICORN\\ASUS\r\nLogonGuid: {bc083af7-ab66-68f9-1689-2f0000000000}\r\nLogonId: 0x2F8916\r\nTerminalSessionId: 2\r\nIntegrityLevel: Medium\r\nHashes: SHA256=5DFDF46E4572B075C52CB5C5BF4778316319F80B04755A0AC98D560DAFC0C4C7\r\nParentProcessGuid: {bc083af7-09f4-68f9-2f00-000000001400}\r\nParentProcessId: 3272\r\nParentImage: C:\\Windows\\System32\\svchost.exe\r\nParentCommandLine: C:\\Windows\\system32\\svchost.exe -k netsvcs -p -s Schedule\r\nParentUser: NT AUTHORITY\\SYSTEM",
        "Properties":  [
                           "-",
                           "2025-10-23 05:51:36.330",
                           "bc083af7-c268-68f9-6e08-000000001400",
                           27468,
                           "C:\\Program Files\\Microsoft Office\\root\\vfs\\ProgramFilesCommonX64\\Microsoft Shared\\OFFICE16\\opushutil.exe",
                           "16.0.19231.20194",
                           "Office Push Notifications Utility Assembly",
                           "Office Push Notifications Utility",
                           "Microsoft Corporation",
                           "opushutil.exe",
                           "\"C:\\Program Files\\Microsoft Office\\root\\vfs\\ProgramFilesCommonx64\\Microsoft Shared\\Office16\\opushutil.exe\" /pushregistration",
                           "C:\\Windows\\system32\\",
                           "UNICORN\\ASUS",
                           "bc083af7-ab66-68f9-1689-2f0000000000",
                           3115286,
                           2,
                           "Medium",
                           "SHA256=5DFDF46E4572B075C52CB5C5BF4778316319F80B04755A0AC98D560DAFC0C4C7",
                           "bc083af7-09f4-68f9-2f00-000000001400",
                           3272,
                           "C:\\Windows\\System32\\svchost.exe",
                           "C:\\Windows\\system32\\svchost.exe -k netsvcs -p -s Schedule",
                           "NT AUTHORITY\\SYSTEM"
                       ],
        "RecordId":  24804
    },
    {
        "TimeCreated":  "\/Date(1761198696327)\/",
        "Id":  5,
        "Level":  "Information",
        "Message":  "Process terminated:\r\nRuleName: -\r\nUtcTime: 2025-10-23 05:51:36.327\r\nProcessGuid: {bc083af7-c268-68f9-6d08-000000001400}\r\nProcessId: 7788\r\nImage: C:\\Program Files\\Microsoft Office\\root\\vfs\\ProgramFilesCommonX64\\Microsoft Shared\\OFFICE16\\opushutil.exe\r\nUser: UNICORN\\ASUS",
        "Properties":  [
                           "-",
                           "2025-10-23 05:51:36.327",
                           "bc083af7-c268-68f9-6d08-000000001400",
                           7788,
                           "C:\\Program Files\\Microsoft Office\\root\\vfs\\ProgramFilesCommonX64\\Microsoft Shared\\OFFICE16\\opushutil.exe",
                           "UNICORN\\ASUS"
                       ],
        "RecordId":  24803
    },
    {
        "TimeCreated":  "\/Date(1761198696318)\/",
        "Id":  1,
        "Level":  "Information",
        "Message":  "Process Create:\r\nRuleName: -\r\nUtcTime: 2025-10-23 05:51:36.274\r\nProcessGuid: {bc083af7-c268-68f9-6d08-000000001400}\r\nProcessId: 7788\r\nImage: C:\\Program Files\\Microsoft Office\\root\\vfs\\ProgramFilesCommonX64\\Microsoft Shared\\OFFICE16\\opushutil.exe\r\nFileVersion: 16.0.19231.20194\r\nDescription: Office Push Notifications Utility Assembly\r\nProduct: Office Push Notifications Utility\r\nCompany: Microsoft Corporation\r\nOriginalFileName: opushutil.exe\r\nCommandLine: \"C:\\Program Files\\Microsoft Office\\root\\vfs\\ProgramFilesCommonx64\\Microsoft Shared\\Office16\\opushutil.exe\" /pushregistration\r\nCurrentDirectory: C:\\Windows\\system32\\\r\nUser: UNICORN\\ASUS\r\nLogonGuid: {bc083af7-ab66-68f9-1689-2f0000000000}\r\nLogonId: 0x2F8916\r\nTerminalSessionId: 2\r\nIntegrityLevel: Medium\r\nHashes: SHA256=5DFDF46E4572B075C52CB5C5BF4778316319F80B04755A0AC98D560DAFC0C4C7\r\nParentProcessGuid: {bc083af7-09f4-68f9-2f00-000000001400}\r\nParentProcessId: 3272\r\nParentImage: C:\\Windows\\System32\\svchost.exe\r\nParentCommandLine: C:\\Windows\\system32\\svchost.exe -k netsvcs -p -s Schedule\r\nParentUser: NT AUTHORITY\\SYSTEM",
        "Properties":  [
                           "-",
                           "2025-10-23 05:51:36.274",
                           "bc083af7-c268-68f9-6d08-000000001400",
                           7788,
                           "C:\\Program Files\\Microsoft Office\\root\\vfs\\ProgramFilesCommonX64\\Microsoft Shared\\OFFICE16\\opushutil.exe",
                           "16.0.19231.20194",
                           "Office Push Notifications Utility Assembly",
                           "Office Push Notifications Utility",
                           "Microsoft Corporation",
                           "opushutil.exe",
                           "\"C:\\Program Files\\Microsoft Office\\root\\vfs\\ProgramFilesCommonx64\\Microsoft Shared\\Office16\\opushutil.exe\" /pushregistration",
                           "C:\\Windows\\system32\\",
                           "UNICORN\\ASUS",
                           "bc083af7-ab66-68f9-1689-2f0000000000",
                           3115286,
                           2,
                           "Medium",
                           "SHA256=5DFDF46E4572B075C52CB5C5BF4778316319F80B04755A0AC98D560DAFC0C4C7",
                           "bc083af7-09f4-68f9-2f00-000000001400",
                           3272,
                           "C:\\Windows\\System32\\svchost.exe",
                           "C:\\Windows\\system32\\svchost.exe -k netsvcs -p -s Schedule",
                           "NT AUTHORITY\\SYSTEM"
                       ],
        "RecordId":  24802
    },
    {
        "TimeCreated":  "\/Date(1761198651964)\/",
        "Id":  5,
        "Level":  "Information",
        "Message":  "Process terminated:\r\nRuleName: -\r\nUtcTime: 2025-10-23 05:50:51.963\r\nProcessGuid: {bc083af7-c1ff-68f9-6a08-000000001400}\r\nProcessId: 27192\r\nImage: C:\\Windows\\System32\\backgroundTaskHost.exe\r\nUser: UNICORN\\ASUS",
        "Properties":  [
                           "-",
                           "2025-10-23 05:50:51.963",
                           "bc083af7-c1ff-68f9-6a08-000000001400",
                           27192,
                           "C:\\Windows\\System32\\backgroundTaskHost.exe",
                           "UNICORN\\ASUS"
                       ],
        "RecordId":  24801
    },
    {
        "TimeCreated":  "\/Date(1761198648343)\/",
        "Id":  5,
        "Level":  "Information",
        "Message":  "Process terminated:\r\nRuleName: -\r\nUtcTime: 2025-10-23 05:50:48.343\r\nProcessGuid: {bc083af7-bfe0-68f9-1f08-000000001400}\r\nProcessId: 16788\r\nImage: C:\\Windows\\System32\\svchost.exe\r\nUser: NT AUTHORITY\\SYSTEM",
        "Properties":  [
                           "-",
                           "2025-10-23 05:50:48.343",
                           "bc083af7-bfe0-68f9-1f08-000000001400",
                           16788,
                           "C:\\Windows\\System32\\svchost.exe",
                           "NT AUTHORITY\\SYSTEM"
                       ],
        "RecordId":  24800
    },
    {
        "TimeCreated":  "\/Date(1761198614869)\/",
        "Id":  1,
        "Level":  "Information",
        "Message":  "Process Create:\r\nRuleName: -\r\nUtcTime: 2025-10-23 05:50:14.860\r\nProcessGuid: {bc083af7-c216-68f9-6c08-000000001400}\r\nProcessId: 8336\r\nImage: C:\\Windows\\System32\\SearchProtocolHost.exe\r\nFileVersion: 7.0.26100.6899 (WinBuild.160101.0800)\r\nDescription: Microsoft Windows Search Protocol Host\r\nProduct: Windows® Search\r\nCompany: Microsoft Corporation\r\nOriginalFileName: SearchProtocolHost.exe\r\nCommandLine: \"C:\\Windows\\System32\\SearchProtocolHost.exe\" Global\\UsGthrFltPipeMssGthrPipe9_ Global\\UsGthrCtrlFltPipeMssGthrPipe9 1 -2147483646 \"Software\\Microsoft\\Windows Search\" \"Mozilla/4.0 (compatible; MSIE 6.0; Windows NT; MS Search 4.0 Robot)\" \"C:\\ProgramData\\Microsoft\\Search\\Data\\Temp\\usgthrsvc\" \"DownLevelDaemon\" \r\nCurrentDirectory: C:\\Windows\\system32\\\r\nUser: NT AUTHORITY\\SYSTEM\r\nLogonGuid: {bc083af7-09f3-68f9-e703-000000000000}\r\nLogonId: 0x3E7\r\nTerminalSessionId: 0\r\nIntegrityLevel: System\r\nHashes: SHA256=480747B09D9632272D1DD61182BC716FC58F2B3CEAB764BA26678DCDBBF96B11\r\nParentProcessGuid: {bc083af7-0a09-68f9-2f01-000000001400}\r\nParentProcessId: 13668\r\nParentImage: C:\\Windows\\System32\\SearchIndexer.exe\r\nParentCommandLine: C:\\Windows\\system32\\SearchIndexer.exe /Embedding\r\nParentUser: NT AUTHORITY\\SYSTEM",
        "Properties":  [
                           "-",
                           "2025-10-23 05:50:14.860",
                           "bc083af7-c216-68f9-6c08-000000001400",
                           8336,
                           "C:\\Windows\\System32\\SearchProtocolHost.exe",
                           "7.0.26100.6899 (WinBuild.160101.0800)",
                           "Microsoft Windows Search Protocol Host",
                           "Windows® Search",
                           "Microsoft Corporation",
                           "SearchProtocolHost.exe",
                           "\"C:\\Windows\\System32\\SearchProtocolHost.exe\" Global\\UsGthrFltPipeMssGthrPipe9_ Global\\UsGthrCtrlFltPipeMssGthrPipe9 1 -2147483646 \"Software\\Microsoft\\Windows Search\" \"Mozilla/4.0 (compatible; MSIE 6.0; Windows NT; MS Search 4.0 Robot)\" \"C:\\ProgramData\\Microsoft\\Search\\Data\\Temp\\usgthrsvc\" \"DownLevelDaemon\" ",
                           "C:\\Windows\\system32\\",
                           "NT AUTHORITY\\SYSTEM",
                           "bc083af7-09f3-68f9-e703-000000000000",
                           999,
                           0,
                           "System",
                           "SHA256=480747B09D9632272D1DD61182BC716FC58F2B3CEAB764BA26678DCDBBF96B11",
                           "bc083af7-0a09-68f9-2f01-000000001400",
                           13668,
                           "C:\\Windows\\System32\\SearchIndexer.exe",
                           "C:\\Windows\\system32\\SearchIndexer.exe /Embedding",
                           "NT AUTHORITY\\SYSTEM"
                       ],
        "RecordId":  24799
    },
    {
        "TimeCreated":  "\/Date(1761198591729)\/",
        "Id":  1,
        "Level":  "Information",
        "Message":  "Process Create:\r\nRuleName: -\r\nUtcTime: 2025-10-23 05:49:51.718\r\nProcessGuid: {bc083af7-c1ff-68f9-6a08-000000001400}\r\nProcessId: 27192\r\nImage: C:\\Windows\\System32\\backgroundTaskHost.exe\r\nFileVersion: 10.0.26100.1 (WinBuild.160101.0800)\r\nDescription: Background Task Host\r\nProduct: Microsoft® Windows® Operating System\r\nCompany: Microsoft Corporation\r\nOriginalFileName: backgroundTaskHost.exe\r\nCommandLine: \"C:\\Windows\\system32\\backgroundTaskHost.exe\" -ServerName:Global.Accounts.AppXqe94epy97qwa6w3j6w132e8zvcs117nd.mca\r\nCurrentDirectory: C:\\Windows\\SystemApps\\MicrosoftWindows.Client.CBS_cw5n1h2txyewy\\\r\nUser: UNICORN\\ASUS\r\nLogonGuid: {bc083af7-ab66-68f9-1689-2f0000000000}\r\nLogonId: 0x2F8916\r\nTerminalSessionId: 2\r\nIntegrityLevel: AppContainer\r\nHashes: SHA256=B7D2C17E0038945AA4B72AE7A89E54D29B04CCC0FEB62DF5C9B7B67DE43C2530\r\nParentProcessGuid: {bc083af7-09f3-68f9-0f00-000000001400}\r\nParentProcessId: 1728\r\nParentImage: C:\\Windows\\System32\\svchost.exe\r\nParentCommandLine: C:\\Windows\\system32\\svchost.exe -k DcomLaunch -p\r\nParentUser: NT AUTHORITY\\SYSTEM",
        "Properties":  [
                           "-",
                           "2025-10-23 05:49:51.718",
                           "bc083af7-c1ff-68f9-6a08-000000001400",
                           27192,
                           "C:\\Windows\\System32\\backgroundTaskHost.exe",
                           "10.0.26100.1 (WinBuild.160101.0800)",
                           "Background Task Host",
                           "Microsoft® Windows® Operating System",
                           "Microsoft Corporation",
                           "backgroundTaskHost.exe",
                           "\"C:\\Windows\\system32\\backgroundTaskHost.exe\" -ServerName:Global.Accounts.AppXqe94epy97qwa6w3j6w132e8zvcs117nd.mca",
                           "C:\\Windows\\SystemApps\\MicrosoftWindows.Client.CBS_cw5n1h2txyewy\\",
                           "UNICORN\\ASUS",
                           "bc083af7-ab66-68f9-1689-2f0000000000",
                           3115286,
                           2,
                           "AppContainer",
                           "SHA256=B7D2C17E0038945AA4B72AE7A89E54D29B04CCC0FEB62DF5C9B7B67DE43C2530",
                           "bc083af7-09f3-68f9-0f00-000000001400",
                           1728,
                           "C:\\Windows\\System32\\svchost.exe",
                           "C:\\Windows\\system32\\svchost.exe -k DcomLaunch -p",
                           "NT AUTHORITY\\SYSTEM"
                       ],
        "RecordId":  24798
    },
    {
        "TimeCreated":  "\/Date(1761198591722)\/",
        "Id":  1,
        "Level":  "Information",
        "Message":  "Process Create:\r\nRuleName: -\r\nUtcTime: 2025-10-23 05:49:51.719\r\nProcessGuid: {bc083af7-c1ff-68f9-6b08-000000001400}\r\nProcessId: 26832\r\nImage: C:\\Windows\\System32\\svchost.exe\r\nFileVersion: 10.0.26100.5074 (WinBuild.160101.0800)\r\nDescription: Host Process for Windows Services\r\nProduct: Microsoft® Windows® Operating System\r\nCompany: Microsoft Corporation\r\nOriginalFileName: svchost.exe\r\nCommandLine: C:\\Windows\\system32\\svchost.exe -k wsappx -p -s AppXSvc\r\nCurrentDirectory: C:\\Windows\\system32\\\r\nUser: NT AUTHORITY\\SYSTEM\r\nLogonGuid: {bc083af7-09f3-68f9-e703-000000000000}\r\nLogonId: 0x3E7\r\nTerminalSessionId: 0\r\nIntegrityLevel: System\r\nHashes: SHA256=53A39B900E3BFBF384ACD13F0FC2329FA8D42B61E993D8ED5ADF3A1428005D26\r\nParentProcessGuid: {bc083af7-09f3-68f9-0c00-000000001400}\r\nParentProcessId: 1540\r\nParentImage: C:\\Windows\\System32\\services.exe\r\nParentCommandLine: C:\\Windows\\system32\\services.exe\r\nParentUser: NT AUTHORITY\\SYSTEM",
        "Properties":  [
                           "-",
                           "2025-10-23 05:49:51.719",
                           "bc083af7-c1ff-68f9-6b08-000000001400",
                           26832,
                           "C:\\Windows\\System32\\svchost.exe",
                           "10.0.26100.5074 (WinBuild.160101.0800)",
                           "Host Process for Windows Services",
                           "Microsoft® Windows® Operating System",
                           "Microsoft Corporation",
                           "svchost.exe",
                           "C:\\Windows\\system32\\svchost.exe -k wsappx -p -s AppXSvc",
                           "C:\\Windows\\system32\\",
                           "NT AUTHORITY\\SYSTEM",
                           "bc083af7-09f3-68f9-e703-000000000000",
                           999,
                           0,
                           "System",
                           "SHA256=53A39B900E3BFBF384ACD13F0FC2329FA8D42B61E993D8ED5ADF3A1428005D26",
                           "bc083af7-09f3-68f9-0c00-000000001400",
                           1540,
                           "C:\\Windows\\System32\\services.exe",
                           "C:\\Windows\\system32\\services.exe",
                           "NT AUTHORITY\\SYSTEM"
                       ],
        "RecordId":  24797
    },
    {
        "TimeCreated":  "\/Date(1761198501639)\/",
        "Id":  5,
        "Level":  "Information",
        "Message":  "Process terminated:\r\nRuleName: -\r\nUtcTime: 2025-10-23 05:48:21.638\r\nProcessGuid: {bc083af7-c132-68f9-6608-000000001400}\r\nProcessId: 20980\r\nImage: C:\\Windows\\System32\\SearchProtocolHost.exe\r\nUser: NT AUTHORITY\\SYSTEM",
        "Properties":  [
                           "-",
                           "2025-10-23 05:48:21.638",
                           "bc083af7-c132-68f9-6608-000000001400",
                           20980,
                           "C:\\Windows\\System32\\SearchProtocolHost.exe",
                           "NT AUTHORITY\\SYSTEM"
                       ],
        "RecordId":  24796
    },
    {
        "TimeCreated":  "\/Date(1761198489687)\/",
        "Id":  5,
        "Level":  "Information",
        "Message":  "Process terminated:\r\nRuleName: -\r\nUtcTime: 2025-10-23 05:48:09.686\r\nProcessGuid: {bc083af7-c195-68f9-6908-000000001400}\r\nProcessId: 11348\r\nImage: C:\\Program Files\\McAfee\\WebAdvisor\\updater.exe\r\nUser: NT AUTHORITY\\SYSTEM",
        "Properties":  [
                           "-",
                           "2025-10-23 05:48:09.686",
                           "bc083af7-c195-68f9-6908-000000001400",
                           11348,
                           "C:\\Program Files\\McAfee\\WebAdvisor\\updater.exe",
                           "NT AUTHORITY\\SYSTEM"
                       ],
        "RecordId":  24795
    },
