    {
        "TimeCreated":  "\/Date(1761199157562)\/",
        "Id":  1,
        "Level":  "Information",
        "Message":  "Process Create:\r\nRuleName: -\r\nUtcTime: 2025-10-23 05:59:17.553\r\nProcessGuid: {bc083af7-c435-68f9-b508-000000001400}\r\nProcessId: 18636\r\nImage: C:\\Windows\\System32\\backgroundTaskHost.exe\r\nFileVersion: 10.0.26100.1 (WinBuild.160101.0800)\r\nDescription: Background Task Host\r\nProduct: Microsoft® Windows® Operating System\r\nCompany: Microsoft Corporation\r\nOriginalFileName: backgroundTaskHost.exe\r\nCommandLine: \"C:\\Windows\\system32\\backgroundTaskHost.exe\" -ServerName:Global.DesktopSpotlight.AppXz2j21w56bgxkgsjhtn7zkjsepq96erz2.mca\r\nCurrentDirectory: C:\\Windows\\SystemApps\\MicrosoftWindows.Client.CBS_cw5n1h2txyewy\\\r\nUser: UNICORN\\ASUS\r\nLogonGuid: {bc083af7-ab66-68f9-1689-2f0000000000}\r\nLogonId: 0x2F8916\r\nTerminalSessionId: 2\r\nIntegrityLevel: AppContainer\r\nHashes: SHA256=B7D2C17E0038945AA4B72AE7A89E54D29B04CCC0FEB62DF5C9B7B67DE43C2530\r\nParentProcessGuid: {bc083af7-09f3-68f9-0f00-000000001400}\r\nParentProcessId: 1728\r\nParentImage: C:\\Windows\\System32\\svchost.exe\r\nParentCommandLine: C:\\Windows\\system32\\svchost.exe -k DcomLaunch -p\r\nParentUser: NT AUTHORITY\\SYSTEM",
        "Properties":  [
                           "-",
                           "2025-10-23 05:59:17.553",
                           "bc083af7-c435-68f9-b508-000000001400",
                           18636,
                           "C:\\Windows\\System32\\backgroundTaskHost.exe",
                           "10.0.26100.1 (WinBuild.160101.0800)",
                           "Background Task Host",
                           "Microsoft® Windows® Operating System",
                           "Microsoft Corporation",
                           "backgroundTaskHost.exe",
                           "\"C:\\Windows\\system32\\backgroundTaskHost.exe\" -ServerName:Global.DesktopSpotlight.AppXz2j21w56bgxkgsjhtn7zkjsepq96erz2.mca",
                           "C:\\Windows\\SystemApps\\MicrosoftWindows.Client.CBS_cw5n1h2txyewy\\",
                           "UNICORN\\ASUS",
                           "bc083af7-ab66-68f9-1689-2f0000000000",
                           3115286,
                           2,
                           "AppContainer",
                           "SHA256=B7D2C17E0038945AA4B72AE7A89E54D29B04CCC0FEB62DF5C9B7B67DE43C2530",
                           "bc083af7-09f3-68f9-0f00-000000001400",
                           1728,
                           "C:\\Windows\\System32\\svchost.exe",
                           "C:\\Windows\\system32\\svchost.exe -k DcomLaunch -p",
                           "NT AUTHORITY\\SYSTEM"
                       ],
        "RecordId":  24946
    },
    {
        "TimeCreated":  "\/Date(1761199135001)\/",
        "Id":  1,
        "Level":  "Information",
        "Message":  "Process Create:\r\nRuleName: -\r\nUtcTime: 2025-10-23 05:58:54.992\r\nProcessGuid: {bc083af7-c41e-68f9-b408-000000001400}\r\nProcessId: 23304\r\nImage: C:\\Windows\\System32\\audiodg.exe\r\nFileVersion: 10.0.26100.6725 (WinBuild.160101.0800)\r\nDescription: Windows Audio Device Graph Isolation \r\nProduct: Microsoft® Windows® Operating System\r\nCompany: Microsoft Corporation\r\nOriginalFileName: audioadg.exe\r\nCommandLine: C:\\Windows\\system32\\AUDIODG.EXE 0x000000000000051C 0x00000000000002EC\r\nCurrentDirectory: C:\\Windows\\system32\\\r\nUser: NT AUTHORITY\\LOCAL SERVICE\r\nLogonGuid: {bc083af7-09f3-68f9-e503-000000000000}\r\nLogonId: 0x3E5\r\nTerminalSessionId: 0\r\nIntegrityLevel: System\r\nHashes: SHA256=39AB5CE23DCB3B0171238EB9AF319D7F4309F77FFDB311F1118970537AA53E21\r\nParentProcessGuid: {bc083af7-09f4-68f9-3d00-000000001400}\r\nParentProcessId: 3880\r\nParentImage: C:\\Windows\\System32\\svchost.exe\r\nParentCommandLine: C:\\Windows\\System32\\svchost.exe -k LocalServiceNetworkRestricted -p\r\nParentUser: NT AUTHORITY\\LOCAL SERVICE",
        "Properties":  [
                           "-",
                           "2025-10-23 05:58:54.992",
                           "bc083af7-c41e-68f9-b408-000000001400",
                           23304,
                           "C:\\Windows\\System32\\audiodg.exe",
                           "10.0.26100.6725 (WinBuild.160101.0800)",
                           "Windows Audio Device Graph Isolation ",
                           "Microsoft® Windows® Operating System",
                           "Microsoft Corporation",
                           "audioadg.exe",
                           "C:\\Windows\\system32\\AUDIODG.EXE 0x000000000000051C 0x00000000000002EC",
                           "C:\\Windows\\system32\\",
                           "NT AUTHORITY\\LOCAL SERVICE",
                           "bc083af7-09f3-68f9-e503-000000000000",
                           997,
                           0,
                           "System",
                           "SHA256=39AB5CE23DCB3B0171238EB9AF319D7F4309F77FFDB311F1118970537AA53E21",
                           "bc083af7-09f4-68f9-3d00-000000001400",
                           3880,
                           "C:\\Windows\\System32\\svchost.exe",
                           "C:\\Windows\\System32\\svchost.exe -k LocalServiceNetworkRestricted -p",
                           "NT AUTHORITY\\LOCAL SERVICE"
                       ],
        "RecordId":  24945
    },
    {
        "TimeCreated":  "\/Date(1761199117359)\/",
        "Id":  1,
        "Level":  "Information",
        "Message":  "Process Create:\r\nRuleName: -\r\nUtcTime: 2025-10-23 05:58:37.349\r\nProcessGuid: {bc083af7-c40d-68f9-b308-000000001400}\r\nProcessId: 6552\r\nImage: C:\\Windows\\System32\\svchost.exe\r\nFileVersion: 10.0.26100.5074 (WinBuild.160101.0800)\r\nDescription: Host Process for Windows Services\r\nProduct: Microsoft® Windows® Operating System\r\nCompany: Microsoft Corporation\r\nOriginalFileName: svchost.exe\r\nCommandLine: C:\\Windows\\system32\\svchost.exe -k GPSvcGroup\r\nCurrentDirectory: C:\\Windows\\system32\\\r\nUser: NT AUTHORITY\\SYSTEM\r\nLogonGuid: {bc083af7-09f3-68f9-e703-000000000000}\r\nLogonId: 0x3E7\r\nTerminalSessionId: 0\r\nIntegrityLevel: System\r\nHashes: SHA256=53A39B900E3BFBF384ACD13F0FC2329FA8D42B61E993D8ED5ADF3A1428005D26\r\nParentProcessGuid: {bc083af7-09f3-68f9-0c00-000000001400}\r\nParentProcessId: 1540\r\nParentImage: C:\\Windows\\System32\\services.exe\r\nParentCommandLine: C:\\Windows\\system32\\services.exe\r\nParentUser: NT AUTHORITY\\SYSTEM",
        "Properties":  [
                           "-",
                           "2025-10-23 05:58:37.349",
                           "bc083af7-c40d-68f9-b308-000000001400",
                           6552,
                           "C:\\Windows\\System32\\svchost.exe",
                           "10.0.26100.5074 (WinBuild.160101.0800)",
                           "Host Process for Windows Services",
                           "Microsoft® Windows® Operating System",
                           "Microsoft Corporation",
                           "svchost.exe",
                           "C:\\Windows\\system32\\svchost.exe -k GPSvcGroup",
                           "C:\\Windows\\system32\\",
                           "NT AUTHORITY\\SYSTEM",
                           "bc083af7-09f3-68f9-e703-000000000000",
                           999,
                           0,
                           "System",
                           "SHA256=53A39B900E3BFBF384ACD13F0FC2329FA8D42B61E993D8ED5ADF3A1428005D26",
                           "bc083af7-09f3-68f9-0c00-000000001400",
                           1540,
                           "C:\\Windows\\System32\\services.exe",
                           "C:\\Windows\\system32\\services.exe",
                           "NT AUTHORITY\\SYSTEM"
                       ],
        "RecordId":  24944
    },
    {
        "TimeCreated":  "\/Date(1761199094480)\/",
        "Id":  5,
        "Level":  "Information",
        "Message":  "Process terminated:\r\nRuleName: -\r\nUtcTime: 2025-10-23 05:58:14.480\r\nProcessGuid: {bc083af7-c3f1-68f9-b208-000000001400}\r\nProcessId: 19268\r\nImage: C:\\Program Files\\McAfee\\WebAdvisor\\updater.exe\r\nUser: NT AUTHORITY\\SYSTEM",
        "Properties":  [
                           "-",
                           "2025-10-23 05:58:14.480",
                           "bc083af7-c3f1-68f9-b208-000000001400",
                           19268,
                           "C:\\Program Files\\McAfee\\WebAdvisor\\updater.exe",
                           "NT AUTHORITY\\SYSTEM"
                       ],
        "RecordId":  24943
    },
    {
        "TimeCreated":  "\/Date(1761199090218)\/",
        "Id":  5,
        "Level":  "Information",
        "Message":  "Process terminated:\r\nRuleName: -\r\nUtcTime: 2025-10-23 05:58:10.217\r\nProcessGuid: {bc083af7-c398-68f9-b108-000000001400}\r\nProcessId: 17876\r\nImage: C:\\Windows\\System32\\RuntimeBroker.exe\r\nUser: UNICORN\\ASUS",
        "Properties":  [
                           "-",
                           "2025-10-23 05:58:10.217",
                           "bc083af7-c398-68f9-b108-000000001400",
                           17876,
                           "C:\\Windows\\System32\\RuntimeBroker.exe",
                           "UNICORN\\ASUS"
                       ],
        "RecordId":  24942
    },
    {
        "TimeCreated":  "\/Date(1761199089850)\/",
        "Id":  1,
        "Level":  "Information",
        "Message":  "Process Create:\r\nRuleName: -\r\nUtcTime: 2025-10-23 05:58:09.847\r\nProcessGuid: {bc083af7-c3f1-68f9-b208-000000001400}\r\nProcessId: 19268\r\nImage: C:\\Program Files\\McAfee\\WebAdvisor\\updater.exe\r\nFileVersion: 4,1,1,1073\r\nDescription: McAfee WebAdvisor(updater)\r\nProduct: McAfee WebAdvisor\r\nCompany: McAfee, LLC\r\nOriginalFileName: Updater.exe\r\nCommandLine: \"C:\\Program Files\\McAfee\\WebAdvisor\\updater.exe\" \r\nCurrentDirectory: C:\\Windows\\system32\\\r\nUser: NT AUTHORITY\\SYSTEM\r\nLogonGuid: {bc083af7-09f3-68f9-e703-000000000000}\r\nLogonId: 0x3E7\r\nTerminalSessionId: 0\r\nIntegrityLevel: System\r\nHashes: SHA256=CF216725563F0812A1FDB4A75080FDED8E65996DA5E13C18F14D7073582BE382\r\nParentProcessGuid: {bc083af7-09f4-68f9-6700-000000001400}\r\nParentProcessId: 5132\r\nParentImage: C:\\Program Files\\McAfee\\WebAdvisor\\servicehost.exe\r\nParentCommandLine: \"C:\\Program Files\\McAfee\\WebAdvisor\\ServiceHost.exe\"\r\nParentUser: NT AUTHORITY\\SYSTEM",
        "Properties":  [
                           "-",
                           "2025-10-23 05:58:09.847",
                           "bc083af7-c3f1-68f9-b208-000000001400",
                           19268,
                           "C:\\Program Files\\McAfee\\WebAdvisor\\updater.exe",
                           "4,1,1,1073",
                           "McAfee WebAdvisor(updater)",
                           "McAfee WebAdvisor",
                           "McAfee, LLC",
                           "Updater.exe",
                           "\"C:\\Program Files\\McAfee\\WebAdvisor\\updater.exe\" ",
                           "C:\\Windows\\system32\\",
                           "NT AUTHORITY\\SYSTEM",
                           "bc083af7-09f3-68f9-e703-000000000000",
                           999,
                           0,
                           "System",
                           "SHA256=CF216725563F0812A1FDB4A75080FDED8E65996DA5E13C18F14D7073582BE382",
                           "bc083af7-09f4-68f9-6700-000000001400",
                           5132,
                           "C:\\Program Files\\McAfee\\WebAdvisor\\servicehost.exe",
                           "\"C:\\Program Files\\McAfee\\WebAdvisor\\ServiceHost.exe\"",
                           "NT AUTHORITY\\SYSTEM"
                       ],
        "RecordId":  24941
    },
    {
        "TimeCreated":  "\/Date(1761199080754)\/",
        "Id":  5,
        "Level":  "Information",
        "Message":  "Process terminated:\r\nRuleName: -\r\nUtcTime: 2025-10-23 05:58:00.753\r\nProcessGuid: {bc083af7-c334-68f9-9908-000000001400}\r\nProcessId: 18800\r\nImage: C:\\Windows\\System32\\svchost.exe\r\nUser: NT AUTHORITY\\SYSTEM",
        "Properties":  [
                           "-",
                           "2025-10-23 05:58:00.753",
                           "bc083af7-c334-68f9-9908-000000001400",
                           18800,
                           "C:\\Windows\\System32\\svchost.exe",
                           "NT AUTHORITY\\SYSTEM"
                       ],
        "RecordId":  24940
    },
    {
        "TimeCreated":  "\/Date(1761199060202)\/",
        "Id":  5,
        "Level":  "Information",
        "Message":  "Process terminated:\r\nRuleName: -\r\nUtcTime: 2025-10-23 05:57:40.202\r\nProcessGuid: {bc083af7-c397-68f9-af08-000000001400}\r\nProcessId: 27368\r\nImage: C:\\Windows\\System32\\backgroundTaskHost.exe\r\nUser: UNICORN\\ASUS",
        "Properties":  [
                           "-",
                           "2025-10-23 05:57:40.202",
                           "bc083af7-c397-68f9-af08-000000001400",
                           27368,
                           "C:\\Windows\\System32\\backgroundTaskHost.exe",
                           "UNICORN\\ASUS"
                       ],
        "RecordId":  24939
    },
    {
        "TimeCreated":  "\/Date(1761199000113)\/",
        "Id":  1,
        "Level":  "Information",
        "Message":  "Process Create:\r\nRuleName: -\r\nUtcTime: 2025-10-23 05:56:40.104\r\nProcessGuid: {bc083af7-c398-68f9-b108-000000001400}\r\nProcessId: 17876\r\nImage: C:\\Windows\\System32\\RuntimeBroker.exe\r\nFileVersion: 10.0.26100.5074 (WinBuild.160101.0800)\r\nDescription: Runtime Broker\r\nProduct: Microsoft® Windows® Operating System\r\nCompany: Microsoft Corporation\r\nOriginalFileName: RuntimeBroker.exe\r\nCommandLine: C:\\Windows\\System32\\RuntimeBroker.exe -Embedding\r\nCurrentDirectory: C:\\Windows\\system32\\\r\nUser: UNICORN\\ASUS\r\nLogonGuid: {bc083af7-ab66-68f9-1689-2f0000000000}\r\nLogonId: 0x2F8916\r\nTerminalSessionId: 2\r\nIntegrityLevel: Medium\r\nHashes: SHA256=DBF90B115CFC26B5A59DD5BF9C20D94A11FFE9D2F979831EBF7CF496EEECBD0E\r\nParentProcessGuid: {bc083af7-09f3-68f9-0f00-000000001400}\r\nParentProcessId: 1728\r\nParentImage: C:\\Windows\\System32\\svchost.exe\r\nParentCommandLine: C:\\Windows\\system32\\svchost.exe -k DcomLaunch -p\r\nParentUser: NT AUTHORITY\\SYSTEM",
        "Properties":  [
                           "-",
                           "2025-10-23 05:56:40.104",
                           "bc083af7-c398-68f9-b108-000000001400",
                           17876,
                           "C:\\Windows\\System32\\RuntimeBroker.exe",
                           "10.0.26100.5074 (WinBuild.160101.0800)",
                           "Runtime Broker",
                           "Microsoft® Windows® Operating System",
                           "Microsoft Corporation",
                           "RuntimeBroker.exe",
                           "C:\\Windows\\System32\\RuntimeBroker.exe -Embedding",
                           "C:\\Windows\\system32\\",
                           "UNICORN\\ASUS",
                           "bc083af7-ab66-68f9-1689-2f0000000000",
                           3115286,
                           2,
                           "Medium",
                           "SHA256=DBF90B115CFC26B5A59DD5BF9C20D94A11FFE9D2F979831EBF7CF496EEECBD0E",
                           "bc083af7-09f3-68f9-0f00-000000001400",
                           1728,
                           "C:\\Windows\\System32\\svchost.exe",
                           "C:\\Windows\\system32\\svchost.exe -k DcomLaunch -p",
                           "NT AUTHORITY\\SYSTEM"
                       ],
        "RecordId":  24938
    },
    {
        "TimeCreated":  "\/Date(1761198999948)\/",
        "Id":  1,
        "Level":  "Information",
        "Message":  "Process Create:\r\nRuleName: -\r\nUtcTime: 2025-10-23 05:56:39.945\r\nProcessGuid: {bc083af7-c397-68f9-b008-000000001400}\r\nProcessId: 19080\r\nImage: C:\\Windows\\System32\\svchost.exe\r\nFileVersion: 10.0.26100.5074 (WinBuild.160101.0800)\r\nDescription: Host Process for Windows Services\r\nProduct: Microsoft® Windows® Operating System\r\nCompany: Microsoft Corporation\r\nOriginalFileName: svchost.exe\r\nCommandLine: C:\\Windows\\System32\\svchost.exe -k wsappx -p -s ClipSVC\r\nCurrentDirectory: C:\\Windows\\system32\\\r\nUser: NT AUTHORITY\\SYSTEM\r\nLogonGuid: {bc083af7-09f3-68f9-e703-000000000000}\r\nLogonId: 0x3E7\r\nTerminalSessionId: 0\r\nIntegrityLevel: System\r\nHashes: SHA256=53A39B900E3BFBF384ACD13F0FC2329FA8D42B61E993D8ED5ADF3A1428005D26\r\nParentProcessGuid: {bc083af7-09f3-68f9-0c00-000000001400}\r\nParentProcessId: 1540\r\nParentImage: C:\\Windows\\System32\\services.exe\r\nParentCommandLine: C:\\Windows\\system32\\services.exe\r\nParentUser: NT AUTHORITY\\SYSTEM",
        "Properties":  [
                           "-",
                           "2025-10-23 05:56:39.945",
                           "bc083af7-c397-68f9-b008-000000001400",
                           19080,
                           "C:\\Windows\\System32\\svchost.exe",
                           "10.0.26100.5074 (WinBuild.160101.0800)",
                           "Host Process for Windows Services",
                           "Microsoft® Windows® Operating System",
                           "Microsoft Corporation",
                           "svchost.exe",
                           "C:\\Windows\\System32\\svchost.exe -k wsappx -p -s ClipSVC",
                           "C:\\Windows\\system32\\",
                           "NT AUTHORITY\\SYSTEM",
                           "bc083af7-09f3-68f9-e703-000000000000",
                           999,
                           0,
                           "System",
                           "SHA256=53A39B900E3BFBF384ACD13F0FC2329FA8D42B61E993D8ED5ADF3A1428005D26",
                           "bc083af7-09f3-68f9-0c00-000000001400",
                           1540,
                           "C:\\Windows\\System32\\services.exe",
                           "C:\\Windows\\system32\\services.exe",
                           "NT AUTHORITY\\SYSTEM"
                       ],
        "RecordId":  24937
    },
    {
        "TimeCreated":  "\/Date(1761198999932)\/",
        "Id":  1,
        "Level":  "Information",
        "Message":  "Process Create:\r\nRuleName: -\r\nUtcTime: 2025-10-23 05:56:39.924\r\nProcessGuid: {bc083af7-c397-68f9-af08-000000001400}\r\nProcessId: 27368\r\nImage: C:\\Windows\\System32\\backgroundTaskHost.exe\r\nFileVersion: 10.0.26100.1 (WinBuild.160101.0800)\r\nDescription: Background Task Host\r\nProduct: Microsoft® Windows® Operating System\r\nCompany: Microsoft Corporation\r\nOriginalFileName: backgroundTaskHost.exe\r\nCommandLine: \"C:\\Windows\\system32\\backgroundTaskHost.exe\" -ServerName:App.AppXpybpk6fj2fe0gb0jan49e6dncngk3pa1.mca\r\nCurrentDirectory: C:\\Program Files\\WindowsApps\\Microsoft.StorePurchaseApp_22508.1401.4.0_x64__8wekyb3d8bbwe\\\r\nUser: UNICORN\\ASUS\r\nLogonGuid: {bc083af7-ab66-68f9-1689-2f0000000000}\r\nLogonId: 0x2F8916\r\nTerminalSessionId: 2\r\nIntegrityLevel: AppContainer\r\nHashes: SHA256=B7D2C17E0038945AA4B72AE7A89E54D29B04CCC0FEB62DF5C9B7B67DE43C2530\r\nParentProcessGuid: {bc083af7-09f3-68f9-0f00-000000001400}\r\nParentProcessId: 1728\r\nParentImage: C:\\Windows\\System32\\svchost.exe\r\nParentCommandLine: C:\\Windows\\system32\\svchost.exe -k DcomLaunch -p\r\nParentUser: NT AUTHORITY\\SYSTEM",
        "Properties":  [
                           "-",
                           "2025-10-23 05:56:39.924",
                           "bc083af7-c397-68f9-af08-000000001400",
                           27368,
                           "C:\\Windows\\System32\\backgroundTaskHost.exe",
                           "10.0.26100.1 (WinBuild.160101.0800)",
                           "Background Task Host",
                           "Microsoft® Windows® Operating System",
                           "Microsoft Corporation",
                           "backgroundTaskHost.exe",
                           "\"C:\\Windows\\system32\\backgroundTaskHost.exe\" -ServerName:App.AppXpybpk6fj2fe0gb0jan49e6dncngk3pa1.mca",
                           "C:\\Program Files\\WindowsApps\\Microsoft.StorePurchaseApp_22508.1401.4.0_x64__8wekyb3d8bbwe\\",
                           "UNICORN\\ASUS",
                           "bc083af7-ab66-68f9-1689-2f0000000000",
                           3115286,
                           2,
                           "AppContainer",
                           "SHA256=B7D2C17E0038945AA4B72AE7A89E54D29B04CCC0FEB62DF5C9B7B67DE43C2530",
                           "bc083af7-09f3-68f9-0f00-000000001400",
                           1728,
                           "C:\\Windows\\System32\\svchost.exe",
                           "C:\\Windows\\system32\\svchost.exe -k DcomLaunch -p",
                           "NT AUTHORITY\\SYSTEM"
                       ],
        "RecordId":  24936
    },
    {
        "TimeCreated":  "\/Date(1761198998661)\/",
        "Id":  5,
        "Level":  "Information",
        "Message":  "Process terminated:\r\nRuleName: -\r\nUtcTime: 2025-10-23 05:56:38.661\r\nProcessGuid: {bc083af7-c396-68f9-ac08-000000001400}\r\nProcessId: 26468\r\nImage: C:\\Windows\\System32\\conhost.exe\r\nUser: UNICORN\\ASUS",
        "Properties":  [
                           "-",
                           "2025-10-23 05:56:38.661",
                           "bc083af7-c396-68f9-ac08-000000001400",
                           26468,
                           "C:\\Windows\\System32\\conhost.exe",
                           "UNICORN\\ASUS"
                       ],
        "RecordId":  24935
    },
    {
        "TimeCreated":  "\/Date(1761198998660)\/",
        "Id":  5,
        "Level":  "Information",
        "Message":  "Process terminated:\r\nRuleName: -\r\nUtcTime: 2025-10-23 05:56:38.660\r\nProcessGuid: {bc083af7-c396-68f9-aa08-000000001400}\r\nProcessId: 3152\r\nImage: C:\\Program Files\\Git\\cmd\\git.exe\r\nUser: UNICORN\\ASUS",
        "Properties":  [
                           "-",
                           "2025-10-23 05:56:38.660",
                           "bc083af7-c396-68f9-aa08-000000001400",
                           3152,
                           "C:\\Program Files\\Git\\cmd\\git.exe",
                           "UNICORN\\ASUS"
                       ],
        "RecordId":  24934
    },
    {
        "TimeCreated":  "\/Date(1761198998658)\/",
        "Id":  5,
        "Level":  "Information",
        "Message":  "Process terminated:\r\nRuleName: -\r\nUtcTime: 2025-10-23 05:56:38.657\r\nProcessGuid: {bc083af7-c396-68f9-ae08-000000001400}\r\nProcessId: 20472\r\nImage: C:\\Program Files\\Git\\mingw64\\bin\\git.exe\r\nUser: UNICORN\\ASUS",
        "Properties":  [
                           "-",
                           "2025-10-23 05:56:38.657",
                           "bc083af7-c396-68f9-ae08-000000001400",
                           20472,
                           "C:\\Program Files\\Git\\mingw64\\bin\\git.exe",
                           "UNICORN\\ASUS"
                       ],
        "RecordId":  24933
    },
    {
        "TimeCreated":  "\/Date(1761198998652)\/",
        "Id":  5,
        "Level":  "Information",
        "Message":  "Process terminated:\r\nRuleName: -\r\nUtcTime: 2025-10-23 05:56:38.652\r\nProcessGuid: {bc083af7-c396-68f9-ab08-000000001400}\r\nProcessId: 12456\r\nImage: C:\\Windows\\System32\\conhost.exe\r\nUser: UNICORN\\ASUS",
        "Properties":  [
                           "-",
                           "2025-10-23 05:56:38.652",
                           "bc083af7-c396-68f9-ab08-000000001400",
                           12456,
                           "C:\\Windows\\System32\\conhost.exe",
                           "UNICORN\\ASUS"
                       ],
        "RecordId":  24932
    },
    {
        "TimeCreated":  "\/Date(1761198998651)\/",
        "Id":  5,
        "Level":  "Information",
        "Message":  "Process terminated:\r\nRuleName: -\r\nUtcTime: 2025-10-23 05:56:38.650\r\nProcessGuid: {bc083af7-c396-68f9-a908-000000001400}\r\nProcessId: 6200\r\nImage: C:\\Program Files\\Git\\cmd\\git.exe\r\nUser: UNICORN\\ASUS",
        "Properties":  [
                           "-",
                           "2025-10-23 05:56:38.650",
                           "bc083af7-c396-68f9-a908-000000001400",
                           6200,
                           "C:\\Program Files\\Git\\cmd\\git.exe",
                           "UNICORN\\ASUS"
                       ],
        "RecordId":  24931
    },
    {
        "TimeCreated":  "\/Date(1761198998649)\/",
        "Id":  5,
        "Level":  "Information",
        "Message":  "Process terminated:\r\nRuleName: -\r\nUtcTime: 2025-10-23 05:56:38.647\r\nProcessGuid: {bc083af7-c396-68f9-ad08-000000001400}\r\nProcessId: 17812\r\nImage: C:\\Program Files\\Git\\mingw64\\bin\\git.exe\r\nUser: UNICORN\\ASUS",
        "Properties":  [
                           "-",
                           "2025-10-23 05:56:38.647",
                           "bc083af7-c396-68f9-ad08-000000001400",
                           17812,
                           "C:\\Program Files\\Git\\mingw64\\bin\\git.exe",
                           "UNICORN\\ASUS"
                       ],
        "RecordId":  24930
    },
    {
        "TimeCreated":  "\/Date(1761198998641)\/",
        "Id":  1,
        "Level":  "Information",
        "Message":  "Process Create:\r\nRuleName: -\r\nUtcTime: 2025-10-23 05:56:38.628\r\nProcessGuid: {bc083af7-c396-68f9-ae08-000000001400}\r\nProcessId: 20472\r\nImage: C:\\Program Files\\Git\\mingw64\\bin\\git.exe\r\nFileVersion: 2.51.0.windows.2\r\nDescription: Git for Windows\r\nProduct: Git\r\nCompany: The Git Development Community\r\nOriginalFileName: git.exe\r\nCommandLine: git.exe ls-files --stage -- backend/.env\r\nCurrentDirectory: D:\\ThreatSphere\\\r\nUser: UNICORN\\ASUS\r\nLogonGuid: {bc083af7-ab66-68f9-1689-2f0000000000}\r\nLogonId: 0x2F8916\r\nTerminalSessionId: 2\r\nIntegrityLevel: Medium\r\nHashes: SHA256=E996432581A70DF2E7AAAC5DB71E3811EC0DAA7F93A8BA73FE6DB6F9941F4BF9\r\nParentProcessGuid: {bc083af7-c396-68f9-aa08-000000001400}\r\nParentProcessId: 3152\r\nParentImage: C:\\Program Files\\Git\\cmd\\git.exe\r\nParentCommandLine: \"C:\\Program Files\\Git\\cmd\\git.exe\" ls-files --stage -- backend/.env\r\nParentUser: UNICORN\\ASUS",
        "Properties":  [
                           "-",
                           "2025-10-23 05:56:38.628",
                           "bc083af7-c396-68f9-ae08-000000001400",
                           20472,
                           "C:\\Program Files\\Git\\mingw64\\bin\\git.exe",
                           "2.51.0.windows.2",
                           "Git for Windows",
                           "Git",
                           "The Git Development Community",
                           "git.exe",
                           "git.exe ls-files --stage -- backend/.env",
                           "D:\\ThreatSphere\\",
                           "UNICORN\\ASUS",
                           "bc083af7-ab66-68f9-1689-2f0000000000",
                           3115286,
                           2,
                           "Medium",
                           "SHA256=E996432581A70DF2E7AAAC5DB71E3811EC0DAA7F93A8BA73FE6DB6F9941F4BF9",
                           "bc083af7-c396-68f9-aa08-000000001400",
                           3152,
                           "C:\\Program Files\\Git\\cmd\\git.exe",
                           "\"C:\\Program Files\\Git\\cmd\\git.exe\" ls-files --stage -- backend/.env",
                           "UNICORN\\ASUS"
                       ],
        "RecordId":  24929
    },
    {
        "TimeCreated":  "\/Date(1761198998632)\/",
        "Id":  1,
        "Level":  "Information",
        "Message":  "Process Create:\r\nRuleName: -\r\nUtcTime: 2025-10-23 05:56:38.619\r\nProcessGuid: {bc083af7-c396-68f9-ad08-000000001400}\r\nProcessId: 17812\r\nImage: C:\\Program Files\\Git\\mingw64\\bin\\git.exe\r\nFileVersion: 2.51.0.windows.2\r\nDescription: Git for Windows\r\nProduct: Git\r\nCompany: The Git Development Community\r\nOriginalFileName: git.exe\r\nCommandLine: git.exe show --textconv :backend/.env\r\nCurrentDirectory: D:\\ThreatSphere\\\r\nUser: UNICORN\\ASUS\r\nLogonGuid: {bc083af7-ab66-68f9-1689-2f0000000000}\r\nLogonId: 0x2F8916\r\nTerminalSessionId: 2\r\nIntegrityLevel: Medium\r\nHashes: SHA256=E996432581A70DF2E7AAAC5DB71E3811EC0DAA7F93A8BA73FE6DB6F9941F4BF9\r\nParentProcessGuid: {bc083af7-c396-68f9-a908-000000001400}\r\nParentProcessId: 6200\r\nParentImage: C:\\Program Files\\Git\\cmd\\git.exe\r\nParentCommandLine: \"C:\\Program Files\\Git\\cmd\\git.exe\" show --textconv :backend/.env\r\nParentUser: UNICORN\\ASUS",
        "Properties":  [
                           "-",
                           "2025-10-23 05:56:38.619",
                           "bc083af7-c396-68f9-ad08-000000001400",
                           17812,
                           "C:\\Program Files\\Git\\mingw64\\bin\\git.exe",
                           "2.51.0.windows.2",
                           "Git for Windows",
                           "Git",
                           "The Git Development Community",
                           "git.exe",
                           "git.exe show --textconv :backend/.env",
                           "D:\\ThreatSphere\\",
                           "UNICORN\\ASUS",
                           "bc083af7-ab66-68f9-1689-2f0000000000",
                           3115286,
                           2,
                           "Medium",
                           "SHA256=E996432581A70DF2E7AAAC5DB71E3811EC0DAA7F93A8BA73FE6DB6F9941F4BF9",
                           "bc083af7-c396-68f9-a908-000000001400",
                           6200,
                           "C:\\Program Files\\Git\\cmd\\git.exe",
                           "\"C:\\Program Files\\Git\\cmd\\git.exe\" show --textconv :backend/.env",
                           "UNICORN\\ASUS"
                       ],
        "RecordId":  24928
    },
    {
        "TimeCreated":  "\/Date(1761198998614)\/",
        "Id":  1,
        "Level":  "Information",
        "Message":  "Process Create:\r\nRuleName: -\r\nUtcTime: 2025-10-23 05:56:38.605\r\nProcessGuid: {bc083af7-c396-68f9-ac08-000000001400}\r\nProcessId: 26468\r\nImage: C:\\Windows\\System32\\conhost.exe\r\nFileVersion: 10.0.26100.6725 (WinBuild.160101.0800)\r\nDescription: Console Window Host\r\nProduct: Microsoft® Windows® Operating System\r\nCompany: Microsoft Corporation\r\nOriginalFileName: CONHOST.EXE\r\nCommandLine: \\??\\C:\\Windows\\system32\\conhost.exe 0xffffffff -ForceV1\r\nCurrentDirectory: C:\\Windows\r\nUser: UNICORN\\ASUS\r\nLogonGuid: {bc083af7-ab66-68f9-1689-2f0000000000}\r\nLogonId: 0x2F8916\r\nTerminalSessionId: 2\r\nIntegrityLevel: Medium\r\nHashes: SHA256=9326E22D619CE662B6A585D02947537F844A280645F22674DD3B8A47DFFF094A\r\nParentProcessGuid: {bc083af7-c396-68f9-aa08-000000001400}\r\nParentProcessId: 3152\r\nParentImage: C:\\Program Files\\Git\\cmd\\git.exe\r\nParentCommandLine: \"C:\\Program Files\\Git\\cmd\\git.exe\" ls-files --stage -- backend/.env\r\nParentUser: UNICORN\\ASUS",
        "Properties":  [
                           "-",
                           "2025-10-23 05:56:38.605",
                           "bc083af7-c396-68f9-ac08-000000001400",
                           26468,
                           "C:\\Windows\\System32\\conhost.exe",
                           "10.0.26100.6725 (WinBuild.160101.0800)",
                           "Console Window Host",
                           "Microsoft® Windows® Operating System",
                           "Microsoft Corporation",
                           "CONHOST.EXE",
                           "\\??\\C:\\Windows\\system32\\conhost.exe 0xffffffff -ForceV1",
                           "C:\\Windows",
                           "UNICORN\\ASUS",
                           "bc083af7-ab66-68f9-1689-2f0000000000",
                           3115286,
                           2,
                           "Medium",
                           "SHA256=9326E22D619CE662B6A585D02947537F844A280645F22674DD3B8A47DFFF094A",
                           "bc083af7-c396-68f9-aa08-000000001400",
                           3152,
                           "C:\\Program Files\\Git\\cmd\\git.exe",
                           "\"C:\\Program Files\\Git\\cmd\\git.exe\" ls-files --stage -- backend/.env",
                           "UNICORN\\ASUS"
                       ],
        "RecordId":  24927
    },
    {
        "TimeCreated":  "\/Date(1761198998604)\/",
        "Id":  1,
        "Level":  "Information",
        "Message":  "Process Create:\r\nRuleName: -\r\nUtcTime: 2025-10-23 05:56:38.593\r\nProcessGuid: {bc083af7-c396-68f9-aa08-000000001400}\r\nProcessId: 3152\r\nImage: C:\\Program Files\\Git\\cmd\\git.exe\r\nFileVersion: 2.51.0.windows.2\r\nDescription: Git for Windows\r\nProduct: Git\r\nCompany: The Git Development Community\r\nOriginalFileName: git.exe\r\nCommandLine: \"C:\\Program Files\\Git\\cmd\\git.exe\" ls-files --stage -- backend/.env\r\nCurrentDirectory: D:\\ThreatSphere\\\r\nUser: UNICORN\\ASUS\r\nLogonGuid: {bc083af7-ab66-68f9-1689-2f0000000000}\r\nLogonId: 0x2F8916\r\nTerminalSessionId: 2\r\nIntegrityLevel: Medium\r\nHashes: SHA256=EE3D2A38093C3680745A5C973488F5BB78A16F010145D5CDC7470A7395C9E7E8\r\nParentProcessGuid: {bc083af7-abd6-68f9-7c03-000000001400}\r\nParentProcessId: 24844\r\nParentImage: C:\\Users\\ASUS\\AppData\\Local\\Programs\\Microsoft VS Code\\Code.exe\r\nParentCommandLine: \"C:\\Users\\ASUS\\AppData\\Local\\Programs\\Microsoft VS Code\\Code.exe\" --type=utility --utility-sub-type=node.mojom.NodeService --lang=en-US --service-sandbox-type=none --dns-result-order=ipv4first --experimental-network-inspection --inspect-port=0 --video-capture-use-gpu-memory-buffer --user-data-dir=\"C:\\Users\\ASUS\\AppData\\Roaming\\Code\" --standard-schemes=vscode-webview,vscode-file --enable-sandbox --secure-schemes=vscode-webview,vscode-file --cors-schemes=vscode-webview,vscode-file --fetch-schemes=vscode-webview,vscode-file --service-worker-schemes=vscode-webview --code-cache-schemes=vscode-webview,vscode-file --field-trial-handle=1736,i,12426189760977132178,9862129789206227926,262144 --enable-features=DocumentPolicyIncludeJSCallStacksInCrashReports,EarlyEstablishGpuChannel,EnableTransparentHwndEnlargement,EstablishGpuChannelAsync --disable-features=CalculateNativeWinOcclusion,FontationsLinuxSystemFonts,ScreenAIOCREnabled,SpareRendererForSitePerProcess,WinDelaySpellcheckServiceInit --variations-seed-version --mojo-platform-channel-handle=3724 /prefetch:14\r\nParentUser: UNICORN\\ASUS",
        "Properties":  [
                           "-",
                           "2025-10-23 05:56:38.593",
                           "bc083af7-c396-68f9-aa08-000000001400",
                           3152,
                           "C:\\Program Files\\Git\\cmd\\git.exe",
                           "2.51.0.windows.2",
                           "Git for Windows",
                           "Git",
                           "The Git Development Community",
                           "git.exe",
                           "\"C:\\Program Files\\Git\\cmd\\git.exe\" ls-files --stage -- backend/.env",
                           "D:\\ThreatSphere\\",
                           "UNICORN\\ASUS",
                           "bc083af7-ab66-68f9-1689-2f0000000000",
                           3115286,
                           2,
                           "Medium",
                           "SHA256=EE3D2A38093C3680745A5C973488F5BB78A16F010145D5CDC7470A7395C9E7E8",
                           "bc083af7-abd6-68f9-7c03-000000001400",
                           24844,
                           "C:\\Users\\ASUS\\AppData\\Local\\Programs\\Microsoft VS Code\\Code.exe",
                           "\"C:\\Users\\ASUS\\AppData\\Local\\Programs\\Microsoft VS Code\\Code.exe\" --type=utility --utility-sub-type=node.mojom.NodeService --lang=en-US --service-sandbox-type=none --dns-result-order=ipv4first --experimental-network-inspection --inspect-port=0 --video-capture-use-gpu-memory-buffer --user-data-dir=\"C:\\Users\\ASUS\\AppData\\Roaming\\Code\" --standard-schemes=vscode-webview,vscode-file --enable-sandbox --secure-schemes=vscode-webview,vscode-file --cors-schemes=vscode-webview,vscode-file --fetch-schemes=vscode-webview,vscode-file --service-worker-schemes=vscode-webview --code-cache-schemes=vscode-webview,vscode-file --field-trial-handle=1736,i,12426189760977132178,9862129789206227926,262144 --enable-features=DocumentPolicyIncludeJSCallStacksInCrashReports,EarlyEstablishGpuChannel,EnableTransparentHwndEnlargement,EstablishGpuChannelAsync --disable-features=CalculateNativeWinOcclusion,FontationsLinuxSystemFonts,ScreenAIOCREnabled,SpareRendererForSitePerProcess,WinDelaySpellcheckServiceInit --variations-seed-version --mojo-platform-channel-handle=3724 /prefetch:14",
                           "UNICORN\\ASUS"
                       ],
        "RecordId":  24926
    },
    {
        "TimeCreated":  "\/Date(1761198998603)\/",
        "Id":  1,
        "Level":  "Information",
        "Message":  "Process Create:\r\nRuleName: -\r\nUtcTime: 2025-10-23 05:56:38.593\r\nProcessGuid: {bc083af7-c396-68f9-ab08-000000001400}\r\nProcessId: 12456\r\nImage: C:\\Windows\\System32\\conhost.exe\r\nFileVersion: 10.0.26100.6725 (WinBuild.160101.0800)\r\nDescription: Console Window Host\r\nProduct: Microsoft® Windows® Operating System\r\nCompany: Microsoft Corporation\r\nOriginalFileName: CONHOST.EXE\r\nCommandLine: \\??\\C:\\Windows\\system32\\conhost.exe 0xffffffff -ForceV1\r\nCurrentDirectory: C:\\Windows\r\nUser: UNICORN\\ASUS\r\nLogonGuid: {bc083af7-ab66-68f9-1689-2f0000000000}\r\nLogonId: 0x2F8916\r\nTerminalSessionId: 2\r\nIntegrityLevel: Medium\r\nHashes: SHA256=9326E22D619CE662B6A585D02947537F844A280645F22674DD3B8A47DFFF094A\r\nParentProcessGuid: {bc083af7-c396-68f9-a908-000000001400}\r\nParentProcessId: 6200\r\nParentImage: C:\\Program Files\\Git\\cmd\\git.exe\r\nParentCommandLine: \"C:\\Program Files\\Git\\cmd\\git.exe\" show --textconv :backend/.env\r\nParentUser: UNICORN\\ASUS",
        "Properties":  [
                           "-",
                           "2025-10-23 05:56:38.593",
                           "bc083af7-c396-68f9-ab08-000000001400",
                           12456,
                           "C:\\Windows\\System32\\conhost.exe",
                           "10.0.26100.6725 (WinBuild.160101.0800)",
                           "Console Window Host",
                           "Microsoft® Windows® Operating System",
                           "Microsoft Corporation",
                           "CONHOST.EXE",
                           "\\??\\C:\\Windows\\system32\\conhost.exe 0xffffffff -ForceV1",
                           "C:\\Windows",
                           "UNICORN\\ASUS",
                           "bc083af7-ab66-68f9-1689-2f0000000000",
                           3115286,
                           2,
                           "Medium",
                           "SHA256=9326E22D619CE662B6A585D02947537F844A280645F22674DD3B8A47DFFF094A",
                           "bc083af7-c396-68f9-a908-000000001400",
                           6200,
                           "C:\\Program Files\\Git\\cmd\\git.exe",
                           "\"C:\\Program Files\\Git\\cmd\\git.exe\" show --textconv :backend/.env",
                           "UNICORN\\ASUS"
                       ],
        "RecordId":  24925
    },
    {
        "TimeCreated":  "\/Date(1761198998591)\/",
        "Id":  1,
        "Level":  "Information",
        "Message":  "Process Create:\r\nRuleName: -\r\nUtcTime: 2025-10-23 05:56:38.579\r\nProcessGuid: {bc083af7-c396-68f9-a908-000000001400}\r\nProcessId: 6200\r\nImage: C:\\Program Files\\Git\\cmd\\git.exe\r\nFileVersion: 2.51.0.windows.2\r\nDescription: Git for Windows\r\nProduct: Git\r\nCompany: The Git Development Community\r\nOriginalFileName: git.exe\r\nCommandLine: \"C:\\Program Files\\Git\\cmd\\git.exe\" show --textconv :backend/.env\r\nCurrentDirectory: D:\\ThreatSphere\\\r\nUser: UNICORN\\ASUS\r\nLogonGuid: {bc083af7-ab66-68f9-1689-2f0000000000}\r\nLogonId: 0x2F8916\r\nTerminalSessionId: 2\r\nIntegrityLevel: Medium\r\nHashes: SHA256=EE3D2A38093C3680745A5C973488F5BB78A16F010145D5CDC7470A7395C9E7E8\r\nParentProcessGuid: {bc083af7-abd6-68f9-7c03-000000001400}\r\nParentProcessId: 24844\r\nParentImage: C:\\Users\\ASUS\\AppData\\Local\\Programs\\Microsoft VS Code\\Code.exe\r\nParentCommandLine: \"C:\\Users\\ASUS\\AppData\\Local\\Programs\\Microsoft VS Code\\Code.exe\" --type=utility --utility-sub-type=node.mojom.NodeService --lang=en-US --service-sandbox-type=none --dns-result-order=ipv4first --experimental-network-inspection --inspect-port=0 --video-capture-use-gpu-memory-buffer --user-data-dir=\"C:\\Users\\ASUS\\AppData\\Roaming\\Code\" --standard-schemes=vscode-webview,vscode-file --enable-sandbox --secure-schemes=vscode-webview,vscode-file --cors-schemes=vscode-webview,vscode-file --fetch-schemes=vscode-webview,vscode-file --service-worker-schemes=vscode-webview --code-cache-schemes=vscode-webview,vscode-file --field-trial-handle=1736,i,12426189760977132178,9862129789206227926,262144 --enable-features=DocumentPolicyIncludeJSCallStacksInCrashReports,EarlyEstablishGpuChannel,EnableTransparentHwndEnlargement,EstablishGpuChannelAsync --disable-features=CalculateNativeWinOcclusion,FontationsLinuxSystemFonts,ScreenAIOCREnabled,SpareRendererForSitePerProcess,WinDelaySpellcheckServiceInit --variations-seed-version --mojo-platform-channel-handle=3724 /prefetch:14\r\nParentUser: UNICORN\\ASUS",
        "Properties":  [
                           "-",
                           "2025-10-23 05:56:38.579",
                           "bc083af7-c396-68f9-a908-000000001400",
                           6200,
                           "C:\\Program Files\\Git\\cmd\\git.exe",
                           "2.51.0.windows.2",
                           "Git for Windows",
                           "Git",
                           "The Git Development Community",
                           "git.exe",
                           "\"C:\\Program Files\\Git\\cmd\\git.exe\" show --textconv :backend/.env",
                           "D:\\ThreatSphere\\",
                           "UNICORN\\ASUS",
                           "bc083af7-ab66-68f9-1689-2f0000000000",
                           3115286,
                           2,
                           "Medium",
                           "SHA256=EE3D2A38093C3680745A5C973488F5BB78A16F010145D5CDC7470A7395C9E7E8",
                           "bc083af7-abd6-68f9-7c03-000000001400",
                           24844,
                           "C:\\Users\\ASUS\\AppData\\Local\\Programs\\Microsoft VS Code\\Code.exe",
                           "\"C:\\Users\\ASUS\\AppData\\Local\\Programs\\Microsoft VS Code\\Code.exe\" --type=utility --utility-sub-type=node.mojom.NodeService --lang=en-US --service-sandbox-type=none --dns-result-order=ipv4first --experimental-network-inspection --inspect-port=0 --video-capture-use-gpu-memory-buffer --user-data-dir=\"C:\\Users\\ASUS\\AppData\\Roaming\\Code\" --standard-schemes=vscode-webview,vscode-file --enable-sandbox --secure-schemes=vscode-webview,vscode-file --cors-schemes=vscode-webview,vscode-file --fetch-schemes=vscode-webview,vscode-file --service-worker-schemes=vscode-webview --code-cache-schemes=vscode-webview,vscode-file --field-trial-handle=1736,i,12426189760977132178,9862129789206227926,262144 --enable-features=DocumentPolicyIncludeJSCallStacksInCrashReports,EarlyEstablishGpuChannel,EnableTransparentHwndEnlargement,EstablishGpuChannelAsync --disable-features=CalculateNativeWinOcclusion,FontationsLinuxSystemFonts,ScreenAIOCREnabled,SpareRendererForSitePerProcess,WinDelaySpellcheckServiceInit --variations-seed-version --mojo-platform-channel-handle=3724 /prefetch:14",
                           "UNICORN\\ASUS"
                       ],
        "RecordId":  24924
    },
    {
        "TimeCreated":  "\/Date(1761198998587)\/",
        "Id":  5,
        "Level":  "Information",
        "Message":  "Process terminated:\r\nRuleName: -\r\nUtcTime: 2025-10-23 05:56:38.587\r\nProcessGuid: {bc083af7-bd10-68f9-9707-000000001400}\r\nProcessId: 26648\r\nImage: C:\\Windows\\System32\\svchost.exe\r\nUser: NT AUTHORITY\\SYSTEM",
        "Properties":  [
                           "-",
                           "2025-10-23 05:56:38.587",
                           "bc083af7-bd10-68f9-9707-000000001400",
                           26648,
                           "C:\\Windows\\System32\\svchost.exe",
                           "NT AUTHORITY\\SYSTEM"
                       ],
        "RecordId":  24923
    },
    {
        "TimeCreated":  "\/Date(1761198996550)\/",
        "Id":  5,
        "Level":  "Information",
        "Message":  "Process terminated:\r\nRuleName: -\r\nUtcTime: 2025-10-23 05:56:36.550\r\nProcessGuid: {bc083af7-c394-68f9-a608-000000001400}\r\nProcessId: 12892\r\nImage: C:\\Windows\\System32\\conhost.exe\r\nUser: UNICORN\\ASUS",
        "Properties":  [
                           "-",
                           "2025-10-23 05:56:36.550",
                           "bc083af7-c394-68f9-a608-000000001400",
                           12892,
                           "C:\\Windows\\System32\\conhost.exe",
                           "UNICORN\\ASUS"
                       ],
        "RecordId":  24922
    },
    {
        "TimeCreated":  "\/Date(1761198996549)\/",
        "Id":  5,
        "Level":  "Information",
        "Message":  "Process terminated:\r\nRuleName: -\r\nUtcTime: 2025-10-23 05:56:36.548\r\nProcessGuid: {bc083af7-c394-68f9-a408-000000001400}\r\nProcessId: 18856\r\nImage: C:\\Program Files\\Git\\cmd\\git.exe\r\nUser: UNICORN\\ASUS",
        "Properties":  [
                           "-",
                           "2025-10-23 05:56:36.548",
                           "bc083af7-c394-68f9-a408-000000001400",
                           18856,
                           "C:\\Program Files\\Git\\cmd\\git.exe",
                           "UNICORN\\ASUS"
                       ],
        "RecordId":  24921
    },
    {
        "TimeCreated":  "\/Date(1761198996546)\/",
        "Id":  5,
        "Level":  "Information",
        "Message":  "Process terminated:\r\nRuleName: -\r\nUtcTime: 2025-10-23 05:56:36.546\r\nProcessGuid: {bc083af7-c394-68f9-a808-000000001400}\r\nProcessId: 27164\r\nImage: C:\\Program Files\\Git\\mingw64\\bin\\git.exe\r\nUser: UNICORN\\ASUS",
        "Properties":  [
                           "-",
                           "2025-10-23 05:56:36.546",
                           "bc083af7-c394-68f9-a808-000000001400",
                           27164,
                           "C:\\Program Files\\Git\\mingw64\\bin\\git.exe",
                           "UNICORN\\ASUS"
                       ],
        "RecordId":  24920
    },
    {
        "TimeCreated":  "\/Date(1761198996541)\/",
        "Id":  5,
        "Level":  "Information",
        "Message":  "Process terminated:\r\nRuleName: -\r\nUtcTime: 2025-10-23 05:56:36.540\r\nProcessGuid: {bc083af7-c394-68f9-a508-000000001400}\r\nProcessId: 26620\r\nImage: C:\\Windows\\System32\\conhost.exe\r\nUser: UNICORN\\ASUS",
        "Properties":  [
                           "-",
                           "2025-10-23 05:56:36.540",
                           "bc083af7-c394-68f9-a508-000000001400",
                           26620,
                           "C:\\Windows\\System32\\conhost.exe",
                           "UNICORN\\ASUS"
                       ],
        "RecordId":  24919
    },
    {
        "TimeCreated":  "\/Date(1761198996540)\/",
        "Id":  5,
        "Level":  "Information",
        "Message":  "Process terminated:\r\nRuleName: -\r\nUtcTime: 2025-10-23 05:56:36.539\r\nProcessGuid: {bc083af7-c394-68f9-a308-000000001400}\r\nProcessId: 17492\r\nImage: C:\\Program Files\\Git\\cmd\\git.exe\r\nUser: UNICORN\\ASUS",
        "Properties":  [
                           "-",
                           "2025-10-23 05:56:36.539",
                           "bc083af7-c394-68f9-a308-000000001400",
                           17492,
                           "C:\\Program Files\\Git\\cmd\\git.exe",
                           "UNICORN\\ASUS"
                       ],
        "RecordId":  24918
    },
    {
        "TimeCreated":  "\/Date(1761198996538)\/",
        "Id":  5,
        "Level":  "Information",
        "Message":  "Process terminated:\r\nRuleName: -\r\nUtcTime: 2025-10-23 05:56:36.537\r\nProcessGuid: {bc083af7-c394-68f9-a708-000000001400}\r\nProcessId: 1992\r\nImage: C:\\Program Files\\Git\\mingw64\\bin\\git.exe\r\nUser: UNICORN\\ASUS",
        "Properties":  [
                           "-",
                           "2025-10-23 05:56:36.537",
                           "bc083af7-c394-68f9-a708-000000001400",
                           1992,
                           "C:\\Program Files\\Git\\mingw64\\bin\\git.exe",
                           "UNICORN\\ASUS"
                       ],
        "RecordId":  24917
    },
