    {
        "TimeCreated":  "\/Date(1761198143465)\/",
        "Id":  1,
        "Level":  "Information",
        "Message":  "Process Create:\r\nRuleName: -\r\nUtcTime: 2025-10-23 05:42:23.454\r\nProcessGuid: {bc083af7-c03f-68f9-2b08-000000001400}\r\nProcessId: 20800\r\nImage: C:\\Program Files\\Git\\cmd\\git.exe\r\nFileVersion: 2.51.0.windows.2\r\nDescription: Git for Windows\r\nProduct: Git\r\nCompany: The Git Development Community\r\nOriginalFileName: git.exe\r\nCommandLine: \"C:\\Program Files\\Git\\cmd\\git.exe\" for-each-ref --format=%%(refname)The operation completed successfully. %%(upstream:short)The operation completed successfully. %%(objectname)The operation completed successfully. %%(upstream:track)The operation completed successfully. %%(upstream:remotename)The operation completed successfully. %%(upstream:remoteref) --ignore-case refs/heads/main refs/remotes/main\r\nCurrentDirectory: D:\\ThreatSphere\\\r\nUser: UNICORN\\ASUS\r\nLogonGuid: {bc083af7-ab66-68f9-1689-2f0000000000}\r\nLogonId: 0x2F8916\r\nTerminalSessionId: 2\r\nIntegrityLevel: Medium\r\nHashes: SHA256=EE3D2A38093C3680745A5C973488F5BB78A16F010145D5CDC7470A7395C9E7E8\r\nParentProcessGuid: {bc083af7-abd6-68f9-7c03-000000001400}\r\nParentProcessId: 24844\r\nParentImage: C:\\Users\\ASUS\\AppData\\Local\\Programs\\Microsoft VS Code\\Code.exe\r\nParentCommandLine: \"C:\\Users\\ASUS\\AppData\\Local\\Programs\\Microsoft VS Code\\Code.exe\" --type=utility --utility-sub-type=node.mojom.NodeService --lang=en-US --service-sandbox-type=none --dns-result-order=ipv4first --experimental-network-inspection --inspect-port=0 --video-capture-use-gpu-memory-buffer --user-data-dir=\"C:\\Users\\ASUS\\AppData\\Roaming\\Code\" --standard-schemes=vscode-webview,vscode-file --enable-sandbox --secure-schemes=vscode-webview,vscode-file --cors-schemes=vscode-webview,vscode-file --fetch-schemes=vscode-webview,vscode-file --service-worker-schemes=vscode-webview --code-cache-schemes=vscode-webview,vscode-file --field-trial-handle=1736,i,12426189760977132178,9862129789206227926,262144 --enable-features=DocumentPolicyIncludeJSCallStacksInCrashReports,EarlyEstablishGpuChannel,EnableTransparentHwndEnlargement,EstablishGpuChannelAsync --disable-features=CalculateNativeWinOcclusion,FontationsLinuxSystemFonts,ScreenAIOCREnabled,SpareRendererForSitePerProcess,WinDelaySpellcheckServiceInit --variations-seed-version --mojo-platform-channel-handle=3724 /prefetch:14\r\nParentUser: UNICORN\\ASUS",
        "Properties":  [
                           "-",
                           "2025-10-23 05:42:23.454",
                           "bc083af7-c03f-68f9-2b08-000000001400",
                           20800,
                           "C:\\Program Files\\Git\\cmd\\git.exe",
                           "2.51.0.windows.2",
                           "Git for Windows",
                           "Git",
                           "The Git Development Community",
                           "git.exe",
                           "\"C:\\Program Files\\Git\\cmd\\git.exe\" for-each-ref --format=%%(refname)%%00%%(upstream:short)%%00%%(objectname)%%00%%(upstream:track)%%00%%(upstream:remotename)%%00%%(upstream:remoteref) --ignore-case refs/heads/main refs/remotes/main",
                           "D:\\ThreatSphere\\",
                           "UNICORN\\ASUS",
                           "bc083af7-ab66-68f9-1689-2f0000000000",
                           3115286,
                           2,
                           "Medium",
                           "SHA256=EE3D2A38093C3680745A5C973488F5BB78A16F010145D5CDC7470A7395C9E7E8",
                           "bc083af7-abd6-68f9-7c03-000000001400",
                           24844,
                           "C:\\Users\\ASUS\\AppData\\Local\\Programs\\Microsoft VS Code\\Code.exe",
                           "\"C:\\Users\\ASUS\\AppData\\Local\\Programs\\Microsoft VS Code\\Code.exe\" --type=utility --utility-sub-type=node.mojom.NodeService --lang=en-US --service-sandbox-type=none --dns-result-order=ipv4first --experimental-network-inspection --inspect-port=0 --video-capture-use-gpu-memory-buffer --user-data-dir=\"C:\\Users\\ASUS\\AppData\\Roaming\\Code\" --standard-schemes=vscode-webview,vscode-file --enable-sandbox --secure-schemes=vscode-webview,vscode-file --cors-schemes=vscode-webview,vscode-file --fetch-schemes=vscode-webview,vscode-file --service-worker-schemes=vscode-webview --code-cache-schemes=vscode-webview,vscode-file --field-trial-handle=1736,i,12426189760977132178,9862129789206227926,262144 --enable-features=DocumentPolicyIncludeJSCallStacksInCrashReports,EarlyEstablishGpuChannel,EnableTransparentHwndEnlargement,EstablishGpuChannelAsync --disable-features=CalculateNativeWinOcclusion,FontationsLinuxSystemFonts,ScreenAIOCREnabled,SpareRendererForSitePerProcess,WinDelaySpellcheckServiceInit --variations-seed-version --mojo-platform-channel-handle=3724 /prefetch:14",
                           "UNICORN\\ASUS"
                       ],
        "RecordId":  24669
    },
    {
        "TimeCreated":  "\/Date(1761198143452)\/",
        "Id":  1,
        "Level":  "Information",
        "Message":  "Process Create:\r\nRuleName: -\r\nUtcTime: 2025-10-23 05:42:23.440\r\nProcessGuid: {bc083af7-c03f-68f9-2a08-000000001400}\r\nProcessId: 13912\r\nImage: C:\\Program Files\\Git\\cmd\\git.exe\r\nFileVersion: 2.51.0.windows.2\r\nDescription: Git for Windows\r\nProduct: Git\r\nCompany: The Git Development Community\r\nOriginalFileName: git.exe\r\nCommandLine: \"C:\\Program Files\\Git\\cmd\\git.exe\" config --get commit.template\r\nCurrentDirectory: D:\\ThreatSphere\\\r\nUser: UNICORN\\ASUS\r\nLogonGuid: {bc083af7-ab66-68f9-1689-2f0000000000}\r\nLogonId: 0x2F8916\r\nTerminalSessionId: 2\r\nIntegrityLevel: Medium\r\nHashes: SHA256=EE3D2A38093C3680745A5C973488F5BB78A16F010145D5CDC7470A7395C9E7E8\r\nParentProcessGuid: {bc083af7-abd6-68f9-7c03-000000001400}\r\nParentProcessId: 24844\r\nParentImage: C:\\Users\\ASUS\\AppData\\Local\\Programs\\Microsoft VS Code\\Code.exe\r\nParentCommandLine: \"C:\\Users\\ASUS\\AppData\\Local\\Programs\\Microsoft VS Code\\Code.exe\" --type=utility --utility-sub-type=node.mojom.NodeService --lang=en-US --service-sandbox-type=none --dns-result-order=ipv4first --experimental-network-inspection --inspect-port=0 --video-capture-use-gpu-memory-buffer --user-data-dir=\"C:\\Users\\ASUS\\AppData\\Roaming\\Code\" --standard-schemes=vscode-webview,vscode-file --enable-sandbox --secure-schemes=vscode-webview,vscode-file --cors-schemes=vscode-webview,vscode-file --fetch-schemes=vscode-webview,vscode-file --service-worker-schemes=vscode-webview --code-cache-schemes=vscode-webview,vscode-file --field-trial-handle=1736,i,12426189760977132178,9862129789206227926,262144 --enable-features=DocumentPolicyIncludeJSCallStacksInCrashReports,EarlyEstablishGpuChannel,EnableTransparentHwndEnlargement,EstablishGpuChannelAsync --disable-features=CalculateNativeWinOcclusion,FontationsLinuxSystemFonts,ScreenAIOCREnabled,SpareRendererForSitePerProcess,WinDelaySpellcheckServiceInit --variations-seed-version --mojo-platform-channel-handle=3724 /prefetch:14\r\nParentUser: UNICORN\\ASUS",
        "Properties":  [
                           "-",
                           "2025-10-23 05:42:23.440",
                           "bc083af7-c03f-68f9-2a08-000000001400",
                           13912,
                           "C:\\Program Files\\Git\\cmd\\git.exe",
                           "2.51.0.windows.2",
                           "Git for Windows",
                           "Git",
                           "The Git Development Community",
                           "git.exe",
                           "\"C:\\Program Files\\Git\\cmd\\git.exe\" config --get commit.template",
                           "D:\\ThreatSphere\\",
                           "UNICORN\\ASUS",
                           "bc083af7-ab66-68f9-1689-2f0000000000",
                           3115286,
                           2,
                           "Medium",
                           "SHA256=EE3D2A38093C3680745A5C973488F5BB78A16F010145D5CDC7470A7395C9E7E8",
                           "bc083af7-abd6-68f9-7c03-000000001400",
                           24844,
                           "C:\\Users\\ASUS\\AppData\\Local\\Programs\\Microsoft VS Code\\Code.exe",
                           "\"C:\\Users\\ASUS\\AppData\\Local\\Programs\\Microsoft VS Code\\Code.exe\" --type=utility --utility-sub-type=node.mojom.NodeService --lang=en-US --service-sandbox-type=none --dns-result-order=ipv4first --experimental-network-inspection --inspect-port=0 --video-capture-use-gpu-memory-buffer --user-data-dir=\"C:\\Users\\ASUS\\AppData\\Roaming\\Code\" --standard-schemes=vscode-webview,vscode-file --enable-sandbox --secure-schemes=vscode-webview,vscode-file --cors-schemes=vscode-webview,vscode-file --fetch-schemes=vscode-webview,vscode-file --service-worker-schemes=vscode-webview --code-cache-schemes=vscode-webview,vscode-file --field-trial-handle=1736,i,12426189760977132178,9862129789206227926,262144 --enable-features=DocumentPolicyIncludeJSCallStacksInCrashReports,EarlyEstablishGpuChannel,EnableTransparentHwndEnlargement,EstablishGpuChannelAsync --disable-features=CalculateNativeWinOcclusion,FontationsLinuxSystemFonts,ScreenAIOCREnabled,SpareRendererForSitePerProcess,WinDelaySpellcheckServiceInit --variations-seed-version --mojo-platform-channel-handle=3724 /prefetch:14",
                           "UNICORN\\ASUS"
                       ],
        "RecordId":  24668
    },
    {
        "TimeCreated":  "\/Date(1761198094991)\/",
        "Id":  5,
        "Level":  "Information",
        "Message":  "Process terminated:\r\nRuleName: -\r\nUtcTime: 2025-10-23 05:41:34.991\r\nProcessGuid: {bc083af7-bfe6-68f9-2908-000000001400}\r\nProcessId: 8204\r\nImage: C:\\Windows\\System32\\RuntimeBroker.exe\r\nUser: UNICORN\\ASUS",
        "Properties":  [
                           "-",
                           "2025-10-23 05:41:34.991",
                           "bc083af7-bfe6-68f9-2908-000000001400",
                           8204,
                           "C:\\Windows\\System32\\RuntimeBroker.exe",
                           "UNICORN\\ASUS"
                       ],
        "RecordId":  24667
    },
    {
        "TimeCreated":  "\/Date(1761198060325)\/",
        "Id":  5,
        "Level":  "Information",
        "Message":  "Process terminated:\r\nRuleName: -\r\nUtcTime: 2025-10-23 05:41:00.325\r\nProcessGuid: {bc083af7-bfe0-68f9-2108-000000001400}\r\nProcessId: 17544\r\nImage: C:\\Program Files\\Adobe\\Acrobat DC\\Acrobat\\acrocef_1\\AcroCEF.exe\r\nUser: UNICORN\\ASUS",
        "Properties":  [
                           "-",
                           "2025-10-23 05:41:00.325",
                           "bc083af7-bfe0-68f9-2108-000000001400",
                           17544,
                           "C:\\Program Files\\Adobe\\Acrobat DC\\Acrobat\\acrocef_1\\AcroCEF.exe",
                           "UNICORN\\ASUS"
                       ],
        "RecordId":  24666
    },
    {
        "TimeCreated":  "\/Date(1761198060306)\/",
        "Id":  5,
        "Level":  "Information",
        "Message":  "Process terminated:\r\nRuleName: -\r\nUtcTime: 2025-10-23 05:41:00.305\r\nProcessGuid: {bc083af7-bfe1-68f9-2408-000000001400}\r\nProcessId: 27436\r\nImage: C:\\Program Files\\Adobe\\Acrobat DC\\Acrobat\\acrocef_1\\AcroCEF.exe\r\nUser: UNICORN\\ASUS",
        "Properties":  [
                           "-",
                           "2025-10-23 05:41:00.305",
                           "bc083af7-bfe1-68f9-2408-000000001400",
                           27436,
                           "C:\\Program Files\\Adobe\\Acrobat DC\\Acrobat\\acrocef_1\\AcroCEF.exe",
                           "UNICORN\\ASUS"
                       ],
        "RecordId":  24665
    },
    {
        "TimeCreated":  "\/Date(1761198060306)\/",
        "Id":  5,
        "Level":  "Information",
        "Message":  "Process terminated:\r\nRuleName: -\r\nUtcTime: 2025-10-23 05:41:00.305\r\nProcessGuid: {bc083af7-bfe1-68f9-2308-000000001400}\r\nProcessId: 11580\r\nImage: C:\\Program Files\\Adobe\\Acrobat DC\\Acrobat\\acrocef_1\\AcroCEF.exe\r\nUser: UNICORN\\ASUS",
        "Properties":  [
                           "-",
                           "2025-10-23 05:41:00.305",
                           "bc083af7-bfe1-68f9-2308-000000001400",
                           11580,
                           "C:\\Program Files\\Adobe\\Acrobat DC\\Acrobat\\acrocef_1\\AcroCEF.exe",
                           "UNICORN\\ASUS"
                       ],
        "RecordId":  24664
    },
    {
        "TimeCreated":  "\/Date(1761198060306)\/",
        "Id":  5,
        "Level":  "Information",
        "Message":  "Process terminated:\r\nRuleName: -\r\nUtcTime: 2025-10-23 05:41:00.305\r\nProcessGuid: {bc083af7-bfe0-68f9-2208-000000001400}\r\nProcessId: 27344\r\nImage: C:\\Program Files\\Adobe\\Acrobat DC\\Acrobat\\acrocef_1\\AcroCEF.exe\r\nUser: UNICORN\\ASUS",
        "Properties":  [
                           "-",
                           "2025-10-23 05:41:00.305",
                           "bc083af7-bfe0-68f9-2208-000000001400",
                           27344,
                           "C:\\Program Files\\Adobe\\Acrobat DC\\Acrobat\\acrocef_1\\AcroCEF.exe",
                           "UNICORN\\ASUS"
                       ],
        "RecordId":  24663
    },
    {
        "TimeCreated":  "\/Date(1761198060303)\/",
        "Id":  5,
        "Level":  "Information",
        "Message":  "Process terminated:\r\nRuleName: -\r\nUtcTime: 2025-10-23 05:41:00.303\r\nProcessGuid: {bc083af7-bfe0-68f9-1d08-000000001400}\r\nProcessId: 27372\r\nImage: C:\\Program Files\\Adobe\\Acrobat DC\\Acrobat\\acrocef_1\\AcroCEF.exe\r\nUser: UNICORN\\ASUS",
        "Properties":  [
                           "-",
                           "2025-10-23 05:41:00.303",
                           "bc083af7-bfe0-68f9-1d08-000000001400",
                           27372,
                           "C:\\Program Files\\Adobe\\Acrobat DC\\Acrobat\\acrocef_1\\AcroCEF.exe",
                           "UNICORN\\ASUS"
                       ],
        "RecordId":  24662
    },
    {
        "TimeCreated":  "\/Date(1761198054960)\/",
        "Id":  5,
        "Level":  "Information",
        "Message":  "Process terminated:\r\nRuleName: -\r\nUtcTime: 2025-10-23 05:40:54.960\r\nProcessGuid: {bc083af7-bfe6-68f9-2808-000000001400}\r\nProcessId: 2860\r\nImage: C:\\Program Files\\Adobe\\Acrobat DC\\Acrobat\\RDCNotificationClient\\FullTrustNotifier.exe\r\nUser: UNICORN\\ASUS",
        "Properties":  [
                           "-",
                           "2025-10-23 05:40:54.960",
                           "bc083af7-bfe6-68f9-2808-000000001400",
                           2860,
                           "C:\\Program Files\\Adobe\\Acrobat DC\\Acrobat\\RDCNotificationClient\\FullTrustNotifier.exe",
                           "UNICORN\\ASUS"
                       ],
        "RecordId":  24661
    },
    {
        "TimeCreated":  "\/Date(1761198054925)\/",
        "Id":  1,
        "Level":  "Information",
        "Message":  "Process Create:\r\nRuleName: -\r\nUtcTime: 2025-10-23 05:40:54.916\r\nProcessGuid: {bc083af7-bfe6-68f9-2908-000000001400}\r\nProcessId: 8204\r\nImage: C:\\Windows\\System32\\RuntimeBroker.exe\r\nFileVersion: 10.0.26100.5074 (WinBuild.160101.0800)\r\nDescription: Runtime Broker\r\nProduct: Microsoft® Windows® Operating System\r\nCompany: Microsoft Corporation\r\nOriginalFileName: RuntimeBroker.exe\r\nCommandLine: C:\\Windows\\System32\\RuntimeBroker.exe -Embedding\r\nCurrentDirectory: C:\\Windows\\system32\\\r\nUser: UNICORN\\ASUS\r\nLogonGuid: {bc083af7-ab66-68f9-1689-2f0000000000}\r\nLogonId: 0x2F8916\r\nTerminalSessionId: 2\r\nIntegrityLevel: Medium\r\nHashes: SHA256=DBF90B115CFC26B5A59DD5BF9C20D94A11FFE9D2F979831EBF7CF496EEECBD0E\r\nParentProcessGuid: {bc083af7-09f3-68f9-0f00-000000001400}\r\nParentProcessId: 1728\r\nParentImage: C:\\Windows\\System32\\svchost.exe\r\nParentCommandLine: C:\\Windows\\system32\\svchost.exe -k DcomLaunch -p\r\nParentUser: NT AUTHORITY\\SYSTEM",
        "Properties":  [
                           "-",
                           "2025-10-23 05:40:54.916",
                           "bc083af7-bfe6-68f9-2908-000000001400",
                           8204,
                           "C:\\Windows\\System32\\RuntimeBroker.exe",
                           "10.0.26100.5074 (WinBuild.160101.0800)",
                           "Runtime Broker",
                           "Microsoft® Windows® Operating System",
                           "Microsoft Corporation",
                           "RuntimeBroker.exe",
                           "C:\\Windows\\System32\\RuntimeBroker.exe -Embedding",
                           "C:\\Windows\\system32\\",
                           "UNICORN\\ASUS",
                           "bc083af7-ab66-68f9-1689-2f0000000000",
                           3115286,
                           2,
                           "Medium",
                           "SHA256=DBF90B115CFC26B5A59DD5BF9C20D94A11FFE9D2F979831EBF7CF496EEECBD0E",
                           "bc083af7-09f3-68f9-0f00-000000001400",
                           1728,
                           "C:\\Windows\\System32\\svchost.exe",
                           "C:\\Windows\\system32\\svchost.exe -k DcomLaunch -p",
                           "NT AUTHORITY\\SYSTEM"
                       ],
        "RecordId":  24660
    },
    {
        "TimeCreated":  "\/Date(1761198054884)\/",
        "Id":  1,
        "Level":  "Information",
        "Message":  "Process Create:\r\nRuleName: -\r\nUtcTime: 2025-10-23 05:40:54.875\r\nProcessGuid: {bc083af7-bfe6-68f9-2808-000000001400}\r\nProcessId: 2860\r\nImage: C:\\Program Files\\Adobe\\Acrobat DC\\Acrobat\\RDCNotificationClient\\FullTrustNotifier.exe\r\nFileVersion: -\r\nDescription: -\r\nProduct: -\r\nCompany: -\r\nOriginalFileName: -\r\nCommandLine: \"C:\\Program Files\\Adobe\\Acrobat DC\\Acrobat\\RDCNotificationClient\\FullTrustNotifier.exe\" GetChannelUri\r\nCurrentDirectory: C:\\Windows\\system32\\\r\nUser: UNICORN\\ASUS\r\nLogonGuid: {bc083af7-ab66-68f9-1689-2f0000000000}\r\nLogonId: 0x2F8916\r\nTerminalSessionId: 2\r\nIntegrityLevel: Low\r\nHashes: SHA256=F72AE9E2704E97D9C31B3128003296AE46B20ACDDA49BF2E85D5B6799085BB4F\r\nParentProcessGuid: {bc083af7-bfe1-68f9-2708-000000001400}\r\nParentProcessId: 22316\r\nParentImage: C:\\Program Files\\Adobe\\Acrobat DC\\Acrobat\\AdobeCollabSync.exe\r\nParentCommandLine: \"C:\\Program Files\\Adobe\\Acrobat DC\\Acrobat\\AdobeCollabSync.exe\" --type=collab-renderer --proc=24496\r\nParentUser: UNICORN\\ASUS",
        "Properties":  [
                           "-",
                           "2025-10-23 05:40:54.875",
                           "bc083af7-bfe6-68f9-2808-000000001400",
                           2860,
                           "C:\\Program Files\\Adobe\\Acrobat DC\\Acrobat\\RDCNotificationClient\\FullTrustNotifier.exe",
                           "-",
                           "-",
                           "-",
                           "-",
                           "-",
                           "\"C:\\Program Files\\Adobe\\Acrobat DC\\Acrobat\\RDCNotificationClient\\FullTrustNotifier.exe\" GetChannelUri",
                           "C:\\Windows\\system32\\",
                           "UNICORN\\ASUS",
                           "bc083af7-ab66-68f9-1689-2f0000000000",
                           3115286,
                           2,
                           "Low",
                           "SHA256=F72AE9E2704E97D9C31B3128003296AE46B20ACDDA49BF2E85D5B6799085BB4F",
                           "bc083af7-bfe1-68f9-2708-000000001400",
                           22316,
                           "C:\\Program Files\\Adobe\\Acrobat DC\\Acrobat\\AdobeCollabSync.exe",
                           "\"C:\\Program Files\\Adobe\\Acrobat DC\\Acrobat\\AdobeCollabSync.exe\" --type=collab-renderer --proc=24496",
                           "UNICORN\\ASUS"
                       ],
        "RecordId":  24659
    },
    {
        "TimeCreated":  "\/Date(1761198049731)\/",
        "Id":  1,
        "Level":  "Information",
        "Message":  "Process Create:\r\nRuleName: -\r\nUtcTime: 2025-10-23 05:40:49.723\r\nProcessGuid: {bc083af7-bfe1-68f9-2708-000000001400}\r\nProcessId: 22316\r\nImage: C:\\Program Files\\Adobe\\Acrobat DC\\Acrobat\\AdobeCollabSync.exe\r\nFileVersion: 25.1.20756.0\r\nDescription: Acrobat Collaboration Synchronizer 25.1\r\nProduct: Acrobat Collaboration Synchronizer\r\nCompany: Adobe Systems Incorporated\r\nOriginalFileName: AdobeCollabSync.exe\r\nCommandLine: \"C:\\Program Files\\Adobe\\Acrobat DC\\Acrobat\\AdobeCollabSync.exe\" --type=collab-renderer --proc=24496\r\nCurrentDirectory: C:\\Windows\\system32\\\r\nUser: UNICORN\\ASUS\r\nLogonGuid: {bc083af7-ab66-68f9-1689-2f0000000000}\r\nLogonId: 0x2F8916\r\nTerminalSessionId: 2\r\nIntegrityLevel: Low\r\nHashes: SHA256=D1BE4FC42CDEB756D109BA250591AA5A20D7FEF5DD9D50DFCCA0844D4150179F\r\nParentProcessGuid: {bc083af7-bfe1-68f9-2608-000000001400}\r\nParentProcessId: 24496\r\nParentImage: C:\\Program Files\\Adobe\\Acrobat DC\\Acrobat\\AdobeCollabSync.exe\r\nParentCommandLine: \"C:\\Program Files\\Adobe\\Acrobat DC\\Acrobat\\AdobeCollabSync.exe\"\r\nParentUser: UNICORN\\ASUS",
        "Properties":  [
                           "-",
                           "2025-10-23 05:40:49.723",
                           "bc083af7-bfe1-68f9-2708-000000001400",
                           22316,
                           "C:\\Program Files\\Adobe\\Acrobat DC\\Acrobat\\AdobeCollabSync.exe",
                           "25.1.20756.0",
                           "Acrobat Collaboration Synchronizer 25.1",
                           "Acrobat Collaboration Synchronizer",
                           "Adobe Systems Incorporated",
                           "AdobeCollabSync.exe",
                           "\"C:\\Program Files\\Adobe\\Acrobat DC\\Acrobat\\AdobeCollabSync.exe\" --type=collab-renderer --proc=24496",
                           "C:\\Windows\\system32\\",
                           "UNICORN\\ASUS",
                           "bc083af7-ab66-68f9-1689-2f0000000000",
                           3115286,
                           2,
                           "Low",
                           "SHA256=D1BE4FC42CDEB756D109BA250591AA5A20D7FEF5DD9D50DFCCA0844D4150179F",
                           "bc083af7-bfe1-68f9-2608-000000001400",
                           24496,
                           "C:\\Program Files\\Adobe\\Acrobat DC\\Acrobat\\AdobeCollabSync.exe",
                           "\"C:\\Program Files\\Adobe\\Acrobat DC\\Acrobat\\AdobeCollabSync.exe\"",
                           "UNICORN\\ASUS"
                       ],
        "RecordId":  24658
    },
    {
        "TimeCreated":  "\/Date(1761198049585)\/",
        "Id":  5,
        "Level":  "Information",
        "Message":  "Process terminated:\r\nRuleName: -\r\nUtcTime: 2025-10-23 05:40:49.584\r\nProcessGuid: {bc083af7-bfe0-68f9-2008-000000001400}\r\nProcessId: 16724\r\nImage: C:\\Program Files\\Adobe\\Acrobat DC\\Acrobat\\ADNotificationManager.exe\r\nUser: UNICORN\\ASUS",
        "Properties":  [
                           "-",
                           "2025-10-23 05:40:49.584",
                           "bc083af7-bfe0-68f9-2008-000000001400",
                           16724,
                           "C:\\Program Files\\Adobe\\Acrobat DC\\Acrobat\\ADNotificationManager.exe",
                           "UNICORN\\ASUS"
                       ],
        "RecordId":  24657
    },
    {
        "TimeCreated":  "\/Date(1761198049577)\/",
        "Id":  1,
        "Level":  "Information",
        "Message":  "Process Create:\r\nRuleName: -\r\nUtcTime: 2025-10-23 05:40:49.508\r\nProcessGuid: {bc083af7-bfe1-68f9-2608-000000001400}\r\nProcessId: 24496\r\nImage: C:\\Program Files\\Adobe\\Acrobat DC\\Acrobat\\AdobeCollabSync.exe\r\nFileVersion: 25.1.20756.0\r\nDescription: Acrobat Collaboration Synchronizer 25.1\r\nProduct: Acrobat Collaboration Synchronizer\r\nCompany: Adobe Systems Incorporated\r\nOriginalFileName: AdobeCollabSync.exe\r\nCommandLine: \"C:\\Program Files\\Adobe\\Acrobat DC\\Acrobat\\AdobeCollabSync.exe\"\r\nCurrentDirectory: C:\\Windows\\system32\\\r\nUser: UNICORN\\ASUS\r\nLogonGuid: {bc083af7-ab66-68f9-1689-2f0000000000}\r\nLogonId: 0x2F8916\r\nTerminalSessionId: 2\r\nIntegrityLevel: Medium\r\nHashes: SHA256=D1BE4FC42CDEB756D109BA250591AA5A20D7FEF5DD9D50DFCCA0844D4150179F\r\nParentProcessGuid: {bc083af7-bfe0-68f9-2008-000000001400}\r\nParentProcessId: 16724\r\nParentImage: C:\\Program Files\\Adobe\\Acrobat DC\\Acrobat\\ADNotificationManager.exe\r\nParentCommandLine: \"C:\\Program Files\\Adobe\\Acrobat DC\\Acrobat\\ADNotificationManager.exe\" -CollabSync\r\nParentUser: UNICORN\\ASUS",
        "Properties":  [
                           "-",
                           "2025-10-23 05:40:49.508",
                           "bc083af7-bfe1-68f9-2608-000000001400",
                           24496,
                           "C:\\Program Files\\Adobe\\Acrobat DC\\Acrobat\\AdobeCollabSync.exe",
                           "25.1.20756.0",
                           "Acrobat Collaboration Synchronizer 25.1",
                           "Acrobat Collaboration Synchronizer",
                           "Adobe Systems Incorporated",
                           "AdobeCollabSync.exe",
                           "\"C:\\Program Files\\Adobe\\Acrobat DC\\Acrobat\\AdobeCollabSync.exe\"",
                           "C:\\Windows\\system32\\",
                           "UNICORN\\ASUS",
                           "bc083af7-ab66-68f9-1689-2f0000000000",
                           3115286,
                           2,
                           "Medium",
                           "SHA256=D1BE4FC42CDEB756D109BA250591AA5A20D7FEF5DD9D50DFCCA0844D4150179F",
                           "bc083af7-bfe0-68f9-2008-000000001400",
                           16724,
                           "C:\\Program Files\\Adobe\\Acrobat DC\\Acrobat\\ADNotificationManager.exe",
                           "\"C:\\Program Files\\Adobe\\Acrobat DC\\Acrobat\\ADNotificationManager.exe\" -CollabSync",
                           "UNICORN\\ASUS"
                       ],
        "RecordId":  24656
    },
    {
        "TimeCreated":  "\/Date(1761198049495)\/",
        "Id":  5,
        "Level":  "Information",
        "Message":  "Process terminated:\r\nRuleName: -\r\nUtcTime: 2025-10-23 05:40:49.495\r\nProcessGuid: {bc083af7-bfe1-68f9-2508-000000001400}\r\nProcessId: 26944\r\nImage: C:\\Windows\\System32\\CompPkgSrv.exe\r\nUser: UNICORN\\ASUS",
        "Properties":  [
                           "-",
                           "2025-10-23 05:40:49.495",
                           "bc083af7-bfe1-68f9-2508-000000001400",
                           26944,
                           "C:\\Windows\\System32\\CompPkgSrv.exe",
                           "UNICORN\\ASUS"
                       ],
        "RecordId":  24655
    },
    {
        "TimeCreated":  "\/Date(1761198049436)\/",
        "Id":  1,
        "Level":  "Information",
        "Message":  "Process Create:\r\nRuleName: -\r\nUtcTime: 2025-10-23 05:40:49.428\r\nProcessGuid: {bc083af7-bfe1-68f9-2508-000000001400}\r\nProcessId: 26944\r\nImage: C:\\Windows\\System32\\CompPkgSrv.exe\r\nFileVersion: 10.0.26100.6725 (WinBuild.160101.0800)\r\nDescription: Component Package Support Server\r\nProduct: Microsoft® Windows® Operating System\r\nCompany: Microsoft Corporation\r\nOriginalFileName: CompPkgSrv.exe\r\nCommandLine: C:\\Windows\\System32\\CompPkgSrv.exe -Embedding\r\nCurrentDirectory: C:\\Windows\\system32\\\r\nUser: UNICORN\\ASUS\r\nLogonGuid: {bc083af7-ab66-68f9-1689-2f0000000000}\r\nLogonId: 0x2F8916\r\nTerminalSessionId: 2\r\nIntegrityLevel: Low\r\nHashes: SHA256=438BF3A400A6898CF6F97D915C0089332C25D3A049A58F3483A6FB6B01458244\r\nParentProcessGuid: {bc083af7-09f3-68f9-0f00-000000001400}\r\nParentProcessId: 1728\r\nParentImage: C:\\Windows\\System32\\svchost.exe\r\nParentCommandLine: C:\\Windows\\system32\\svchost.exe -k DcomLaunch -p\r\nParentUser: NT AUTHORITY\\SYSTEM",
        "Properties":  [
                           "-",
                           "2025-10-23 05:40:49.428",
                           "bc083af7-bfe1-68f9-2508-000000001400",
                           26944,
                           "C:\\Windows\\System32\\CompPkgSrv.exe",
                           "10.0.26100.6725 (WinBuild.160101.0800)",
                           "Component Package Support Server",
                           "Microsoft® Windows® Operating System",
                           "Microsoft Corporation",
                           "CompPkgSrv.exe",
                           "C:\\Windows\\System32\\CompPkgSrv.exe -Embedding",
                           "C:\\Windows\\system32\\",
                           "UNICORN\\ASUS",
                           "bc083af7-ab66-68f9-1689-2f0000000000",
                           3115286,
                           2,
                           "Low",
                           "SHA256=438BF3A400A6898CF6F97D915C0089332C25D3A049A58F3483A6FB6B01458244",
                           "bc083af7-09f3-68f9-0f00-000000001400",
                           1728,
                           "C:\\Windows\\System32\\svchost.exe",
                           "C:\\Windows\\system32\\svchost.exe -k DcomLaunch -p",
                           "NT AUTHORITY\\SYSTEM"
                       ],
        "RecordId":  24654
    },
    {
        "TimeCreated":  "\/Date(1761198049096)\/",
        "Id":  1,
        "Level":  "Information",
        "Message":  "Process Create:\r\nRuleName: -\r\nUtcTime: 2025-10-23 05:40:49.087\r\nProcessGuid: {bc083af7-bfe1-68f9-2408-000000001400}\r\nProcessId: 27436\r\nImage: C:\\Program Files\\Adobe\\Acrobat DC\\Acrobat\\acrocef_1\\AcroCEF.exe\r\nFileVersion: 25.1.20756.0\r\nDescription: Adobe AcroCEF\r\nProduct: Adobe AcroCEF\r\nCompany: Adobe Systems Incorporated\r\nOriginalFileName: AcroCEF.exe\r\nCommandLine: \"C:\\Program Files\\Adobe\\Acrobat DC\\Acrobat\\acrocef_1\\AcroCEF.exe\" --type=renderer --log-severity=disable --user-agent-product=\"ReaderServices/25.1.20756 Chrome/105.0.0.0\" --user-data-dir=\"C:\\Users\\ASUS\\AppData\\Local\\Adobe\\AcroCef\\DC\\Acrobat\\UserData\" --first-renderer-process --log-file=\"C:\\Program Files\\Adobe\\Acrobat DC\\Acrobat\\acrocef_1\\debug.log\" --touch-events=enabled --lang=en-US --device-scale-factor=1.25 --num-raster-threads=4 --enable-main-frame-before-activation --renderer-client-id=5 --launch-time-ticks=46589074747 --mojo-platform-channel-handle=2476 --field-trial-handle=1724,i,17150873831888103889,12265619157691592028,131072 --disable-features=BackForwardCache,CalculateNativeWinOcclusion,WinUseBrowserSpellChecker /prefetch:1\r\nCurrentDirectory: C:\\Windows\\system32\\\r\nUser: UNICORN\\ASUS\r\nLogonGuid: {bc083af7-ab66-68f9-1689-2f0000000000}\r\nLogonId: 0x2F8916\r\nTerminalSessionId: 2\r\nIntegrityLevel: Low\r\nHashes: SHA256=DC5828DC1B6DD82AF742D308DC5E2EC24FB18678D355783605D6B96D9612B4ED\r\nParentProcessGuid: {bc083af7-bfe0-68f9-1d08-000000001400}\r\nParentProcessId: 27372\r\nParentImage: C:\\Program Files\\Adobe\\Acrobat DC\\Acrobat\\acrocef_1\\AcroCEF.exe\r\nParentCommandLine: \"C:\\Program Files\\Adobe\\Acrobat DC\\Acrobat\\acrocef_1\\AcroCEF.exe\" --slMode\r\nParentUser: UNICORN\\ASUS",
        "Properties":  [
                           "-",
                           "2025-10-23 05:40:49.087",
                           "bc083af7-bfe1-68f9-2408-000000001400",
                           27436,
                           "C:\\Program Files\\Adobe\\Acrobat DC\\Acrobat\\acrocef_1\\AcroCEF.exe",
                           "25.1.20756.0",
                           "Adobe AcroCEF",
                           "Adobe AcroCEF",
                           "Adobe Systems Incorporated",
                           "AcroCEF.exe",
                           "\"C:\\Program Files\\Adobe\\Acrobat DC\\Acrobat\\acrocef_1\\AcroCEF.exe\" --type=renderer --log-severity=disable --user-agent-product=\"ReaderServices/25.1.20756 Chrome/105.0.0.0\" --user-data-dir=\"C:\\Users\\ASUS\\AppData\\Local\\Adobe\\AcroCef\\DC\\Acrobat\\UserData\" --first-renderer-process --log-file=\"C:\\Program Files\\Adobe\\Acrobat DC\\Acrobat\\acrocef_1\\debug.log\" --touch-events=enabled --lang=en-US --device-scale-factor=1.25 --num-raster-threads=4 --enable-main-frame-before-activation --renderer-client-id=5 --launch-time-ticks=46589074747 --mojo-platform-channel-handle=2476 --field-trial-handle=1724,i,17150873831888103889,12265619157691592028,131072 --disable-features=BackForwardCache,CalculateNativeWinOcclusion,WinUseBrowserSpellChecker /prefetch:1",
                           "C:\\Windows\\system32\\",
                           "UNICORN\\ASUS",
                           "bc083af7-ab66-68f9-1689-2f0000000000",
                           3115286,
                           2,
                           "Low",
                           "SHA256=DC5828DC1B6DD82AF742D308DC5E2EC24FB18678D355783605D6B96D9612B4ED",
                           "bc083af7-bfe0-68f9-1d08-000000001400",
                           27372,
                           "C:\\Program Files\\Adobe\\Acrobat DC\\Acrobat\\acrocef_1\\AcroCEF.exe",
                           "\"C:\\Program Files\\Adobe\\Acrobat DC\\Acrobat\\acrocef_1\\AcroCEF.exe\" --slMode",
                           "UNICORN\\ASUS"
                       ],
        "RecordId":  24653
    },
    {
        "TimeCreated":  "\/Date(1761198049049)\/",
        "Id":  5,
        "Level":  "Information",
        "Message":  "Process terminated:\r\nRuleName: -\r\nUtcTime: 2025-10-23 05:40:49.048\r\nProcessGuid: {bc083af7-bfe0-68f9-1a08-000000001400}\r\nProcessId: 11348\r\nImage: C:\\Program Files (x86)\\Common Files\\Adobe\\ARM\\1.0\\AdobeARM.exe\r\nUser: UNICORN\\ASUS",
        "Properties":  [
                           "-",
                           "2025-10-23 05:40:49.048",
                           "bc083af7-bfe0-68f9-1a08-000000001400",
                           11348,
                           "C:\\Program Files (x86)\\Common Files\\Adobe\\ARM\\1.0\\AdobeARM.exe",
                           "UNICORN\\ASUS"
                       ],
        "RecordId":  24652
    },
    {
        "TimeCreated":  "\/Date(1761198049024)\/",
        "Id":  1,
        "Level":  "Information",
        "Message":  "Process Create:\r\nRuleName: -\r\nUtcTime: 2025-10-23 05:40:49.010\r\nProcessGuid: {bc083af7-bfe1-68f9-2308-000000001400}\r\nProcessId: 11580\r\nImage: C:\\Program Files\\Adobe\\Acrobat DC\\Acrobat\\acrocef_1\\AcroCEF.exe\r\nFileVersion: 25.1.20756.0\r\nDescription: Adobe AcroCEF\r\nProduct: Adobe AcroCEF\r\nCompany: Adobe Systems Incorporated\r\nOriginalFileName: AcroCEF.exe\r\nCommandLine: \"C:\\Program Files\\Adobe\\Acrobat DC\\Acrobat\\acrocef_1\\AcroCEF.exe\" --type=utility --utility-sub-type=network.mojom.NetworkService --lang=en-US --service-sandbox-type=none --log-severity=disable --user-agent-product=\"ReaderServices/25.1.20756 Chrome/105.0.0.0\" --lang=en-US --user-data-dir=\"C:\\Users\\ASUS\\AppData\\Local\\Adobe\\AcroCef\\DC\\Acrobat\\UserData\" --log-file=\"C:\\Program Files\\Adobe\\Acrobat DC\\Acrobat\\acrocef_1\\debug.log\" --mojo-platform-channel-handle=2232 --field-trial-handle=1724,i,17150873831888103889,12265619157691592028,131072 --disable-features=BackForwardCache,CalculateNativeWinOcclusion,WinUseBrowserSpellChecker /prefetch:8\r\nCurrentDirectory: C:\\Windows\\system32\\\r\nUser: UNICORN\\ASUS\r\nLogonGuid: {bc083af7-ab66-68f9-1689-2f0000000000}\r\nLogonId: 0x2F8916\r\nTerminalSessionId: 2\r\nIntegrityLevel: Medium\r\nHashes: SHA256=DC5828DC1B6DD82AF742D308DC5E2EC24FB18678D355783605D6B96D9612B4ED\r\nParentProcessGuid: {bc083af7-bfe0-68f9-1d08-000000001400}\r\nParentProcessId: 27372\r\nParentImage: C:\\Program Files\\Adobe\\Acrobat DC\\Acrobat\\acrocef_1\\AcroCEF.exe\r\nParentCommandLine: \"C:\\Program Files\\Adobe\\Acrobat DC\\Acrobat\\acrocef_1\\AcroCEF.exe\" --slMode\r\nParentUser: UNICORN\\ASUS",
        "Properties":  [
                           "-",
                           "2025-10-23 05:40:49.010",
                           "bc083af7-bfe1-68f9-2308-000000001400",
                           11580,
                           "C:\\Program Files\\Adobe\\Acrobat DC\\Acrobat\\acrocef_1\\AcroCEF.exe",
                           "25.1.20756.0",
                           "Adobe AcroCEF",
                           "Adobe AcroCEF",
                           "Adobe Systems Incorporated",
                           "AcroCEF.exe",
                           "\"C:\\Program Files\\Adobe\\Acrobat DC\\Acrobat\\acrocef_1\\AcroCEF.exe\" --type=utility --utility-sub-type=network.mojom.NetworkService --lang=en-US --service-sandbox-type=none --log-severity=disable --user-agent-product=\"ReaderServices/25.1.20756 Chrome/105.0.0.0\" --lang=en-US --user-data-dir=\"C:\\Users\\ASUS\\AppData\\Local\\Adobe\\AcroCef\\DC\\Acrobat\\UserData\" --log-file=\"C:\\Program Files\\Adobe\\Acrobat DC\\Acrobat\\acrocef_1\\debug.log\" --mojo-platform-channel-handle=2232 --field-trial-handle=1724,i,17150873831888103889,12265619157691592028,131072 --disable-features=BackForwardCache,CalculateNativeWinOcclusion,WinUseBrowserSpellChecker /prefetch:8",
                           "C:\\Windows\\system32\\",
                           "UNICORN\\ASUS",
                           "bc083af7-ab66-68f9-1689-2f0000000000",
                           3115286,
                           2,
                           "Medium",
                           "SHA256=DC5828DC1B6DD82AF742D308DC5E2EC24FB18678D355783605D6B96D9612B4ED",
                           "bc083af7-bfe0-68f9-1d08-000000001400",
                           27372,
                           "C:\\Program Files\\Adobe\\Acrobat DC\\Acrobat\\acrocef_1\\AcroCEF.exe",
                           "\"C:\\Program Files\\Adobe\\Acrobat DC\\Acrobat\\acrocef_1\\AcroCEF.exe\" --slMode",
                           "UNICORN\\ASUS"
                       ],
        "RecordId":  24651
    },
    {
        "TimeCreated":  "\/Date(1761198049008)\/",
        "Id":  1,
        "Level":  "Information",
        "Message":  "Process Create:\r\nRuleName: -\r\nUtcTime: 2025-10-23 05:40:48.999\r\nProcessGuid: {bc083af7-bfe0-68f9-2208-000000001400}\r\nProcessId: 27344\r\nImage: C:\\Program Files\\Adobe\\Acrobat DC\\Acrobat\\acrocef_1\\AcroCEF.exe\r\nFileVersion: 25.1.20756.0\r\nDescription: Adobe AcroCEF\r\nProduct: Adobe AcroCEF\r\nCompany: Adobe Systems Incorporated\r\nOriginalFileName: AcroCEF.exe\r\nCommandLine: \"C:\\Program Files\\Adobe\\Acrobat DC\\Acrobat\\acrocef_1\\AcroCEF.exe\" --type=utility --utility-sub-type=storage.mojom.StorageService --lang=en-US --service-sandbox-type=utility --log-severity=disable --user-agent-product=\"ReaderServices/25.1.20756 Chrome/105.0.0.0\" --lang=en-US --user-data-dir=\"C:\\Users\\ASUS\\AppData\\Local\\Adobe\\AcroCef\\DC\\Acrobat\\UserData\" --log-file=\"C:\\Program Files\\Adobe\\Acrobat DC\\Acrobat\\acrocef_1\\debug.log\" --mojo-platform-channel-handle=2184 --field-trial-handle=1724,i,17150873831888103889,12265619157691592028,131072 --disable-features=BackForwardCache,CalculateNativeWinOcclusion,WinUseBrowserSpellChecker /prefetch:8\r\nCurrentDirectory: C:\\Windows\\system32\\\r\nUser: UNICORN\\ASUS\r\nLogonGuid: {bc083af7-ab66-68f9-1689-2f0000000000}\r\nLogonId: 0x2F8916\r\nTerminalSessionId: 2\r\nIntegrityLevel: Low\r\nHashes: SHA256=DC5828DC1B6DD82AF742D308DC5E2EC24FB18678D355783605D6B96D9612B4ED\r\nParentProcessGuid: {bc083af7-bfe0-68f9-1d08-000000001400}\r\nParentProcessId: 27372\r\nParentImage: C:\\Program Files\\Adobe\\Acrobat DC\\Acrobat\\acrocef_1\\AcroCEF.exe\r\nParentCommandLine: \"C:\\Program Files\\Adobe\\Acrobat DC\\Acrobat\\acrocef_1\\AcroCEF.exe\" --slMode\r\nParentUser: UNICORN\\ASUS",
        "Properties":  [
                           "-",
                           "2025-10-23 05:40:48.999",
                           "bc083af7-bfe0-68f9-2208-000000001400",
                           27344,
                           "C:\\Program Files\\Adobe\\Acrobat DC\\Acrobat\\acrocef_1\\AcroCEF.exe",
                           "25.1.20756.0",
                           "Adobe AcroCEF",
                           "Adobe AcroCEF",
                           "Adobe Systems Incorporated",
                           "AcroCEF.exe",
                           "\"C:\\Program Files\\Adobe\\Acrobat DC\\Acrobat\\acrocef_1\\AcroCEF.exe\" --type=utility --utility-sub-type=storage.mojom.StorageService --lang=en-US --service-sandbox-type=utility --log-severity=disable --user-agent-product=\"ReaderServices/25.1.20756 Chrome/105.0.0.0\" --lang=en-US --user-data-dir=\"C:\\Users\\ASUS\\AppData\\Local\\Adobe\\AcroCef\\DC\\Acrobat\\UserData\" --log-file=\"C:\\Program Files\\Adobe\\Acrobat DC\\Acrobat\\acrocef_1\\debug.log\" --mojo-platform-channel-handle=2184 --field-trial-handle=1724,i,17150873831888103889,12265619157691592028,131072 --disable-features=BackForwardCache,CalculateNativeWinOcclusion,WinUseBrowserSpellChecker /prefetch:8",
                           "C:\\Windows\\system32\\",
                           "UNICORN\\ASUS",
                           "bc083af7-ab66-68f9-1689-2f0000000000",
                           3115286,
                           2,
                           "Low",
                           "SHA256=DC5828DC1B6DD82AF742D308DC5E2EC24FB18678D355783605D6B96D9612B4ED",
                           "bc083af7-bfe0-68f9-1d08-000000001400",
                           27372,
                           "C:\\Program Files\\Adobe\\Acrobat DC\\Acrobat\\acrocef_1\\AcroCEF.exe",
                           "\"C:\\Program Files\\Adobe\\Acrobat DC\\Acrobat\\acrocef_1\\AcroCEF.exe\" --slMode",
                           "UNICORN\\ASUS"
                       ],
        "RecordId":  24650
    },
    {
        "TimeCreated":  "\/Date(1761198048922)\/",
        "Id":  5,
        "Level":  "Information",
        "Message":  "Process terminated:\r\nRuleName: -\r\nUtcTime: 2025-10-23 05:40:48.921\r\nProcessGuid: {bc083af7-bfe0-68f9-1c08-000000001400}\r\nProcessId: 16708\r\nImage: C:\\Program Files\\Adobe\\Acrobat DC\\Acrobat\\Acrobat.exe\r\nUser: UNICORN\\ASUS",
        "Properties":  [
                           "-",
                           "2025-10-23 05:40:48.921",
                           "bc083af7-bfe0-68f9-1c08-000000001400",
                           16708,
                           "C:\\Program Files\\Adobe\\Acrobat DC\\Acrobat\\Acrobat.exe",
                           "UNICORN\\ASUS"
                       ],
        "RecordId":  24649
    },
    {
        "TimeCreated":  "\/Date(1761198048897)\/",
        "Id":  1,
        "Level":  "Information",
        "Message":  "Process Create:\r\nRuleName: -\r\nUtcTime: 2025-10-23 05:40:48.885\r\nProcessGuid: {bc083af7-bfe0-68f9-2108-000000001400}\r\nProcessId: 17544\r\nImage: C:\\Program Files\\Adobe\\Acrobat DC\\Acrobat\\acrocef_1\\AcroCEF.exe\r\nFileVersion: 25.1.20756.0\r\nDescription: Adobe AcroCEF\r\nProduct: Adobe AcroCEF\r\nCompany: Adobe Systems Incorporated\r\nOriginalFileName: AcroCEF.exe\r\nCommandLine: \"C:\\Program Files\\Adobe\\Acrobat DC\\Acrobat\\acrocef_1\\AcroCEF.exe\" --type=gpu-process --log-severity=disable --user-agent-product=\"ReaderServices/25.1.20756 Chrome/105.0.0.0\" --lang=en-US --user-data-dir=\"C:\\Users\\ASUS\\AppData\\Local\\Adobe\\AcroCef\\DC\\Acrobat\\UserData\" --gpu-preferences=UAAAAAAAAADgACAYAAAAAAAAAAAAAAAAAABgAAAAAAAwAAAAAAAAAAAAAAAAAAAAAAAAAAAAAAAAAAAAAAAAAEgAAAAAAAAASAAAAAAAAAAYAAAAAgAAABAAAAAAAAAAGAAAAAAAAAAQAAAAAAAAAAAAAAAOAAAAEAAAAAAAAAABAAAADgAAAAgAAAAAAAAACAAAAAAAAAA= --log-file=\"C:\\Program Files\\Adobe\\Acrobat DC\\Acrobat\\acrocef_1\\debug.log\" --mojo-platform-channel-handle=1708 --field-trial-handle=1724,i,17150873831888103889,12265619157691592028,131072 --disable-features=BackForwardCache,CalculateNativeWinOcclusion,WinUseBrowserSpellChecker /prefetch:2\r\nCurrentDirectory: C:\\Windows\\system32\\\r\nUser: UNICORN\\ASUS\r\nLogonGuid: {bc083af7-ab66-68f9-1689-2f0000000000}\r\nLogonId: 0x2F8916\r\nTerminalSessionId: 2\r\nIntegrityLevel: Low\r\nHashes: SHA256=DC5828DC1B6DD82AF742D308DC5E2EC24FB18678D355783605D6B96D9612B4ED\r\nParentProcessGuid: {bc083af7-bfe0-68f9-1d08-000000001400}\r\nParentProcessId: 27372\r\nParentImage: C:\\Program Files\\Adobe\\Acrobat DC\\Acrobat\\acrocef_1\\AcroCEF.exe\r\nParentCommandLine: \"C:\\Program Files\\Adobe\\Acrobat DC\\Acrobat\\acrocef_1\\AcroCEF.exe\" --slMode\r\nParentUser: UNICORN\\ASUS",
        "Properties":  [
                           "-",
                           "2025-10-23 05:40:48.885",
                           "bc083af7-bfe0-68f9-2108-000000001400",
                           17544,
                           "C:\\Program Files\\Adobe\\Acrobat DC\\Acrobat\\acrocef_1\\AcroCEF.exe",
                           "25.1.20756.0",
                           "Adobe AcroCEF",
                           "Adobe AcroCEF",
                           "Adobe Systems Incorporated",
                           "AcroCEF.exe",
                           "\"C:\\Program Files\\Adobe\\Acrobat DC\\Acrobat\\acrocef_1\\AcroCEF.exe\" --type=gpu-process --log-severity=disable --user-agent-product=\"ReaderServices/25.1.20756 Chrome/105.0.0.0\" --lang=en-US --user-data-dir=\"C:\\Users\\ASUS\\AppData\\Local\\Adobe\\AcroCef\\DC\\Acrobat\\UserData\" --gpu-preferences=UAAAAAAAAADgACAYAAAAAAAAAAAAAAAAAABgAAAAAAAwAAAAAAAAAAAAAAAAAAAAAAAAAAAAAAAAAAAAAAAAAEgAAAAAAAAASAAAAAAAAAAYAAAAAgAAABAAAAAAAAAAGAAAAAAAAAAQAAAAAAAAAAAAAAAOAAAAEAAAAAAAAAABAAAADgAAAAgAAAAAAAAACAAAAAAAAAA= --log-file=\"C:\\Program Files\\Adobe\\Acrobat DC\\Acrobat\\acrocef_1\\debug.log\" --mojo-platform-channel-handle=1708 --field-trial-handle=1724,i,17150873831888103889,12265619157691592028,131072 --disable-features=BackForwardCache,CalculateNativeWinOcclusion,WinUseBrowserSpellChecker /prefetch:2",
                           "C:\\Windows\\system32\\",
                           "UNICORN\\ASUS",
                           "bc083af7-ab66-68f9-1689-2f0000000000",
                           3115286,
                           2,
                           "Low",
                           "SHA256=DC5828DC1B6DD82AF742D308DC5E2EC24FB18678D355783605D6B96D9612B4ED",
                           "bc083af7-bfe0-68f9-1d08-000000001400",
                           27372,
                           "C:\\Program Files\\Adobe\\Acrobat DC\\Acrobat\\acrocef_1\\AcroCEF.exe",
                           "\"C:\\Program Files\\Adobe\\Acrobat DC\\Acrobat\\acrocef_1\\AcroCEF.exe\" --slMode",
                           "UNICORN\\ASUS"
                       ],
        "RecordId":  24648
    },
    {
        "TimeCreated":  "\/Date(1761198048862)\/",
        "Id":  5,
        "Level":  "Information",
        "Message":  "Process terminated:\r\nRuleName: -\r\nUtcTime: 2025-10-23 05:40:48.861\r\nProcessGuid: {bc083af7-bfe0-68f9-1e08-000000001400}\r\nProcessId: 11940\r\nImage: C:\\Program Files\\Adobe\\Acrobat DC\\Acrobat\\Acrobat.exe\r\nUser: UNICORN\\ASUS",
        "Properties":  [
                           "-",
                           "2025-10-23 05:40:48.861",
                           "bc083af7-bfe0-68f9-1e08-000000001400",
                           11940,
                           "C:\\Program Files\\Adobe\\Acrobat DC\\Acrobat\\Acrobat.exe",
                           "UNICORN\\ASUS"
                       ],
        "RecordId":  24647
    },
