    {
        "TimeCreated":  "\/Date(1761198485062)\/",
        "Id":  1,
        "Level":  "Information",
        "Message":  "Process Create:\r\nRuleName: -\r\nUtcTime: 2025-10-23 05:48:05.059\r\nProcessGuid: {bc083af7-c195-68f9-6908-000000001400}\r\nProcessId: 11348\r\nImage: C:\\Program Files\\McAfee\\WebAdvisor\\updater.exe\r\nFileVersion: 4,1,1,1073\r\nDescription: McAfee WebAdvisor(updater)\r\nProduct: McAfee WebAdvisor\r\nCompany: McAfee, LLC\r\nOriginalFileName: Updater.exe\r\nCommandLine: \"C:\\Program Files\\McAfee\\WebAdvisor\\updater.exe\" \r\nCurrentDirectory: C:\\Windows\\system32\\\r\nUser: NT AUTHORITY\\SYSTEM\r\nLogonGuid: {bc083af7-09f3-68f9-e703-000000000000}\r\nLogonId: 0x3E7\r\nTerminalSessionId: 0\r\nIntegrityLevel: System\r\nHashes: SHA256=CF216725563F0812A1FDB4A75080FDED8E65996DA5E13C18F14D7073582BE382\r\nParentProcessGuid: {bc083af7-09f4-68f9-6700-000000001400}\r\nParentProcessId: 5132\r\nParentImage: C:\\Program Files\\McAfee\\WebAdvisor\\servicehost.exe\r\nParentCommandLine: \"C:\\Program Files\\McAfee\\WebAdvisor\\ServiceHost.exe\"\r\nParentUser: NT AUTHORITY\\SYSTEM",
        "Properties":  [
                           "-",
                           "2025-10-23 05:48:05.059",
                           "bc083af7-c195-68f9-6908-000000001400",
                           11348,
                           "C:\\Program Files\\McAfee\\WebAdvisor\\updater.exe",
                           "4,1,1,1073",
                           "McAfee WebAdvisor(updater)",
                           "McAfee WebAdvisor",
                           "McAfee, LLC",
                           "Updater.exe",
                           "\"C:\\Program Files\\McAfee\\WebAdvisor\\updater.exe\" ",
                           "C:\\Windows\\system32\\",
                           "NT AUTHORITY\\SYSTEM",
                           "bc083af7-09f3-68f9-e703-000000000000",
                           999,
                           0,
                           "System",
                           "SHA256=CF216725563F0812A1FDB4A75080FDED8E65996DA5E13C18F14D7073582BE382",
                           "bc083af7-09f4-68f9-6700-000000001400",
                           5132,
                           "C:\\Program Files\\McAfee\\WebAdvisor\\servicehost.exe",
                           "\"C:\\Program Files\\McAfee\\WebAdvisor\\ServiceHost.exe\"",
                           "NT AUTHORITY\\SYSTEM"
                       ],
        "RecordId":  24794
    },
    {
        "TimeCreated":  "\/Date(1761198398163)\/",
        "Id":  1,
        "Level":  "Information",
        "Message":  "Process Create:\r\nRuleName: -\r\nUtcTime: 2025-10-23 05:46:38.155\r\nProcessGuid: {bc083af7-c13e-68f9-6808-000000001400}\r\nProcessId: 12144\r\nImage: C:\\Program Files\\Python314\\python.exe\r\nFileVersion: 3.14.0\r\nDescription: Python\r\nProduct: Python\r\nCompany: Python Software Foundation\r\nOriginalFileName: python.exe\r\nCommandLine: \"D:\\ThreatSphere\\backend\\venv\\Scripts\\python.exe\" server.py\r\nCurrentDirectory: D:\\ThreatSphere\\backend\\\r\nUser: UNICORN\\ASUS\r\nLogonGuid: {bc083af7-ab66-68f9-1689-2f0000000000}\r\nLogonId: 0x2F8916\r\nTerminalSessionId: 2\r\nIntegrityLevel: Medium\r\nHashes: SHA256=467014615A5255ACA450AE88100DD2CAF887DA87657F00E3C2171EC44A685AEC\r\nParentProcessGuid: {bc083af7-c13e-68f9-6708-000000001400}\r\nParentProcessId: 21592\r\nParentImage: D:\\ThreatSphere\\backend\\venv\\Scripts\\python.exe\r\nParentCommandLine: \"D:\\ThreatSphere\\backend\\venv\\Scripts\\python.exe\" server.py\r\nParentUser: UNICORN\\ASUS",
        "Properties":  [
                           "-",
                           "2025-10-23 05:46:38.155",
                           "bc083af7-c13e-68f9-6808-000000001400",
                           12144,
                           "C:\\Program Files\\Python314\\python.exe",
                           "3.14.0",
                           "Python",
                           "Python",
                           "Python Software Foundation",
                           "python.exe",
                           "\"D:\\ThreatSphere\\backend\\venv\\Scripts\\python.exe\" server.py",
                           "D:\\ThreatSphere\\backend\\",
                           "UNICORN\\ASUS",
                           "bc083af7-ab66-68f9-1689-2f0000000000",
                           3115286,
                           2,
                           "Medium",
                           "SHA256=467014615A5255ACA450AE88100DD2CAF887DA87657F00E3C2171EC44A685AEC",
                           "bc083af7-c13e-68f9-6708-000000001400",
                           21592,
                           "D:\\ThreatSphere\\backend\\venv\\Scripts\\python.exe",
                           "\"D:\\ThreatSphere\\backend\\venv\\Scripts\\python.exe\" server.py",
                           "UNICORN\\ASUS"
                       ],
        "RecordId":  24793
    },
    {
        "TimeCreated":  "\/Date(1761198398151)\/",
        "Id":  1,
        "Level":  "Information",
        "Message":  "Process Create:\r\nRuleName: -\r\nUtcTime: 2025-10-23 05:46:38.125\r\nProcessGuid: {bc083af7-c13e-68f9-6708-000000001400}\r\nProcessId: 21592\r\nImage: D:\\ThreatSphere\\backend\\venv\\Scripts\\python.exe\r\nFileVersion: 3.14.0\r\nDescription: Python\r\nProduct: Python\r\nCompany: Python Software Foundation\r\nOriginalFileName: py.exe\r\nCommandLine: \"D:\\ThreatSphere\\backend\\venv\\Scripts\\python.exe\" server.py\r\nCurrentDirectory: D:\\ThreatSphere\\backend\\\r\nUser: UNICORN\\ASUS\r\nLogonGuid: {bc083af7-ab66-68f9-1689-2f0000000000}\r\nLogonId: 0x2F8916\r\nTerminalSessionId: 2\r\nIntegrityLevel: Medium\r\nHashes: SHA256=7BCDF892816A8D651E89F008CFC2F1544A41F13089AF70A227B9FC54CED8551F\r\nParentProcessGuid: {bc083af7-abd8-68f9-7e03-000000001400}\r\nParentProcessId: 19692\r\nParentImage: C:\\Windows\\System32\\WindowsPowerShell\\v1.0\\powershell.exe\r\nParentCommandLine: C:\\Windows\\System32\\WindowsPowerShell\\v1.0\\powershell.exe -noexit -command \"try { . \\\"c:\\Users\\ASUS\\AppData\\Local\\Programs\\Microsoft VS Code\\resources\\app\\out\\vs\\workbench\\contrib\\terminal\\common\\scripts\\shellIntegration.ps1\\\" } catch {}\"\r\nParentUser: UNICORN\\ASUS",
        "Properties":  [
                           "-",
                           "2025-10-23 05:46:38.125",
                           "bc083af7-c13e-68f9-6708-000000001400",
                           21592,
                           "D:\\ThreatSphere\\backend\\venv\\Scripts\\python.exe",
                           "3.14.0",
                           "Python",
                           "Python",
                           "Python Software Foundation",
                           "py.exe",
                           "\"D:\\ThreatSphere\\backend\\venv\\Scripts\\python.exe\" server.py",
                           "D:\\ThreatSphere\\backend\\",
                           "UNICORN\\ASUS",
                           "bc083af7-ab66-68f9-1689-2f0000000000",
                           3115286,
                           2,
                           "Medium",
                           "SHA256=7BCDF892816A8D651E89F008CFC2F1544A41F13089AF70A227B9FC54CED8551F",
                           "bc083af7-abd8-68f9-7e03-000000001400",
                           19692,
                           "C:\\Windows\\System32\\WindowsPowerShell\\v1.0\\powershell.exe",
                           "C:\\Windows\\System32\\WindowsPowerShell\\v1.0\\powershell.exe -noexit -command \"try { . \\\"c:\\Users\\ASUS\\AppData\\Local\\Programs\\Microsoft VS Code\\resources\\app\\out\\vs\\workbench\\contrib\\terminal\\common\\scripts\\shellIntegration.ps1\\\" } catch {}\"",
                           "UNICORN\\ASUS"
                       ],
        "RecordId":  24792
    },
    {
        "TimeCreated":  "\/Date(1761198387701)\/",
        "Id":  5,
        "Level":  "Information",
        "Message":  "Process terminated:\r\nRuleName: -\r\nUtcTime: 2025-10-23 05:46:27.701\r\nProcessGuid: {bc083af7-bf23-68f9-0808-000000001400}\r\nProcessId: 26184\r\nImage: D:\\ThreatSphere\\backend\\venv\\Scripts\\python.exe\r\nUser: UNICORN\\ASUS",
        "Properties":  [
                           "-",
                           "2025-10-23 05:46:27.701",
                           "bc083af7-bf23-68f9-0808-000000001400",
                           26184,
                           "D:\\ThreatSphere\\backend\\venv\\Scripts\\python.exe",
                           "UNICORN\\ASUS"
                       ],
        "RecordId":  24791
    },
    {
        "TimeCreated":  "\/Date(1761198387696)\/",
        "Id":  5,
        "Level":  "Information",
        "Message":  "Process terminated:\r\nRuleName: -\r\nUtcTime: 2025-10-23 05:46:27.696\r\nProcessGuid: {bc083af7-bf23-68f9-0908-000000001400}\r\nProcessId: 26332\r\nImage: C:\\Program Files\\Python314\\python.exe\r\nUser: UNICORN\\ASUS",
        "Properties":  [
                           "-",
                           "2025-10-23 05:46:27.696",
                           "bc083af7-bf23-68f9-0908-000000001400",
                           26332,
                           "C:\\Program Files\\Python314\\python.exe",
                           "UNICORN\\ASUS"
                       ],
        "RecordId":  24790
    },
    {
        "TimeCreated":  "\/Date(1761198386524)\/",
        "Id":  1,
        "Level":  "Information",
        "Message":  "Process Create:\r\nRuleName: -\r\nUtcTime: 2025-10-23 05:46:26.515\r\nProcessGuid: {bc083af7-c132-68f9-6608-000000001400}\r\nProcessId: 20980\r\nImage: C:\\Windows\\System32\\SearchProtocolHost.exe\r\nFileVersion: 7.0.26100.6899 (WinBuild.160101.0800)\r\nDescription: Microsoft Windows Search Protocol Host\r\nProduct: Windows® Search\r\nCompany: Microsoft Corporation\r\nOriginalFileName: SearchProtocolHost.exe\r\nCommandLine: \"C:\\Windows\\System32\\SearchProtocolHost.exe\" Global\\UsGthrFltPipeMssGthrPipe8_ Global\\UsGthrCtrlFltPipeMssGthrPipe8 1 -2147483646 \"Software\\Microsoft\\Windows Search\" \"Mozilla/4.0 (compatible; MSIE 6.0; Windows NT; MS Search 4.0 Robot)\" \"C:\\ProgramData\\Microsoft\\Search\\Data\\Temp\\usgthrsvc\" \"DownLevelDaemon\" \r\nCurrentDirectory: C:\\Windows\\system32\\\r\nUser: NT AUTHORITY\\SYSTEM\r\nLogonGuid: {bc083af7-09f3-68f9-e703-000000000000}\r\nLogonId: 0x3E7\r\nTerminalSessionId: 0\r\nIntegrityLevel: System\r\nHashes: SHA256=480747B09D9632272D1DD61182BC716FC58F2B3CEAB764BA26678DCDBBF96B11\r\nParentProcessGuid: {bc083af7-0a09-68f9-2f01-000000001400}\r\nParentProcessId: 13668\r\nParentImage: C:\\Windows\\System32\\SearchIndexer.exe\r\nParentCommandLine: C:\\Windows\\system32\\SearchIndexer.exe /Embedding\r\nParentUser: NT AUTHORITY\\SYSTEM",
        "Properties":  [
                           "-",
                           "2025-10-23 05:46:26.515",
                           "bc083af7-c132-68f9-6608-000000001400",
                           20980,
                           "C:\\Windows\\System32\\SearchProtocolHost.exe",
                           "7.0.26100.6899 (WinBuild.160101.0800)",
                           "Microsoft Windows Search Protocol Host",
                           "Windows® Search",
                           "Microsoft Corporation",
                           "SearchProtocolHost.exe",
                           "\"C:\\Windows\\System32\\SearchProtocolHost.exe\" Global\\UsGthrFltPipeMssGthrPipe8_ Global\\UsGthrCtrlFltPipeMssGthrPipe8 1 -2147483646 \"Software\\Microsoft\\Windows Search\" \"Mozilla/4.0 (compatible; MSIE 6.0; Windows NT; MS Search 4.0 Robot)\" \"C:\\ProgramData\\Microsoft\\Search\\Data\\Temp\\usgthrsvc\" \"DownLevelDaemon\" ",
                           "C:\\Windows\\system32\\",
                           "NT AUTHORITY\\SYSTEM",
                           "bc083af7-09f3-68f9-e703-000000000000",
                           999,
                           0,
                           "System",
                           "SHA256=480747B09D9632272D1DD61182BC716FC58F2B3CEAB764BA26678DCDBBF96B11",
                           "bc083af7-0a09-68f9-2f01-000000001400",
                           13668,
                           "C:\\Windows\\System32\\SearchIndexer.exe",
                           "C:\\Windows\\system32\\SearchIndexer.exe /Embedding",
                           "NT AUTHORITY\\SYSTEM"
                       ],
        "RecordId":  24789
    },
    {
        "TimeCreated":  "\/Date(1761198380660)\/",
        "Id":  5,
        "Level":  "Information",
        "Message":  "Process terminated:\r\nRuleName: -\r\nUtcTime: 2025-10-23 05:46:20.660\r\nProcessGuid: {bc083af7-c12c-68f9-6308-000000001400}\r\nProcessId: 15008\r\nImage: C:\\Windows\\System32\\conhost.exe\r\nUser: UNICORN\\ASUS",
        "Properties":  [
                           "-",
                           "2025-10-23 05:46:20.660",
                           "bc083af7-c12c-68f9-6308-000000001400",
                           15008,
                           "C:\\Windows\\System32\\conhost.exe",
                           "UNICORN\\ASUS"
                       ],
        "RecordId":  24788
    },
    {
        "TimeCreated":  "\/Date(1761198380659)\/",
        "Id":  5,
        "Level":  "Information",
        "Message":  "Process terminated:\r\nRuleName: -\r\nUtcTime: 2025-10-23 05:46:20.658\r\nProcessGuid: {bc083af7-c12c-68f9-6108-000000001400}\r\nProcessId: 13364\r\nImage: C:\\Program Files\\Git\\cmd\\git.exe\r\nUser: UNICORN\\ASUS",
        "Properties":  [
                           "-",
                           "2025-10-23 05:46:20.658",
                           "bc083af7-c12c-68f9-6108-000000001400",
                           13364,
                           "C:\\Program Files\\Git\\cmd\\git.exe",
                           "UNICORN\\ASUS"
                       ],
        "RecordId":  24787
    },
    {
        "TimeCreated":  "\/Date(1761198380657)\/",
        "Id":  5,
        "Level":  "Information",
        "Message":  "Process terminated:\r\nRuleName: -\r\nUtcTime: 2025-10-23 05:46:20.656\r\nProcessGuid: {bc083af7-c12c-68f9-6508-000000001400}\r\nProcessId: 26672\r\nImage: C:\\Program Files\\Git\\mingw64\\bin\\git.exe\r\nUser: UNICORN\\ASUS",
        "Properties":  [
                           "-",
                           "2025-10-23 05:46:20.656",
                           "bc083af7-c12c-68f9-6508-000000001400",
                           26672,
                           "C:\\Program Files\\Git\\mingw64\\bin\\git.exe",
                           "UNICORN\\ASUS"
                       ],
        "RecordId":  24786
    },
    {
        "TimeCreated":  "\/Date(1761198380653)\/",
        "Id":  5,
        "Level":  "Information",
        "Message":  "Process terminated:\r\nRuleName: -\r\nUtcTime: 2025-10-23 05:46:20.652\r\nProcessGuid: {bc083af7-c12c-68f9-6208-000000001400}\r\nProcessId: 19060\r\nImage: C:\\Windows\\System32\\conhost.exe\r\nUser: UNICORN\\ASUS",
        "Properties":  [
                           "-",
                           "2025-10-23 05:46:20.652",
                           "bc083af7-c12c-68f9-6208-000000001400",
                           19060,
                           "C:\\Windows\\System32\\conhost.exe",
                           "UNICORN\\ASUS"
                       ],
        "RecordId":  24785
    },
    {
        "TimeCreated":  "\/Date(1761198380652)\/",
        "Id":  5,
        "Level":  "Information",
        "Message":  "Process terminated:\r\nRuleName: -\r\nUtcTime: 2025-10-23 05:46:20.651\r\nProcessGuid: {bc083af7-c12c-68f9-6008-000000001400}\r\nProcessId: 5684\r\nImage: C:\\Program Files\\Git\\cmd\\git.exe\r\nUser: UNICORN\\ASUS",
        "Properties":  [
                           "-",
                           "2025-10-23 05:46:20.651",
                           "bc083af7-c12c-68f9-6008-000000001400",
                           5684,
                           "C:\\Program Files\\Git\\cmd\\git.exe",
                           "UNICORN\\ASUS"
                       ],
        "RecordId":  24784
    },
    {
        "TimeCreated":  "\/Date(1761198380649)\/",
        "Id":  5,
        "Level":  "Information",
        "Message":  "Process terminated:\r\nRuleName: -\r\nUtcTime: 2025-10-23 05:46:20.649\r\nProcessGuid: {bc083af7-c12c-68f9-6408-000000001400}\r\nProcessId: 18880\r\nImage: C:\\Program Files\\Git\\mingw64\\bin\\git.exe\r\nUser: UNICORN\\ASUS",
        "Properties":  [
                           "-",
                           "2025-10-23 05:46:20.649",
                           "bc083af7-c12c-68f9-6408-000000001400",
                           18880,
                           "C:\\Program Files\\Git\\mingw64\\bin\\git.exe",
                           "UNICORN\\ASUS"
                       ],
        "RecordId":  24783
    },
    {
        "TimeCreated":  "\/Date(1761198380641)\/",
        "Id":  1,
        "Level":  "Information",
        "Message":  "Process Create:\r\nRuleName: -\r\nUtcTime: 2025-10-23 05:46:20.629\r\nProcessGuid: {bc083af7-c12c-68f9-6508-000000001400}\r\nProcessId: 26672\r\nImage: C:\\Program Files\\Git\\mingw64\\bin\\git.exe\r\nFileVersion: 2.51.0.windows.2\r\nDescription: Git for Windows\r\nProduct: Git\r\nCompany: The Git Development Community\r\nOriginalFileName: git.exe\r\nCommandLine: git.exe for-each-ref --sort -committerdate --format %%(refname)The operation completed successfully. %%(objectname)The operation completed successfully. %%(*objectname)\r\nCurrentDirectory: D:\\ThreatSphere\\\r\nUser: UNICORN\\ASUS\r\nLogonGuid: {bc083af7-ab66-68f9-1689-2f0000000000}\r\nLogonId: 0x2F8916\r\nTerminalSessionId: 2\r\nIntegrityLevel: Medium\r\nHashes: SHA256=E996432581A70DF2E7AAAC5DB71E3811EC0DAA7F93A8BA73FE6DB6F9941F4BF9\r\nParentProcessGuid: {bc083af7-c12c-68f9-6108-000000001400}\r\nParentProcessId: 13364\r\nParentImage: C:\\Program Files\\Git\\cmd\\git.exe\r\nParentCommandLine: \"C:\\Program Files\\Git\\cmd\\git.exe\" for-each-ref --sort -committerdate --format %(refname)%00%(objectname)%00%(*objectname)\r\nParentUser: UNICORN\\ASUS",
        "Properties":  [
                           "-",
                           "2025-10-23 05:46:20.629",
                           "bc083af7-c12c-68f9-6508-000000001400",
                           26672,
                           "C:\\Program Files\\Git\\mingw64\\bin\\git.exe",
                           "2.51.0.windows.2",
                           "Git for Windows",
                           "Git",
                           "The Git Development Community",
                           "git.exe",
                           "git.exe for-each-ref --sort -committerdate --format %%(refname)%%00%%(objectname)%%00%%(*objectname)",
                           "D:\\ThreatSphere\\",
                           "UNICORN\\ASUS",
                           "bc083af7-ab66-68f9-1689-2f0000000000",
                           3115286,
                           2,
                           "Medium",
                           "SHA256=E996432581A70DF2E7AAAC5DB71E3811EC0DAA7F93A8BA73FE6DB6F9941F4BF9",
                           "bc083af7-c12c-68f9-6108-000000001400",
                           13364,
                           "C:\\Program Files\\Git\\cmd\\git.exe",
                           "\"C:\\Program Files\\Git\\cmd\\git.exe\" for-each-ref --sort -committerdate --format %(refname)%00%(objectname)%00%(*objectname)",
                           "UNICORN\\ASUS"
                       ],
        "RecordId":  24782
    },
    {
        "TimeCreated":  "\/Date(1761198380631)\/",
        "Id":  1,
        "Level":  "Information",
        "Message":  "Process Create:\r\nRuleName: -\r\nUtcTime: 2025-10-23 05:46:20.618\r\nProcessGuid: {bc083af7-c12c-68f9-6408-000000001400}\r\nProcessId: 18880\r\nImage: C:\\Program Files\\Git\\mingw64\\bin\\git.exe\r\nFileVersion: 2.51.0.windows.2\r\nDescription: Git for Windows\r\nProduct: Git\r\nCompany: The Git Development Community\r\nOriginalFileName: git.exe\r\nCommandLine: git.exe status -z -uall\r\nCurrentDirectory: D:\\ThreatSphere\\\r\nUser: UNICORN\\ASUS\r\nLogonGuid: {bc083af7-ab66-68f9-1689-2f0000000000}\r\nLogonId: 0x2F8916\r\nTerminalSessionId: 2\r\nIntegrityLevel: Medium\r\nHashes: SHA256=E996432581A70DF2E7AAAC5DB71E3811EC0DAA7F93A8BA73FE6DB6F9941F4BF9\r\nParentProcessGuid: {bc083af7-c12c-68f9-6008-000000001400}\r\nParentProcessId: 5684\r\nParentImage: C:\\Program Files\\Git\\cmd\\git.exe\r\nParentCommandLine: \"C:\\Program Files\\Git\\cmd\\git.exe\" status -z -uall\r\nParentUser: UNICORN\\ASUS",
        "Properties":  [
                           "-",
                           "2025-10-23 05:46:20.618",
                           "bc083af7-c12c-68f9-6408-000000001400",
                           18880,
                           "C:\\Program Files\\Git\\mingw64\\bin\\git.exe",
                           "2.51.0.windows.2",
                           "Git for Windows",
                           "Git",
                           "The Git Development Community",
                           "git.exe",
                           "git.exe status -z -uall",
                           "D:\\ThreatSphere\\",
                           "UNICORN\\ASUS",
                           "bc083af7-ab66-68f9-1689-2f0000000000",
                           3115286,
                           2,
                           "Medium",
                           "SHA256=E996432581A70DF2E7AAAC5DB71E3811EC0DAA7F93A8BA73FE6DB6F9941F4BF9",
                           "bc083af7-c12c-68f9-6008-000000001400",
                           5684,
                           "C:\\Program Files\\Git\\cmd\\git.exe",
                           "\"C:\\Program Files\\Git\\cmd\\git.exe\" status -z -uall",
                           "UNICORN\\ASUS"
                       ],
        "RecordId":  24781
    },
    {
        "TimeCreated":  "\/Date(1761198380615)\/",
        "Id":  1,
        "Level":  "Information",
        "Message":  "Process Create:\r\nRuleName: -\r\nUtcTime: 2025-10-23 05:46:20.607\r\nProcessGuid: {bc083af7-c12c-68f9-6308-000000001400}\r\nProcessId: 15008\r\nImage: C:\\Windows\\System32\\conhost.exe\r\nFileVersion: 10.0.26100.6725 (WinBuild.160101.0800)\r\nDescription: Console Window Host\r\nProduct: Microsoft® Windows® Operating System\r\nCompany: Microsoft Corporation\r\nOriginalFileName: CONHOST.EXE\r\nCommandLine: \\??\\C:\\Windows\\system32\\conhost.exe 0xffffffff -ForceV1\r\nCurrentDirectory: C:\\Windows\r\nUser: UNICORN\\ASUS\r\nLogonGuid: {bc083af7-ab66-68f9-1689-2f0000000000}\r\nLogonId: 0x2F8916\r\nTerminalSessionId: 2\r\nIntegrityLevel: Medium\r\nHashes: SHA256=9326E22D619CE662B6A585D02947537F844A280645F22674DD3B8A47DFFF094A\r\nParentProcessGuid: {bc083af7-c12c-68f9-6108-000000001400}\r\nParentProcessId: 13364\r\nParentImage: C:\\Program Files\\Git\\cmd\\git.exe\r\nParentCommandLine: \"C:\\Program Files\\Git\\cmd\\git.exe\" for-each-ref --sort -committerdate --format %(refname)%00%(objectname)%00%(*objectname)\r\nParentUser: UNICORN\\ASUS",
        "Properties":  [
                           "-",
                           "2025-10-23 05:46:20.607",
                           "bc083af7-c12c-68f9-6308-000000001400",
                           15008,
                           "C:\\Windows\\System32\\conhost.exe",
                           "10.0.26100.6725 (WinBuild.160101.0800)",
                           "Console Window Host",
                           "Microsoft® Windows® Operating System",
                           "Microsoft Corporation",
                           "CONHOST.EXE",
                           "\\??\\C:\\Windows\\system32\\conhost.exe 0xffffffff -ForceV1",
                           "C:\\Windows",
                           "UNICORN\\ASUS",
                           "bc083af7-ab66-68f9-1689-2f0000000000",
                           3115286,
                           2,
                           "Medium",
                           "SHA256=9326E22D619CE662B6A585D02947537F844A280645F22674DD3B8A47DFFF094A",
                           "bc083af7-c12c-68f9-6108-000000001400",
                           13364,
                           "C:\\Program Files\\Git\\cmd\\git.exe",
                           "\"C:\\Program Files\\Git\\cmd\\git.exe\" for-each-ref --sort -committerdate --format %(refname)%00%(objectname)%00%(*objectname)",
                           "UNICORN\\ASUS"
                       ],
        "RecordId":  24780
    },
    {
        "TimeCreated":  "\/Date(1761198380605)\/",
        "Id":  1,
        "Level":  "Information",
        "Message":  "Process Create:\r\nRuleName: -\r\nUtcTime: 2025-10-23 05:46:20.595\r\nProcessGuid: {bc083af7-c12c-68f9-6108-000000001400}\r\nProcessId: 13364\r\nImage: C:\\Program Files\\Git\\cmd\\git.exe\r\nFileVersion: 2.51.0.windows.2\r\nDescription: Git for Windows\r\nProduct: Git\r\nCompany: The Git Development Community\r\nOriginalFileName: git.exe\r\nCommandLine: \"C:\\Program Files\\Git\\cmd\\git.exe\" for-each-ref --sort -committerdate --format %%(refname)The operation completed successfully. %%(objectname)The operation completed successfully. %%(*objectname)\r\nCurrentDirectory: D:\\ThreatSphere\\\r\nUser: UNICORN\\ASUS\r\nLogonGuid: {bc083af7-ab66-68f9-1689-2f0000000000}\r\nLogonId: 0x2F8916\r\nTerminalSessionId: 2\r\nIntegrityLevel: Medium\r\nHashes: SHA256=EE3D2A38093C3680745A5C973488F5BB78A16F010145D5CDC7470A7395C9E7E8\r\nParentProcessGuid: {bc083af7-abd6-68f9-7c03-000000001400}\r\nParentProcessId: 24844\r\nParentImage: C:\\Users\\ASUS\\AppData\\Local\\Programs\\Microsoft VS Code\\Code.exe\r\nParentCommandLine: \"C:\\Users\\ASUS\\AppData\\Local\\Programs\\Microsoft VS Code\\Code.exe\" --type=utility --utility-sub-type=node.mojom.NodeService --lang=en-US --service-sandbox-type=none --dns-result-order=ipv4first --experimental-network-inspection --inspect-port=0 --video-capture-use-gpu-memory-buffer --user-data-dir=\"C:\\Users\\ASUS\\AppData\\Roaming\\Code\" --standard-schemes=vscode-webview,vscode-file --enable-sandbox --secure-schemes=vscode-webview,vscode-file --cors-schemes=vscode-webview,vscode-file --fetch-schemes=vscode-webview,vscode-file --service-worker-schemes=vscode-webview --code-cache-schemes=vscode-webview,vscode-file --field-trial-handle=1736,i,12426189760977132178,9862129789206227926,262144 --enable-features=DocumentPolicyIncludeJSCallStacksInCrashReports,EarlyEstablishGpuChannel,EnableTransparentHwndEnlargement,EstablishGpuChannelAsync --disable-features=CalculateNativeWinOcclusion,FontationsLinuxSystemFonts,ScreenAIOCREnabled,SpareRendererForSitePerProcess,WinDelaySpellcheckServiceInit --variations-seed-version --mojo-platform-channel-handle=3724 /prefetch:14\r\nParentUser: UNICORN\\ASUS",
        "Properties":  [
                           "-",
                           "2025-10-23 05:46:20.595",
                           "bc083af7-c12c-68f9-6108-000000001400",
                           13364,
                           "C:\\Program Files\\Git\\cmd\\git.exe",
                           "2.51.0.windows.2",
                           "Git for Windows",
                           "Git",
                           "The Git Development Community",
                           "git.exe",
                           "\"C:\\Program Files\\Git\\cmd\\git.exe\" for-each-ref --sort -committerdate --format %%(refname)%%00%%(objectname)%%00%%(*objectname)",
                           "D:\\ThreatSphere\\",
                           "UNICORN\\ASUS",
                           "bc083af7-ab66-68f9-1689-2f0000000000",
                           3115286,
                           2,
                           "Medium",
                           "SHA256=EE3D2A38093C3680745A5C973488F5BB78A16F010145D5CDC7470A7395C9E7E8",
                           "bc083af7-abd6-68f9-7c03-000000001400",
                           24844,
                           "C:\\Users\\ASUS\\AppData\\Local\\Programs\\Microsoft VS Code\\Code.exe",
                           "\"C:\\Users\\ASUS\\AppData\\Local\\Programs\\Microsoft VS Code\\Code.exe\" --type=utility --utility-sub-type=node.mojom.NodeService --lang=en-US --service-sandbox-type=none --dns-result-order=ipv4first --experimental-network-inspection --inspect-port=0 --video-capture-use-gpu-memory-buffer --user-data-dir=\"C:\\Users\\ASUS\\AppData\\Roaming\\Code\" --standard-schemes=vscode-webview,vscode-file --enable-sandbox --secure-schemes=vscode-webview,vscode-file --cors-schemes=vscode-webview,vscode-file --fetch-schemes=vscode-webview,vscode-file --service-worker-schemes=vscode-webview --code-cache-schemes=vscode-webview,vscode-file --field-trial-handle=1736,i,12426189760977132178,9862129789206227926,262144 --enable-features=DocumentPolicyIncludeJSCallStacksInCrashReports,EarlyEstablishGpuChannel,EnableTransparentHwndEnlargement,EstablishGpuChannelAsync --disable-features=CalculateNativeWinOcclusion,FontationsLinuxSystemFonts,ScreenAIOCREnabled,SpareRendererForSitePerProcess,WinDelaySpellcheckServiceInit --variations-seed-version --mojo-platform-channel-handle=3724 /prefetch:14",
                           "UNICORN\\ASUS"
                       ],
        "RecordId":  24779
    },
    {
        "TimeCreated":  "\/Date(1761198380604)\/",
        "Id":  1,
        "Level":  "Information",
        "Message":  "Process Create:\r\nRuleName: -\r\nUtcTime: 2025-10-23 05:46:20.596\r\nProcessGuid: {bc083af7-c12c-68f9-6208-000000001400}\r\nProcessId: 19060\r\nImage: C:\\Windows\\System32\\conhost.exe\r\nFileVersion: 10.0.26100.6725 (WinBuild.160101.0800)\r\nDescription: Console Window Host\r\nProduct: Microsoft® Windows® Operating System\r\nCompany: Microsoft Corporation\r\nOriginalFileName: CONHOST.EXE\r\nCommandLine: \\??\\C:\\Windows\\system32\\conhost.exe 0xffffffff -ForceV1\r\nCurrentDirectory: C:\\Windows\r\nUser: UNICORN\\ASUS\r\nLogonGuid: {bc083af7-ab66-68f9-1689-2f0000000000}\r\nLogonId: 0x2F8916\r\nTerminalSessionId: 2\r\nIntegrityLevel: Medium\r\nHashes: SHA256=9326E22D619CE662B6A585D02947537F844A280645F22674DD3B8A47DFFF094A\r\nParentProcessGuid: {bc083af7-c12c-68f9-6008-000000001400}\r\nParentProcessId: 5684\r\nParentImage: C:\\Program Files\\Git\\cmd\\git.exe\r\nParentCommandLine: \"C:\\Program Files\\Git\\cmd\\git.exe\" status -z -uall\r\nParentUser: UNICORN\\ASUS",
        "Properties":  [
                           "-",
                           "2025-10-23 05:46:20.596",
                           "bc083af7-c12c-68f9-6208-000000001400",
                           19060,
                           "C:\\Windows\\System32\\conhost.exe",
                           "10.0.26100.6725 (WinBuild.160101.0800)",
                           "Console Window Host",
                           "Microsoft® Windows® Operating System",
                           "Microsoft Corporation",
                           "CONHOST.EXE",
                           "\\??\\C:\\Windows\\system32\\conhost.exe 0xffffffff -ForceV1",
                           "C:\\Windows",
                           "UNICORN\\ASUS",
                           "bc083af7-ab66-68f9-1689-2f0000000000",
                           3115286,
                           2,
                           "Medium",
                           "SHA256=9326E22D619CE662B6A585D02947537F844A280645F22674DD3B8A47DFFF094A",
                           "bc083af7-c12c-68f9-6008-000000001400",
                           5684,
                           "C:\\Program Files\\Git\\cmd\\git.exe",
                           "\"C:\\Program Files\\Git\\cmd\\git.exe\" status -z -uall",
                           "UNICORN\\ASUS"
                       ],
        "RecordId":  24778
    },
    {
        "TimeCreated":  "\/Date(1761198380594)\/",
        "Id":  1,
        "Level":  "Information",
        "Message":  "Process Create:\r\nRuleName: -\r\nUtcTime: 2025-10-23 05:46:20.585\r\nProcessGuid: {bc083af7-c12c-68f9-6008-000000001400}\r\nProcessId: 5684\r\nImage: C:\\Program Files\\Git\\cmd\\git.exe\r\nFileVersion: 2.51.0.windows.2\r\nDescription: Git for Windows\r\nProduct: Git\r\nCompany: The Git Development Community\r\nOriginalFileName: git.exe\r\nCommandLine: \"C:\\Program Files\\Git\\cmd\\git.exe\" status -z -uall\r\nCurrentDirectory: D:\\ThreatSphere\\\r\nUser: UNICORN\\ASUS\r\nLogonGuid: {bc083af7-ab66-68f9-1689-2f0000000000}\r\nLogonId: 0x2F8916\r\nTerminalSessionId: 2\r\nIntegrityLevel: Medium\r\nHashes: SHA256=EE3D2A38093C3680745A5C973488F5BB78A16F010145D5CDC7470A7395C9E7E8\r\nParentProcessGuid: {bc083af7-abd6-68f9-7c03-000000001400}\r\nParentProcessId: 24844\r\nParentImage: C:\\Users\\ASUS\\AppData\\Local\\Programs\\Microsoft VS Code\\Code.exe\r\nParentCommandLine: \"C:\\Users\\ASUS\\AppData\\Local\\Programs\\Microsoft VS Code\\Code.exe\" --type=utility --utility-sub-type=node.mojom.NodeService --lang=en-US --service-sandbox-type=none --dns-result-order=ipv4first --experimental-network-inspection --inspect-port=0 --video-capture-use-gpu-memory-buffer --user-data-dir=\"C:\\Users\\ASUS\\AppData\\Roaming\\Code\" --standard-schemes=vscode-webview,vscode-file --enable-sandbox --secure-schemes=vscode-webview,vscode-file --cors-schemes=vscode-webview,vscode-file --fetch-schemes=vscode-webview,vscode-file --service-worker-schemes=vscode-webview --code-cache-schemes=vscode-webview,vscode-file --field-trial-handle=1736,i,12426189760977132178,9862129789206227926,262144 --enable-features=DocumentPolicyIncludeJSCallStacksInCrashReports,EarlyEstablishGpuChannel,EnableTransparentHwndEnlargement,EstablishGpuChannelAsync --disable-features=CalculateNativeWinOcclusion,FontationsLinuxSystemFonts,ScreenAIOCREnabled,SpareRendererForSitePerProcess,WinDelaySpellcheckServiceInit --variations-seed-version --mojo-platform-channel-handle=3724 /prefetch:14\r\nParentUser: UNICORN\\ASUS",
        "Properties":  [
                           "-",
                           "2025-10-23 05:46:20.585",
                           "bc083af7-c12c-68f9-6008-000000001400",
                           5684,
                           "C:\\Program Files\\Git\\cmd\\git.exe",
                           "2.51.0.windows.2",
                           "Git for Windows",
                           "Git",
                           "The Git Development Community",
                           "git.exe",
                           "\"C:\\Program Files\\Git\\cmd\\git.exe\" status -z -uall",
                           "D:\\ThreatSphere\\",
                           "UNICORN\\ASUS",
                           "bc083af7-ab66-68f9-1689-2f0000000000",
                           3115286,
                           2,
                           "Medium",
                           "SHA256=EE3D2A38093C3680745A5C973488F5BB78A16F010145D5CDC7470A7395C9E7E8",
                           "bc083af7-abd6-68f9-7c03-000000001400",
                           24844,
                           "C:\\Users\\ASUS\\AppData\\Local\\Programs\\Microsoft VS Code\\Code.exe",
                           "\"C:\\Users\\ASUS\\AppData\\Local\\Programs\\Microsoft VS Code\\Code.exe\" --type=utility --utility-sub-type=node.mojom.NodeService --lang=en-US --service-sandbox-type=none --dns-result-order=ipv4first --experimental-network-inspection --inspect-port=0 --video-capture-use-gpu-memory-buffer --user-data-dir=\"C:\\Users\\ASUS\\AppData\\Roaming\\Code\" --standard-schemes=vscode-webview,vscode-file --enable-sandbox --secure-schemes=vscode-webview,vscode-file --cors-schemes=vscode-webview,vscode-file --fetch-schemes=vscode-webview,vscode-file --service-worker-schemes=vscode-webview --code-cache-schemes=vscode-webview,vscode-file --field-trial-handle=1736,i,12426189760977132178,9862129789206227926,262144 --enable-features=DocumentPolicyIncludeJSCallStacksInCrashReports,EarlyEstablishGpuChannel,EnableTransparentHwndEnlargement,EstablishGpuChannelAsync --disable-features=CalculateNativeWinOcclusion,FontationsLinuxSystemFonts,ScreenAIOCREnabled,SpareRendererForSitePerProcess,WinDelaySpellcheckServiceInit --variations-seed-version --mojo-platform-channel-handle=3724 /prefetch:14",
                           "UNICORN\\ASUS"
                       ],
        "RecordId":  24777
    },
    {
        "TimeCreated":  "\/Date(1761198380584)\/",
        "Id":  5,
        "Level":  "Information",
        "Message":  "Process terminated:\r\nRuleName: -\r\nUtcTime: 2025-10-23 05:46:20.583\r\nProcessGuid: {bc083af7-c12c-68f9-5d08-000000001400}\r\nProcessId: 276\r\nImage: C:\\Windows\\System32\\conhost.exe\r\nUser: UNICORN\\ASUS",
        "Properties":  [
                           "-",
                           "2025-10-23 05:46:20.583",
                           "bc083af7-c12c-68f9-5d08-000000001400",
                           276,
                           "C:\\Windows\\System32\\conhost.exe",
                           "UNICORN\\ASUS"
                       ],
        "RecordId":  24776
    },
    {
        "TimeCreated":  "\/Date(1761198380583)\/",
        "Id":  5,
        "Level":  "Information",
        "Message":  "Process terminated:\r\nRuleName: -\r\nUtcTime: 2025-10-23 05:46:20.581\r\nProcessGuid: {bc083af7-c12c-68f9-5b08-000000001400}\r\nProcessId: 20276\r\nImage: C:\\Program Files\\Git\\cmd\\git.exe\r\nUser: UNICORN\\ASUS",
        "Properties":  [
                           "-",
                           "2025-10-23 05:46:20.581",
                           "bc083af7-c12c-68f9-5b08-000000001400",
                           20276,
                           "C:\\Program Files\\Git\\cmd\\git.exe",
                           "UNICORN\\ASUS"
                       ],
        "RecordId":  24775
    },
    {
        "TimeCreated":  "\/Date(1761198380580)\/",
        "Id":  5,
        "Level":  "Information",
        "Message":  "Process terminated:\r\nRuleName: -\r\nUtcTime: 2025-10-23 05:46:20.580\r\nProcessGuid: {bc083af7-c12c-68f9-5f08-000000001400}\r\nProcessId: 13756\r\nImage: C:\\Program Files\\Git\\mingw64\\bin\\git.exe\r\nUser: UNICORN\\ASUS",
        "Properties":  [
                           "-",
                           "2025-10-23 05:46:20.580",
                           "bc083af7-c12c-68f9-5f08-000000001400",
                           13756,
                           "C:\\Program Files\\Git\\mingw64\\bin\\git.exe",
                           "UNICORN\\ASUS"
                       ],
        "RecordId":  24774
    },
    {
        "TimeCreated":  "\/Date(1761198380574)\/",
        "Id":  5,
        "Level":  "Information",
        "Message":  "Process terminated:\r\nRuleName: -\r\nUtcTime: 2025-10-23 05:46:20.573\r\nProcessGuid: {bc083af7-c12c-68f9-5c08-000000001400}\r\nProcessId: 14232\r\nImage: C:\\Windows\\System32\\conhost.exe\r\nUser: UNICORN\\ASUS",
        "Properties":  [
                           "-",
                           "2025-10-23 05:46:20.573",
                           "bc083af7-c12c-68f9-5c08-000000001400",
                           14232,
                           "C:\\Windows\\System32\\conhost.exe",
                           "UNICORN\\ASUS"
                       ],
        "RecordId":  24773
    },
    {
        "TimeCreated":  "\/Date(1761198380573)\/",
        "Id":  5,
        "Level":  "Information",
        "Message":  "Process terminated:\r\nRuleName: -\r\nUtcTime: 2025-10-23 05:46:20.572\r\nProcessGuid: {bc083af7-c12c-68f9-5a08-000000001400}\r\nProcessId: 24304\r\nImage: C:\\Program Files\\Git\\cmd\\git.exe\r\nUser: UNICORN\\ASUS",
        "Properties":  [
                           "-",
                           "2025-10-23 05:46:20.572",
                           "bc083af7-c12c-68f9-5a08-000000001400",
                           24304,
                           "C:\\Program Files\\Git\\cmd\\git.exe",
                           "UNICORN\\ASUS"
                       ],
        "RecordId":  24772
    },
    {
        "TimeCreated":  "\/Date(1761198380571)\/",
        "Id":  5,
        "Level":  "Information",
        "Message":  "Process terminated:\r\nRuleName: -\r\nUtcTime: 2025-10-23 05:46:20.570\r\nProcessGuid: {bc083af7-c12c-68f9-5e08-000000001400}\r\nProcessId: 18680\r\nImage: C:\\Program Files\\Git\\mingw64\\bin\\git.exe\r\nUser: UNICORN\\ASUS",
        "Properties":  [
                           "-",
                           "2025-10-23 05:46:20.570",
                           "bc083af7-c12c-68f9-5e08-000000001400",
                           18680,
                           "C:\\Program Files\\Git\\mingw64\\bin\\git.exe",
                           "UNICORN\\ASUS"
                       ],
        "RecordId":  24771
    },
    {
        "TimeCreated":  "\/Date(1761198380564)\/",
        "Id":  1,
        "Level":  "Information",
        "Message":  "Process Create:\r\nRuleName: -\r\nUtcTime: 2025-10-23 05:46:20.552\r\nProcessGuid: {bc083af7-c12c-68f9-5f08-000000001400}\r\nProcessId: 13756\r\nImage: C:\\Program Files\\Git\\mingw64\\bin\\git.exe\r\nFileVersion: 2.51.0.windows.2\r\nDescription: Git for Windows\r\nProduct: Git\r\nCompany: The Git Development Community\r\nOriginalFileName: git.exe\r\nCommandLine: git.exe for-each-ref --format=%%(refname)The operation completed successfully. %%(upstream:short)The operation completed successfully. %%(objectname)The operation completed successfully. %%(upstream:track)The operation completed successfully. %%(upstream:remotename)The operation completed successfully. %%(upstream:remoteref) --ignore-case refs/heads/main refs/remotes/main\r\nCurrentDirectory: D:\\ThreatSphere\\\r\nUser: UNICORN\\ASUS\r\nLogonGuid: {bc083af7-ab66-68f9-1689-2f0000000000}\r\nLogonId: 0x2F8916\r\nTerminalSessionId: 2\r\nIntegrityLevel: Medium\r\nHashes: SHA256=E996432581A70DF2E7AAAC5DB71E3811EC0DAA7F93A8BA73FE6DB6F9941F4BF9\r\nParentProcessGuid: {bc083af7-c12c-68f9-5b08-000000001400}\r\nParentProcessId: 20276\r\nParentImage: C:\\Program Files\\Git\\cmd\\git.exe\r\nParentCommandLine: \"C:\\Program Files\\Git\\cmd\\git.exe\" for-each-ref --format=%(refname)%00%(upstream:short)%00%(objectname)%00%(upstream:track)%00%(upstream:remotename)%00%(upstream:remoteref) --ignore-case refs/heads/main refs/remotes/main\r\nParentUser: UNICORN\\ASUS",
        "Properties":  [
                           "-",
                           "2025-10-23 05:46:20.552",
                           "bc083af7-c12c-68f9-5f08-000000001400",
                           13756,
                           "C:\\Program Files\\Git\\mingw64\\bin\\git.exe",
                           "2.51.0.windows.2",
                           "Git for Windows",
                           "Git",
                           "The Git Development Community",
                           "git.exe",
                           "git.exe for-each-ref --format=%%(refname)%%00%%(upstream:short)%%00%%(objectname)%%00%%(upstream:track)%%00%%(upstream:remotename)%%00%%(upstream:remoteref) --ignore-case refs/heads/main refs/remotes/main",
                           "D:\\ThreatSphere\\",
                           "UNICORN\\ASUS",
                           "bc083af7-ab66-68f9-1689-2f0000000000",
                           3115286,
                           2,
                           "Medium",
                           "SHA256=E996432581A70DF2E7AAAC5DB71E3811EC0DAA7F93A8BA73FE6DB6F9941F4BF9",
                           "bc083af7-c12c-68f9-5b08-000000001400",
                           20276,
                           "C:\\Program Files\\Git\\cmd\\git.exe",
                           "\"C:\\Program Files\\Git\\cmd\\git.exe\" for-each-ref --format=%(refname)%00%(upstream:short)%00%(objectname)%00%(upstream:track)%00%(upstream:remotename)%00%(upstream:remoteref) --ignore-case refs/heads/main refs/remotes/main",
                           "UNICORN\\ASUS"
                       ],
        "RecordId":  24770
    },
    {
        "TimeCreated":  "\/Date(1761198380554)\/",
        "Id":  1,
        "Level":  "Information",
        "Message":  "Process Create:\r\nRuleName: -\r\nUtcTime: 2025-10-23 05:46:20.541\r\nProcessGuid: {bc083af7-c12c-68f9-5e08-000000001400}\r\nProcessId: 18680\r\nImage: C:\\Program Files\\Git\\mingw64\\bin\\git.exe\r\nFileVersion: 2.51.0.windows.2\r\nDescription: Git for Windows\r\nProduct: Git\r\nCompany: The Git Development Community\r\nOriginalFileName: git.exe\r\nCommandLine: git.exe config --get commit.template\r\nCurrentDirectory: D:\\ThreatSphere\\\r\nUser: UNICORN\\ASUS\r\nLogonGuid: {bc083af7-ab66-68f9-1689-2f0000000000}\r\nLogonId: 0x2F8916\r\nTerminalSessionId: 2\r\nIntegrityLevel: Medium\r\nHashes: SHA256=E996432581A70DF2E7AAAC5DB71E3811EC0DAA7F93A8BA73FE6DB6F9941F4BF9\r\nParentProcessGuid: {bc083af7-c12c-68f9-5a08-000000001400}\r\nParentProcessId: 24304\r\nParentImage: C:\\Program Files\\Git\\cmd\\git.exe\r\nParentCommandLine: \"C:\\Program Files\\Git\\cmd\\git.exe\" config --get commit.template\r\nParentUser: UNICORN\\ASUS",
        "Properties":  [
                           "-",
                           "2025-10-23 05:46:20.541",
                           "bc083af7-c12c-68f9-5e08-000000001400",
                           18680,
                           "C:\\Program Files\\Git\\mingw64\\bin\\git.exe",
                           "2.51.0.windows.2",
                           "Git for Windows",
                           "Git",
                           "The Git Development Community",
                           "git.exe",
                           "git.exe config --get commit.template",
                           "D:\\ThreatSphere\\",
                           "UNICORN\\ASUS",
                           "bc083af7-ab66-68f9-1689-2f0000000000",
                           3115286,
                           2,
                           "Medium",
                           "SHA256=E996432581A70DF2E7AAAC5DB71E3811EC0DAA7F93A8BA73FE6DB6F9941F4BF9",
                           "bc083af7-c12c-68f9-5a08-000000001400",
                           24304,
                           "C:\\Program Files\\Git\\cmd\\git.exe",
                           "\"C:\\Program Files\\Git\\cmd\\git.exe\" config --get commit.template",
                           "UNICORN\\ASUS"
                       ],
        "RecordId":  24769
    },
    {
        "TimeCreated":  "\/Date(1761198380536)\/",
        "Id":  1,
        "Level":  "Information",
        "Message":  "Process Create:\r\nRuleName: -\r\nUtcTime: 2025-10-23 05:46:20.528\r\nProcessGuid: {bc083af7-c12c-68f9-5d08-000000001400}\r\nProcessId: 276\r\nImage: C:\\Windows\\System32\\conhost.exe\r\nFileVersion: 10.0.26100.6725 (WinBuild.160101.0800)\r\nDescription: Console Window Host\r\nProduct: Microsoft® Windows® Operating System\r\nCompany: Microsoft Corporation\r\nOriginalFileName: CONHOST.EXE\r\nCommandLine: \\??\\C:\\Windows\\system32\\conhost.exe 0xffffffff -ForceV1\r\nCurrentDirectory: C:\\Windows\r\nUser: UNICORN\\ASUS\r\nLogonGuid: {bc083af7-ab66-68f9-1689-2f0000000000}\r\nLogonId: 0x2F8916\r\nTerminalSessionId: 2\r\nIntegrityLevel: Medium\r\nHashes: SHA256=9326E22D619CE662B6A585D02947537F844A280645F22674DD3B8A47DFFF094A\r\nParentProcessGuid: {bc083af7-c12c-68f9-5b08-000000001400}\r\nParentProcessId: 20276\r\nParentImage: C:\\Program Files\\Git\\cmd\\git.exe\r\nParentCommandLine: \"C:\\Program Files\\Git\\cmd\\git.exe\" for-each-ref --format=%(refname)%00%(upstream:short)%00%(objectname)%00%(upstream:track)%00%(upstream:remotename)%00%(upstream:remoteref) --ignore-case refs/heads/main refs/remotes/main\r\nParentUser: UNICORN\\ASUS",
        "Properties":  [
                           "-",
                           "2025-10-23 05:46:20.528",
                           "bc083af7-c12c-68f9-5d08-000000001400",
                           276,
                           "C:\\Windows\\System32\\conhost.exe",
                           "10.0.26100.6725 (WinBuild.160101.0800)",
                           "Console Window Host",
                           "Microsoft® Windows® Operating System",
                           "Microsoft Corporation",
                           "CONHOST.EXE",
                           "\\??\\C:\\Windows\\system32\\conhost.exe 0xffffffff -ForceV1",
                           "C:\\Windows",
                           "UNICORN\\ASUS",
                           "bc083af7-ab66-68f9-1689-2f0000000000",
                           3115286,
                           2,
                           "Medium",
                           "SHA256=9326E22D619CE662B6A585D02947537F844A280645F22674DD3B8A47DFFF094A",
                           "bc083af7-c12c-68f9-5b08-000000001400",
                           20276,
                           "C:\\Program Files\\Git\\cmd\\git.exe",
                           "\"C:\\Program Files\\Git\\cmd\\git.exe\" for-each-ref --format=%(refname)%00%(upstream:short)%00%(objectname)%00%(upstream:track)%00%(upstream:remotename)%00%(upstream:remoteref) --ignore-case refs/heads/main refs/remotes/main",
                           "UNICORN\\ASUS"
                       ],
        "RecordId":  24768
    },
